==========================================================================================
Information: 
Exchange parameters generated by TB2J 0.7.2.1
Generation time: 22/06/09 19:25:52
 Input from non-collinear Wannier90 data.
 Tight binding data from .//99.3/99.3.z. 
 Prefix of wannier function files:crsbr.99.z.3.
Warning: Please check if the noise level of Wannier function Hamiltonian to make sure it is much smaller than the exchange values.
 The DMI component parallel to the spin orientation, the Jani which has the component of that orientation should be disregarded
 e.g. if the spins are along z, the xz, yz, zz, zx, zy components and the z component of DMI.
 If you need these component, try to do three calculations with spin along x, y, z,  or use structure with z rotated to x, y and z. And then use TB2J_merge.py to get the full set of parameters.


Merged from TB2J results in paths: 
  .//99.3/99.3.x
  .//99.3/99.3.y
  .//99.3/99.3.z
, which are from DFT data with spin along x, y, z orientation

==========================================================================================
Cell (Angstrom):
 3.588   0.000   0.000
 0.000   4.759   0.000
 0.000   0.000  23.571

==========================================================================================
Atoms:  
(Note: charge and magmoms only count the wannier functions.)
Atom_number      x         y         z     w_charge    M(x)      M(y)      M(z)   
Br1             0.8970    1.1898   -0.0668    5.6092    0.0000   -0.0000   -0.0520
Cr1             2.6910    1.1898    1.7371    4.3566   -0.0000   -0.0000    3.2758
S1              2.6910    3.5694    2.2030    5.0336   -0.0000   -0.0000   -0.2231
Br2             2.6910    3.5694    5.6376    5.6093   -0.0000   -0.0000   -0.0518
Cr2             0.8970    3.5694    3.8336    4.3568    0.0000    0.0000    3.2757
S2              0.8970    1.1898    3.3678    5.0337    0.0000    0.0000   -0.2229
Total                                        29.9992   -0.0000   -0.0000    6.0017

==========================================================================================
Orbitals used in decomposition: 
The name of the orbitals for the decomposition: 
Cr1 : ['orb_1', 'orb_2', 'orb_3', 'orb_4', 'orb_5', 'orb_6', 'orb_7', 'orb_8', 'orb_9', 'orb_10']
Cr2 : ['orb_1', 'orb_2', 'orb_3', 'orb_4', 'orb_5', 'orb_6', 'orb_7', 'orb_8', 'orb_9', 'orb_10']

==========================================================================================
Exchange: 
    i      j          R        J_iso(meV)          vector          distance(A) 
----------------------------------------------------------------------------------------
   Cr1   Cr1   ( -1,   0,   0)  3.5212   (-3.588,  0.000,  0.000)  3.588 
J_iso:  3.5212 
[Testing!] DMI: (-0.0000 -0.0141 -0.0000)
[Testing!]J_ani:
[[-0.032  0.     0.   ]
 [ 0.    -0.055 -0.   ]
 [ 0.    -0.    -0.03 ]]
----------------------------------------------------------------------------------------
   Cr2   Cr2   ( -1,   0,   0)  3.5226   (-3.588,  0.000,  0.000)  3.588 
J_iso:  3.5226 
[Testing!] DMI: ( 0.0000  0.0143 -0.0000)
[Testing!]J_ani:
[[-0.032  0.    -0.   ]
 [ 0.    -0.054  0.   ]
 [-0.     0.    -0.029]]
----------------------------------------------------------------------------------------
   Cr2   Cr2   (  1,   0,   0)  3.5226   ( 3.588,  0.000,  0.000)  3.588 
J_iso:  3.5226 
[Testing!] DMI: (-0.0000 -0.0143  0.0000)
[Testing!]J_ani:
[[-0.032  0.    -0.   ]
 [ 0.    -0.054  0.   ]
 [-0.     0.    -0.029]]
----------------------------------------------------------------------------------------
   Cr1   Cr1   (  1,   0,   0)  3.5212   ( 3.588,  0.000,  0.000)  3.588 
J_iso:  3.5212 
[Testing!] DMI: ( 0.0000  0.0141  0.0000)
[Testing!]J_ani:
[[-0.032  0.     0.   ]
 [ 0.    -0.055 -0.   ]
 [ 0.    -0.    -0.03 ]]
----------------------------------------------------------------------------------------
   Cr2   Cr1   ( -1,   0,   0)  3.3658   (-1.794, -2.380, -2.096)  3.644 
J_iso:  3.3658 
[Testing!] DMI: ( 0.0001 -0.0003  0.0003)
[Testing!]J_ani:
[[-0.009  0.    -0.004]
 [ 0.    -0.014 -0.   ]
 [-0.004 -0.    -0.007]]
----------------------------------------------------------------------------------------
   Cr2   Cr1   ( -1,   1,   0)  3.3659   (-1.794,  2.380, -2.096)  3.644 
J_iso:  3.3659 
[Testing!] DMI: (-0.0000 -0.0003 -0.0004)
[Testing!]J_ani:
[[-0.009 -0.    -0.004]
 [-0.    -0.014  0.   ]
 [-0.004  0.    -0.007]]
----------------------------------------------------------------------------------------
   Cr1   Cr2   (  0,  -1,   0)  3.3658   (-1.794, -2.380,  2.096)  3.644 
J_iso:  3.3658 
[Testing!] DMI: ( 0.0000 -0.0003 -0.0004)
[Testing!]J_ani:
[[-0.009  0.     0.004]
 [ 0.    -0.014  0.   ]
 [ 0.004  0.    -0.007]]
----------------------------------------------------------------------------------------
   Cr1   Cr2   (  0,   0,   0)  3.3658   (-1.794,  2.380,  2.096)  3.644 
J_iso:  3.3658 
[Testing!] DMI: (-0.0001 -0.0003  0.0003)
[Testing!]J_ani:
[[-0.009 -0.     0.004]
 [-0.    -0.014 -0.   ]
 [ 0.004 -0.    -0.007]]
----------------------------------------------------------------------------------------
   Cr2   Cr1   (  0,   0,   0)  3.3658   ( 1.794, -2.380, -2.096)  3.644 
J_iso:  3.3658 
[Testing!] DMI: ( 0.0001  0.0003 -0.0003)
[Testing!]J_ani:
[[-0.009 -0.     0.004]
 [-0.    -0.014 -0.   ]
 [ 0.004 -0.    -0.007]]
----------------------------------------------------------------------------------------
   Cr1   Cr2   (  1,  -1,   0)  3.3659   ( 1.794, -2.380,  2.096)  3.644 
J_iso:  3.3659 
[Testing!] DMI: ( 0.0000  0.0003  0.0004)
[Testing!]J_ani:
[[-0.009 -0.    -0.004]
 [-0.    -0.014  0.   ]
 [-0.004  0.    -0.007]]
----------------------------------------------------------------------------------------
   Cr1   Cr2   (  1,   0,   0)  3.3658   ( 1.794,  2.380,  2.096)  3.644 
J_iso:  3.3658 
[Testing!] DMI: (-0.0001  0.0003 -0.0003)
[Testing!]J_ani:
[[-0.009  0.    -0.004]
 [ 0.    -0.014 -0.   ]
 [-0.004 -0.    -0.007]]
----------------------------------------------------------------------------------------
   Cr2   Cr1   (  0,   1,   0)  3.3658   ( 1.794,  2.380, -2.096)  3.644 
J_iso:  3.3658 
[Testing!] DMI: (-0.0000  0.0003  0.0004)
[Testing!]J_ani:
[[-0.009  0.     0.004]
 [ 0.    -0.014  0.   ]
 [ 0.004  0.    -0.007]]
----------------------------------------------------------------------------------------
   Cr1   Cr1   (  0,  -1,   0)  4.5718   ( 0.000, -4.759,  0.000)  4.759 
J_iso:  4.5718 
[Testing!] DMI: ( 0.0555 -0.0000  0.0000)
[Testing!]J_ani:
[[-0.017 -0.     0.   ]
 [-0.    -0.003 -0.   ]
 [ 0.    -0.    -0.009]]
----------------------------------------------------------------------------------------
   Cr2   Cr2   (  0,  -1,   0)  4.5665   ( 0.000, -4.759,  0.000)  4.759 
J_iso:  4.5665 
[Testing!] DMI: (-0.0563  0.0000 -0.0000)
[Testing!]J_ani:
[[-0.017  0.    -0.   ]
 [ 0.    -0.003  0.   ]
 [-0.     0.    -0.008]]
----------------------------------------------------------------------------------------
   Cr1   Cr1   (  0,   1,   0)  4.5718   ( 0.000,  4.759,  0.000)  4.759 
J_iso:  4.5718 
[Testing!] DMI: (-0.0555  0.0000 -0.0000)
[Testing!]J_ani:
[[-0.017 -0.     0.   ]
 [-0.    -0.003 -0.   ]
 [ 0.    -0.    -0.009]]
----------------------------------------------------------------------------------------
   Cr2   Cr2   (  0,   1,   0)  4.5665   ( 0.000,  4.759,  0.000)  4.759 
J_iso:  4.5665 
[Testing!] DMI: ( 0.0563 -0.0000  0.0000)
[Testing!]J_ani:
[[-0.017  0.    -0.   ]
 [ 0.    -0.003  0.   ]
 [-0.     0.    -0.008]]
----------------------------------------------------------------------------------------
   Cr1   Cr1   ( -1,  -1,   0)  0.0593   (-3.588, -4.759,  0.000)  5.960 
J_iso:  0.0593 
[Testing!] DMI: (-0.0177 -0.0164 -0.0000)
[Testing!]J_ani:
[[-0.007 -0.    -0.   ]
 [-0.    -0.006  0.   ]
 [-0.     0.    -0.005]]
----------------------------------------------------------------------------------------
   Cr2   Cr2   ( -1,  -1,   0)  0.0593   (-3.588, -4.759,  0.000)  5.960 
J_iso:  0.0593 
[Testing!] DMI: ( 0.0177  0.0164 -0.0000)
[Testing!]J_ani:
[[-0.007 -0.    -0.   ]
 [-0.    -0.006  0.   ]
 [-0.     0.    -0.005]]
----------------------------------------------------------------------------------------
   Cr1   Cr1   ( -1,   1,   0)  0.0593   (-3.588,  4.759,  0.000)  5.960 
J_iso:  0.0593 
[Testing!] DMI: ( 0.0177 -0.0164  0.0000)
[Testing!]J_ani:
[[-0.007  0.     0.   ]
 [ 0.    -0.006 -0.   ]
 [ 0.    -0.    -0.005]]
----------------------------------------------------------------------------------------
   Cr2   Cr2   ( -1,   1,   0)  0.0593   (-3.588,  4.759,  0.000)  5.960 
J_iso:  0.0593 
[Testing!] DMI: (-0.0177  0.0164  0.0000)
[Testing!]J_ani:
[[-0.007  0.     0.   ]
 [ 0.    -0.006 -0.   ]
 [ 0.    -0.    -0.005]]
----------------------------------------------------------------------------------------
   Cr1   Cr1   (  1,  -1,   0)  0.0593   ( 3.588, -4.759,  0.000)  5.960 
J_iso:  0.0593 
[Testing!] DMI: (-0.0177  0.0164 -0.0000)
[Testing!]J_ani:
[[-0.007  0.     0.   ]
 [ 0.    -0.006 -0.   ]
 [ 0.    -0.    -0.005]]
----------------------------------------------------------------------------------------
   Cr2   Cr2   (  1,  -1,   0)  0.0593   ( 3.588, -4.759,  0.000)  5.960 
J_iso:  0.0593 
[Testing!] DMI: ( 0.0177 -0.0164 -0.0000)
[Testing!]J_ani:
[[-0.007  0.     0.   ]
 [ 0.    -0.006 -0.   ]
 [ 0.    -0.    -0.005]]
----------------------------------------------------------------------------------------
   Cr1   Cr1   (  1,   1,   0)  0.0593   ( 3.588,  4.759,  0.000)  5.960 
J_iso:  0.0593 
[Testing!] DMI: ( 0.0177  0.0164  0.0000)
[Testing!]J_ani:
[[-0.007 -0.    -0.   ]
 [-0.    -0.006  0.   ]
 [-0.     0.    -0.005]]
----------------------------------------------------------------------------------------
   Cr2   Cr2   (  1,   1,   0)  0.0593   ( 3.588,  4.759,  0.000)  5.960 
J_iso:  0.0593 
[Testing!] DMI: (-0.0177 -0.0164  0.0000)
[Testing!]J_ani:
[[-0.007 -0.    -0.   ]
 [-0.    -0.006  0.   ]
 [-0.     0.    -0.005]]
----------------------------------------------------------------------------------------
   Cr2   Cr1   ( -2,   0,   0)  0.1046   (-5.382, -2.380, -2.096)  6.247 
J_iso:  0.1046 
[Testing!] DMI: (-0.0000 -0.0000  0.0001)
[Testing!]J_ani:
[[-0.005 -0.    -0.001]
 [-0.    -0.002  0.   ]
 [-0.001  0.    -0.007]]
----------------------------------------------------------------------------------------
   Cr1   Cr2   ( -1,  -1,   0)  0.1047   (-5.382, -2.380,  2.096)  6.247 
J_iso:  0.1047 
[Testing!] DMI: (-0.0000 -0.0000 -0.0001)
[Testing!]J_ani:
[[-0.005 -0.     0.001]
 [-0.    -0.002 -0.   ]
 [ 0.001 -0.    -0.007]]
----------------------------------------------------------------------------------------
   Cr1   Cr2   ( -1,   0,   0)  0.1046   (-5.382,  2.380,  2.096)  6.247 
J_iso:  0.1046 
[Testing!] DMI: ( 0.0000 -0.0000  0.0001)
[Testing!]J_ani:
[[-0.005  0.     0.001]
 [ 0.    -0.002  0.   ]
 [ 0.001  0.    -0.007]]
----------------------------------------------------------------------------------------
   Cr2   Cr1   (  1,   0,   0)  0.1046   ( 5.382, -2.380, -2.096)  6.247 
J_iso:  0.1046 
[Testing!] DMI: (-0.0000  0.0000 -0.0001)
[Testing!]J_ani:
[[-0.005  0.     0.001]
 [ 0.    -0.002  0.   ]
 [ 0.001  0.    -0.007]]
----------------------------------------------------------------------------------------
   Cr1   Cr2   (  2,  -1,   0)  0.1046   ( 5.382, -2.380,  2.096)  6.247 
J_iso:  0.1046 
[Testing!] DMI: (-0.0000  0.0000  0.0001)
[Testing!]J_ani:
[[-0.005  0.    -0.001]
 [ 0.    -0.002 -0.   ]
 [-0.001 -0.    -0.007]]
----------------------------------------------------------------------------------------
   Cr1   Cr2   (  2,   0,   0)  0.1046   ( 5.382,  2.380,  2.096)  6.247 
J_iso:  0.1046 
[Testing!] DMI: ( 0.0000  0.0000 -0.0001)
[Testing!]J_ani:
[[-0.005 -0.    -0.001]
 [-0.    -0.002  0.   ]
 [-0.001  0.    -0.007]]
----------------------------------------------------------------------------------------
   Cr2   Cr1   ( -2,   1,   0)  0.1046   (-5.382,  2.380, -2.096)  6.247 
J_iso:  0.1046 
[Testing!] DMI: ( 0.0000 -0.0000 -0.0001)
[Testing!]J_ani:
[[-0.005  0.    -0.001]
 [ 0.    -0.002 -0.   ]
 [-0.001 -0.    -0.007]]
----------------------------------------------------------------------------------------
   Cr2   Cr1   (  1,   1,   0)  0.1047   ( 5.382,  2.380, -2.096)  6.247 
J_iso:  0.1047 
[Testing!] DMI: ( 0.0000  0.0000  0.0001)
[Testing!]J_ani:
[[-0.005 -0.     0.001]
 [-0.    -0.002 -0.   ]
 [ 0.001 -0.    -0.007]]
----------------------------------------------------------------------------------------
   Cr2   Cr2   (  2,   0,   0) -0.6847   ( 7.176,  0.000,  0.000)  7.176 
J_iso: -0.6847 
[Testing!] DMI: ( 0.0000  0.0054  0.0000)
[Testing!]J_ani:
[[-0.004  0.     0.   ]
 [ 0.    -0.004 -0.   ]
 [ 0.    -0.    -0.005]]
----------------------------------------------------------------------------------------
   Cr1   Cr1   ( -2,   0,   0) -0.6850   (-7.176,  0.000,  0.000)  7.176 
J_iso: -0.6850 
[Testing!] DMI: (-0.0000  0.0057 -0.0000)
[Testing!]J_ani:
[[-0.004 -0.     0.   ]
 [-0.    -0.004  0.   ]
 [ 0.     0.    -0.005]]
----------------------------------------------------------------------------------------
   Cr2   Cr2   ( -2,   0,   0) -0.6847   (-7.176,  0.000,  0.000)  7.176 
J_iso: -0.6847 
[Testing!] DMI: (-0.0000 -0.0054 -0.0000)
[Testing!]J_ani:
[[-0.004  0.     0.   ]
 [ 0.    -0.004 -0.   ]
 [ 0.    -0.    -0.005]]
----------------------------------------------------------------------------------------
   Cr1   Cr1   (  2,   0,   0) -0.6850   ( 7.176,  0.000,  0.000)  7.176 
J_iso: -0.6850 
[Testing!] DMI: ( 0.0000 -0.0057  0.0000)
[Testing!]J_ani:
[[-0.004 -0.     0.   ]
 [-0.    -0.004  0.   ]
 [ 0.     0.    -0.005]]
----------------------------------------------------------------------------------------
   Cr1   Cr2   (  0,   1,   0)  0.5639   (-1.794,  7.139,  2.096)  7.653 
J_iso:  0.5639 
[Testing!] DMI: ( 0.0000 -0.0001  0.0001)
[Testing!]J_ani:
[[-0.001  0.     0.   ]
 [ 0.    -0.002 -0.   ]
 [ 0.    -0.    -0.001]]
----------------------------------------------------------------------------------------
   Cr1   Cr2   (  1,   1,   0)  0.5639   ( 1.794,  7.139,  2.096)  7.653 
J_iso:  0.5639 
[Testing!] DMI: ( 0.0000  0.0001 -0.0001)
[Testing!]J_ani:
[[-0.001 -0.    -0.   ]
 [-0.    -0.002 -0.   ]
 [-0.    -0.    -0.001]]
----------------------------------------------------------------------------------------
   Cr2   Cr1   ( -1,  -1,   0)  0.5639   (-1.794, -7.139, -2.096)  7.653 
J_iso:  0.5639 
[Testing!] DMI: (-0.0000 -0.0001  0.0001)
[Testing!]J_ani:
[[-0.001 -0.    -0.   ]
 [-0.    -0.002 -0.   ]
 [-0.    -0.    -0.001]]
----------------------------------------------------------------------------------------
   Cr2   Cr1   (  0,  -1,   0)  0.5639   ( 1.794, -7.139, -2.096)  7.653 
J_iso:  0.5639 
[Testing!] DMI: (-0.0000  0.0001 -0.0001)
[Testing!]J_ani:
[[-0.001  0.     0.   ]
 [ 0.    -0.002 -0.   ]
 [ 0.    -0.    -0.001]]
----------------------------------------------------------------------------------------
   Cr1   Cr2   (  0,  -2,   0)  0.5639   (-1.794, -7.139,  2.096)  7.653 
J_iso:  0.5639 
[Testing!] DMI: (-0.0000 -0.0001 -0.0001)
[Testing!]J_ani:
[[-0.001 -0.     0.   ]
 [-0.    -0.002  0.   ]
 [ 0.     0.    -0.001]]
----------------------------------------------------------------------------------------
   Cr2   Cr1   (  0,   2,   0)  0.5639   ( 1.794,  7.139, -2.096)  7.653 
J_iso:  0.5639 
[Testing!] DMI: ( 0.0000  0.0001  0.0001)
[Testing!]J_ani:
[[-0.001 -0.     0.   ]
 [-0.    -0.002  0.   ]
 [ 0.     0.    -0.001]]
----------------------------------------------------------------------------------------
   Cr1   Cr2   (  1,  -2,   0)  0.5639   ( 1.794, -7.139,  2.096)  7.653 
J_iso:  0.5639 
[Testing!] DMI: (-0.0000  0.0001  0.0001)
[Testing!]J_ani:
[[-0.001  0.    -0.   ]
 [ 0.    -0.002  0.   ]
 [-0.     0.    -0.001]]
----------------------------------------------------------------------------------------
   Cr2   Cr1   ( -1,   2,   0)  0.5639   (-1.794,  7.139, -2.096)  7.653 
J_iso:  0.5639 
[Testing!] DMI: ( 0.0000 -0.0001 -0.0001)
[Testing!]J_ani:
[[-0.001  0.    -0.   ]
 [ 0.    -0.002  0.   ]
 [-0.     0.    -0.001]]
----------------------------------------------------------------------------------------
   Cr1   Cr1   ( -2,  -1,   0)  0.0047   (-7.176, -4.759,  0.000)  8.611 
J_iso:  0.0047 
[Testing!] DMI: ( 0.0006 -0.0011  0.0000)
[Testing!]J_ani:
[[-0.001 -0.    -0.   ]
 [-0.    -0.001 -0.   ]
 [-0.    -0.    -0.001]]
----------------------------------------------------------------------------------------
   Cr2   Cr2   ( -2,  -1,   0)  0.0047   (-7.176, -4.759,  0.000)  8.611 
J_iso:  0.0047 
[Testing!] DMI: (-0.0006  0.0012 -0.0000)
[Testing!]J_ani:
[[-0.001 -0.    -0.   ]
 [-0.    -0.001  0.   ]
 [-0.     0.    -0.001]]
----------------------------------------------------------------------------------------
   Cr1   Cr1   ( -2,   1,   0)  0.0047   (-7.176,  4.759,  0.000)  8.611 
J_iso:  0.0047 
[Testing!] DMI: (-0.0006 -0.0011 -0.0000)
[Testing!]J_ani:
[[-0.001  0.    -0.   ]
 [ 0.    -0.001 -0.   ]
 [-0.    -0.    -0.001]]
----------------------------------------------------------------------------------------
   Cr2   Cr2   ( -2,   1,   0)  0.0047   (-7.176,  4.759,  0.000)  8.611 
J_iso:  0.0047 
[Testing!] DMI: ( 0.0006  0.0012 -0.0000)
[Testing!]J_ani:
[[-0.001  0.     0.   ]
 [ 0.    -0.001  0.   ]
 [ 0.     0.    -0.001]]
----------------------------------------------------------------------------------------
   Cr1   Cr1   (  2,  -1,   0)  0.0047   ( 7.176, -4.759,  0.000)  8.611 
J_iso:  0.0047 
[Testing!] DMI: ( 0.0006  0.0011  0.0000)
[Testing!]J_ani:
[[-0.001  0.    -0.   ]
 [ 0.    -0.001 -0.   ]
 [-0.    -0.    -0.001]]
----------------------------------------------------------------------------------------
   Cr2   Cr2   (  2,  -1,   0)  0.0047   ( 7.176, -4.759,  0.000)  8.611 
J_iso:  0.0047 
[Testing!] DMI: (-0.0006 -0.0012  0.0000)
[Testing!]J_ani:
[[-0.001  0.     0.   ]
 [ 0.    -0.001  0.   ]
 [ 0.     0.    -0.001]]
----------------------------------------------------------------------------------------
   Cr1   Cr1   (  2,   1,   0)  0.0047   ( 7.176,  4.759,  0.000)  8.611 
J_iso:  0.0047 
[Testing!] DMI: (-0.0006  0.0011 -0.0000)
[Testing!]J_ani:
[[-0.001 -0.    -0.   ]
 [-0.    -0.001 -0.   ]
 [-0.    -0.    -0.001]]
----------------------------------------------------------------------------------------
   Cr2   Cr2   (  2,   1,   0)  0.0047   ( 7.176,  4.759,  0.000)  8.611 
J_iso:  0.0047 
[Testing!] DMI: ( 0.0006 -0.0012  0.0000)
[Testing!]J_ani:
[[-0.001 -0.    -0.   ]
 [-0.    -0.001  0.   ]
 [-0.     0.    -0.001]]
----------------------------------------------------------------------------------------
   Cr2   Cr1   ( -2,  -1,   0)  0.0041   (-5.382, -7.139, -2.096)  9.183 
J_iso:  0.0041 
[Testing!] DMI: ( 0.0000 -0.0000  0.0000)
[Testing!]J_ani:
[[-0.001 -0.     0.   ]
 [-0.    -0.001  0.   ]
 [ 0.     0.    -0.001]]
----------------------------------------------------------------------------------------
   Cr1   Cr2   ( -1,   1,   0)  0.0041   (-5.382,  7.139,  2.096)  9.183 
J_iso:  0.0041 
[Testing!] DMI: (-0.0000 -0.0000  0.0000)
[Testing!]J_ani:
[[-0.001  0.    -0.   ]
 [ 0.    -0.001  0.   ]
 [-0.     0.    -0.001]]
----------------------------------------------------------------------------------------
   Cr2   Cr1   (  1,  -1,   0)  0.0041   ( 5.382, -7.139, -2.096)  9.183 
J_iso:  0.0041 
[Testing!] DMI: ( 0.0000  0.0000 -0.0000)
[Testing!]J_ani:
[[-0.001  0.    -0.   ]
 [ 0.    -0.001  0.   ]
 [-0.     0.    -0.001]]
----------------------------------------------------------------------------------------
   Cr1   Cr2   (  2,   1,   0)  0.0041   ( 5.382,  7.139,  2.096)  9.183 
J_iso:  0.0041 
[Testing!] DMI: (-0.0000  0.0000 -0.0000)
[Testing!]J_ani:
[[-0.001 -0.     0.   ]
 [-0.    -0.001  0.   ]
 [ 0.     0.    -0.001]]
----------------------------------------------------------------------------------------
   Cr1   Cr2   ( -1,  -2,   0)  0.0041   (-5.382, -7.139,  2.096)  9.183 
J_iso:  0.0041 
[Testing!] DMI: (-0.0000  0.0000 -0.0000)
[Testing!]J_ani:
[[-0.001 -0.    -0.   ]
 [-0.    -0.001 -0.   ]
 [-0.    -0.    -0.001]]
----------------------------------------------------------------------------------------
   Cr1   Cr2   (  2,  -2,   0)  0.0041   ( 5.382, -7.139,  2.096)  9.183 
J_iso:  0.0041 
[Testing!] DMI: ( 0.0000  0.0000  0.0000)
[Testing!]J_ani:
[[-0.001  0.     0.   ]
 [ 0.    -0.001 -0.   ]
 [ 0.    -0.    -0.001]]
----------------------------------------------------------------------------------------
   Cr2   Cr1   ( -2,   2,   0)  0.0041   (-5.382,  7.139, -2.096)  9.183 
J_iso:  0.0041 
[Testing!] DMI: (-0.0000 -0.0000 -0.0000)
[Testing!]J_ani:
[[-0.001  0.     0.   ]
 [ 0.    -0.001 -0.   ]
 [ 0.    -0.    -0.001]]
----------------------------------------------------------------------------------------
   Cr2   Cr1   (  1,   2,   0)  0.0041   ( 5.382,  7.139, -2.096)  9.183 
J_iso:  0.0041 
[Testing!] DMI: ( 0.0000 -0.0000  0.0000)
[Testing!]J_ani:
[[-0.001 -0.    -0.   ]
 [-0.    -0.001 -0.   ]
 [-0.    -0.    -0.001]]
----------------------------------------------------------------------------------------
   Cr1   Cr2   ( -2,  -1,   0) -0.0075   (-8.970, -2.380,  2.096)  9.514 
J_iso: -0.0075 
[Testing!] DMI: (-0.0000  0.0000 -0.0000)
[Testing!]J_ani:
[[-0.    -0.    -0.   ]
 [-0.    -0.001 -0.   ]
 [-0.    -0.    -0.   ]]
----------------------------------------------------------------------------------------
   Cr1   Cr2   ( -2,   0,   0) -0.0075   (-8.970,  2.380,  2.096)  9.514 
J_iso: -0.0075 
[Testing!] DMI: ( 0.0000  0.0000 -0.0000)
[Testing!]J_ani:
[[-0.     0.    -0.   ]
 [ 0.    -0.001  0.   ]
 [-0.     0.    -0.   ]]
----------------------------------------------------------------------------------------
   Cr2   Cr1   (  2,   0,   0) -0.0075   ( 8.970, -2.380, -2.096)  9.514 
J_iso: -0.0075 
[Testing!] DMI: (-0.0000 -0.0000  0.0000)
[Testing!]J_ani:
[[-0.     0.    -0.   ]
 [ 0.    -0.001  0.   ]
 [-0.     0.    -0.   ]]
----------------------------------------------------------------------------------------
   Cr2   Cr1   (  2,   1,   0) -0.0075   ( 8.970,  2.380, -2.096)  9.514 
J_iso: -0.0075 
[Testing!] DMI: ( 0.0000 -0.0000  0.0000)
[Testing!]J_ani:
[[-0.    -0.    -0.   ]
 [-0.    -0.001 -0.   ]
 [-0.    -0.    -0.   ]]
----------------------------------------------------------------------------------------
   Cr1   Cr2   (  3,  -1,   0) -0.0076   ( 8.970, -2.380,  2.096)  9.514 
J_iso: -0.0076 
[Testing!] DMI: (-0.0000 -0.0000  0.0000)
[Testing!]J_ani:
[[-0.     0.     0.   ]
 [ 0.    -0.001 -0.   ]
 [ 0.    -0.    -0.   ]]
----------------------------------------------------------------------------------------
   Cr1   Cr2   (  3,   0,   0) -0.0076   ( 8.970,  2.380,  2.096)  9.514 
J_iso: -0.0076 
[Testing!] DMI: ( 0.0000 -0.0000  0.0000)
[Testing!]J_ani:
[[-0.    -0.     0.   ]
 [-0.    -0.001  0.   ]
 [ 0.     0.    -0.   ]]
----------------------------------------------------------------------------------------
   Cr2   Cr1   ( -3,   0,   0) -0.0076   (-8.970, -2.380, -2.096)  9.514 
J_iso: -0.0076 
[Testing!] DMI: (-0.0000  0.0000 -0.0000)
[Testing!]J_ani:
[[-0.    -0.     0.   ]
 [-0.    -0.001  0.   ]
 [ 0.     0.    -0.   ]]
----------------------------------------------------------------------------------------
   Cr2   Cr1   ( -3,   1,   0) -0.0076   (-8.970,  2.380, -2.096)  9.514 
J_iso: -0.0076 
[Testing!] DMI: ( 0.0000  0.0000 -0.0000)
[Testing!]J_ani:
[[-0.     0.     0.   ]
 [ 0.    -0.001 -0.   ]
 [ 0.    -0.    -0.   ]]
----------------------------------------------------------------------------------------
   Cr1   Cr1   (  0,  -2,   0)  0.1419   ( 0.000, -9.518,  0.000)  9.518 
J_iso:  0.1419 
[Testing!] DMI: ( 0.0339 -0.0000 -0.0000)
[Testing!]J_ani:
[[-0.001  0.     0.   ]
 [ 0.    -0.     0.   ]
 [ 0.     0.    -0.   ]]
----------------------------------------------------------------------------------------
   Cr2   Cr2   (  0,  -2,   0)  0.1418   ( 0.000, -9.518,  0.000)  9.518 
J_iso:  0.1418 
[Testing!] DMI: (-0.0340  0.0000  0.0000)
[Testing!]J_ani:
[[-0.001  0.     0.   ]
 [ 0.    -0.     0.   ]
 [ 0.     0.    -0.   ]]
----------------------------------------------------------------------------------------
   Cr1   Cr1   (  0,   2,   0)  0.1419   ( 0.000,  9.518,  0.000)  9.518 
J_iso:  0.1419 
[Testing!] DMI: (-0.0339  0.0000  0.0000)
[Testing!]J_ani:
[[-0.001  0.     0.   ]
 [ 0.    -0.     0.   ]
 [ 0.     0.    -0.   ]]
----------------------------------------------------------------------------------------
   Cr2   Cr2   (  0,   2,   0)  0.1418   ( 0.000,  9.518,  0.000)  9.518 
J_iso:  0.1418 
[Testing!] DMI: ( 0.0340 -0.0000 -0.0000)
[Testing!]J_ani:
[[-0.001  0.     0.   ]
 [ 0.    -0.     0.   ]
 [ 0.     0.    -0.   ]]
