==========================================================================================
Information: 
Exchange parameters generated by TB2J 0.7.2.1
Generation time: 22/06/09 19:31:06
 Input from non-collinear Wannier90 data.
 Tight binding data from .//103.3/103.3.z. 
 Prefix of wannier function files:crsbr.103.z.3.
Warning: Please check if the noise level of Wannier function Hamiltonian to make sure it is much smaller than the exchange values.
 The DMI component parallel to the spin orientation, the Jani which has the component of that orientation should be disregarded
 e.g. if the spins are along z, the xz, yz, zz, zx, zy components and the z component of DMI.
 If you need these component, try to do three calculations with spin along x, y, z,  or use structure with z rotated to x, y and z. And then use TB2J_merge.py to get the full set of parameters.


Merged from TB2J results in paths: 
  .//103.3/103.3.x
  .//103.3/103.3.y
  .//103.3/103.3.z
, which are from DFT data with spin along x, y, z orientation

==========================================================================================
Cell (Angstrom):
 3.588   0.000   0.000
 0.000   4.951   0.000
 0.000   0.000  23.571

==========================================================================================
Atoms:  
(Note: charge and magmoms only count the wannier functions.)
Atom_number      x         y         z     w_charge    M(x)      M(y)      M(z)   
Br1             0.8970    1.2379   -0.0668    5.6160    0.0000    0.0000   -0.0560
Cr1             2.6910    1.2379    1.7371    4.3373   -0.0000    0.0000    3.3174
S1              2.6910    3.7136    2.2030    5.0466    0.0000    0.0000   -0.2605
Br2             2.6910    3.7136    5.6376    5.6159    0.0000    0.0000   -0.0560
Cr2             0.8970    3.7136    3.8336    4.3370   -0.0000    0.0000    3.3172
S2              0.8970    1.2379    3.3678    5.0464    0.0000   -0.0000   -0.2606
Total                                        29.9992   -0.0000    0.0001    6.0015

==========================================================================================
Orbitals used in decomposition: 
The name of the orbitals for the decomposition: 
Cr1 : ['orb_1', 'orb_2', 'orb_3', 'orb_4', 'orb_5', 'orb_6', 'orb_7', 'orb_8', 'orb_9', 'orb_10']
Cr2 : ['orb_1', 'orb_2', 'orb_3', 'orb_4', 'orb_5', 'orb_6', 'orb_7', 'orb_8', 'orb_9', 'orb_10']

==========================================================================================
Exchange: 
    i      j          R        J_iso(meV)          vector          distance(A) 
----------------------------------------------------------------------------------------
   Cr1   Cr1   ( -1,   0,   0)  3.6370   (-3.588,  0.000,  0.000)  3.588 
J_iso:  3.6370 
[Testing!] DMI: (-0.0000 -0.0197  0.0000)
[Testing!]J_ani:
[[-0.033  0.     0.   ]
 [ 0.    -0.052 -0.   ]
 [ 0.    -0.    -0.029]]
----------------------------------------------------------------------------------------
   Cr2   Cr2   ( -1,   0,   0)  3.6339   (-3.588,  0.000,  0.000)  3.588 
J_iso:  3.6339 
[Testing!] DMI: (-0.0000  0.0196  0.0000)
[Testing!]J_ani:
[[-0.033 -0.     0.   ]
 [-0.    -0.053 -0.   ]
 [ 0.    -0.    -0.029]]
----------------------------------------------------------------------------------------
   Cr2   Cr2   (  1,   0,   0)  3.6339   ( 3.588,  0.000,  0.000)  3.588 
J_iso:  3.6339 
[Testing!] DMI: ( 0.0000 -0.0196 -0.0000)
[Testing!]J_ani:
[[-0.033 -0.     0.   ]
 [-0.    -0.053 -0.   ]
 [ 0.    -0.    -0.029]]
----------------------------------------------------------------------------------------
   Cr1   Cr1   (  1,   0,   0)  3.6370   ( 3.588,  0.000,  0.000)  3.588 
J_iso:  3.6370 
[Testing!] DMI: ( 0.0000  0.0197 -0.0000)
[Testing!]J_ani:
[[-0.033  0.     0.   ]
 [ 0.    -0.052 -0.   ]
 [ 0.    -0.    -0.029]]
----------------------------------------------------------------------------------------
   Cr2   Cr1   ( -1,   0,   0)  2.5948   (-1.794, -2.476, -2.096)  3.707 
J_iso:  2.5948 
[Testing!] DMI: (-0.0000 -0.0000 -0.0000)
[Testing!]J_ani:
[[-0.01   0.    -0.004]
 [ 0.    -0.012 -0.   ]
 [-0.004 -0.    -0.007]]
----------------------------------------------------------------------------------------
   Cr1   Cr2   (  1,   0,   0)  2.5948   ( 1.794,  2.476,  2.096)  3.707 
J_iso:  2.5948 
[Testing!] DMI: ( 0.0000  0.0000  0.0000)
[Testing!]J_ani:
[[-0.01   0.    -0.004]
 [ 0.    -0.012 -0.   ]
 [-0.004 -0.    -0.007]]
----------------------------------------------------------------------------------------
   Cr2   Cr1   ( -1,   1,   0)  2.5947   (-1.794,  2.476, -2.096)  3.707 
J_iso:  2.5947 
[Testing!] DMI: ( 0.0000 -0.0000  0.0000)
[Testing!]J_ani:
[[-0.01  -0.    -0.004]
 [-0.    -0.012  0.   ]
 [-0.004  0.    -0.007]]
----------------------------------------------------------------------------------------
   Cr1   Cr2   (  0,   0,   0)  2.5947   (-1.794,  2.476,  2.096)  3.707 
J_iso:  2.5947 
[Testing!] DMI: ( 0.0000 -0.0000 -0.0000)
[Testing!]J_ani:
[[-0.01  -0.     0.004]
 [-0.    -0.012 -0.   ]
 [ 0.004 -0.    -0.007]]
----------------------------------------------------------------------------------------
   Cr2   Cr1   (  0,   0,   0)  2.5947   ( 1.794, -2.476, -2.096)  3.707 
J_iso:  2.5947 
[Testing!] DMI: (-0.0000  0.0000  0.0000)
[Testing!]J_ani:
[[-0.01  -0.     0.004]
 [-0.    -0.012 -0.   ]
 [ 0.004 -0.    -0.007]]
----------------------------------------------------------------------------------------
   Cr1   Cr2   (  1,  -1,   0)  2.5947   ( 1.794, -2.476,  2.096)  3.707 
J_iso:  2.5947 
[Testing!] DMI: (-0.0000  0.0000 -0.0000)
[Testing!]J_ani:
[[-0.01  -0.    -0.004]
 [-0.    -0.012  0.   ]
 [-0.004  0.    -0.007]]
----------------------------------------------------------------------------------------
   Cr1   Cr2   (  0,  -1,   0)  2.5946   (-1.794, -2.476,  2.096)  3.707 
J_iso:  2.5946 
[Testing!] DMI: (-0.0000 -0.0000  0.0001)
[Testing!]J_ani:
[[-0.01   0.     0.004]
 [ 0.    -0.012  0.   ]
 [ 0.004  0.    -0.007]]
----------------------------------------------------------------------------------------
   Cr2   Cr1   (  0,   1,   0)  2.5946   ( 1.794,  2.476, -2.096)  3.707 
J_iso:  2.5946 
[Testing!] DMI: ( 0.0000  0.0000 -0.0001)
[Testing!]J_ani:
[[-0.01   0.     0.004]
 [ 0.    -0.012  0.   ]
 [ 0.004  0.    -0.007]]
----------------------------------------------------------------------------------------
   Cr1   Cr1   (  0,  -1,   0)  2.7324   ( 0.000, -4.951,  0.000)  4.951 
J_iso:  2.7324 
[Testing!] DMI: ( 0.0701  0.0000 -0.0000)
[Testing!]J_ani:
[[-0.014 -0.    -0.   ]
 [-0.    -0.003  0.   ]
 [-0.     0.    -0.006]]
----------------------------------------------------------------------------------------
   Cr2   Cr2   (  0,  -1,   0)  2.7386   ( 0.000, -4.951,  0.000)  4.951 
J_iso:  2.7386 
[Testing!] DMI: (-0.0703  0.0000 -0.0000)
[Testing!]J_ani:
[[-0.014 -0.    -0.   ]
 [-0.    -0.003  0.   ]
 [-0.     0.    -0.006]]
----------------------------------------------------------------------------------------
   Cr1   Cr1   (  0,   1,   0)  2.7324   ( 0.000,  4.951,  0.000)  4.951 
J_iso:  2.7324 
[Testing!] DMI: (-0.0701 -0.0000  0.0000)
[Testing!]J_ani:
[[-0.014 -0.    -0.   ]
 [-0.    -0.003  0.   ]
 [-0.     0.    -0.006]]
----------------------------------------------------------------------------------------
   Cr2   Cr2   (  0,   1,   0)  2.7386   ( 0.000,  4.951,  0.000)  4.951 
J_iso:  2.7386 
[Testing!] DMI: ( 0.0703 -0.0000  0.0000)
[Testing!]J_ani:
[[-0.014 -0.    -0.   ]
 [-0.    -0.003  0.   ]
 [-0.     0.    -0.006]]
----------------------------------------------------------------------------------------
   Cr1   Cr1   ( -1,  -1,   0) -0.0121   (-3.588, -4.951,  0.000)  6.115 
J_iso: -0.0121 
[Testing!] DMI: (-0.0267 -0.0199  0.0000)
[Testing!]J_ani:
[[-0.008 -0.001 -0.   ]
 [-0.001 -0.006 -0.   ]
 [-0.    -0.    -0.005]]
----------------------------------------------------------------------------------------
   Cr2   Cr2   ( -1,  -1,   0) -0.0118   (-3.588, -4.951,  0.000)  6.115 
J_iso: -0.0118 
[Testing!] DMI: ( 0.0268  0.0199 -0.0000)
[Testing!]J_ani:
[[-0.008 -0.001 -0.   ]
 [-0.001 -0.006 -0.   ]
 [-0.    -0.    -0.005]]
----------------------------------------------------------------------------------------
   Cr1   Cr1   ( -1,   1,   0) -0.0121   (-3.588,  4.951,  0.000)  6.115 
J_iso: -0.0121 
[Testing!] DMI: ( 0.0267 -0.0199  0.0000)
[Testing!]J_ani:
[[-0.008  0.001  0.   ]
 [ 0.001 -0.006 -0.   ]
 [ 0.    -0.    -0.005]]
----------------------------------------------------------------------------------------
   Cr2   Cr2   (  1,  -1,   0) -0.0118   ( 3.588, -4.951,  0.000)  6.115 
J_iso: -0.0118 
[Testing!] DMI: ( 0.0268 -0.0198  0.0000)
[Testing!]J_ani:
[[-0.008  0.001  0.   ]
 [ 0.001 -0.006  0.   ]
 [ 0.     0.    -0.005]]
----------------------------------------------------------------------------------------
   Cr1   Cr1   (  1,  -1,   0) -0.0121   ( 3.588, -4.951,  0.000)  6.115 
J_iso: -0.0121 
[Testing!] DMI: (-0.0267  0.0199 -0.0000)
[Testing!]J_ani:
[[-0.008  0.001  0.   ]
 [ 0.001 -0.006 -0.   ]
 [ 0.    -0.    -0.005]]
----------------------------------------------------------------------------------------
   Cr1   Cr1   (  1,   1,   0) -0.0121   ( 3.588,  4.951,  0.000)  6.115 
J_iso: -0.0121 
[Testing!] DMI: ( 0.0267  0.0199 -0.0000)
[Testing!]J_ani:
[[-0.008 -0.001 -0.   ]
 [-0.001 -0.006 -0.   ]
 [-0.    -0.    -0.005]]
----------------------------------------------------------------------------------------
   Cr2   Cr2   ( -1,   1,   0) -0.0118   (-3.588,  4.951,  0.000)  6.115 
J_iso: -0.0118 
[Testing!] DMI: (-0.0268  0.0198 -0.0000)
[Testing!]J_ani:
[[-0.008  0.001  0.   ]
 [ 0.001 -0.006  0.   ]
 [ 0.     0.    -0.005]]
----------------------------------------------------------------------------------------
   Cr2   Cr2   (  1,   1,   0) -0.0118   ( 3.588,  4.951,  0.000)  6.115 
J_iso: -0.0118 
[Testing!] DMI: (-0.0268 -0.0199  0.0000)
[Testing!]J_ani:
[[-0.008 -0.001 -0.   ]
 [-0.001 -0.006 -0.   ]
 [-0.    -0.    -0.005]]
----------------------------------------------------------------------------------------
   Cr1   Cr2   (  2,  -1,   0)  0.1329   ( 5.382, -2.476,  2.096)  6.284 
J_iso:  0.1329 
[Testing!] DMI: ( 0.0000  0.0000 -0.0000)
[Testing!]J_ani:
[[-0.005  0.    -0.001]
 [ 0.    -0.002 -0.   ]
 [-0.001 -0.    -0.007]]
----------------------------------------------------------------------------------------
   Cr1   Cr2   (  2,   0,   0)  0.1328   ( 5.382,  2.476,  2.096)  6.284 
J_iso:  0.1328 
[Testing!] DMI: (-0.0000  0.0000  0.0000)
[Testing!]J_ani:
[[-0.005 -0.    -0.001]
 [-0.    -0.002  0.   ]
 [-0.001  0.    -0.007]]
----------------------------------------------------------------------------------------
   Cr2   Cr1   ( -2,   0,   0)  0.1328   (-5.382, -2.476, -2.096)  6.284 
J_iso:  0.1328 
[Testing!] DMI: ( 0.0000 -0.0000 -0.0000)
[Testing!]J_ani:
[[-0.005 -0.    -0.001]
 [-0.    -0.002  0.   ]
 [-0.001  0.    -0.007]]
----------------------------------------------------------------------------------------
   Cr2   Cr1   ( -2,   1,   0)  0.1329   (-5.382,  2.476, -2.096)  6.284 
J_iso:  0.1329 
[Testing!] DMI: (-0.0000 -0.0000  0.0000)
[Testing!]J_ani:
[[-0.005  0.    -0.001]
 [ 0.    -0.002 -0.   ]
 [-0.001 -0.    -0.007]]
----------------------------------------------------------------------------------------
   Cr1   Cr2   ( -1,  -1,   0)  0.1329   (-5.382, -2.476,  2.096)  6.284 
J_iso:  0.1329 
[Testing!] DMI: ( 0.0000 -0.0000  0.0000)
[Testing!]J_ani:
[[-0.005 -0.     0.001]
 [-0.    -0.002 -0.   ]
 [ 0.001 -0.    -0.007]]
----------------------------------------------------------------------------------------
   Cr1   Cr2   ( -1,   0,   0)  0.1329   (-5.382,  2.476,  2.096)  6.284 
J_iso:  0.1329 
[Testing!] DMI: (-0.0000 -0.0000 -0.0000)
[Testing!]J_ani:
[[-0.005  0.     0.001]
 [ 0.    -0.002  0.   ]
 [ 0.001  0.    -0.007]]
----------------------------------------------------------------------------------------
   Cr2   Cr1   (  1,   0,   0)  0.1329   ( 5.382, -2.476, -2.096)  6.284 
J_iso:  0.1329 
[Testing!] DMI: ( 0.0000  0.0000  0.0000)
[Testing!]J_ani:
[[-0.005  0.     0.001]
 [ 0.    -0.002  0.   ]
 [ 0.001  0.    -0.007]]
----------------------------------------------------------------------------------------
   Cr2   Cr1   (  1,   1,   0)  0.1329   ( 5.382,  2.476, -2.096)  6.284 
J_iso:  0.1329 
[Testing!] DMI: (-0.0000  0.0000 -0.0000)
[Testing!]J_ani:
[[-0.005 -0.     0.001]
 [-0.    -0.002 -0.   ]
 [ 0.001 -0.    -0.007]]
----------------------------------------------------------------------------------------
   Cr2   Cr2   (  2,   0,   0) -0.7343   ( 7.176,  0.000,  0.000)  7.176 
J_iso: -0.7343 
[Testing!] DMI: (-0.0000  0.0067  0.0000)
[Testing!]J_ani:
[[-0.004 -0.    -0.   ]
 [-0.    -0.004 -0.   ]
 [-0.    -0.    -0.005]]
----------------------------------------------------------------------------------------
   Cr1   Cr1   ( -2,   0,   0) -0.7339   (-7.176,  0.000,  0.000)  7.176 
J_iso: -0.7339 
[Testing!] DMI: (-0.0000  0.0065  0.0000)
[Testing!]J_ani:
[[-0.004 -0.    -0.   ]
 [-0.    -0.004  0.   ]
 [-0.     0.    -0.005]]
----------------------------------------------------------------------------------------
   Cr2   Cr2   ( -2,   0,   0) -0.7343   (-7.176,  0.000,  0.000)  7.176 
J_iso: -0.7343 
[Testing!] DMI: ( 0.0000 -0.0067 -0.0000)
[Testing!]J_ani:
[[-0.004 -0.    -0.   ]
 [-0.    -0.004 -0.   ]
 [-0.    -0.    -0.005]]
----------------------------------------------------------------------------------------
   Cr1   Cr1   (  2,   0,   0) -0.7339   ( 7.176,  0.000,  0.000)  7.176 
J_iso: -0.7339 
[Testing!] DMI: ( 0.0000 -0.0065 -0.0000)
[Testing!]J_ani:
[[-0.004 -0.    -0.   ]
 [-0.    -0.004  0.   ]
 [-0.     0.    -0.005]]
----------------------------------------------------------------------------------------
   Cr2   Cr1   ( -1,  -1,   0)  0.5201   (-1.794, -7.427, -2.096)  7.923 
J_iso:  0.5201 
[Testing!] DMI: ( 0.0000 -0.0000 -0.0001)
[Testing!]J_ani:
[[-0.002 -0.    -0.   ]
 [-0.    -0.002 -0.   ]
 [-0.    -0.    -0.001]]
----------------------------------------------------------------------------------------
   Cr2   Cr1   (  0,  -1,   0)  0.5201   ( 1.794, -7.427, -2.096)  7.923 
J_iso:  0.5201 
[Testing!] DMI: ( 0.0000  0.0000  0.0001)
[Testing!]J_ani:
[[-0.002  0.     0.   ]
 [ 0.    -0.002 -0.   ]
 [ 0.    -0.    -0.001]]
----------------------------------------------------------------------------------------
   Cr2   Cr1   (  0,   2,   0)  0.5201   ( 1.794,  7.427, -2.096)  7.923 
J_iso:  0.5201 
[Testing!] DMI: (-0.0000  0.0000 -0.0001)
[Testing!]J_ani:
[[-0.002 -0.     0.   ]
 [-0.    -0.002  0.   ]
 [ 0.     0.    -0.001]]
----------------------------------------------------------------------------------------
   Cr2   Cr1   ( -1,   2,   0)  0.5201   (-1.794,  7.427, -2.096)  7.923 
J_iso:  0.5201 
[Testing!] DMI: (-0.0000 -0.0000  0.0001)
[Testing!]J_ani:
[[-0.002  0.    -0.   ]
 [ 0.    -0.002  0.   ]
 [-0.     0.    -0.001]]
----------------------------------------------------------------------------------------
   Cr1   Cr2   (  0,  -2,   0)  0.5201   (-1.794, -7.427,  2.096)  7.923 
J_iso:  0.5201 
[Testing!] DMI: ( 0.0000 -0.0000  0.0001)
[Testing!]J_ani:
[[-0.002 -0.     0.   ]
 [-0.    -0.002  0.   ]
 [ 0.     0.    -0.001]]
----------------------------------------------------------------------------------------
   Cr1   Cr2   (  0,   1,   0)  0.5201   (-1.794,  7.427,  2.096)  7.923 
J_iso:  0.5201 
[Testing!] DMI: (-0.0000 -0.0000 -0.0001)
[Testing!]J_ani:
[[-0.002  0.     0.   ]
 [ 0.    -0.002 -0.   ]
 [ 0.    -0.    -0.001]]
----------------------------------------------------------------------------------------
   Cr1   Cr2   (  1,   1,   0)  0.5201   ( 1.794,  7.427,  2.096)  7.923 
J_iso:  0.5201 
[Testing!] DMI: (-0.0000  0.0000  0.0001)
[Testing!]J_ani:
[[-0.002 -0.    -0.   ]
 [-0.    -0.002 -0.   ]
 [-0.    -0.    -0.001]]
----------------------------------------------------------------------------------------
   Cr1   Cr2   (  1,  -2,   0)  0.5201   ( 1.794, -7.427,  2.096)  7.923 
J_iso:  0.5201 
[Testing!] DMI: ( 0.0000  0.0000 -0.0001)
[Testing!]J_ani:
[[-0.002  0.    -0.   ]
 [ 0.    -0.002  0.   ]
 [-0.     0.    -0.001]]
----------------------------------------------------------------------------------------
   Cr2   Cr2   (  2,  -1,   0)  0.0071   ( 7.176, -4.951,  0.000)  8.718 
J_iso:  0.0071 
[Testing!] DMI: (-0.0002 -0.0007 -0.0000)
[Testing!]J_ani:
[[-0.001  0.    -0.   ]
 [ 0.    -0.001  0.   ]
 [-0.     0.    -0.001]]
----------------------------------------------------------------------------------------
   Cr1   Cr1   ( -2,  -1,   0)  0.0072   (-7.176, -4.951,  0.000)  8.718 
J_iso:  0.0072 
[Testing!] DMI: ( 0.0002 -0.0007  0.0000)
[Testing!]J_ani:
[[-0.001 -0.     0.   ]
 [-0.    -0.001 -0.   ]
 [ 0.    -0.    -0.001]]
----------------------------------------------------------------------------------------
   Cr2   Cr2   ( -2,  -1,   0)  0.0071   (-7.176, -4.951,  0.000)  8.718 
J_iso:  0.0071 
[Testing!] DMI: (-0.0002  0.0007 -0.0000)
[Testing!]J_ani:
[[-0.001 -0.     0.   ]
 [-0.    -0.001 -0.   ]
 [ 0.    -0.    -0.001]]
----------------------------------------------------------------------------------------
   Cr1   Cr1   ( -2,   1,   0)  0.0072   (-7.176,  4.951,  0.000)  8.718 
J_iso:  0.0072 
[Testing!] DMI: (-0.0002 -0.0007 -0.0000)
[Testing!]J_ani:
[[-0.001  0.    -0.   ]
 [ 0.    -0.001  0.   ]
 [-0.     0.    -0.001]]
----------------------------------------------------------------------------------------
   Cr2   Cr2   ( -2,   1,   0)  0.0071   (-7.176,  4.951,  0.000)  8.718 
J_iso:  0.0071 
[Testing!] DMI: ( 0.0002  0.0007  0.0000)
[Testing!]J_ani:
[[-0.001  0.    -0.   ]
 [ 0.    -0.001  0.   ]
 [-0.     0.    -0.001]]
----------------------------------------------------------------------------------------
   Cr1   Cr1   (  2,  -1,   0)  0.0072   ( 7.176, -4.951,  0.000)  8.718 
J_iso:  0.0072 
[Testing!] DMI: ( 0.0002  0.0007  0.0000)
[Testing!]J_ani:
[[-0.001  0.    -0.   ]
 [ 0.    -0.001  0.   ]
 [-0.     0.    -0.001]]
----------------------------------------------------------------------------------------
   Cr1   Cr1   (  2,   1,   0)  0.0072   ( 7.176,  4.951,  0.000)  8.718 
J_iso:  0.0072 
[Testing!] DMI: (-0.0002  0.0007 -0.0000)
[Testing!]J_ani:
[[-0.001 -0.     0.   ]
 [-0.    -0.001 -0.   ]
 [ 0.    -0.    -0.001]]
----------------------------------------------------------------------------------------
   Cr2   Cr2   (  2,   1,   0)  0.0071   ( 7.176,  4.951,  0.000)  8.718 
J_iso:  0.0071 
[Testing!] DMI: ( 0.0002 -0.0007  0.0000)
[Testing!]J_ani:
[[-0.001 -0.     0.   ]
 [-0.    -0.001 -0.   ]
 [ 0.    -0.    -0.001]]
----------------------------------------------------------------------------------------
   Cr2   Cr1   ( -2,  -1,   0)  0.0025   (-5.382, -7.427, -2.096)  9.409 
J_iso:  0.0025 
[Testing!] DMI: ( 0.0000 -0.0000 -0.0000)
[Testing!]J_ani:
[[-0.001 -0.     0.   ]
 [-0.    -0.001  0.   ]
 [ 0.     0.    -0.001]]
----------------------------------------------------------------------------------------
   Cr1   Cr2   ( -1,   1,   0)  0.0025   (-5.382,  7.427,  2.096)  9.409 
J_iso:  0.0025 
[Testing!] DMI: (-0.0000 -0.0000 -0.0000)
[Testing!]J_ani:
[[-0.001  0.    -0.   ]
 [ 0.    -0.001  0.   ]
 [-0.     0.    -0.001]]
----------------------------------------------------------------------------------------
   Cr2   Cr1   (  1,  -1,   0)  0.0025   ( 5.382, -7.427, -2.096)  9.409 
J_iso:  0.0025 
[Testing!] DMI: ( 0.0000  0.0000  0.0000)
[Testing!]J_ani:
[[-0.001  0.    -0.   ]
 [ 0.    -0.001  0.   ]
 [-0.     0.    -0.001]]
----------------------------------------------------------------------------------------
   Cr1   Cr2   (  2,   1,   0)  0.0025   ( 5.382,  7.427,  2.096)  9.409 
J_iso:  0.0025 
[Testing!] DMI: (-0.0000  0.0000  0.0000)
[Testing!]J_ani:
[[-0.001 -0.     0.   ]
 [-0.    -0.001  0.   ]
 [ 0.     0.    -0.001]]
----------------------------------------------------------------------------------------
   Cr1   Cr2   ( -1,  -2,   0)  0.0025   (-5.382, -7.427,  2.096)  9.409 
J_iso:  0.0025 
[Testing!] DMI: ( 0.0000 -0.0000  0.0000)
[Testing!]J_ani:
[[-0.001 -0.    -0.   ]
 [-0.    -0.001 -0.   ]
 [-0.    -0.    -0.001]]
----------------------------------------------------------------------------------------
   Cr1   Cr2   (  2,  -2,   0)  0.0025   ( 5.382, -7.427,  2.096)  9.409 
J_iso:  0.0025 
[Testing!] DMI: ( 0.0000  0.0000 -0.0000)
[Testing!]J_ani:
[[-0.001  0.     0.   ]
 [ 0.    -0.001 -0.   ]
 [ 0.    -0.    -0.001]]
----------------------------------------------------------------------------------------
   Cr2   Cr1   ( -2,   2,   0)  0.0025   (-5.382,  7.427, -2.096)  9.409 
J_iso:  0.0025 
[Testing!] DMI: (-0.0000 -0.0000  0.0000)
[Testing!]J_ani:
[[-0.001  0.     0.   ]
 [ 0.    -0.001 -0.   ]
 [ 0.    -0.    -0.001]]
----------------------------------------------------------------------------------------
   Cr2   Cr1   (  1,   2,   0)  0.0025   ( 5.382,  7.427, -2.096)  9.409 
J_iso:  0.0025 
[Testing!] DMI: (-0.0000  0.0000 -0.0000)
[Testing!]J_ani:
[[-0.001 -0.    -0.   ]
 [-0.    -0.001 -0.   ]
 [-0.    -0.    -0.001]]
----------------------------------------------------------------------------------------
   Cr1   Cr2   ( -2,  -1,   0) -0.0110   (-8.970, -2.476,  2.096)  9.539 
J_iso: -0.0110 
[Testing!] DMI: ( 0.0000 -0.0000 -0.0000)
[Testing!]J_ani:
[[-0.    -0.    -0.   ]
 [-0.    -0.001 -0.   ]
 [-0.    -0.    -0.   ]]
----------------------------------------------------------------------------------------
   Cr1   Cr2   ( -2,   0,   0) -0.0110   (-8.970,  2.476,  2.096)  9.539 
J_iso: -0.0110 
[Testing!] DMI: (-0.0000 -0.0000 -0.0000)
[Testing!]J_ani:
[[-0.     0.    -0.   ]
 [ 0.    -0.001  0.   ]
 [-0.     0.    -0.   ]]
----------------------------------------------------------------------------------------
   Cr2   Cr1   (  2,   0,   0) -0.0110   ( 8.970, -2.476, -2.096)  9.539 
J_iso: -0.0110 
[Testing!] DMI: ( 0.0000  0.0000  0.0000)
[Testing!]J_ani:
[[-0.     0.    -0.   ]
 [ 0.    -0.001  0.   ]
 [-0.     0.    -0.   ]]
----------------------------------------------------------------------------------------
   Cr2   Cr1   (  2,   1,   0) -0.0110   ( 8.970,  2.476, -2.096)  9.539 
J_iso: -0.0110 
[Testing!] DMI: (-0.0000  0.0000  0.0000)
[Testing!]J_ani:
[[-0.    -0.    -0.   ]
 [-0.    -0.001 -0.   ]
 [-0.    -0.    -0.   ]]
----------------------------------------------------------------------------------------
   Cr1   Cr2   (  3,  -1,   0) -0.0111   ( 8.970, -2.476,  2.096)  9.539 
J_iso: -0.0111 
[Testing!] DMI: ( 0.0000  0.0000  0.0000)
[Testing!]J_ani:
[[-0.     0.     0.   ]
 [ 0.    -0.001 -0.   ]
 [ 0.    -0.    -0.   ]]
----------------------------------------------------------------------------------------
   Cr1   Cr2   (  3,   0,   0) -0.0111   ( 8.970,  2.476,  2.096)  9.539 
J_iso: -0.0111 
[Testing!] DMI: (-0.0000  0.0000 -0.0000)
[Testing!]J_ani:
[[-0.    -0.     0.   ]
 [-0.    -0.001  0.   ]
 [ 0.     0.    -0.   ]]
----------------------------------------------------------------------------------------
   Cr2   Cr1   ( -3,   0,   0) -0.0111   (-8.970, -2.476, -2.096)  9.539 
J_iso: -0.0111 
[Testing!] DMI: ( 0.0000 -0.0000  0.0000)
[Testing!]J_ani:
[[-0.    -0.     0.   ]
 [-0.    -0.001  0.   ]
 [ 0.     0.    -0.   ]]
----------------------------------------------------------------------------------------
   Cr2   Cr1   ( -3,   1,   0) -0.0111   (-8.970,  2.476, -2.096)  9.539 
J_iso: -0.0111 
[Testing!] DMI: (-0.0000 -0.0000 -0.0000)
[Testing!]J_ani:
[[-0.     0.     0.   ]
 [ 0.    -0.001 -0.   ]
 [ 0.    -0.    -0.   ]]
----------------------------------------------------------------------------------------
   Cr1   Cr1   (  0,  -2,   0)  0.0400   ( 0.000, -9.903,  0.000)  9.903 
J_iso:  0.0400 
[Testing!] DMI: ( 0.0492  0.0000 -0.0000)
[Testing!]J_ani:
[[-0.001 -0.    -0.   ]
 [-0.    -0.     0.   ]
 [-0.     0.    -0.   ]]
----------------------------------------------------------------------------------------
   Cr2   Cr2   (  0,  -2,   0)  0.0401   ( 0.000, -9.903,  0.000)  9.903 
J_iso:  0.0401 
[Testing!] DMI: (-0.0491  0.0000 -0.0000)
[Testing!]J_ani:
[[-0.001 -0.    -0.   ]
 [-0.    -0.     0.   ]
 [-0.     0.    -0.   ]]
----------------------------------------------------------------------------------------
   Cr1   Cr1   (  0,   2,   0)  0.0400   ( 0.000,  9.903,  0.000)  9.903 
J_iso:  0.0400 
[Testing!] DMI: (-0.0492 -0.0000  0.0000)
[Testing!]J_ani:
[[-0.001 -0.    -0.   ]
 [-0.    -0.     0.   ]
 [-0.     0.    -0.   ]]
----------------------------------------------------------------------------------------
   Cr2   Cr2   (  0,   2,   0)  0.0401   ( 0.000,  9.903,  0.000)  9.903 
J_iso:  0.0401 
[Testing!] DMI: ( 0.0491 -0.0000  0.0000)
[Testing!]J_ani:
[[-0.001 -0.    -0.   ]
 [-0.    -0.     0.   ]
 [-0.     0.    -0.   ]]
