==========================================================================================
Information: 
Exchange parameters generated by TB2J 0.7.2.1
Generation time: 22/06/12 16:23:18
 Input from non-collinear Wannier90 data.
 Tight binding data from .//104.3/104.3.z. 
 Prefix of wannier function files:crsbr.104.z.3.
Warning: Please check if the noise level of Wannier function Hamiltonian to make sure it is much smaller than the exchange values.
 The DMI component parallel to the spin orientation, the Jani which has the component of that orientation should be disregarded
 e.g. if the spins are along z, the xz, yz, zz, zx, zy components and the z component of DMI.
 If you need these component, try to do three calculations with spin along x, y, z,  or use structure with z rotated to x, y and z. And then use TB2J_merge.py to get the full set of parameters.


Merged from TB2J results in paths: 
  .//104.3/104.3.x
  .//104.3/104.3.y
  .//104.3/104.3.z
, which are from DFT data with spin along x, y, z orientation

==========================================================================================
Cell (Angstrom):
 3.731   0.000   0.000
 0.000   4.807   0.000
 0.000   0.000  23.571

==========================================================================================
Atoms:  
(Note: charge and magmoms only count the wannier functions.)
Atom_number      x         y         z     w_charge    M(x)      M(y)      M(z)   
Br1             0.9329    1.2018   -0.0668    5.6145    0.0000    0.0000   -0.0817
Cr1             2.7986    1.2018    1.7371    4.3356    0.0000   -0.0000    3.3534
S1              2.7986    3.6054    2.2030    5.0510   -0.0000   -0.0000   -0.2695
Br2             2.7986    3.6054    5.6376    5.6145    0.0000    0.0000   -0.0820
Cr2             0.9329    3.6054    3.8336    4.3334    0.0000    0.0000    3.3526
S2              0.9329    1.2018    3.3678    5.0503   -0.0000   -0.0000   -0.2701
Total                                        29.9992   -0.0000    0.0000    6.0028

==========================================================================================
Orbitals used in decomposition: 
The name of the orbitals for the decomposition: 
Cr1 : ['orb_1', 'orb_2', 'orb_3', 'orb_4', 'orb_5', 'orb_6', 'orb_7', 'orb_8', 'orb_9', 'orb_10']
Cr2 : ['orb_1', 'orb_2', 'orb_3', 'orb_4', 'orb_5', 'orb_6', 'orb_7', 'orb_8', 'orb_9', 'orb_10']

==========================================================================================
Exchange: 
    i      j          R        J_iso(meV)          vector          distance(A) 
----------------------------------------------------------------------------------------
   Cr2   Cr1   ( -1,   0,   0)  3.2422   (-1.866, -2.404, -2.096)  3.695 
J_iso:  3.2422 
[Testing!] DMI: (-0.0009 -0.0004  0.0002)
[Testing!]J_ani:
[[-0.009  0.    -0.003]
 [ 0.    -0.014 -0.   ]
 [-0.003 -0.    -0.008]]
----------------------------------------------------------------------------------------
   Cr2   Cr1   ( -1,   1,   0)  3.2422   (-1.866,  2.404, -2.096)  3.695 
J_iso:  3.2422 
[Testing!] DMI: ( 0.0009 -0.0003 -0.0002)
[Testing!]J_ani:
[[-0.009 -0.    -0.003]
 [-0.    -0.014  0.   ]
 [-0.003  0.    -0.008]]
----------------------------------------------------------------------------------------
   Cr2   Cr1   (  0,   1,   0)  3.2422   ( 1.866,  2.404, -2.096)  3.695 
J_iso:  3.2422 
[Testing!] DMI: ( 0.0009  0.0004  0.0002)
[Testing!]J_ani:
[[-0.009  0.     0.003]
 [ 0.    -0.014  0.   ]
 [ 0.003  0.    -0.008]]
----------------------------------------------------------------------------------------
   Cr1   Cr2   (  1,  -1,   0)  3.2422   ( 1.866, -2.404,  2.096)  3.695 
J_iso:  3.2422 
[Testing!] DMI: (-0.0009  0.0003  0.0002)
[Testing!]J_ani:
[[-0.009 -0.    -0.003]
 [-0.    -0.014  0.   ]
 [-0.003  0.    -0.008]]
----------------------------------------------------------------------------------------
   Cr1   Cr2   (  1,   0,   0)  3.2422   ( 1.866,  2.404,  2.096)  3.695 
J_iso:  3.2422 
[Testing!] DMI: ( 0.0009  0.0004 -0.0002)
[Testing!]J_ani:
[[-0.009  0.    -0.003]
 [ 0.    -0.014 -0.   ]
 [-0.003 -0.    -0.008]]
----------------------------------------------------------------------------------------
   Cr1   Cr2   (  0,  -1,   0)  3.2422   (-1.866, -2.404,  2.096)  3.695 
J_iso:  3.2422 
[Testing!] DMI: (-0.0009 -0.0004 -0.0002)
[Testing!]J_ani:
[[-0.009  0.     0.003]
 [ 0.    -0.014  0.   ]
 [ 0.003  0.    -0.008]]
----------------------------------------------------------------------------------------
   Cr1   Cr2   (  0,   0,   0)  3.2422   (-1.866,  2.404,  2.096)  3.695 
J_iso:  3.2422 
[Testing!] DMI: ( 0.0009 -0.0003  0.0001)
[Testing!]J_ani:
[[-0.009 -0.     0.003]
 [-0.    -0.014 -0.   ]
 [ 0.003 -0.    -0.008]]
----------------------------------------------------------------------------------------
   Cr2   Cr1   (  0,   0,   0)  3.2422   ( 1.866, -2.404, -2.096)  3.695 
J_iso:  3.2422 
[Testing!] DMI: (-0.0009  0.0003 -0.0001)
[Testing!]J_ani:
[[-0.009 -0.     0.003]
 [-0.    -0.014 -0.   ]
 [ 0.003 -0.    -0.008]]
----------------------------------------------------------------------------------------
   Cr1   Cr1   ( -1,   0,   0)  4.6225   (-3.731,  0.000,  0.000)  3.731 
J_iso:  4.6225 
[Testing!] DMI: ( 0.0000 -0.0502  0.0000)
[Testing!]J_ani:
[[-0.037 -0.     0.   ]
 [-0.    -0.068  0.   ]
 [ 0.     0.    -0.031]]
----------------------------------------------------------------------------------------
   Cr2   Cr2   ( -1,   0,   0)  4.6253   (-3.731,  0.000,  0.000)  3.731 
J_iso:  4.6253 
[Testing!] DMI: ( 0.0000  0.0504  0.0000)
[Testing!]J_ani:
[[-0.036 -0.    -0.   ]
 [-0.    -0.068 -0.   ]
 [-0.    -0.    -0.031]]
----------------------------------------------------------------------------------------
   Cr2   Cr2   (  1,   0,   0)  4.6253   ( 3.731,  0.000,  0.000)  3.731 
J_iso:  4.6253 
[Testing!] DMI: (-0.0000 -0.0504 -0.0000)
[Testing!]J_ani:
[[-0.036 -0.    -0.   ]
 [-0.    -0.068 -0.   ]
 [-0.    -0.    -0.031]]
----------------------------------------------------------------------------------------
   Cr1   Cr1   (  1,   0,   0)  4.6225   ( 3.731,  0.000,  0.000)  3.731 
J_iso:  4.6225 
[Testing!] DMI: (-0.0000  0.0502 -0.0000)
[Testing!]J_ani:
[[-0.037 -0.     0.   ]
 [-0.    -0.068  0.   ]
 [ 0.     0.    -0.031]]
----------------------------------------------------------------------------------------
   Cr1   Cr1   (  0,  -1,   0)  4.2587   ( 0.000, -4.807,  0.000)  4.807 
J_iso:  4.2587 
[Testing!] DMI: ( 0.0629  0.0001 -0.0001)
[Testing!]J_ani:
[[-0.017 -0.    -0.   ]
 [-0.    -0.002 -0.   ]
 [-0.    -0.    -0.008]]
----------------------------------------------------------------------------------------
   Cr2   Cr2   (  0,  -1,   0)  4.2553   ( 0.000, -4.807,  0.000)  4.807 
J_iso:  4.2553 
[Testing!] DMI: (-0.0429  0.0001  0.0000)
[Testing!]J_ani:
[[-0.018 -0.     0.   ]
 [-0.    -0.003 -0.   ]
 [ 0.    -0.    -0.008]]
----------------------------------------------------------------------------------------
   Cr1   Cr1   (  0,   1,   0)  4.2587   ( 0.000,  4.807,  0.000)  4.807 
J_iso:  4.2587 
[Testing!] DMI: (-0.0629 -0.0001  0.0001)
[Testing!]J_ani:
[[-0.017 -0.    -0.   ]
 [-0.    -0.002 -0.   ]
 [-0.    -0.    -0.008]]
----------------------------------------------------------------------------------------
   Cr2   Cr2   (  0,   1,   0)  4.2553   ( 0.000,  4.807,  0.000)  4.807 
J_iso:  4.2553 
[Testing!] DMI: ( 0.0429 -0.0001 -0.0000)
[Testing!]J_ani:
[[-0.018 -0.     0.   ]
 [-0.    -0.003 -0.   ]
 [ 0.    -0.    -0.008]]
----------------------------------------------------------------------------------------
   Cr1   Cr1   ( -1,  -1,   0)  0.0554   (-3.731, -4.807,  0.000)  6.086 
J_iso:  0.0554 
[Testing!] DMI: (-0.0238 -0.0243 -0.0000)
[Testing!]J_ani:
[[-0.009 -0.001  0.   ]
 [-0.001 -0.008  0.   ]
 [ 0.     0.    -0.007]]
----------------------------------------------------------------------------------------
   Cr2   Cr2   ( -1,  -1,   0)  0.0556   (-3.731, -4.807,  0.000)  6.086 
J_iso:  0.0556 
[Testing!] DMI: ( 0.0246  0.0244 -0.0000)
[Testing!]J_ani:
[[-0.009 -0.001  0.   ]
 [-0.001 -0.008  0.   ]
 [ 0.     0.    -0.007]]
----------------------------------------------------------------------------------------
   Cr1   Cr1   ( -1,   1,   0)  0.0554   (-3.731,  4.807,  0.000)  6.086 
J_iso:  0.0554 
[Testing!] DMI: ( 0.0238 -0.0243  0.0000)
[Testing!]J_ani:
[[-0.009  0.001 -0.   ]
 [ 0.001 -0.008 -0.   ]
 [-0.    -0.    -0.007]]
----------------------------------------------------------------------------------------
   Cr2   Cr2   ( -1,   1,   0)  0.0556   (-3.731,  4.807,  0.000)  6.086 
J_iso:  0.0556 
[Testing!] DMI: (-0.0246  0.0244 -0.0000)
[Testing!]J_ani:
[[-0.009  0.001 -0.   ]
 [ 0.001 -0.008 -0.   ]
 [-0.    -0.    -0.007]]
----------------------------------------------------------------------------------------
   Cr1   Cr1   (  1,  -1,   0)  0.0554   ( 3.731, -4.807,  0.000)  6.086 
J_iso:  0.0554 
[Testing!] DMI: (-0.0238  0.0243 -0.0000)
[Testing!]J_ani:
[[-0.009  0.001 -0.   ]
 [ 0.001 -0.008 -0.   ]
 [-0.    -0.    -0.007]]
----------------------------------------------------------------------------------------
   Cr2   Cr2   (  1,  -1,   0)  0.0556   ( 3.731, -4.807,  0.000)  6.086 
J_iso:  0.0556 
[Testing!] DMI: ( 0.0246 -0.0244  0.0000)
[Testing!]J_ani:
[[-0.009  0.001 -0.   ]
 [ 0.001 -0.008 -0.   ]
 [-0.    -0.    -0.007]]
----------------------------------------------------------------------------------------
   Cr1   Cr1   (  1,   1,   0)  0.0554   ( 3.731,  4.807,  0.000)  6.086 
J_iso:  0.0554 
[Testing!] DMI: ( 0.0238  0.0243  0.0000)
[Testing!]J_ani:
[[-0.009 -0.001  0.   ]
 [-0.001 -0.008  0.   ]
 [ 0.     0.    -0.007]]
----------------------------------------------------------------------------------------
   Cr2   Cr2   (  1,   1,   0)  0.0556   ( 3.731,  4.807,  0.000)  6.086 
J_iso:  0.0556 
[Testing!] DMI: (-0.0246 -0.0244  0.0000)
[Testing!]J_ani:
[[-0.009 -0.001  0.   ]
 [-0.001 -0.008  0.   ]
 [ 0.     0.    -0.007]]
----------------------------------------------------------------------------------------
   Cr1   Cr2   (  2,  -1,   0)  0.1157   ( 5.597, -2.404,  2.096)  6.442 
J_iso:  0.1157 
[Testing!] DMI: ( 0.0003 -0.0000  0.0000)
[Testing!]J_ani:
[[-0.007  0.    -0.001]
 [ 0.    -0.003 -0.001]
 [-0.001 -0.001 -0.008]]
----------------------------------------------------------------------------------------
   Cr1   Cr2   (  2,   0,   0)  0.1157   ( 5.597,  2.404,  2.096)  6.442 
J_iso:  0.1157 
[Testing!] DMI: (-0.0003 -0.0000 -0.0000)
[Testing!]J_ani:
[[-0.007 -0.    -0.001]
 [-0.    -0.003  0.001]
 [-0.001  0.001 -0.008]]
----------------------------------------------------------------------------------------
   Cr2   Cr1   ( -2,   0,   0)  0.1157   (-5.597, -2.404, -2.096)  6.442 
J_iso:  0.1157 
[Testing!] DMI: ( 0.0003  0.0000  0.0000)
[Testing!]J_ani:
[[-0.007 -0.    -0.001]
 [-0.    -0.003  0.001]
 [-0.001  0.001 -0.008]]
----------------------------------------------------------------------------------------
   Cr2   Cr1   ( -2,   1,   0)  0.1157   (-5.597,  2.404, -2.096)  6.442 
J_iso:  0.1157 
[Testing!] DMI: (-0.0003  0.0000 -0.0000)
[Testing!]J_ani:
[[-0.007  0.    -0.001]
 [ 0.    -0.003 -0.001]
 [-0.001 -0.001 -0.008]]
----------------------------------------------------------------------------------------
   Cr1   Cr2   ( -1,  -1,   0)  0.1157   (-5.597, -2.404,  2.096)  6.442 
J_iso:  0.1157 
[Testing!] DMI: ( 0.0003  0.0000 -0.0000)
[Testing!]J_ani:
[[-0.007 -0.     0.001]
 [-0.    -0.003 -0.001]
 [ 0.001 -0.001 -0.008]]
----------------------------------------------------------------------------------------
   Cr1   Cr2   ( -1,   0,   0)  0.1157   (-5.597,  2.404,  2.096)  6.442 
J_iso:  0.1157 
[Testing!] DMI: (-0.0003  0.0000  0.0000)
[Testing!]J_ani:
[[-0.007  0.     0.001]
 [ 0.    -0.003  0.001]
 [ 0.001  0.001 -0.008]]
----------------------------------------------------------------------------------------
   Cr2   Cr1   (  1,   0,   0)  0.1157   ( 5.597, -2.404, -2.096)  6.442 
J_iso:  0.1157 
[Testing!] DMI: ( 0.0003 -0.0000 -0.0000)
[Testing!]J_ani:
[[-0.007  0.     0.001]
 [ 0.    -0.003  0.001]
 [ 0.001  0.001 -0.008]]
----------------------------------------------------------------------------------------
   Cr2   Cr1   (  1,   1,   0)  0.1157   ( 5.597,  2.404, -2.096)  6.442 
J_iso:  0.1157 
[Testing!] DMI: (-0.0003 -0.0000  0.0000)
[Testing!]J_ani:
[[-0.007 -0.     0.001]
 [-0.    -0.003 -0.001]
 [ 0.001 -0.001 -0.008]]
----------------------------------------------------------------------------------------
   Cr2   Cr2   (  2,   0,   0) -0.5145   ( 7.463,  0.000,  0.000)  7.463 
J_iso: -0.5145 
[Testing!] DMI: ( 0.0000  0.0079 -0.0000)
[Testing!]J_ani:
[[-0.004  0.    -0.   ]
 [ 0.    -0.005 -0.   ]
 [-0.    -0.    -0.004]]
----------------------------------------------------------------------------------------
   Cr1   Cr1   ( -2,   0,   0) -0.5146   (-7.463,  0.000,  0.000)  7.463 
J_iso: -0.5146 
[Testing!] DMI: ( 0.0000  0.0082  0.0000)
[Testing!]J_ani:
[[-0.004  0.    -0.   ]
 [ 0.    -0.005 -0.   ]
 [-0.    -0.    -0.004]]
----------------------------------------------------------------------------------------
   Cr2   Cr2   ( -2,   0,   0) -0.5145   (-7.463,  0.000,  0.000)  7.463 
J_iso: -0.5145 
[Testing!] DMI: (-0.0000 -0.0079  0.0000)
[Testing!]J_ani:
[[-0.004  0.    -0.   ]
 [ 0.    -0.005 -0.   ]
 [-0.    -0.    -0.004]]
----------------------------------------------------------------------------------------
   Cr1   Cr1   (  2,   0,   0) -0.5146   ( 7.463,  0.000,  0.000)  7.463 
J_iso: -0.5146 
[Testing!] DMI: (-0.0000 -0.0082 -0.0000)
[Testing!]J_ani:
[[-0.004  0.    -0.   ]
 [ 0.    -0.005 -0.   ]
 [-0.    -0.    -0.004]]
----------------------------------------------------------------------------------------
   Cr1   Cr2   (  0,  -2,   0)  0.5630   (-1.866, -7.211,  2.096)  7.738 
J_iso:  0.5630 
[Testing!] DMI: ( 0.0011  0.0000 -0.0000)
[Testing!]J_ani:
[[-0.002 -0.     0.001]
 [-0.    -0.002  0.   ]
 [ 0.001  0.    -0.002]]
----------------------------------------------------------------------------------------
   Cr2   Cr1   (  0,   2,   0)  0.5630   ( 1.866,  7.211, -2.096)  7.738 
J_iso:  0.5630 
[Testing!] DMI: (-0.0011 -0.0000  0.0000)
[Testing!]J_ani:
[[-0.002 -0.     0.001]
 [-0.    -0.002  0.   ]
 [ 0.001  0.    -0.002]]
----------------------------------------------------------------------------------------
   Cr1   Cr2   (  1,  -2,   0)  0.5630   ( 1.866, -7.211,  2.096)  7.738 
J_iso:  0.5630 
[Testing!] DMI: ( 0.0011  0.0000  0.0000)
[Testing!]J_ani:
[[-0.002  0.    -0.001]
 [ 0.    -0.002  0.   ]
 [-0.001  0.    -0.002]]
----------------------------------------------------------------------------------------
   Cr2   Cr1   ( -1,   2,   0)  0.5630   (-1.866,  7.211, -2.096)  7.738 
J_iso:  0.5630 
[Testing!] DMI: (-0.0011 -0.0000 -0.0000)
[Testing!]J_ani:
[[-0.002  0.    -0.001]
 [ 0.    -0.002  0.   ]
 [-0.001  0.    -0.002]]
----------------------------------------------------------------------------------------
   Cr2   Cr1   ( -1,  -1,   0)  0.5630   (-1.866, -7.211, -2.096)  7.738 
J_iso:  0.5630 
[Testing!] DMI: ( 0.0011  0.0000  0.0000)
[Testing!]J_ani:
[[-0.002 -0.    -0.001]
 [-0.    -0.002 -0.   ]
 [-0.001 -0.    -0.002]]
----------------------------------------------------------------------------------------
   Cr2   Cr1   (  0,  -1,   0)  0.5629   ( 1.866, -7.211, -2.096)  7.738 
J_iso:  0.5629 
[Testing!] DMI: ( 0.0011  0.0000 -0.0000)
[Testing!]J_ani:
[[-0.002  0.     0.001]
 [ 0.    -0.002 -0.   ]
 [ 0.001 -0.    -0.002]]
----------------------------------------------------------------------------------------
   Cr1   Cr2   (  0,   1,   0)  0.5629   (-1.866,  7.211,  2.096)  7.738 
J_iso:  0.5629 
[Testing!] DMI: (-0.0011 -0.0000  0.0000)
[Testing!]J_ani:
[[-0.002  0.     0.001]
 [ 0.    -0.002 -0.   ]
 [ 0.001 -0.    -0.002]]
----------------------------------------------------------------------------------------
   Cr1   Cr2   (  1,   1,   0)  0.5630   ( 1.866,  7.211,  2.096)  7.738 
J_iso:  0.5630 
[Testing!] DMI: (-0.0011 -0.0000 -0.0000)
[Testing!]J_ani:
[[-0.002 -0.    -0.001]
 [-0.    -0.002 -0.   ]
 [-0.001 -0.    -0.002]]
----------------------------------------------------------------------------------------
   Cr1   Cr1   ( -2,  -1,   0)  0.0066   (-7.463, -4.807,  0.000)  8.877 
J_iso:  0.0066 
[Testing!] DMI: ( 0.0007 -0.0012  0.0000)
[Testing!]J_ani:
[[-0.001 -0.    -0.   ]
 [-0.    -0.001  0.   ]
 [-0.     0.    -0.001]]
----------------------------------------------------------------------------------------
   Cr2   Cr2   ( -2,  -1,   0)  0.0066   (-7.463, -4.807,  0.000)  8.877 
J_iso:  0.0066 
[Testing!] DMI: (-0.0007  0.0012 -0.0000)
[Testing!]J_ani:
[[-0.001 -0.    -0.   ]
 [-0.    -0.001 -0.   ]
 [-0.    -0.    -0.001]]
----------------------------------------------------------------------------------------
   Cr1   Cr1   ( -2,   1,   0)  0.0066   (-7.463,  4.807,  0.000)  8.877 
J_iso:  0.0066 
[Testing!] DMI: (-0.0007 -0.0012 -0.0000)
[Testing!]J_ani:
[[-0.001  0.     0.   ]
 [ 0.    -0.001  0.   ]
 [ 0.     0.    -0.001]]
----------------------------------------------------------------------------------------
   Cr2   Cr2   ( -2,   1,   0)  0.0066   (-7.463,  4.807,  0.000)  8.877 
J_iso:  0.0066 
[Testing!] DMI: ( 0.0007  0.0012  0.0000)
[Testing!]J_ani:
[[-0.001  0.     0.   ]
 [ 0.    -0.001  0.   ]
 [ 0.     0.    -0.001]]
----------------------------------------------------------------------------------------
   Cr1   Cr1   (  2,  -1,   0)  0.0066   ( 7.463, -4.807,  0.000)  8.877 
J_iso:  0.0066 
[Testing!] DMI: ( 0.0007  0.0012  0.0000)
[Testing!]J_ani:
[[-0.001  0.     0.   ]
 [ 0.    -0.001  0.   ]
 [ 0.     0.    -0.001]]
----------------------------------------------------------------------------------------
   Cr2   Cr2   (  2,  -1,   0)  0.0066   ( 7.463, -4.807,  0.000)  8.877 
J_iso:  0.0066 
[Testing!] DMI: (-0.0007 -0.0012 -0.0000)
[Testing!]J_ani:
[[-0.001  0.     0.   ]
 [ 0.    -0.001  0.   ]
 [ 0.     0.    -0.001]]
----------------------------------------------------------------------------------------
   Cr1   Cr1   (  2,   1,   0)  0.0066   ( 7.463,  4.807,  0.000)  8.877 
J_iso:  0.0066 
[Testing!] DMI: (-0.0007  0.0012 -0.0000)
[Testing!]J_ani:
[[-0.001 -0.    -0.   ]
 [-0.    -0.001  0.   ]
 [-0.     0.    -0.001]]
----------------------------------------------------------------------------------------
   Cr2   Cr2   (  2,   1,   0)  0.0066   ( 7.463,  4.807,  0.000)  8.877 
J_iso:  0.0066 
[Testing!] DMI: ( 0.0007 -0.0012  0.0000)
[Testing!]J_ani:
[[-0.001 -0.    -0.   ]
 [-0.    -0.001 -0.   ]
 [-0.    -0.    -0.001]]
----------------------------------------------------------------------------------------
   Cr1   Cr2   ( -1,  -2,   0)  0.0064   (-5.597, -7.211,  2.096)  9.366 
J_iso:  0.0064 
[Testing!] DMI: (-0.0000  0.0000 -0.0000)
[Testing!]J_ani:
[[-0.001 -0.    -0.   ]
 [-0.    -0.001 -0.   ]
 [-0.    -0.    -0.001]]
----------------------------------------------------------------------------------------
   Cr1   Cr2   (  2,  -2,   0)  0.0064   ( 5.597, -7.211,  2.096)  9.366 
J_iso:  0.0064 
[Testing!] DMI: (-0.0000 -0.0000  0.0000)
[Testing!]J_ani:
[[-0.001  0.     0.   ]
 [ 0.    -0.001 -0.   ]
 [ 0.    -0.    -0.001]]
----------------------------------------------------------------------------------------
   Cr2   Cr1   ( -2,   2,   0)  0.0064   (-5.597,  7.211, -2.096)  9.366 
J_iso:  0.0064 
[Testing!] DMI: ( 0.0000  0.0000 -0.0000)
[Testing!]J_ani:
[[-0.001  0.     0.   ]
 [ 0.    -0.001 -0.   ]
 [ 0.    -0.    -0.001]]
----------------------------------------------------------------------------------------
   Cr2   Cr1   (  1,   2,   0)  0.0064   ( 5.597,  7.211, -2.096)  9.366 
J_iso:  0.0064 
[Testing!] DMI: ( 0.0000 -0.0000  0.0000)
[Testing!]J_ani:
[[-0.001 -0.    -0.   ]
 [-0.    -0.001 -0.   ]
 [-0.    -0.    -0.001]]
----------------------------------------------------------------------------------------
   Cr2   Cr1   ( -2,  -1,   0)  0.0064   (-5.597, -7.211, -2.096)  9.366 
J_iso:  0.0064 
[Testing!] DMI: (-0.0000  0.0000  0.0000)
[Testing!]J_ani:
[[-0.001 -0.     0.   ]
 [-0.    -0.001  0.   ]
 [ 0.     0.    -0.001]]
----------------------------------------------------------------------------------------
   Cr1   Cr2   ( -1,   1,   0)  0.0064   (-5.597,  7.211,  2.096)  9.366 
J_iso:  0.0064 
[Testing!] DMI: ( 0.0000  0.0000  0.0000)
[Testing!]J_ani:
[[-0.001  0.    -0.   ]
 [ 0.    -0.001  0.   ]
 [-0.     0.    -0.001]]
----------------------------------------------------------------------------------------
   Cr2   Cr1   (  1,  -1,   0)  0.0064   ( 5.597, -7.211, -2.096)  9.366 
J_iso:  0.0064 
[Testing!] DMI: (-0.0000 -0.0000 -0.0000)
[Testing!]J_ani:
[[-0.001  0.    -0.   ]
 [ 0.    -0.001  0.   ]
 [-0.     0.    -0.001]]
----------------------------------------------------------------------------------------
   Cr1   Cr2   (  2,   1,   0)  0.0064   ( 5.597,  7.211,  2.096)  9.366 
J_iso:  0.0064 
[Testing!] DMI: ( 0.0000 -0.0000 -0.0000)
[Testing!]J_ani:
[[-0.001 -0.     0.   ]
 [-0.    -0.001  0.   ]
 [ 0.     0.    -0.001]]
----------------------------------------------------------------------------------------
   Cr1   Cr1   (  0,  -2,   0)  0.2198   ( 0.000, -9.614,  0.000)  9.614 
J_iso:  0.2198 
[Testing!] DMI: ( 0.0372  0.0000 -0.0000)
[Testing!]J_ani:
[[-0.001 -0.    -0.   ]
 [-0.    -0.    -0.   ]
 [-0.    -0.    -0.   ]]
----------------------------------------------------------------------------------------
   Cr2   Cr2   (  0,  -2,   0)  0.2196   ( 0.000, -9.614,  0.000)  9.614 
J_iso:  0.2196 
[Testing!] DMI: (-0.0355  0.0001 -0.0000)
[Testing!]J_ani:
[[-0.001  0.    -0.   ]
 [ 0.    -0.    -0.   ]
 [-0.    -0.    -0.   ]]
----------------------------------------------------------------------------------------
   Cr1   Cr1   (  0,   2,   0)  0.2198   ( 0.000,  9.614,  0.000)  9.614 
J_iso:  0.2198 
[Testing!] DMI: (-0.0372 -0.0000  0.0000)
[Testing!]J_ani:
[[-0.001 -0.    -0.   ]
 [-0.    -0.    -0.   ]
 [-0.    -0.    -0.   ]]
----------------------------------------------------------------------------------------
   Cr2   Cr2   (  0,   2,   0)  0.2196   ( 0.000,  9.614,  0.000)  9.614 
J_iso:  0.2196 
[Testing!] DMI: ( 0.0355 -0.0001  0.0000)
[Testing!]J_ani:
[[-0.001  0.    -0.   ]
 [ 0.    -0.    -0.   ]
 [-0.    -0.    -0.   ]]
----------------------------------------------------------------------------------------
   Cr1   Cr2   ( -2,  -1,   0) -0.0090   (-9.329, -2.404,  2.096)  9.859 
J_iso: -0.0090 
[Testing!] DMI: (-0.0000 -0.0000  0.0000)
[Testing!]J_ani:
[[-0. -0. -0.]
 [-0. -0. -0.]
 [-0. -0. -0.]]
----------------------------------------------------------------------------------------
   Cr1   Cr2   ( -2,   0,   0) -0.0090   (-9.329,  2.404,  2.096)  9.859 
J_iso: -0.0090 
[Testing!] DMI: ( 0.0000  0.0000  0.0000)
[Testing!]J_ani:
[[-0.  0. -0.]
 [ 0. -0.  0.]
 [-0.  0. -0.]]
----------------------------------------------------------------------------------------
   Cr2   Cr1   (  2,   0,   0) -0.0090   ( 9.329, -2.404, -2.096)  9.859 
J_iso: -0.0090 
[Testing!] DMI: (-0.0000 -0.0000 -0.0000)
[Testing!]J_ani:
[[-0.  0. -0.]
 [ 0. -0.  0.]
 [-0.  0. -0.]]
----------------------------------------------------------------------------------------
   Cr2   Cr1   (  2,   1,   0) -0.0090   ( 9.329,  2.404, -2.096)  9.859 
J_iso: -0.0090 
[Testing!] DMI: ( 0.0000  0.0000 -0.0000)
[Testing!]J_ani:
[[-0. -0. -0.]
 [-0. -0. -0.]
 [-0. -0. -0.]]
----------------------------------------------------------------------------------------
   Cr1   Cr2   (  3,  -1,   0) -0.0091   ( 9.329, -2.404,  2.096)  9.859 
J_iso: -0.0091 
[Testing!] DMI: (-0.0000 -0.0000 -0.0000)
[Testing!]J_ani:
[[-0.  0.  0.]
 [ 0. -0. -0.]
 [ 0. -0. -0.]]
----------------------------------------------------------------------------------------
   Cr1   Cr2   (  3,   0,   0) -0.0091   ( 9.329,  2.404,  2.096)  9.859 
J_iso: -0.0091 
[Testing!] DMI: ( 0.0000  0.0000 -0.0000)
[Testing!]J_ani:
[[-0. -0.  0.]
 [-0. -0.  0.]
 [ 0.  0. -0.]]
----------------------------------------------------------------------------------------
   Cr2   Cr1   ( -3,   0,   0) -0.0091   (-9.329, -2.404, -2.096)  9.859 
J_iso: -0.0091 
[Testing!] DMI: (-0.0000 -0.0000  0.0000)
[Testing!]J_ani:
[[-0. -0.  0.]
 [-0. -0.  0.]
 [ 0.  0. -0.]]
----------------------------------------------------------------------------------------
   Cr2   Cr1   ( -3,   1,   0) -0.0091   (-9.329,  2.404, -2.096)  9.859 
J_iso: -0.0091 
[Testing!] DMI: ( 0.0000  0.0000  0.0000)
[Testing!]J_ani:
[[-0.  0.  0.]
 [ 0. -0. -0.]
 [ 0. -0. -0.]]
