==========================================================================================
Information: 
Exchange parameters generated by TB2J 0.7.2.1
Generation time: 22/06/12 16:19:25
 Input from non-collinear Wannier90 data.
 Tight binding data from .//101.3/101.3.z. 
 Prefix of wannier function files:crsbr.101.z.3.
Warning: Please check if the noise level of Wannier function Hamiltonian to make sure it is much smaller than the exchange values.
 The DMI component parallel to the spin orientation, the Jani which has the component of that orientation should be disregarded
 e.g. if the spins are along z, the xz, yz, zz, zx, zy components and the z component of DMI.
 If you need these component, try to do three calculations with spin along x, y, z,  or use structure with z rotated to x, y and z. And then use TB2J_merge.py to get the full set of parameters.


Merged from TB2J results in paths: 
  .//101.3/101.3.x
  .//101.3/101.3.y
  .//101.3/101.3.z
, which are from DFT data with spin along x, y, z orientation

==========================================================================================
Cell (Angstrom):
 3.624   0.000   0.000
 0.000   4.807   0.000
 0.000   0.000  23.571

==========================================================================================
Atoms:  
(Note: charge and magmoms only count the wannier functions.)
Atom_number      x         y         z     w_charge    M(x)      M(y)      M(z)   
Br1             0.9060    1.2018   -0.0668    5.6119    0.0000   -0.0000   -0.0602
Cr1             2.7179    1.2018    1.7371    4.3462    0.0000   -0.0000    3.3026
S1              2.7179    3.6054    2.2030    5.0411   -0.0000    0.0000   -0.2416
Br2             2.7179    3.6054    5.6376    5.6121    0.0000   -0.0000   -0.0602
Cr2             0.9060    3.6054    3.8336    4.3466    0.0000    0.0000    3.3029
S2              0.9060    1.2018    3.3678    5.0413   -0.0000    0.0000   -0.2416
Total                                        29.9992    0.0000   -0.0000    6.0019

==========================================================================================
Orbitals used in decomposition: 
The name of the orbitals for the decomposition: 
Cr1 : ['orb_1', 'orb_2', 'orb_3', 'orb_4', 'orb_5', 'orb_6', 'orb_7', 'orb_8', 'orb_9', 'orb_10']
Cr2 : ['orb_1', 'orb_2', 'orb_3', 'orb_4', 'orb_5', 'orb_6', 'orb_7', 'orb_8', 'orb_9', 'orb_10']

==========================================================================================
Exchange: 
    i      j          R        J_iso(meV)          vector          distance(A) 
----------------------------------------------------------------------------------------
   Cr1   Cr1   (  1,   0,   0)  3.8884   ( 3.624,  0.000,  0.000)  3.624 
J_iso:  3.8884 
[Testing!] DMI: (-0.0001  0.0252  0.0000)
[Testing!]J_ani:
[[-0.033  0.    -0.   ]
 [ 0.    -0.057 -0.   ]
 [-0.    -0.    -0.028]]
----------------------------------------------------------------------------------------
   Cr1   Cr1   ( -1,   0,   0)  3.8884   (-3.624,  0.000,  0.000)  3.624 
J_iso:  3.8884 
[Testing!] DMI: ( 0.0001 -0.0252 -0.0000)
[Testing!]J_ani:
[[-0.033  0.    -0.   ]
 [ 0.    -0.057 -0.   ]
 [-0.    -0.    -0.028]]
----------------------------------------------------------------------------------------
   Cr2   Cr2   ( -1,   0,   0)  3.8977   (-3.624,  0.000,  0.000)  3.624 
J_iso:  3.8977 
[Testing!] DMI: ( 0.0001  0.0253  0.0000)
[Testing!]J_ani:
[[-0.032 -0.     0.   ]
 [-0.    -0.056  0.   ]
 [ 0.     0.    -0.028]]
----------------------------------------------------------------------------------------
   Cr2   Cr2   (  1,   0,   0)  3.8977   ( 3.624,  0.000,  0.000)  3.624 
J_iso:  3.8977 
[Testing!] DMI: (-0.0001 -0.0253 -0.0000)
[Testing!]J_ani:
[[-0.032 -0.     0.   ]
 [-0.    -0.056  0.   ]
 [ 0.     0.    -0.028]]
----------------------------------------------------------------------------------------
   Cr2   Cr1   (  0,   1,   0)  3.1124   ( 1.812,  2.404, -2.096)  3.668 
J_iso:  3.1124 
[Testing!] DMI: (-0.0000  0.0002  0.0002)
[Testing!]J_ani:
[[-0.009  0.     0.004]
 [ 0.    -0.013  0.   ]
 [ 0.004  0.    -0.007]]
----------------------------------------------------------------------------------------
   Cr2   Cr1   ( -1,   1,   0)  3.1124   (-1.812,  2.404, -2.096)  3.668 
J_iso:  3.1124 
[Testing!] DMI: ( 0.0000 -0.0002 -0.0002)
[Testing!]J_ani:
[[-0.009 -0.    -0.004]
 [-0.    -0.013  0.   ]
 [-0.004  0.    -0.007]]
----------------------------------------------------------------------------------------
   Cr1   Cr2   (  0,  -1,   0)  3.1124   (-1.812, -2.404,  2.096)  3.668 
J_iso:  3.1124 
[Testing!] DMI: ( 0.0000 -0.0002 -0.0002)
[Testing!]J_ani:
[[-0.009  0.     0.004]
 [ 0.    -0.013  0.   ]
 [ 0.004  0.    -0.007]]
----------------------------------------------------------------------------------------
   Cr1   Cr2   (  0,   0,   0)  3.1124   (-1.812,  2.404,  2.096)  3.668 
J_iso:  3.1124 
[Testing!] DMI: ( 0.0000 -0.0002  0.0002)
[Testing!]J_ani:
[[-0.009 -0.     0.004]
 [-0.    -0.013 -0.   ]
 [ 0.004 -0.    -0.007]]
----------------------------------------------------------------------------------------
   Cr2   Cr1   (  0,   0,   0)  3.1124   ( 1.812, -2.404, -2.096)  3.668 
J_iso:  3.1124 
[Testing!] DMI: (-0.0000  0.0002 -0.0002)
[Testing!]J_ani:
[[-0.009 -0.     0.004]
 [-0.    -0.013 -0.   ]
 [ 0.004 -0.    -0.007]]
----------------------------------------------------------------------------------------
   Cr2   Cr1   ( -1,   0,   0)  3.1125   (-1.812, -2.404, -2.096)  3.668 
J_iso:  3.1125 
[Testing!] DMI: ( 0.0000 -0.0002  0.0002)
[Testing!]J_ani:
[[-0.009  0.    -0.004]
 [ 0.    -0.013 -0.   ]
 [-0.004 -0.    -0.007]]
----------------------------------------------------------------------------------------
   Cr1   Cr2   (  1,  -1,   0)  3.1124   ( 1.812, -2.404,  2.096)  3.668 
J_iso:  3.1124 
[Testing!] DMI: (-0.0000  0.0002  0.0002)
[Testing!]J_ani:
[[-0.009 -0.    -0.004]
 [-0.    -0.013  0.   ]
 [-0.004  0.    -0.007]]
----------------------------------------------------------------------------------------
   Cr1   Cr2   (  1,   0,   0)  3.1125   ( 1.812,  2.404,  2.096)  3.668 
J_iso:  3.1125 
[Testing!] DMI: (-0.0000  0.0002 -0.0002)
[Testing!]J_ani:
[[-0.009  0.    -0.004]
 [ 0.    -0.013 -0.   ]
 [-0.004 -0.    -0.007]]
----------------------------------------------------------------------------------------
   Cr1   Cr1   (  0,  -1,   0)  4.1604   ( 0.000, -4.807,  0.000)  4.807 
J_iso:  4.1604 
[Testing!] DMI: ( 0.0553  0.0000  0.0000)
[Testing!]J_ani:
[[-0.016 -0.    -0.   ]
 [-0.    -0.003 -0.   ]
 [-0.    -0.    -0.008]]
----------------------------------------------------------------------------------------
   Cr2   Cr2   (  0,  -1,   0)  4.1480   ( 0.000, -4.807,  0.000)  4.807 
J_iso:  4.1480 
[Testing!] DMI: (-0.0552  0.0000  0.0000)
[Testing!]J_ani:
[[-0.016 -0.    -0.   ]
 [-0.    -0.003 -0.   ]
 [-0.    -0.    -0.008]]
----------------------------------------------------------------------------------------
   Cr1   Cr1   (  0,   1,   0)  4.1604   ( 0.000,  4.807,  0.000)  4.807 
J_iso:  4.1604 
[Testing!] DMI: (-0.0553 -0.0000 -0.0000)
[Testing!]J_ani:
[[-0.016 -0.    -0.   ]
 [-0.    -0.003 -0.   ]
 [-0.    -0.    -0.008]]
----------------------------------------------------------------------------------------
   Cr2   Cr2   (  0,   1,   0)  4.1480   ( 0.000,  4.807,  0.000)  4.807 
J_iso:  4.1480 
[Testing!] DMI: ( 0.0552 -0.0000 -0.0000)
[Testing!]J_ani:
[[-0.016 -0.    -0.   ]
 [-0.    -0.003 -0.   ]
 [-0.    -0.    -0.008]]
----------------------------------------------------------------------------------------
   Cr1   Cr1   ( -1,  -1,   0)  0.0466   (-3.624, -4.807,  0.000)  6.020 
J_iso:  0.0466 
[Testing!] DMI: (-0.0205 -0.0185  0.0000)
[Testing!]J_ani:
[[-0.008 -0.     0.   ]
 [-0.    -0.007  0.   ]
 [ 0.     0.    -0.005]]
----------------------------------------------------------------------------------------
   Cr2   Cr2   ( -1,  -1,   0)  0.0462   (-3.624, -4.807,  0.000)  6.020 
J_iso:  0.0462 
[Testing!] DMI: ( 0.0203  0.0186 -0.0000)
[Testing!]J_ani:
[[-0.008 -0.001  0.   ]
 [-0.001 -0.007 -0.   ]
 [ 0.    -0.    -0.005]]
----------------------------------------------------------------------------------------
   Cr1   Cr1   ( -1,   1,   0)  0.0466   (-3.624,  4.807,  0.000)  6.020 
J_iso:  0.0466 
[Testing!] DMI: ( 0.0205 -0.0185 -0.0000)
[Testing!]J_ani:
[[-0.008  0.    -0.   ]
 [ 0.    -0.007 -0.   ]
 [-0.    -0.    -0.005]]
----------------------------------------------------------------------------------------
   Cr2   Cr2   ( -1,   1,   0)  0.0462   (-3.624,  4.807,  0.000)  6.020 
J_iso:  0.0462 
[Testing!] DMI: (-0.0203  0.0186  0.0000)
[Testing!]J_ani:
[[-0.008  0.001 -0.   ]
 [ 0.001 -0.007  0.   ]
 [-0.     0.    -0.005]]
----------------------------------------------------------------------------------------
   Cr1   Cr1   (  1,  -1,   0)  0.0466   ( 3.624, -4.807,  0.000)  6.020 
J_iso:  0.0466 
[Testing!] DMI: (-0.0205  0.0185  0.0000)
[Testing!]J_ani:
[[-0.008  0.    -0.   ]
 [ 0.    -0.007 -0.   ]
 [-0.    -0.    -0.005]]
----------------------------------------------------------------------------------------
   Cr2   Cr2   (  1,  -1,   0)  0.0462   ( 3.624, -4.807,  0.000)  6.020 
J_iso:  0.0462 
[Testing!] DMI: ( 0.0203 -0.0186 -0.0000)
[Testing!]J_ani:
[[-0.008  0.001 -0.   ]
 [ 0.001 -0.007  0.   ]
 [-0.     0.    -0.005]]
----------------------------------------------------------------------------------------
   Cr1   Cr1   (  1,   1,   0)  0.0466   ( 3.624,  4.807,  0.000)  6.020 
J_iso:  0.0466 
[Testing!] DMI: ( 0.0205  0.0185 -0.0000)
[Testing!]J_ani:
[[-0.008 -0.     0.   ]
 [-0.    -0.007  0.   ]
 [ 0.     0.    -0.005]]
----------------------------------------------------------------------------------------
   Cr2   Cr2   (  1,   1,   0)  0.0462   ( 3.624,  4.807,  0.000)  6.020 
J_iso:  0.0462 
[Testing!] DMI: (-0.0203 -0.0186  0.0000)
[Testing!]J_ani:
[[-0.008 -0.001  0.   ]
 [-0.001 -0.007 -0.   ]
 [ 0.    -0.    -0.005]]
----------------------------------------------------------------------------------------
   Cr2   Cr1   ( -2,   0,   0)  0.1129   (-5.436, -2.404, -2.096)  6.302 
J_iso:  0.1129 
[Testing!] DMI: (-0.0001  0.0000  0.0000)
[Testing!]J_ani:
[[-0.005 -0.    -0.001]
 [-0.    -0.002  0.001]
 [-0.001  0.001 -0.007]]
----------------------------------------------------------------------------------------
   Cr2   Cr1   ( -2,   1,   0)  0.1129   (-5.436,  2.404, -2.096)  6.302 
J_iso:  0.1129 
[Testing!] DMI: ( 0.0000  0.0000 -0.0001)
[Testing!]J_ani:
[[-0.005  0.    -0.001]
 [ 0.    -0.002 -0.001]
 [-0.001 -0.001 -0.007]]
----------------------------------------------------------------------------------------
   Cr1   Cr2   ( -1,  -1,   0)  0.1129   (-5.436, -2.404,  2.096)  6.302 
J_iso:  0.1129 
[Testing!] DMI: (-0.0001  0.0000 -0.0000)
[Testing!]J_ani:
[[-0.005 -0.     0.001]
 [-0.    -0.002 -0.001]
 [ 0.001 -0.001 -0.007]]
----------------------------------------------------------------------------------------
   Cr1   Cr2   ( -1,   0,   0)  0.1129   (-5.436,  2.404,  2.096)  6.302 
J_iso:  0.1129 
[Testing!] DMI: ( 0.0000  0.0000  0.0001)
[Testing!]J_ani:
[[-0.005  0.     0.001]
 [ 0.    -0.002  0.001]
 [ 0.001  0.001 -0.007]]
----------------------------------------------------------------------------------------
   Cr2   Cr1   (  1,   0,   0)  0.1129   ( 5.436, -2.404, -2.096)  6.302 
J_iso:  0.1129 
[Testing!] DMI: (-0.0000 -0.0000 -0.0001)
[Testing!]J_ani:
[[-0.005  0.     0.001]
 [ 0.    -0.002  0.001]
 [ 0.001  0.001 -0.007]]
----------------------------------------------------------------------------------------
   Cr2   Cr1   (  1,   1,   0)  0.1129   ( 5.436,  2.404, -2.096)  6.302 
J_iso:  0.1129 
[Testing!] DMI: ( 0.0001 -0.0000  0.0000)
[Testing!]J_ani:
[[-0.005 -0.     0.001]
 [-0.    -0.002 -0.001]
 [ 0.001 -0.001 -0.007]]
----------------------------------------------------------------------------------------
   Cr1   Cr2   (  2,  -1,   0)  0.1129   ( 5.436, -2.404,  2.096)  6.302 
J_iso:  0.1129 
[Testing!] DMI: (-0.0000 -0.0000  0.0001)
[Testing!]J_ani:
[[-0.005  0.    -0.001]
 [ 0.    -0.002 -0.001]
 [-0.001 -0.001 -0.007]]
----------------------------------------------------------------------------------------
   Cr1   Cr2   (  2,   0,   0)  0.1129   ( 5.436,  2.404,  2.096)  6.302 
J_iso:  0.1129 
[Testing!] DMI: ( 0.0001 -0.0000 -0.0000)
[Testing!]J_ani:
[[-0.005 -0.    -0.001]
 [-0.    -0.002  0.001]
 [-0.001  0.001 -0.007]]
----------------------------------------------------------------------------------------
   Cr1   Cr1   ( -2,   0,   0) -0.6480   (-7.248,  0.000,  0.000)  7.248 
J_iso: -0.6480 
[Testing!] DMI: ( 0.0000  0.0062 -0.0000)
[Testing!]J_ani:
[[-0.004 -0.    -0.   ]
 [-0.    -0.004 -0.   ]
 [-0.    -0.    -0.004]]
----------------------------------------------------------------------------------------
   Cr2   Cr2   ( -2,   0,   0) -0.6475   (-7.248,  0.000,  0.000)  7.248 
J_iso: -0.6475 
[Testing!] DMI: ( 0.0000 -0.0063 -0.0000)
[Testing!]J_ani:
[[-0.004 -0.    -0.   ]
 [-0.    -0.004 -0.   ]
 [-0.    -0.    -0.004]]
----------------------------------------------------------------------------------------
   Cr1   Cr1   (  2,   0,   0) -0.6480   ( 7.248,  0.000,  0.000)  7.248 
J_iso: -0.6480 
[Testing!] DMI: (-0.0000 -0.0062  0.0000)
[Testing!]J_ani:
[[-0.004 -0.    -0.   ]
 [-0.    -0.004 -0.   ]
 [-0.    -0.    -0.004]]
----------------------------------------------------------------------------------------
   Cr2   Cr2   (  2,   0,   0) -0.6475   ( 7.248,  0.000,  0.000)  7.248 
J_iso: -0.6475 
[Testing!] DMI: (-0.0000  0.0063  0.0000)
[Testing!]J_ani:
[[-0.004 -0.    -0.   ]
 [-0.    -0.004 -0.   ]
 [-0.    -0.    -0.004]]
----------------------------------------------------------------------------------------
   Cr1   Cr2   (  0,  -2,   0)  0.5548   (-1.812, -7.211,  2.096)  7.725 
J_iso:  0.5548 
[Testing!] DMI: (-0.0000  0.0000 -0.0001)
[Testing!]J_ani:
[[-0.001 -0.     0.001]
 [-0.    -0.002  0.   ]
 [ 0.001  0.    -0.001]]
----------------------------------------------------------------------------------------
   Cr2   Cr1   (  0,   2,   0)  0.5548   ( 1.812,  7.211, -2.096)  7.725 
J_iso:  0.5548 
[Testing!] DMI: ( 0.0000 -0.0000  0.0001)
[Testing!]J_ani:
[[-0.001 -0.     0.001]
 [-0.    -0.002  0.   ]
 [ 0.001  0.    -0.001]]
----------------------------------------------------------------------------------------
   Cr2   Cr1   (  0,  -1,   0)  0.5548   ( 1.812, -7.211, -2.096)  7.725 
J_iso:  0.5548 
[Testing!] DMI: (-0.0000  0.0000 -0.0001)
[Testing!]J_ani:
[[-0.001  0.     0.001]
 [ 0.    -0.002 -0.   ]
 [ 0.001 -0.    -0.001]]
----------------------------------------------------------------------------------------
   Cr1   Cr2   (  1,  -2,   0)  0.5549   ( 1.812, -7.211,  2.096)  7.725 
J_iso:  0.5549 
[Testing!] DMI: (-0.0000  0.0000  0.0001)
[Testing!]J_ani:
[[-0.001  0.    -0.001]
 [ 0.    -0.002  0.   ]
 [-0.001  0.    -0.001]]
----------------------------------------------------------------------------------------
   Cr2   Cr1   ( -1,   2,   0)  0.5549   (-1.812,  7.211, -2.096)  7.725 
J_iso:  0.5549 
[Testing!] DMI: ( 0.0000 -0.0000 -0.0001)
[Testing!]J_ani:
[[-0.001  0.    -0.001]
 [ 0.    -0.002  0.   ]
 [-0.001  0.    -0.001]]
----------------------------------------------------------------------------------------
   Cr2   Cr1   ( -1,  -1,   0)  0.5548   (-1.812, -7.211, -2.096)  7.725 
J_iso:  0.5548 
[Testing!] DMI: (-0.0000  0.0000  0.0001)
[Testing!]J_ani:
[[-0.001 -0.    -0.001]
 [-0.    -0.002 -0.   ]
 [-0.001 -0.    -0.001]]
----------------------------------------------------------------------------------------
   Cr1   Cr2   (  0,   1,   0)  0.5548   (-1.812,  7.211,  2.096)  7.725 
J_iso:  0.5548 
[Testing!] DMI: ( 0.0000 -0.0000  0.0001)
[Testing!]J_ani:
[[-0.001  0.     0.001]
 [ 0.    -0.002 -0.   ]
 [ 0.001 -0.    -0.001]]
----------------------------------------------------------------------------------------
   Cr1   Cr2   (  1,   1,   0)  0.5548   ( 1.812,  7.211,  2.096)  7.725 
J_iso:  0.5548 
[Testing!] DMI: ( 0.0000 -0.0000 -0.0001)
[Testing!]J_ani:
[[-0.001 -0.    -0.001]
 [-0.    -0.002 -0.   ]
 [-0.001 -0.    -0.001]]
----------------------------------------------------------------------------------------
   Cr1   Cr1   ( -2,  -1,   0)  0.0055   (-7.248, -4.807,  0.000)  8.697 
J_iso:  0.0055 
[Testing!] DMI: ( 0.0005 -0.0011  0.0000)
[Testing!]J_ani:
[[-0.001 -0.    -0.   ]
 [-0.    -0.001 -0.   ]
 [-0.    -0.    -0.001]]
----------------------------------------------------------------------------------------
   Cr2   Cr2   ( -2,  -1,   0)  0.0055   (-7.248, -4.807,  0.000)  8.697 
J_iso:  0.0055 
[Testing!] DMI: (-0.0005  0.0011 -0.0000)
[Testing!]J_ani:
[[-0.001 -0.    -0.   ]
 [-0.    -0.001 -0.   ]
 [-0.    -0.    -0.001]]
----------------------------------------------------------------------------------------
   Cr1   Cr1   ( -2,   1,   0)  0.0055   (-7.248,  4.807,  0.000)  8.697 
J_iso:  0.0055 
[Testing!] DMI: (-0.0005 -0.0011 -0.0000)
[Testing!]J_ani:
[[-0.001  0.    -0.   ]
 [ 0.    -0.001 -0.   ]
 [-0.    -0.    -0.001]]
----------------------------------------------------------------------------------------
   Cr2   Cr2   ( -2,   1,   0)  0.0055   (-7.248,  4.807,  0.000)  8.697 
J_iso:  0.0055 
[Testing!] DMI: ( 0.0005  0.0011  0.0000)
[Testing!]J_ani:
[[-0.001  0.    -0.   ]
 [ 0.    -0.001  0.   ]
 [-0.     0.    -0.001]]
----------------------------------------------------------------------------------------
   Cr1   Cr1   (  2,  -1,   0)  0.0055   ( 7.248, -4.807,  0.000)  8.697 
J_iso:  0.0055 
[Testing!] DMI: ( 0.0005  0.0011  0.0000)
[Testing!]J_ani:
[[-0.001  0.    -0.   ]
 [ 0.    -0.001 -0.   ]
 [-0.    -0.    -0.001]]
----------------------------------------------------------------------------------------
   Cr2   Cr2   (  2,  -1,   0)  0.0055   ( 7.248, -4.807,  0.000)  8.697 
J_iso:  0.0055 
[Testing!] DMI: (-0.0005 -0.0011 -0.0000)
[Testing!]J_ani:
[[-0.001  0.    -0.   ]
 [ 0.    -0.001  0.   ]
 [-0.     0.    -0.001]]
----------------------------------------------------------------------------------------
   Cr1   Cr1   (  2,   1,   0)  0.0055   ( 7.248,  4.807,  0.000)  8.697 
J_iso:  0.0055 
[Testing!] DMI: (-0.0005  0.0011 -0.0000)
[Testing!]J_ani:
[[-0.001 -0.    -0.   ]
 [-0.    -0.001 -0.   ]
 [-0.    -0.    -0.001]]
----------------------------------------------------------------------------------------
   Cr2   Cr2   (  2,   1,   0)  0.0055   ( 7.248,  4.807,  0.000)  8.697 
J_iso:  0.0055 
[Testing!] DMI: ( 0.0005 -0.0011  0.0000)
[Testing!]J_ani:
[[-0.001 -0.    -0.   ]
 [-0.    -0.001 -0.   ]
 [-0.    -0.    -0.001]]
----------------------------------------------------------------------------------------
   Cr2   Cr1   ( -2,  -1,   0)  0.0044   (-5.436, -7.211, -2.096)  9.270 
J_iso:  0.0044 
[Testing!] DMI: (-0.0000  0.0000  0.0000)
[Testing!]J_ani:
[[-0.001 -0.     0.   ]
 [-0.    -0.001  0.   ]
 [ 0.     0.    -0.001]]
----------------------------------------------------------------------------------------
   Cr2   Cr1   (  1,  -1,   0)  0.0044   ( 5.436, -7.211, -2.096)  9.270 
J_iso:  0.0044 
[Testing!] DMI: (-0.0000 -0.0000 -0.0000)
[Testing!]J_ani:
[[-0.001  0.    -0.   ]
 [ 0.    -0.001  0.   ]
 [-0.     0.    -0.001]]
----------------------------------------------------------------------------------------
   Cr1   Cr2   ( -1,  -2,   0)  0.0044   (-5.436, -7.211,  2.096)  9.270 
J_iso:  0.0044 
[Testing!] DMI: (-0.0000  0.0000 -0.0000)
[Testing!]J_ani:
[[-0.001 -0.    -0.   ]
 [-0.    -0.001 -0.   ]
 [-0.    -0.    -0.001]]
----------------------------------------------------------------------------------------
   Cr1   Cr2   (  2,  -2,   0)  0.0043   ( 5.436, -7.211,  2.096)  9.270 
J_iso:  0.0043 
[Testing!] DMI: (-0.0000 -0.0000  0.0000)
[Testing!]J_ani:
[[-0.001  0.     0.   ]
 [ 0.    -0.001 -0.   ]
 [ 0.    -0.    -0.001]]
----------------------------------------------------------------------------------------
   Cr2   Cr1   ( -2,   2,   0)  0.0043   (-5.436,  7.211, -2.096)  9.270 
J_iso:  0.0043 
[Testing!] DMI: ( 0.0000  0.0000 -0.0000)
[Testing!]J_ani:
[[-0.001  0.     0.   ]
 [ 0.    -0.001 -0.   ]
 [ 0.    -0.    -0.001]]
----------------------------------------------------------------------------------------
   Cr2   Cr1   (  1,   2,   0)  0.0044   ( 5.436,  7.211, -2.096)  9.270 
J_iso:  0.0044 
[Testing!] DMI: ( 0.0000 -0.0000  0.0000)
[Testing!]J_ani:
[[-0.001 -0.    -0.   ]
 [-0.    -0.001 -0.   ]
 [-0.    -0.    -0.001]]
----------------------------------------------------------------------------------------
   Cr1   Cr2   ( -1,   1,   0)  0.0044   (-5.436,  7.211,  2.096)  9.270 
J_iso:  0.0044 
[Testing!] DMI: ( 0.0000  0.0000  0.0000)
[Testing!]J_ani:
[[-0.001  0.    -0.   ]
 [ 0.    -0.001  0.   ]
 [-0.     0.    -0.001]]
----------------------------------------------------------------------------------------
   Cr1   Cr2   (  2,   1,   0)  0.0044   ( 5.436,  7.211,  2.096)  9.270 
J_iso:  0.0044 
[Testing!] DMI: ( 0.0000 -0.0000 -0.0000)
[Testing!]J_ani:
[[-0.001 -0.     0.   ]
 [-0.    -0.001  0.   ]
 [ 0.     0.    -0.001]]
----------------------------------------------------------------------------------------
   Cr2   Cr1   ( -3,   0,   0) -0.0087   (-9.060, -2.404, -2.096)  9.605 
J_iso: -0.0087 
[Testing!] DMI: ( 0.0000 -0.0000 -0.0000)
[Testing!]J_ani:
[[-0.    -0.     0.   ]
 [-0.    -0.001  0.   ]
 [ 0.     0.    -0.   ]]
----------------------------------------------------------------------------------------
   Cr2   Cr1   ( -3,   1,   0) -0.0087   (-9.060,  2.404, -2.096)  9.605 
J_iso: -0.0087 
[Testing!] DMI: ( 0.0000 -0.0000  0.0000)
[Testing!]J_ani:
[[-0.     0.     0.   ]
 [ 0.    -0.001 -0.   ]
 [ 0.    -0.    -0.   ]]
----------------------------------------------------------------------------------------
   Cr1   Cr2   ( -2,  -1,   0) -0.0087   (-9.060, -2.404,  2.096)  9.605 
J_iso: -0.0087 
[Testing!] DMI: ( 0.0000 -0.0000  0.0000)
[Testing!]J_ani:
[[-0.    -0.    -0.   ]
 [-0.    -0.001 -0.   ]
 [-0.    -0.    -0.   ]]
----------------------------------------------------------------------------------------
   Cr1   Cr2   ( -2,   0,   0) -0.0087   (-9.060,  2.404,  2.096)  9.605 
J_iso: -0.0087 
[Testing!] DMI: ( 0.0000 -0.0000 -0.0000)
[Testing!]J_ani:
[[-0.     0.    -0.   ]
 [ 0.    -0.001  0.   ]
 [-0.     0.    -0.   ]]
----------------------------------------------------------------------------------------
   Cr2   Cr1   (  2,   0,   0) -0.0087   ( 9.060, -2.404, -2.096)  9.605 
J_iso: -0.0087 
[Testing!] DMI: (-0.0000  0.0000  0.0000)
[Testing!]J_ani:
[[-0.     0.    -0.   ]
 [ 0.    -0.001  0.   ]
 [-0.     0.    -0.   ]]
----------------------------------------------------------------------------------------
   Cr2   Cr1   (  2,   1,   0) -0.0087   ( 9.060,  2.404, -2.096)  9.605 
J_iso: -0.0087 
[Testing!] DMI: (-0.0000  0.0000 -0.0000)
[Testing!]J_ani:
[[-0.    -0.    -0.   ]
 [-0.    -0.001 -0.   ]
 [-0.    -0.    -0.   ]]
----------------------------------------------------------------------------------------
   Cr1   Cr2   (  3,  -1,   0) -0.0087   ( 9.060, -2.404,  2.096)  9.605 
J_iso: -0.0087 
[Testing!] DMI: (-0.0000  0.0000 -0.0000)
[Testing!]J_ani:
[[-0.     0.     0.   ]
 [ 0.    -0.001 -0.   ]
 [ 0.    -0.    -0.   ]]
----------------------------------------------------------------------------------------
   Cr1   Cr2   (  3,   0,   0) -0.0087   ( 9.060,  2.404,  2.096)  9.605 
J_iso: -0.0087 
[Testing!] DMI: (-0.0000  0.0000  0.0000)
[Testing!]J_ani:
[[-0.    -0.     0.   ]
 [-0.    -0.001  0.   ]
 [ 0.     0.    -0.   ]]
----------------------------------------------------------------------------------------
   Cr1   Cr1   (  0,  -2,   0)  0.1442   ( 0.000, -9.614,  0.000)  9.614 
J_iso:  0.1442 
[Testing!] DMI: ( 0.0362  0.0000  0.0000)
[Testing!]J_ani:
[[-0.001 -0.    -0.   ]
 [-0.    -0.     0.   ]
 [-0.     0.    -0.   ]]
----------------------------------------------------------------------------------------
   Cr2   Cr2   (  0,  -2,   0)  0.1440   ( 0.000, -9.614,  0.000)  9.614 
J_iso:  0.1440 
[Testing!] DMI: (-0.0364  0.0000 -0.0000)
[Testing!]J_ani:
[[-0.001 -0.     0.   ]
 [-0.    -0.    -0.   ]
 [ 0.    -0.    -0.   ]]
----------------------------------------------------------------------------------------
   Cr1   Cr1   (  0,   2,   0)  0.1442   ( 0.000,  9.614,  0.000)  9.614 
J_iso:  0.1442 
[Testing!] DMI: (-0.0362 -0.0000 -0.0000)
[Testing!]J_ani:
[[-0.001 -0.    -0.   ]
 [-0.    -0.     0.   ]
 [-0.     0.    -0.   ]]
----------------------------------------------------------------------------------------
   Cr2   Cr2   (  0,   2,   0)  0.1440   ( 0.000,  9.614,  0.000)  9.614 
J_iso:  0.1440 
[Testing!] DMI: ( 0.0364 -0.0000  0.0000)
[Testing!]J_ani:
[[-0.001 -0.     0.   ]
 [-0.    -0.    -0.   ]
 [ 0.    -0.    -0.   ]]
