==========================================================================================
Information: 
Exchange parameters generated by TB2J 0.7.2.1
Generation time: 22/06/12 16:22:00
 Input from non-collinear Wannier90 data.
 Tight binding data from .//103.3/103.3.z. 
 Prefix of wannier function files:crsbr.103.z.3.
Warning: Please check if the noise level of Wannier function Hamiltonian to make sure it is much smaller than the exchange values.
 The DMI component parallel to the spin orientation, the Jani which has the component of that orientation should be disregarded
 e.g. if the spins are along z, the xz, yz, zz, zx, zy components and the z component of DMI.
 If you need these component, try to do three calculations with spin along x, y, z,  or use structure with z rotated to x, y and z. And then use TB2J_merge.py to get the full set of parameters.


Merged from TB2J results in paths: 
  .//103.3/103.3.x
  .//103.3/103.3.y
  .//103.3/103.3.z
, which are from DFT data with spin along x, y, z orientation

==========================================================================================
Cell (Angstrom):
 3.696   0.000   0.000
 0.000   4.807   0.000
 0.000   0.000  23.571

==========================================================================================
Atoms:  
(Note: charge and magmoms only count the wannier functions.)
Atom_number      x         y         z     w_charge    M(x)      M(y)      M(z)   
Br1             0.9239    1.2018   -0.0668    5.6145    0.0000   -0.0000   -0.0744
Cr1             2.7717    1.2018    1.7371    4.3382   -0.0000   -0.0000    3.3364
S1              2.7717    3.6054    2.2030    5.0472   -0.0000   -0.0000   -0.2605
Br2             2.7717    3.6054    5.6376    5.6137   -0.0000   -0.0000   -0.0746
Cr2             0.9239    3.6054    3.8336    4.3389    0.0000    0.0000    3.3364
S2              0.9239    1.2018    3.3678    5.0467    0.0000    0.0000   -0.2609
Total                                        29.9992   -0.0000   -0.0000    6.0023

==========================================================================================
Orbitals used in decomposition: 
The name of the orbitals for the decomposition: 
Cr1 : ['orb_1', 'orb_2', 'orb_3', 'orb_4', 'orb_5', 'orb_6', 'orb_7', 'orb_8', 'orb_9', 'orb_10']
Cr2 : ['orb_1', 'orb_2', 'orb_3', 'orb_4', 'orb_5', 'orb_6', 'orb_7', 'orb_8', 'orb_9', 'orb_10']

==========================================================================================
Exchange: 
    i      j          R        J_iso(meV)          vector          distance(A) 
----------------------------------------------------------------------------------------
   Cr2   Cr1   ( -1,   1,   0)  3.1916   (-1.848,  2.404, -2.096)  3.686 
J_iso:  3.1916 
[Testing!] DMI: ( 0.0004  0.0003  0.0007)
[Testing!]J_ani:
[[-0.009 -0.    -0.004]
 [-0.    -0.014  0.   ]
 [-0.004  0.    -0.007]]
----------------------------------------------------------------------------------------
   Cr2   Cr1   (  0,   1,   0)  3.1916   ( 1.848,  2.404, -2.096)  3.686 
J_iso:  3.1916 
[Testing!] DMI: ( 0.0004 -0.0003 -0.0007)
[Testing!]J_ani:
[[-0.009  0.     0.004]
 [ 0.    -0.014  0.   ]
 [ 0.004  0.    -0.007]]
----------------------------------------------------------------------------------------
   Cr1   Cr2   (  0,  -1,   0)  3.1916   (-1.848, -2.404,  2.096)  3.686 
J_iso:  3.1916 
[Testing!] DMI: (-0.0004  0.0003  0.0007)
[Testing!]J_ani:
[[-0.009  0.     0.004]
 [ 0.    -0.014  0.   ]
 [ 0.004  0.    -0.007]]
----------------------------------------------------------------------------------------
   Cr1   Cr2   (  0,   0,   0)  3.1916   (-1.848,  2.404,  2.096)  3.686 
J_iso:  3.1916 
[Testing!] DMI: ( 0.0004  0.0003 -0.0007)
[Testing!]J_ani:
[[-0.009 -0.     0.004]
 [-0.    -0.014 -0.   ]
 [ 0.004 -0.    -0.007]]
----------------------------------------------------------------------------------------
   Cr2   Cr1   (  0,   0,   0)  3.1916   ( 1.848, -2.404, -2.096)  3.686 
J_iso:  3.1916 
[Testing!] DMI: (-0.0004 -0.0003  0.0007)
[Testing!]J_ani:
[[-0.009 -0.     0.004]
 [-0.    -0.014 -0.   ]
 [ 0.004 -0.    -0.007]]
----------------------------------------------------------------------------------------
   Cr1   Cr2   (  1,  -1,   0)  3.1916   ( 1.848, -2.404,  2.096)  3.686 
J_iso:  3.1916 
[Testing!] DMI: (-0.0004 -0.0003 -0.0007)
[Testing!]J_ani:
[[-0.009 -0.    -0.004]
 [-0.    -0.014  0.   ]
 [-0.004  0.    -0.007]]
----------------------------------------------------------------------------------------
   Cr1   Cr2   (  1,   0,   0)  3.1916   ( 1.848,  2.404,  2.096)  3.686 
J_iso:  3.1916 
[Testing!] DMI: ( 0.0004 -0.0003  0.0007)
[Testing!]J_ani:
[[-0.009  0.    -0.004]
 [ 0.    -0.014 -0.   ]
 [-0.004 -0.    -0.007]]
----------------------------------------------------------------------------------------
   Cr2   Cr1   ( -1,   0,   0)  3.1916   (-1.848, -2.404, -2.096)  3.686 
J_iso:  3.1916 
[Testing!] DMI: (-0.0004  0.0003 -0.0007)
[Testing!]J_ani:
[[-0.009  0.    -0.004]
 [ 0.    -0.014 -0.   ]
 [-0.004 -0.    -0.007]]
----------------------------------------------------------------------------------------
   Cr2   Cr2   (  1,   0,   0)  4.4399   ( 3.696,  0.000,  0.000)  3.696 
J_iso:  4.4399 
[Testing!] DMI: (-0.0000 -0.0456 -0.0000)
[Testing!]J_ani:
[[-0.034 -0.    -0.   ]
 [-0.    -0.064  0.   ]
 [-0.     0.    -0.031]]
----------------------------------------------------------------------------------------
   Cr1   Cr1   ( -1,   0,   0)  4.4300   (-3.696,  0.000,  0.000)  3.696 
J_iso:  4.4300 
[Testing!] DMI: (-0.0000 -0.0453 -0.0000)
[Testing!]J_ani:
[[-0.035  0.     0.   ]
 [ 0.    -0.064 -0.   ]
 [ 0.    -0.    -0.031]]
----------------------------------------------------------------------------------------
   Cr2   Cr2   ( -1,   0,   0)  4.4399   (-3.696,  0.000,  0.000)  3.696 
J_iso:  4.4399 
[Testing!] DMI: ( 0.0000  0.0456  0.0000)
[Testing!]J_ani:
[[-0.034 -0.    -0.   ]
 [-0.    -0.064  0.   ]
 [-0.     0.    -0.031]]
----------------------------------------------------------------------------------------
   Cr1   Cr1   (  1,   0,   0)  4.4300   ( 3.696,  0.000,  0.000)  3.696 
J_iso:  4.4300 
[Testing!] DMI: ( 0.0000  0.0453  0.0000)
[Testing!]J_ani:
[[-0.035  0.     0.   ]
 [ 0.    -0.064 -0.   ]
 [ 0.    -0.    -0.031]]
----------------------------------------------------------------------------------------
   Cr1   Cr1   (  0,  -1,   0)  4.2118   ( 0.000, -4.807,  0.000)  4.807 
J_iso:  4.2118 
[Testing!] DMI: ( 0.0469 -0.0000  0.0000)
[Testing!]J_ani:
[[-0.017 -0.     0.   ]
 [-0.    -0.003  0.   ]
 [ 0.     0.    -0.008]]
----------------------------------------------------------------------------------------
   Cr2   Cr2   (  0,  -1,   0)  4.1929   ( 0.000, -4.807,  0.000)  4.807 
J_iso:  4.1929 
[Testing!] DMI: (-0.0444  0.0000  0.0000)
[Testing!]J_ani:
[[-0.017  0.     0.   ]
 [ 0.    -0.003 -0.   ]
 [ 0.    -0.    -0.008]]
----------------------------------------------------------------------------------------
   Cr1   Cr1   (  0,   1,   0)  4.2118   ( 0.000,  4.807,  0.000)  4.807 
J_iso:  4.2118 
[Testing!] DMI: (-0.0469  0.0000 -0.0000)
[Testing!]J_ani:
[[-0.017 -0.     0.   ]
 [-0.    -0.003  0.   ]
 [ 0.     0.    -0.008]]
----------------------------------------------------------------------------------------
   Cr2   Cr2   (  0,   1,   0)  4.1929   ( 0.000,  4.807,  0.000)  4.807 
J_iso:  4.1929 
[Testing!] DMI: ( 0.0444 -0.0000 -0.0000)
[Testing!]J_ani:
[[-0.017  0.     0.   ]
 [ 0.    -0.003 -0.   ]
 [ 0.    -0.    -0.008]]
----------------------------------------------------------------------------------------
   Cr1   Cr1   ( -1,  -1,   0)  0.0532   (-3.696, -4.807,  0.000)  6.064 
J_iso:  0.0532 
[Testing!] DMI: (-0.0229 -0.0221 -0.0000)
[Testing!]J_ani:
[[-0.009 -0.001  0.   ]
 [-0.001 -0.008  0.   ]
 [ 0.     0.    -0.006]]
----------------------------------------------------------------------------------------
   Cr2   Cr2   ( -1,  -1,   0)  0.0531   (-3.696, -4.807,  0.000)  6.064 
J_iso:  0.0531 
[Testing!] DMI: ( 0.0228  0.0223 -0.0000)
[Testing!]J_ani:
[[-0.009 -0.001  0.   ]
 [-0.001 -0.008 -0.   ]
 [ 0.    -0.    -0.006]]
----------------------------------------------------------------------------------------
   Cr1   Cr1   ( -1,   1,   0)  0.0532   (-3.696,  4.807,  0.000)  6.064 
J_iso:  0.0532 
[Testing!] DMI: ( 0.0229 -0.0222  0.0000)
[Testing!]J_ani:
[[-0.009  0.001 -0.   ]
 [ 0.001 -0.008 -0.   ]
 [-0.    -0.    -0.006]]
----------------------------------------------------------------------------------------
   Cr2   Cr2   ( -1,   1,   0)  0.0531   (-3.696,  4.807,  0.000)  6.064 
J_iso:  0.0531 
[Testing!] DMI: (-0.0228  0.0223  0.0000)
[Testing!]J_ani:
[[-0.009  0.001 -0.   ]
 [ 0.001 -0.008 -0.   ]
 [-0.    -0.    -0.006]]
----------------------------------------------------------------------------------------
   Cr1   Cr1   (  1,  -1,   0)  0.0532   ( 3.696, -4.807,  0.000)  6.064 
J_iso:  0.0532 
[Testing!] DMI: (-0.0229  0.0222 -0.0000)
[Testing!]J_ani:
[[-0.009  0.001 -0.   ]
 [ 0.001 -0.008 -0.   ]
 [-0.    -0.    -0.006]]
----------------------------------------------------------------------------------------
   Cr2   Cr2   (  1,  -1,   0)  0.0531   ( 3.696, -4.807,  0.000)  6.064 
J_iso:  0.0531 
[Testing!] DMI: ( 0.0228 -0.0223 -0.0000)
[Testing!]J_ani:
[[-0.009  0.001 -0.   ]
 [ 0.001 -0.008 -0.   ]
 [-0.    -0.    -0.006]]
----------------------------------------------------------------------------------------
   Cr1   Cr1   (  1,   1,   0)  0.0532   ( 3.696,  4.807,  0.000)  6.064 
J_iso:  0.0532 
[Testing!] DMI: ( 0.0229  0.0221  0.0000)
[Testing!]J_ani:
[[-0.009 -0.001  0.   ]
 [-0.001 -0.008  0.   ]
 [ 0.     0.    -0.006]]
----------------------------------------------------------------------------------------
   Cr2   Cr2   (  1,   1,   0)  0.0531   ( 3.696,  4.807,  0.000)  6.064 
J_iso:  0.0531 
[Testing!] DMI: (-0.0228 -0.0223  0.0000)
[Testing!]J_ani:
[[-0.009 -0.001  0.   ]
 [-0.001 -0.008 -0.   ]
 [ 0.    -0.    -0.006]]
----------------------------------------------------------------------------------------
   Cr2   Cr1   (  1,   1,   0)  0.1144   ( 5.543,  2.404, -2.096)  6.395 
J_iso:  0.1144 
[Testing!] DMI: (-0.0000  0.0000 -0.0001)
[Testing!]J_ani:
[[-0.006 -0.     0.001]
 [-0.    -0.003 -0.001]
 [ 0.001 -0.001 -0.008]]
----------------------------------------------------------------------------------------
   Cr1   Cr2   (  2,  -1,   0)  0.1144   ( 5.543, -2.404,  2.096)  6.395 
J_iso:  0.1144 
[Testing!] DMI: ( 0.0000  0.0000 -0.0001)
[Testing!]J_ani:
[[-0.006  0.    -0.001]
 [ 0.    -0.003 -0.001]
 [-0.001 -0.001 -0.008]]
----------------------------------------------------------------------------------------
   Cr1   Cr2   (  2,   0,   0)  0.1144   ( 5.543,  2.404,  2.096)  6.395 
J_iso:  0.1144 
[Testing!] DMI: (-0.0000  0.0000  0.0001)
[Testing!]J_ani:
[[-0.006 -0.    -0.001]
 [-0.    -0.003  0.001]
 [-0.001  0.001 -0.008]]
----------------------------------------------------------------------------------------
   Cr1   Cr2   ( -1,  -1,   0)  0.1144   (-5.543, -2.404,  2.096)  6.395 
J_iso:  0.1144 
[Testing!] DMI: ( 0.0000 -0.0000  0.0001)
[Testing!]J_ani:
[[-0.006 -0.     0.001]
 [-0.    -0.003 -0.001]
 [ 0.001 -0.001 -0.008]]
----------------------------------------------------------------------------------------
   Cr1   Cr2   ( -1,   0,   0)  0.1144   (-5.543,  2.404,  2.096)  6.395 
J_iso:  0.1144 
[Testing!] DMI: (-0.0000 -0.0000 -0.0001)
[Testing!]J_ani:
[[-0.006  0.     0.001]
 [ 0.    -0.003  0.001]
 [ 0.001  0.001 -0.008]]
----------------------------------------------------------------------------------------
   Cr2   Cr1   (  1,   0,   0)  0.1144   ( 5.543, -2.404, -2.096)  6.395 
J_iso:  0.1144 
[Testing!] DMI: ( 0.0000  0.0000  0.0001)
[Testing!]J_ani:
[[-0.006  0.     0.001]
 [ 0.    -0.003  0.001]
 [ 0.001  0.001 -0.008]]
----------------------------------------------------------------------------------------
   Cr2   Cr1   ( -2,   0,   0)  0.1144   (-5.543, -2.404, -2.096)  6.395 
J_iso:  0.1144 
[Testing!] DMI: ( 0.0000 -0.0000 -0.0001)
[Testing!]J_ani:
[[-0.006 -0.    -0.001]
 [-0.    -0.003  0.001]
 [-0.001  0.001 -0.008]]
----------------------------------------------------------------------------------------
   Cr2   Cr1   ( -2,   1,   0)  0.1144   (-5.543,  2.404, -2.096)  6.395 
J_iso:  0.1144 
[Testing!] DMI: (-0.0000 -0.0000  0.0001)
[Testing!]J_ani:
[[-0.006  0.    -0.001]
 [ 0.    -0.003 -0.001]
 [-0.001 -0.001 -0.008]]
----------------------------------------------------------------------------------------
   Cr1   Cr1   (  2,   0,   0) -0.5568   ( 7.391,  0.000,  0.000)  7.391 
J_iso: -0.5568 
[Testing!] DMI: (-0.0000 -0.0076 -0.0000)
[Testing!]J_ani:
[[-0.004  0.     0.   ]
 [ 0.    -0.004  0.   ]
 [ 0.     0.    -0.004]]
----------------------------------------------------------------------------------------
   Cr2   Cr2   (  2,   0,   0) -0.5556   ( 7.391,  0.000,  0.000)  7.391 
J_iso: -0.5556 
[Testing!] DMI: ( 0.0000  0.0075 -0.0000)
[Testing!]J_ani:
[[-0.004  0.    -0.   ]
 [ 0.    -0.004 -0.   ]
 [-0.    -0.    -0.004]]
----------------------------------------------------------------------------------------
   Cr2   Cr2   ( -2,   0,   0) -0.5556   (-7.391,  0.000,  0.000)  7.391 
J_iso: -0.5556 
[Testing!] DMI: (-0.0000 -0.0075  0.0000)
[Testing!]J_ani:
[[-0.004  0.    -0.   ]
 [ 0.    -0.004 -0.   ]
 [-0.    -0.    -0.004]]
----------------------------------------------------------------------------------------
   Cr1   Cr1   ( -2,   0,   0) -0.5568   (-7.391,  0.000,  0.000)  7.391 
J_iso: -0.5568 
[Testing!] DMI: ( 0.0000  0.0076  0.0000)
[Testing!]J_ani:
[[-0.004  0.     0.   ]
 [ 0.    -0.004  0.   ]
 [ 0.     0.    -0.004]]
----------------------------------------------------------------------------------------
   Cr1   Cr2   (  0,  -2,   0)  0.5635   (-1.848, -7.211,  2.096)  7.733 
J_iso:  0.5635 
[Testing!] DMI: ( 0.0001  0.0000  0.0001)
[Testing!]J_ani:
[[-0.002 -0.     0.001]
 [-0.    -0.002  0.   ]
 [ 0.001  0.    -0.001]]
----------------------------------------------------------------------------------------
   Cr2   Cr1   (  0,   2,   0)  0.5635   ( 1.848,  7.211, -2.096)  7.733 
J_iso:  0.5635 
[Testing!] DMI: (-0.0001 -0.0000 -0.0001)
[Testing!]J_ani:
[[-0.002 -0.     0.001]
 [-0.    -0.002  0.   ]
 [ 0.001  0.    -0.001]]
----------------------------------------------------------------------------------------
   Cr1   Cr2   (  1,  -2,   0)  0.5635   ( 1.848, -7.211,  2.096)  7.733 
J_iso:  0.5635 
[Testing!] DMI: ( 0.0001 -0.0000 -0.0001)
[Testing!]J_ani:
[[-0.002  0.    -0.001]
 [ 0.    -0.002  0.   ]
 [-0.001  0.    -0.001]]
----------------------------------------------------------------------------------------
   Cr2   Cr1   (  0,  -1,   0)  0.5635   ( 1.848, -7.211, -2.096)  7.733 
J_iso:  0.5635 
[Testing!] DMI: ( 0.0001 -0.0000  0.0001)
[Testing!]J_ani:
[[-0.002  0.     0.001]
 [ 0.    -0.002 -0.   ]
 [ 0.001 -0.    -0.001]]
----------------------------------------------------------------------------------------
   Cr2   Cr1   ( -1,   2,   0)  0.5635   (-1.848,  7.211, -2.096)  7.733 
J_iso:  0.5635 
[Testing!] DMI: (-0.0001  0.0000  0.0001)
[Testing!]J_ani:
[[-0.002  0.    -0.001]
 [ 0.    -0.002  0.   ]
 [-0.001  0.    -0.001]]
----------------------------------------------------------------------------------------
   Cr2   Cr1   ( -1,  -1,   0)  0.5635   (-1.848, -7.211, -2.096)  7.733 
J_iso:  0.5635 
[Testing!] DMI: ( 0.0001  0.0000 -0.0001)
[Testing!]J_ani:
[[-0.002 -0.    -0.001]
 [-0.    -0.002 -0.   ]
 [-0.001 -0.    -0.001]]
----------------------------------------------------------------------------------------
   Cr1   Cr2   (  0,   1,   0)  0.5635   (-1.848,  7.211,  2.096)  7.733 
J_iso:  0.5635 
[Testing!] DMI: (-0.0001  0.0000 -0.0001)
[Testing!]J_ani:
[[-0.002  0.     0.001]
 [ 0.    -0.002 -0.   ]
 [ 0.001 -0.    -0.001]]
----------------------------------------------------------------------------------------
   Cr1   Cr2   (  1,   1,   0)  0.5635   ( 1.848,  7.211,  2.096)  7.733 
J_iso:  0.5635 
[Testing!] DMI: (-0.0001 -0.0000  0.0001)
[Testing!]J_ani:
[[-0.002 -0.    -0.001]
 [-0.    -0.002 -0.   ]
 [-0.001 -0.    -0.001]]
----------------------------------------------------------------------------------------
   Cr2   Cr2   ( -2,  -1,   0)  0.0063   (-7.391, -4.807,  0.000)  8.817 
J_iso:  0.0063 
[Testing!] DMI: (-0.0006  0.0011 -0.0000)
[Testing!]J_ani:
[[-0.001 -0.    -0.   ]
 [-0.    -0.001  0.   ]
 [-0.     0.    -0.001]]
----------------------------------------------------------------------------------------
   Cr2   Cr2   ( -2,   1,   0)  0.0063   (-7.391,  4.807,  0.000)  8.817 
J_iso:  0.0063 
[Testing!] DMI: ( 0.0006  0.0011  0.0000)
[Testing!]J_ani:
[[-0.001  0.     0.   ]
 [ 0.    -0.001  0.   ]
 [ 0.     0.    -0.001]]
----------------------------------------------------------------------------------------
   Cr1   Cr1   (  2,  -1,   0)  0.0063   ( 7.391, -4.807,  0.000)  8.817 
J_iso:  0.0063 
[Testing!] DMI: ( 0.0006  0.0012  0.0000)
[Testing!]J_ani:
[[-0.001  0.     0.   ]
 [ 0.    -0.001 -0.   ]
 [ 0.    -0.    -0.001]]
----------------------------------------------------------------------------------------
   Cr2   Cr2   (  2,  -1,   0)  0.0063   ( 7.391, -4.807,  0.000)  8.817 
J_iso:  0.0063 
[Testing!] DMI: (-0.0006 -0.0011 -0.0000)
[Testing!]J_ani:
[[-0.001  0.     0.   ]
 [ 0.    -0.001  0.   ]
 [ 0.     0.    -0.001]]
----------------------------------------------------------------------------------------
   Cr1   Cr1   (  2,   1,   0)  0.0063   ( 7.391,  4.807,  0.000)  8.817 
J_iso:  0.0063 
[Testing!] DMI: (-0.0006  0.0012 -0.0000)
[Testing!]J_ani:
[[-0.001 -0.    -0.   ]
 [-0.    -0.001 -0.   ]
 [-0.    -0.    -0.001]]
----------------------------------------------------------------------------------------
   Cr2   Cr2   (  2,   1,   0)  0.0063   ( 7.391,  4.807,  0.000)  8.817 
J_iso:  0.0063 
[Testing!] DMI: ( 0.0006 -0.0011  0.0000)
[Testing!]J_ani:
[[-0.001 -0.    -0.   ]
 [-0.    -0.001  0.   ]
 [-0.     0.    -0.001]]
----------------------------------------------------------------------------------------
   Cr1   Cr1   ( -2,  -1,   0)  0.0063   (-7.391, -4.807,  0.000)  8.817 
J_iso:  0.0063 
[Testing!] DMI: ( 0.0006 -0.0012  0.0000)
[Testing!]J_ani:
[[-0.001 -0.    -0.   ]
 [-0.    -0.001 -0.   ]
 [-0.    -0.    -0.001]]
----------------------------------------------------------------------------------------
   Cr1   Cr1   ( -2,   1,   0)  0.0063   (-7.391,  4.807,  0.000)  8.817 
J_iso:  0.0063 
[Testing!] DMI: (-0.0006 -0.0012 -0.0000)
[Testing!]J_ani:
[[-0.001  0.     0.   ]
 [ 0.    -0.001 -0.   ]
 [ 0.    -0.    -0.001]]
----------------------------------------------------------------------------------------
   Cr1   Cr2   (  2,  -2,   0)  0.0058   ( 5.543, -7.211,  2.096)  9.334 
J_iso:  0.0058 
[Testing!] DMI: (-0.0000  0.0000 -0.0000)
[Testing!]J_ani:
[[-0.001  0.     0.   ]
 [ 0.    -0.001 -0.   ]
 [ 0.    -0.    -0.001]]
----------------------------------------------------------------------------------------
   Cr2   Cr1   (  1,  -1,   0)  0.0058   ( 5.543, -7.211, -2.096)  9.334 
J_iso:  0.0058 
[Testing!] DMI: (-0.0000  0.0000  0.0000)
[Testing!]J_ani:
[[-0.001  0.    -0.   ]
 [ 0.    -0.001  0.   ]
 [-0.     0.    -0.001]]
----------------------------------------------------------------------------------------
   Cr1   Cr2   (  2,   1,   0)  0.0058   ( 5.543,  7.211,  2.096)  9.334 
J_iso:  0.0058 
[Testing!] DMI: ( 0.0000  0.0000  0.0000)
[Testing!]J_ani:
[[-0.001 -0.     0.   ]
 [-0.    -0.001  0.   ]
 [ 0.     0.    -0.001]]
----------------------------------------------------------------------------------------
   Cr1   Cr2   ( -1,  -2,   0)  0.0058   (-5.543, -7.211,  2.096)  9.334 
J_iso:  0.0058 
[Testing!] DMI: (-0.0000 -0.0000  0.0000)
[Testing!]J_ani:
[[-0.001 -0.    -0.   ]
 [-0.    -0.001 -0.   ]
 [-0.    -0.    -0.001]]
----------------------------------------------------------------------------------------
   Cr2   Cr1   ( -2,   2,   0)  0.0058   (-5.543,  7.211, -2.096)  9.334 
J_iso:  0.0058 
[Testing!] DMI: ( 0.0000 -0.0000  0.0000)
[Testing!]J_ani:
[[-0.001  0.     0.   ]
 [ 0.    -0.001 -0.   ]
 [ 0.    -0.    -0.001]]
----------------------------------------------------------------------------------------
   Cr2   Cr1   (  1,   2,   0)  0.0058   ( 5.543,  7.211, -2.096)  9.334 
J_iso:  0.0058 
[Testing!] DMI: ( 0.0000  0.0000 -0.0000)
[Testing!]J_ani:
[[-0.001 -0.    -0.   ]
 [-0.    -0.001 -0.   ]
 [-0.    -0.    -0.001]]
----------------------------------------------------------------------------------------
   Cr2   Cr1   ( -2,  -1,   0)  0.0058   (-5.543, -7.211, -2.096)  9.334 
J_iso:  0.0058 
[Testing!] DMI: (-0.0000 -0.0000 -0.0000)
[Testing!]J_ani:
[[-0.001 -0.     0.   ]
 [-0.    -0.001  0.   ]
 [ 0.     0.    -0.001]]
----------------------------------------------------------------------------------------
   Cr1   Cr2   ( -1,   1,   0)  0.0058   (-5.543,  7.211,  2.096)  9.334 
J_iso:  0.0058 
[Testing!] DMI: ( 0.0000 -0.0000 -0.0000)
[Testing!]J_ani:
[[-0.001  0.    -0.   ]
 [ 0.    -0.001  0.   ]
 [-0.     0.    -0.001]]
----------------------------------------------------------------------------------------
   Cr1   Cr1   (  0,  -2,   0)  0.1951   ( 0.000, -9.614,  0.000)  9.614 
J_iso:  0.1951 
[Testing!] DMI: ( 0.0352  0.0000  0.0000)
[Testing!]J_ani:
[[-0.001 -0.     0.   ]
 [-0.    -0.     0.   ]
 [ 0.     0.    -0.   ]]
----------------------------------------------------------------------------------------
   Cr2   Cr2   (  0,  -2,   0)  0.1948   ( 0.000, -9.614,  0.000)  9.614 
J_iso:  0.1948 
[Testing!] DMI: (-0.0351 -0.0000 -0.0000)
[Testing!]J_ani:
[[-0.001  0.     0.   ]
 [ 0.    -0.     0.   ]
 [ 0.     0.    -0.   ]]
----------------------------------------------------------------------------------------
   Cr1   Cr1   (  0,   2,   0)  0.1951   ( 0.000,  9.614,  0.000)  9.614 
J_iso:  0.1951 
[Testing!] DMI: (-0.0352 -0.0000 -0.0000)
[Testing!]J_ani:
[[-0.001 -0.     0.   ]
 [-0.    -0.     0.   ]
 [ 0.     0.    -0.   ]]
----------------------------------------------------------------------------------------
   Cr2   Cr2   (  0,   2,   0)  0.1948   ( 0.000,  9.614,  0.000)  9.614 
J_iso:  0.1948 
[Testing!] DMI: ( 0.0351  0.0000  0.0000)
[Testing!]J_ani:
[[-0.001  0.     0.   ]
 [ 0.    -0.     0.   ]
 [ 0.     0.    -0.   ]]
----------------------------------------------------------------------------------------
   Cr1   Cr2   ( -2,  -1,   0) -0.0089   (-9.239, -2.404,  2.096)  9.774 
J_iso: -0.0089 
[Testing!] DMI: (-0.0000  0.0000 -0.0000)
[Testing!]J_ani:
[[-0. -0. -0.]
 [-0. -0. -0.]
 [-0. -0. -0.]]
----------------------------------------------------------------------------------------
   Cr1   Cr2   ( -2,   0,   0) -0.0089   (-9.239,  2.404,  2.096)  9.774 
J_iso: -0.0089 
[Testing!] DMI: ( 0.0000  0.0000  0.0000)
[Testing!]J_ani:
[[-0.  0. -0.]
 [ 0. -0.  0.]
 [-0.  0. -0.]]
----------------------------------------------------------------------------------------
   Cr2   Cr1   (  2,   0,   0) -0.0089   ( 9.239, -2.404, -2.096)  9.774 
J_iso: -0.0089 
[Testing!] DMI: (-0.0000 -0.0000 -0.0000)
[Testing!]J_ani:
[[-0.  0. -0.]
 [ 0. -0.  0.]
 [-0.  0. -0.]]
----------------------------------------------------------------------------------------
   Cr2   Cr1   (  2,   1,   0) -0.0089   ( 9.239,  2.404, -2.096)  9.774 
J_iso: -0.0089 
[Testing!] DMI: ( 0.0000 -0.0000  0.0000)
[Testing!]J_ani:
[[-0. -0. -0.]
 [-0. -0. -0.]
 [-0. -0. -0.]]
----------------------------------------------------------------------------------------
   Cr1   Cr2   (  3,  -1,   0) -0.0089   ( 9.239, -2.404,  2.096)  9.774 
J_iso: -0.0089 
[Testing!] DMI: (-0.0000 -0.0000  0.0000)
[Testing!]J_ani:
[[-0.  0.  0.]
 [ 0. -0. -0.]
 [ 0. -0. -0.]]
----------------------------------------------------------------------------------------
   Cr1   Cr2   (  3,   0,   0) -0.0089   ( 9.239,  2.404,  2.096)  9.774 
J_iso: -0.0089 
[Testing!] DMI: ( 0.0000 -0.0000 -0.0000)
[Testing!]J_ani:
[[-0. -0.  0.]
 [-0. -0.  0.]
 [ 0.  0. -0.]]
----------------------------------------------------------------------------------------
   Cr2   Cr1   ( -3,   0,   0) -0.0089   (-9.239, -2.404, -2.096)  9.774 
J_iso: -0.0089 
[Testing!] DMI: (-0.0000  0.0000  0.0000)
[Testing!]J_ani:
[[-0. -0.  0.]
 [-0. -0.  0.]
 [ 0.  0. -0.]]
----------------------------------------------------------------------------------------
   Cr2   Cr1   ( -3,   1,   0) -0.0089   (-9.239,  2.404, -2.096)  9.774 
J_iso: -0.0089 
[Testing!] DMI: ( 0.0000  0.0000 -0.0000)
[Testing!]J_ani:
[[-0.  0.  0.]
 [ 0. -0. -0.]
 [ 0. -0. -0.]]
