==========================================================================================
Information: 
Exchange parameters generated by TB2J 0.7.2.1
Generation time: 22/06/09 19:24:31
 Input from non-collinear Wannier90 data.
 Tight binding data from .//98.3/98.3.z. 
 Prefix of wannier function files:crsbr.98.z.3.
Warning: Please check if the noise level of Wannier function Hamiltonian to make sure it is much smaller than the exchange values.
 The DMI component parallel to the spin orientation, the Jani which has the component of that orientation should be disregarded
 e.g. if the spins are along z, the xz, yz, zz, zx, zy components and the z component of DMI.
 If you need these component, try to do three calculations with spin along x, y, z,  or use structure with z rotated to x, y and z. And then use TB2J_merge.py to get the full set of parameters.


Merged from TB2J results in paths: 
  .//98.3/98.3.x
  .//98.3/98.3.y
  .//98.3/98.3.z
, which are from DFT data with spin along x, y, z orientation

==========================================================================================
Cell (Angstrom):
 3.588   0.000   0.000
 0.000   4.711   0.000
 0.000   0.000  23.571

==========================================================================================
Atoms:  
(Note: charge and magmoms only count the wannier functions.)
Atom_number      x         y         z     w_charge    M(x)      M(y)      M(z)   
Br1             0.8970    1.1778   -0.0668    5.6069   -0.0000   -0.0000   -0.0512
Cr1             2.6910    1.1778    1.7371    4.3633    0.0000   -0.0000    3.2656
S1              2.6910    3.5333    2.2030    5.0292    0.0000    0.0000   -0.2137
Br2             2.6910    3.5333    5.6376    5.6067   -0.0000   -0.0000   -0.0512
Cr2             0.8970    3.5333    3.8336    4.3639    0.0000   -0.0000    3.2657
S2              0.8970    1.1778    3.3678    5.0292    0.0000    0.0000   -0.2136
Total                                        29.9992   -0.0000   -0.0000    6.0016

==========================================================================================
Orbitals used in decomposition: 
The name of the orbitals for the decomposition: 
Cr1 : ['orb_1', 'orb_2', 'orb_3', 'orb_4', 'orb_5', 'orb_6', 'orb_7', 'orb_8', 'orb_9', 'orb_10']
Cr2 : ['orb_1', 'orb_2', 'orb_3', 'orb_4', 'orb_5', 'orb_6', 'orb_7', 'orb_8', 'orb_9', 'orb_10']

==========================================================================================
Exchange: 
    i      j          R        J_iso(meV)          vector          distance(A) 
----------------------------------------------------------------------------------------
   Cr1   Cr1   ( -1,   0,   0)  3.4805   (-3.588,  0.000,  0.000)  3.588 
J_iso:  3.4805 
[Testing!] DMI: (-0.0000 -0.0129  0.0000)
[Testing!]J_ani:
[[-0.031  0.     0.   ]
 [ 0.    -0.054 -0.   ]
 [ 0.    -0.    -0.028]]
----------------------------------------------------------------------------------------
   Cr2   Cr2   ( -1,   0,   0)  3.4916   (-3.588,  0.000,  0.000)  3.588 
J_iso:  3.4916 
[Testing!] DMI: ( 0.0000  0.0136 -0.0000)
[Testing!]J_ani:
[[-0.031 -0.    -0.   ]
 [-0.    -0.054 -0.   ]
 [-0.    -0.    -0.028]]
----------------------------------------------------------------------------------------
   Cr2   Cr2   (  1,   0,   0)  3.4916   ( 3.588,  0.000,  0.000)  3.588 
J_iso:  3.4916 
[Testing!] DMI: (-0.0000 -0.0136  0.0000)
[Testing!]J_ani:
[[-0.031 -0.    -0.   ]
 [-0.    -0.054 -0.   ]
 [-0.    -0.    -0.028]]
----------------------------------------------------------------------------------------
   Cr1   Cr1   (  1,   0,   0)  3.4805   ( 3.588,  0.000,  0.000)  3.588 
J_iso:  3.4805 
[Testing!] DMI: ( 0.0000  0.0129 -0.0000)
[Testing!]J_ani:
[[-0.031  0.     0.   ]
 [ 0.    -0.054 -0.   ]
 [ 0.    -0.    -0.028]]
----------------------------------------------------------------------------------------
   Cr2   Cr1   ( -1,   1,   0)  3.6702   (-1.794,  2.356, -2.096)  3.628 
J_iso:  3.6702 
[Testing!] DMI: (-0.0000  0.0001 -0.0001)
[Testing!]J_ani:
[[-0.008 -0.    -0.003]
 [-0.    -0.014  0.   ]
 [-0.003  0.    -0.006]]
----------------------------------------------------------------------------------------
   Cr1   Cr2   (  0,  -1,   0)  3.6702   (-1.794, -2.356,  2.096)  3.628 
J_iso:  3.6702 
[Testing!] DMI: ( 0.0000  0.0001 -0.0001)
[Testing!]J_ani:
[[-0.008  0.     0.003]
 [ 0.    -0.014  0.   ]
 [ 0.003  0.    -0.006]]
----------------------------------------------------------------------------------------
   Cr2   Cr1   (  0,   1,   0)  3.6702   ( 1.794,  2.356, -2.096)  3.628 
J_iso:  3.6702 
[Testing!] DMI: (-0.0000 -0.0001  0.0001)
[Testing!]J_ani:
[[-0.008  0.     0.003]
 [ 0.    -0.014  0.   ]
 [ 0.003  0.    -0.006]]
----------------------------------------------------------------------------------------
   Cr1   Cr2   (  1,  -1,   0)  3.6702   ( 1.794, -2.356,  2.096)  3.628 
J_iso:  3.6702 
[Testing!] DMI: ( 0.0000 -0.0001  0.0001)
[Testing!]J_ani:
[[-0.008 -0.    -0.003]
 [-0.    -0.014  0.   ]
 [-0.003  0.    -0.006]]
----------------------------------------------------------------------------------------
   Cr2   Cr1   ( -1,   0,   0)  3.6702   (-1.794, -2.356, -2.096)  3.628 
J_iso:  3.6702 
[Testing!] DMI: ( 0.0000  0.0001  0.0001)
[Testing!]J_ani:
[[-0.008  0.    -0.003]
 [ 0.    -0.014 -0.   ]
 [-0.003 -0.    -0.006]]
----------------------------------------------------------------------------------------
   Cr1   Cr2   (  0,   0,   0)  3.6702   (-1.794,  2.356,  2.096)  3.628 
J_iso:  3.6702 
[Testing!] DMI: (-0.0000  0.0000  0.0001)
[Testing!]J_ani:
[[-0.008 -0.     0.003]
 [-0.    -0.014 -0.   ]
 [ 0.003 -0.    -0.006]]
----------------------------------------------------------------------------------------
   Cr2   Cr1   (  0,   0,   0)  3.6702   ( 1.794, -2.356, -2.096)  3.628 
J_iso:  3.6702 
[Testing!] DMI: ( 0.0000 -0.0000 -0.0001)
[Testing!]J_ani:
[[-0.008 -0.     0.003]
 [-0.    -0.014 -0.   ]
 [ 0.003 -0.    -0.006]]
----------------------------------------------------------------------------------------
   Cr1   Cr2   (  1,   0,   0)  3.6702   ( 1.794,  2.356,  2.096)  3.628 
J_iso:  3.6702 
[Testing!] DMI: (-0.0000 -0.0001 -0.0001)
[Testing!]J_ani:
[[-0.008  0.    -0.003]
 [ 0.    -0.014 -0.   ]
 [-0.003 -0.    -0.006]]
----------------------------------------------------------------------------------------
   Cr1   Cr1   (  0,  -1,   0)  4.9733   ( 0.000, -4.711,  0.000)  4.711 
J_iso:  4.9733 
[Testing!] DMI: ( 0.0579 -0.0000 -0.0000)
[Testing!]J_ani:
[[-0.018  0.     0.   ]
 [ 0.    -0.004  0.   ]
 [ 0.     0.    -0.009]]
----------------------------------------------------------------------------------------
   Cr2   Cr2   (  0,  -1,   0)  4.9638   ( 0.000, -4.711,  0.000)  4.711 
J_iso:  4.9638 
[Testing!] DMI: (-0.0580  0.0000 -0.0000)
[Testing!]J_ani:
[[-0.018  0.     0.   ]
 [ 0.    -0.004 -0.   ]
 [ 0.    -0.    -0.009]]
----------------------------------------------------------------------------------------
   Cr1   Cr1   (  0,   1,   0)  4.9733   ( 0.000,  4.711,  0.000)  4.711 
J_iso:  4.9733 
[Testing!] DMI: (-0.0579  0.0000  0.0000)
[Testing!]J_ani:
[[-0.018  0.     0.   ]
 [ 0.    -0.004  0.   ]
 [ 0.     0.    -0.009]]
----------------------------------------------------------------------------------------
   Cr2   Cr2   (  0,   1,   0)  4.9638   ( 0.000,  4.711,  0.000)  4.711 
J_iso:  4.9638 
[Testing!] DMI: ( 0.0580 -0.0000  0.0000)
[Testing!]J_ani:
[[-0.018  0.     0.   ]
 [ 0.    -0.004 -0.   ]
 [ 0.    -0.    -0.009]]
----------------------------------------------------------------------------------------
   Cr1   Cr1   ( -1,  -1,   0)  0.0767   (-3.588, -4.711,  0.000)  5.922 
J_iso:  0.0767 
[Testing!] DMI: (-0.0164 -0.0156 -0.0000)
[Testing!]J_ani:
[[-0.007 -0.    -0.   ]
 [-0.    -0.006 -0.   ]
 [-0.    -0.    -0.005]]
----------------------------------------------------------------------------------------
   Cr2   Cr2   ( -1,  -1,   0)  0.0761   (-3.588, -4.711,  0.000)  5.922 
J_iso:  0.0761 
[Testing!] DMI: ( 0.0165  0.0158 -0.0000)
[Testing!]J_ani:
[[-0.007 -0.    -0.   ]
 [-0.    -0.006  0.   ]
 [-0.     0.    -0.005]]
----------------------------------------------------------------------------------------
   Cr1   Cr1   ( -1,   1,   0)  0.0767   (-3.588,  4.711,  0.000)  5.922 
J_iso:  0.0767 
[Testing!] DMI: ( 0.0164 -0.0156  0.0000)
[Testing!]J_ani:
[[-0.007  0.     0.   ]
 [ 0.    -0.006 -0.   ]
 [ 0.    -0.    -0.005]]
----------------------------------------------------------------------------------------
   Cr2   Cr2   ( -1,   1,   0)  0.0761   (-3.588,  4.711,  0.000)  5.922 
J_iso:  0.0761 
[Testing!] DMI: (-0.0165  0.0158  0.0000)
[Testing!]J_ani:
[[-0.007  0.     0.   ]
 [ 0.    -0.006 -0.   ]
 [ 0.    -0.    -0.005]]
----------------------------------------------------------------------------------------
   Cr1   Cr1   (  1,  -1,   0)  0.0767   ( 3.588, -4.711,  0.000)  5.922 
J_iso:  0.0767 
[Testing!] DMI: (-0.0164  0.0156 -0.0000)
[Testing!]J_ani:
[[-0.007  0.     0.   ]
 [ 0.    -0.006 -0.   ]
 [ 0.    -0.    -0.005]]
----------------------------------------------------------------------------------------
   Cr2   Cr2   (  1,  -1,   0)  0.0761   ( 3.588, -4.711,  0.000)  5.922 
J_iso:  0.0761 
[Testing!] DMI: ( 0.0165 -0.0158 -0.0000)
[Testing!]J_ani:
[[-0.007  0.     0.   ]
 [ 0.    -0.006 -0.   ]
 [ 0.    -0.    -0.005]]
----------------------------------------------------------------------------------------
   Cr1   Cr1   (  1,   1,   0)  0.0767   ( 3.588,  4.711,  0.000)  5.922 
J_iso:  0.0767 
[Testing!] DMI: ( 0.0164  0.0156  0.0000)
[Testing!]J_ani:
[[-0.007 -0.    -0.   ]
 [-0.    -0.006 -0.   ]
 [-0.    -0.    -0.005]]
----------------------------------------------------------------------------------------
   Cr2   Cr2   (  1,   1,   0)  0.0761   ( 3.588,  4.711,  0.000)  5.922 
J_iso:  0.0761 
[Testing!] DMI: (-0.0165 -0.0158  0.0000)
[Testing!]J_ani:
[[-0.007 -0.    -0.   ]
 [-0.    -0.006  0.   ]
 [-0.     0.    -0.005]]
----------------------------------------------------------------------------------------
   Cr1   Cr2   (  2,  -1,   0)  0.0962   ( 5.382, -2.356,  2.096)  6.238 
J_iso:  0.0962 
[Testing!] DMI: ( 0.0000 -0.0000  0.0000)
[Testing!]J_ani:
[[-0.005  0.    -0.001]
 [ 0.    -0.002 -0.   ]
 [-0.001 -0.    -0.007]]
----------------------------------------------------------------------------------------
   Cr1   Cr2   (  2,   0,   0)  0.0961   ( 5.382,  2.356,  2.096)  6.238 
J_iso:  0.0961 
[Testing!] DMI: (-0.0000 -0.0000 -0.0000)
[Testing!]J_ani:
[[-0.005 -0.    -0.001]
 [-0.    -0.002  0.   ]
 [-0.001  0.    -0.007]]
----------------------------------------------------------------------------------------
   Cr2   Cr1   ( -2,   0,   0)  0.0961   (-5.382, -2.356, -2.096)  6.238 
J_iso:  0.0961 
[Testing!] DMI: ( 0.0000  0.0000  0.0000)
[Testing!]J_ani:
[[-0.005 -0.    -0.001]
 [-0.    -0.002  0.   ]
 [-0.001  0.    -0.007]]
----------------------------------------------------------------------------------------
   Cr2   Cr1   ( -2,   1,   0)  0.0962   (-5.382,  2.356, -2.096)  6.238 
J_iso:  0.0962 
[Testing!] DMI: (-0.0000  0.0000 -0.0000)
[Testing!]J_ani:
[[-0.005  0.    -0.001]
 [ 0.    -0.002 -0.   ]
 [-0.001 -0.    -0.007]]
----------------------------------------------------------------------------------------
   Cr1   Cr2   ( -1,  -1,   0)  0.0962   (-5.382, -2.356,  2.096)  6.238 
J_iso:  0.0962 
[Testing!] DMI: ( 0.0000  0.0000 -0.0000)
[Testing!]J_ani:
[[-0.005 -0.     0.001]
 [-0.    -0.002 -0.   ]
 [ 0.001 -0.    -0.007]]
----------------------------------------------------------------------------------------
   Cr1   Cr2   ( -1,   0,   0)  0.0962   (-5.382,  2.356,  2.096)  6.238 
J_iso:  0.0962 
[Testing!] DMI: (-0.0000  0.0000  0.0000)
[Testing!]J_ani:
[[-0.005  0.     0.001]
 [ 0.    -0.002  0.   ]
 [ 0.001  0.    -0.007]]
----------------------------------------------------------------------------------------
   Cr2   Cr1   (  1,   0,   0)  0.0962   ( 5.382, -2.356, -2.096)  6.238 
J_iso:  0.0962 
[Testing!] DMI: ( 0.0000 -0.0000 -0.0000)
[Testing!]J_ani:
[[-0.005  0.     0.001]
 [ 0.    -0.002  0.   ]
 [ 0.001  0.    -0.007]]
----------------------------------------------------------------------------------------
   Cr2   Cr1   (  1,   1,   0)  0.0962   ( 5.382,  2.356, -2.096)  6.238 
J_iso:  0.0962 
[Testing!] DMI: (-0.0000 -0.0000  0.0000)
[Testing!]J_ani:
[[-0.005 -0.     0.001]
 [-0.    -0.002 -0.   ]
 [ 0.001 -0.    -0.007]]
----------------------------------------------------------------------------------------
   Cr2   Cr2   (  2,   0,   0) -0.6731   ( 7.176,  0.000,  0.000)  7.176 
J_iso: -0.6731 
[Testing!] DMI: (-0.0000  0.0051  0.0000)
[Testing!]J_ani:
[[-0.004  0.    -0.   ]
 [ 0.    -0.004  0.   ]
 [-0.     0.    -0.005]]
----------------------------------------------------------------------------------------
   Cr1   Cr1   ( -2,   0,   0) -0.6738   (-7.176,  0.000,  0.000)  7.176 
J_iso: -0.6738 
[Testing!] DMI: (-0.0000  0.0052 -0.0000)
[Testing!]J_ani:
[[-0.004 -0.     0.   ]
 [-0.    -0.004 -0.   ]
 [ 0.    -0.    -0.005]]
----------------------------------------------------------------------------------------
   Cr2   Cr2   ( -2,   0,   0) -0.6731   (-7.176,  0.000,  0.000)  7.176 
J_iso: -0.6731 
[Testing!] DMI: ( 0.0000 -0.0051 -0.0000)
[Testing!]J_ani:
[[-0.004  0.    -0.   ]
 [ 0.    -0.004  0.   ]
 [-0.     0.    -0.005]]
----------------------------------------------------------------------------------------
   Cr1   Cr1   (  2,   0,   0) -0.6738   ( 7.176,  0.000,  0.000)  7.176 
J_iso: -0.6738 
[Testing!] DMI: ( 0.0000 -0.0052  0.0000)
[Testing!]J_ani:
[[-0.004 -0.     0.   ]
 [-0.    -0.004 -0.   ]
 [ 0.    -0.    -0.005]]
----------------------------------------------------------------------------------------
   Cr1   Cr2   (  0,  -2,   0)  0.5807   (-1.794, -7.067,  2.096)  7.586 
J_iso:  0.5807 
[Testing!] DMI: (-0.0000  0.0000 -0.0001)
[Testing!]J_ani:
[[-0.001 -0.     0.   ]
 [-0.    -0.002  0.   ]
 [ 0.     0.    -0.001]]
----------------------------------------------------------------------------------------
   Cr2   Cr1   (  0,   2,   0)  0.5807   ( 1.794,  7.067, -2.096)  7.586 
J_iso:  0.5807 
[Testing!] DMI: ( 0.0000 -0.0000  0.0001)
[Testing!]J_ani:
[[-0.001 -0.     0.   ]
 [-0.    -0.002  0.   ]
 [ 0.     0.    -0.001]]
----------------------------------------------------------------------------------------
   Cr1   Cr2   (  1,  -2,   0)  0.5807   ( 1.794, -7.067,  2.096)  7.586 
J_iso:  0.5807 
[Testing!] DMI: (-0.0000 -0.0000  0.0001)
[Testing!]J_ani:
[[-0.001  0.    -0.   ]
 [ 0.    -0.002  0.   ]
 [-0.     0.    -0.001]]
----------------------------------------------------------------------------------------
   Cr2   Cr1   ( -1,   2,   0)  0.5807   (-1.794,  7.067, -2.096)  7.586 
J_iso:  0.5807 
[Testing!] DMI: ( 0.0000  0.0000 -0.0001)
[Testing!]J_ani:
[[-0.001  0.    -0.   ]
 [ 0.    -0.002  0.   ]
 [-0.     0.    -0.001]]
----------------------------------------------------------------------------------------
   Cr2   Cr1   ( -1,  -1,   0)  0.5807   (-1.794, -7.067, -2.096)  7.586 
J_iso:  0.5807 
[Testing!] DMI: (-0.0000  0.0000  0.0001)
[Testing!]J_ani:
[[-0.001 -0.    -0.   ]
 [-0.    -0.002 -0.   ]
 [-0.    -0.    -0.001]]
----------------------------------------------------------------------------------------
   Cr2   Cr1   (  0,  -1,   0)  0.5807   ( 1.794, -7.067, -2.096)  7.586 
J_iso:  0.5807 
[Testing!] DMI: (-0.0000 -0.0000 -0.0001)
[Testing!]J_ani:
[[-0.001  0.     0.   ]
 [ 0.    -0.002 -0.   ]
 [ 0.    -0.    -0.001]]
----------------------------------------------------------------------------------------
   Cr1   Cr2   (  0,   1,   0)  0.5807   (-1.794,  7.067,  2.096)  7.586 
J_iso:  0.5807 
[Testing!] DMI: ( 0.0000  0.0000  0.0001)
[Testing!]J_ani:
[[-0.001  0.     0.   ]
 [ 0.    -0.002 -0.   ]
 [ 0.    -0.    -0.001]]
----------------------------------------------------------------------------------------
   Cr1   Cr2   (  1,   1,   0)  0.5807   ( 1.794,  7.067,  2.096)  7.586 
J_iso:  0.5807 
[Testing!] DMI: ( 0.0000 -0.0000 -0.0001)
[Testing!]J_ani:
[[-0.001 -0.    -0.   ]
 [-0.    -0.002 -0.   ]
 [-0.    -0.    -0.001]]
----------------------------------------------------------------------------------------
   Cr1   Cr1   ( -2,  -1,   0)  0.0046   (-7.176, -4.711,  0.000)  8.584 
J_iso:  0.0046 
[Testing!] DMI: ( 0.0007 -0.0013  0.0000)
[Testing!]J_ani:
[[-0.001 -0.    -0.   ]
 [-0.    -0.001 -0.   ]
 [-0.    -0.    -0.001]]
----------------------------------------------------------------------------------------
   Cr2   Cr2   ( -2,  -1,   0)  0.0046   (-7.176, -4.711,  0.000)  8.584 
J_iso:  0.0046 
[Testing!] DMI: (-0.0007  0.0013 -0.0000)
[Testing!]J_ani:
[[-0.001 -0.    -0.   ]
 [-0.    -0.001 -0.   ]
 [-0.    -0.    -0.001]]
----------------------------------------------------------------------------------------
   Cr1   Cr1   ( -2,   1,   0)  0.0046   (-7.176,  4.711,  0.000)  8.584 
J_iso:  0.0046 
[Testing!] DMI: (-0.0007 -0.0013 -0.0000)
[Testing!]J_ani:
[[-0.001  0.    -0.   ]
 [ 0.    -0.001 -0.   ]
 [-0.    -0.    -0.001]]
----------------------------------------------------------------------------------------
   Cr2   Cr2   ( -2,   1,   0)  0.0046   (-7.176,  4.711,  0.000)  8.584 
J_iso:  0.0046 
[Testing!] DMI: ( 0.0007  0.0013  0.0000)
[Testing!]J_ani:
[[-0.001  0.    -0.   ]
 [ 0.    -0.001 -0.   ]
 [-0.    -0.    -0.001]]
----------------------------------------------------------------------------------------
   Cr1   Cr1   (  2,  -1,   0)  0.0046   ( 7.176, -4.711,  0.000)  8.584 
J_iso:  0.0046 
[Testing!] DMI: ( 0.0007  0.0013  0.0000)
[Testing!]J_ani:
[[-0.001  0.    -0.   ]
 [ 0.    -0.001 -0.   ]
 [-0.    -0.    -0.001]]
----------------------------------------------------------------------------------------
   Cr2   Cr2   (  2,  -1,   0)  0.0046   ( 7.176, -4.711,  0.000)  8.584 
J_iso:  0.0046 
[Testing!] DMI: (-0.0007 -0.0013 -0.0000)
[Testing!]J_ani:
[[-0.001  0.    -0.   ]
 [ 0.    -0.001 -0.   ]
 [-0.    -0.    -0.001]]
----------------------------------------------------------------------------------------
   Cr1   Cr1   (  2,   1,   0)  0.0046   ( 7.176,  4.711,  0.000)  8.584 
J_iso:  0.0046 
[Testing!] DMI: (-0.0007  0.0013 -0.0000)
[Testing!]J_ani:
[[-0.001 -0.    -0.   ]
 [-0.    -0.001 -0.   ]
 [-0.    -0.    -0.001]]
----------------------------------------------------------------------------------------
   Cr2   Cr2   (  2,   1,   0)  0.0046   ( 7.176,  4.711,  0.000)  8.584 
J_iso:  0.0046 
[Testing!] DMI: ( 0.0007 -0.0013  0.0000)
[Testing!]J_ani:
[[-0.001 -0.    -0.   ]
 [-0.    -0.001 -0.   ]
 [-0.    -0.    -0.001]]
----------------------------------------------------------------------------------------
   Cr1   Cr2   (  2,  -2,   0)  0.0040   ( 5.382, -7.067,  2.096)  9.127 
J_iso:  0.0040 
[Testing!] DMI: ( 0.0000 -0.0000  0.0000)
[Testing!]J_ani:
[[-0.001  0.     0.   ]
 [ 0.    -0.001 -0.   ]
 [ 0.    -0.    -0.001]]
----------------------------------------------------------------------------------------
   Cr2   Cr1   ( -2,  -1,   0)  0.0040   (-5.382, -7.067, -2.096)  9.127 
J_iso:  0.0040 
[Testing!] DMI: ( 0.0000  0.0000  0.0000)
[Testing!]J_ani:
[[-0.001 -0.     0.   ]
 [-0.    -0.001  0.   ]
 [ 0.     0.    -0.001]]
----------------------------------------------------------------------------------------
   Cr1   Cr2   ( -1,   1,   0)  0.0040   (-5.382,  7.067,  2.096)  9.127 
J_iso:  0.0040 
[Testing!] DMI: (-0.0000  0.0000  0.0000)
[Testing!]J_ani:
[[-0.001  0.    -0.   ]
 [ 0.    -0.001  0.   ]
 [-0.     0.    -0.001]]
----------------------------------------------------------------------------------------
   Cr2   Cr1   (  1,  -1,   0)  0.0040   ( 5.382, -7.067, -2.096)  9.127 
J_iso:  0.0040 
[Testing!] DMI: ( 0.0000 -0.0000 -0.0000)
[Testing!]J_ani:
[[-0.001  0.    -0.   ]
 [ 0.    -0.001  0.   ]
 [-0.     0.    -0.001]]
----------------------------------------------------------------------------------------
   Cr1   Cr2   (  2,   1,   0)  0.0040   ( 5.382,  7.067,  2.096)  9.127 
J_iso:  0.0040 
[Testing!] DMI: (-0.0000 -0.0000 -0.0000)
[Testing!]J_ani:
[[-0.001 -0.     0.   ]
 [-0.    -0.001  0.   ]
 [ 0.     0.    -0.001]]
----------------------------------------------------------------------------------------
   Cr1   Cr2   ( -1,  -2,   0)  0.0040   (-5.382, -7.067,  2.096)  9.127 
J_iso:  0.0040 
[Testing!] DMI: ( 0.0000  0.0000 -0.0000)
[Testing!]J_ani:
[[-0.001 -0.    -0.   ]
 [-0.    -0.001 -0.   ]
 [-0.    -0.    -0.001]]
----------------------------------------------------------------------------------------
   Cr2   Cr1   ( -2,   2,   0)  0.0040   (-5.382,  7.067, -2.096)  9.127 
J_iso:  0.0040 
[Testing!] DMI: (-0.0000  0.0000 -0.0000)
[Testing!]J_ani:
[[-0.001  0.     0.   ]
 [ 0.    -0.001 -0.   ]
 [ 0.    -0.    -0.001]]
----------------------------------------------------------------------------------------
   Cr2   Cr1   (  1,   2,   0)  0.0040   ( 5.382,  7.067, -2.096)  9.127 
J_iso:  0.0040 
[Testing!] DMI: (-0.0000 -0.0000  0.0000)
[Testing!]J_ani:
[[-0.001 -0.    -0.   ]
 [-0.    -0.001 -0.   ]
 [-0.    -0.    -0.001]]
----------------------------------------------------------------------------------------
   Cr1   Cr1   (  0,  -2,   0)  0.1589   ( 0.000, -9.422,  0.000)  9.422 
J_iso:  0.1589 
[Testing!] DMI: ( 0.0323 -0.0000 -0.0000)
[Testing!]J_ani:
[[-0.001  0.     0.   ]
 [ 0.    -0.     0.   ]
 [ 0.     0.    -0.   ]]
----------------------------------------------------------------------------------------
   Cr2   Cr2   (  0,  -2,   0)  0.1593   ( 0.000, -9.422,  0.000)  9.422 
J_iso:  0.1593 
[Testing!] DMI: (-0.0322  0.0000  0.0000)
[Testing!]J_ani:
[[-0.001  0.     0.   ]
 [ 0.    -0.     0.   ]
 [ 0.     0.    -0.   ]]
----------------------------------------------------------------------------------------
   Cr1   Cr1   (  0,   2,   0)  0.1589   ( 0.000,  9.422,  0.000)  9.422 
J_iso:  0.1589 
[Testing!] DMI: (-0.0323  0.0000  0.0000)
[Testing!]J_ani:
[[-0.001  0.     0.   ]
 [ 0.    -0.     0.   ]
 [ 0.     0.    -0.   ]]
----------------------------------------------------------------------------------------
   Cr2   Cr2   (  0,   2,   0)  0.1593   ( 0.000,  9.422,  0.000)  9.422 
J_iso:  0.1593 
[Testing!] DMI: ( 0.0322 -0.0000 -0.0000)
[Testing!]J_ani:
[[-0.001  0.     0.   ]
 [ 0.    -0.     0.   ]
 [ 0.     0.    -0.   ]]
----------------------------------------------------------------------------------------
   Cr1   Cr2   ( -2,  -1,   0) -0.0066   (-8.970, -2.356,  2.096)  9.508 
J_iso: -0.0066 
[Testing!] DMI: (-0.0000 -0.0000 -0.0000)
[Testing!]J_ani:
[[-0.    -0.    -0.   ]
 [-0.    -0.001 -0.   ]
 [-0.    -0.    -0.   ]]
----------------------------------------------------------------------------------------
   Cr1   Cr2   ( -2,   0,   0) -0.0066   (-8.970,  2.356,  2.096)  9.508 
J_iso: -0.0066 
[Testing!] DMI: ( 0.0000 -0.0000 -0.0000)
[Testing!]J_ani:
[[-0.     0.    -0.   ]
 [ 0.    -0.001  0.   ]
 [-0.     0.    -0.   ]]
----------------------------------------------------------------------------------------
   Cr2   Cr1   (  2,   0,   0) -0.0066   ( 8.970, -2.356, -2.096)  9.508 
J_iso: -0.0066 
[Testing!] DMI: (-0.0000  0.0000  0.0000)
[Testing!]J_ani:
[[-0.     0.    -0.   ]
 [ 0.    -0.001  0.   ]
 [-0.     0.    -0.   ]]
----------------------------------------------------------------------------------------
   Cr2   Cr1   (  2,   1,   0) -0.0066   ( 8.970,  2.356, -2.096)  9.508 
J_iso: -0.0066 
[Testing!] DMI: ( 0.0000  0.0000  0.0000)
[Testing!]J_ani:
[[-0.    -0.    -0.   ]
 [-0.    -0.001 -0.   ]
 [-0.    -0.    -0.   ]]
----------------------------------------------------------------------------------------
   Cr1   Cr2   (  3,  -1,   0) -0.0066   ( 8.970, -2.356,  2.096)  9.508 
J_iso: -0.0066 
[Testing!] DMI: (-0.0000  0.0000  0.0000)
[Testing!]J_ani:
[[-0.     0.     0.   ]
 [ 0.    -0.001 -0.   ]
 [ 0.    -0.    -0.   ]]
----------------------------------------------------------------------------------------
   Cr1   Cr2   (  3,   0,   0) -0.0066   ( 8.970,  2.356,  2.096)  9.508 
J_iso: -0.0066 
[Testing!] DMI: ( 0.0000  0.0000  0.0000)
[Testing!]J_ani:
[[-0.    -0.     0.   ]
 [-0.    -0.001  0.   ]
 [ 0.     0.    -0.   ]]
----------------------------------------------------------------------------------------
   Cr2   Cr1   ( -3,   0,   0) -0.0066   (-8.970, -2.356, -2.096)  9.508 
J_iso: -0.0066 
[Testing!] DMI: (-0.0000 -0.0000 -0.0000)
[Testing!]J_ani:
[[-0.    -0.     0.   ]
 [-0.    -0.001  0.   ]
 [ 0.     0.    -0.   ]]
----------------------------------------------------------------------------------------
   Cr2   Cr1   ( -3,   1,   0) -0.0066   (-8.970,  2.356, -2.096)  9.508 
J_iso: -0.0066 
[Testing!] DMI: ( 0.0000 -0.0000 -0.0000)
[Testing!]J_ani:
[[-0.     0.     0.   ]
 [ 0.    -0.001 -0.   ]
 [ 0.    -0.    -0.   ]]
