==========================================================================================
Information: 
Exchange parameters generated by TB2J 0.7.2.1
Generation time: 22/06/12 16:12:58
 Input from non-collinear Wannier90 data.
 Tight binding data from .//96.3/96.3.z. 
 Prefix of wannier function files:crsbr.96.z.3.
Warning: Please check if the noise level of Wannier function Hamiltonian to make sure it is much smaller than the exchange values.
 The DMI component parallel to the spin orientation, the Jani which has the component of that orientation should be disregarded
 e.g. if the spins are along z, the xz, yz, zz, zx, zy components and the z component of DMI.
 If you need these component, try to do three calculations with spin along x, y, z,  or use structure with z rotated to x, y and z. And then use TB2J_merge.py to get the full set of parameters.


Merged from TB2J results in paths: 
  .//96.3/96.3.x
  .//96.3/96.3.y
  .//96.3/96.3.z
, which are from DFT data with spin along x, y, z orientation

==========================================================================================
Cell (Angstrom):
 3.444   0.000   0.000
 0.000   4.807   0.000
 0.000   0.000  23.571

==========================================================================================
Atoms:  
(Note: charge and magmoms only count the wannier functions.)
Atom_number      x         y         z     w_charge    M(x)      M(y)      M(z)   
Br1             0.8611    1.2018   -0.0668    5.6032   -0.0000   -0.0000   -0.0248
Cr1             2.5833    1.2018    1.7371    4.3782   -0.0000   -0.0000    3.2210
S1              2.5833    3.6054    2.2030    5.0193   -0.0000    0.0000   -0.1952
Br2             2.5833    3.6054    5.6376    5.6031   -0.0000   -0.0000   -0.0249
Cr2             0.8611    3.6054    3.8336    4.3768    0.0000   -0.0000    3.2202
S2              0.8611    1.2018    3.3678    5.0186   -0.0000    0.0000   -0.1955
Total                                        29.9992   -0.0000    0.0000    6.0008

==========================================================================================
Orbitals used in decomposition: 
The name of the orbitals for the decomposition: 
Cr1 : ['orb_1', 'orb_2', 'orb_3', 'orb_4', 'orb_5', 'orb_6', 'orb_7', 'orb_8', 'orb_9', 'orb_10']
Cr2 : ['orb_1', 'orb_2', 'orb_3', 'orb_4', 'orb_5', 'orb_6', 'orb_7', 'orb_8', 'orb_9', 'orb_10']

==========================================================================================
Exchange: 
    i      j          R        J_iso(meV)          vector          distance(A) 
----------------------------------------------------------------------------------------
   Cr1   Cr1   (  1,   0,   0)  1.4253   ( 3.444,  0.000,  0.000)  3.444 
J_iso:  1.4253 
[Testing!] DMI: ( 0.0000 -0.0239 -0.0000)
[Testing!]J_ani:
[[-0.028 -0.     0.   ]
 [-0.    -0.043 -0.   ]
 [ 0.    -0.    -0.025]]
----------------------------------------------------------------------------------------
   Cr1   Cr1   ( -1,   0,   0)  1.4253   (-3.444,  0.000,  0.000)  3.444 
J_iso:  1.4253 
[Testing!] DMI: (-0.0000  0.0239  0.0000)
[Testing!]J_ani:
[[-0.028 -0.     0.   ]
 [-0.    -0.043 -0.   ]
 [ 0.    -0.    -0.025]]
----------------------------------------------------------------------------------------
   Cr2   Cr2   ( -1,   0,   0)  1.3984   (-3.444,  0.000,  0.000)  3.444 
J_iso:  1.3984 
[Testing!] DMI: ( 0.0000 -0.0250 -0.0000)
[Testing!]J_ani:
[[-0.028 -0.     0.   ]
 [-0.    -0.043 -0.   ]
 [ 0.    -0.    -0.026]]
----------------------------------------------------------------------------------------
   Cr2   Cr2   (  1,   0,   0)  1.3984   ( 3.444,  0.000,  0.000)  3.444 
J_iso:  1.3984 
[Testing!] DMI: (-0.0000  0.0250  0.0000)
[Testing!]J_ani:
[[-0.028 -0.     0.   ]
 [-0.    -0.043 -0.   ]
 [ 0.    -0.    -0.026]]
----------------------------------------------------------------------------------------
   Cr2   Cr1   ( -1,   0,   0)  3.1501   (-1.722, -2.404, -2.096)  3.625 
J_iso:  3.1501 
[Testing!] DMI: ( 0.0003 -0.0000 -0.0002)
[Testing!]J_ani:
[[-0.009  0.    -0.004]
 [ 0.    -0.012 -0.   ]
 [-0.004 -0.    -0.006]]
----------------------------------------------------------------------------------------
   Cr2   Cr1   ( -1,   1,   0)  3.1502   (-1.722,  2.404, -2.096)  3.625 
J_iso:  3.1502 
[Testing!] DMI: (-0.0003 -0.0000  0.0002)
[Testing!]J_ani:
[[-0.009 -0.    -0.004]
 [-0.    -0.012  0.   ]
 [-0.004  0.    -0.006]]
----------------------------------------------------------------------------------------
   Cr2   Cr1   (  0,   1,   0)  3.1501   ( 1.722,  2.404, -2.096)  3.625 
J_iso:  3.1501 
[Testing!] DMI: (-0.0003  0.0000 -0.0002)
[Testing!]J_ani:
[[-0.009  0.     0.004]
 [ 0.    -0.012  0.   ]
 [ 0.004  0.    -0.006]]
----------------------------------------------------------------------------------------
   Cr1   Cr2   (  1,  -1,   0)  3.1502   ( 1.722, -2.404,  2.096)  3.625 
J_iso:  3.1502 
[Testing!] DMI: ( 0.0003  0.0000 -0.0002)
[Testing!]J_ani:
[[-0.009 -0.    -0.004]
 [-0.    -0.012  0.   ]
 [-0.004  0.    -0.006]]
----------------------------------------------------------------------------------------
   Cr1   Cr2   (  1,   0,   0)  3.1501   ( 1.722,  2.404,  2.096)  3.625 
J_iso:  3.1501 
[Testing!] DMI: (-0.0003  0.0000  0.0002)
[Testing!]J_ani:
[[-0.009  0.    -0.004]
 [ 0.    -0.012 -0.   ]
 [-0.004 -0.    -0.006]]
----------------------------------------------------------------------------------------
   Cr1   Cr2   (  0,  -1,   0)  3.1501   (-1.722, -2.404,  2.096)  3.625 
J_iso:  3.1501 
[Testing!] DMI: ( 0.0003 -0.0000  0.0002)
[Testing!]J_ani:
[[-0.009  0.     0.004]
 [ 0.    -0.012  0.   ]
 [ 0.004  0.    -0.006]]
----------------------------------------------------------------------------------------
   Cr1   Cr2   (  0,   0,   0)  3.1500   (-1.722,  2.404,  2.096)  3.625 
J_iso:  3.1500 
[Testing!] DMI: (-0.0003 -0.0000 -0.0002)
[Testing!]J_ani:
[[-0.009 -0.     0.004]
 [-0.    -0.012 -0.   ]
 [ 0.004 -0.    -0.006]]
----------------------------------------------------------------------------------------
   Cr2   Cr1   (  0,   0,   0)  3.1500   ( 1.722, -2.404, -2.096)  3.625 
J_iso:  3.1500 
[Testing!] DMI: ( 0.0003  0.0000  0.0002)
[Testing!]J_ani:
[[-0.009 -0.     0.004]
 [-0.    -0.012 -0.   ]
 [ 0.004 -0.    -0.006]]
----------------------------------------------------------------------------------------
   Cr1   Cr1   (  0,  -1,   0)  4.0865   ( 0.000, -4.807,  0.000)  4.807 
J_iso:  4.0865 
[Testing!] DMI: ( 0.0717  0.0000  0.0000)
[Testing!]J_ani:
[[-0.015 -0.    -0.   ]
 [-0.    -0.004  0.   ]
 [-0.     0.    -0.008]]
----------------------------------------------------------------------------------------
   Cr2   Cr2   (  0,  -1,   0)  4.1050   ( 0.000, -4.807,  0.000)  4.807 
J_iso:  4.1050 
[Testing!] DMI: (-0.0710  0.0000 -0.0000)
[Testing!]J_ani:
[[-0.015 -0.    -0.   ]
 [-0.    -0.004  0.   ]
 [-0.     0.    -0.008]]
----------------------------------------------------------------------------------------
   Cr1   Cr1   (  0,   1,   0)  4.0865   ( 0.000,  4.807,  0.000)  4.807 
J_iso:  4.0865 
[Testing!] DMI: (-0.0717 -0.0000 -0.0000)
[Testing!]J_ani:
[[-0.015 -0.    -0.   ]
 [-0.    -0.004  0.   ]
 [-0.     0.    -0.008]]
----------------------------------------------------------------------------------------
   Cr2   Cr2   (  0,   1,   0)  4.1050   ( 0.000,  4.807,  0.000)  4.807 
J_iso:  4.1050 
[Testing!] DMI: ( 0.0710 -0.0000  0.0000)
[Testing!]J_ani:
[[-0.015 -0.    -0.   ]
 [-0.    -0.004  0.   ]
 [-0.     0.    -0.008]]
----------------------------------------------------------------------------------------
   Cr1   Cr1   ( -1,  -1,   0)  0.0211   (-3.444, -4.807,  0.000)  5.914 
J_iso:  0.0211 
[Testing!] DMI: (-0.0151 -0.0117  0.0000)
[Testing!]J_ani:
[[-0.006 -0.     0.   ]
 [-0.    -0.005 -0.   ]
 [ 0.    -0.    -0.004]]
----------------------------------------------------------------------------------------
   Cr2   Cr2   ( -1,  -1,   0)  0.0226   (-3.444, -4.807,  0.000)  5.914 
J_iso:  0.0226 
[Testing!] DMI: ( 0.0152  0.0116 -0.0000)
[Testing!]J_ani:
[[-0.006 -0.     0.   ]
 [-0.    -0.005  0.   ]
 [ 0.     0.    -0.004]]
----------------------------------------------------------------------------------------
   Cr1   Cr1   ( -1,   1,   0)  0.0211   (-3.444,  4.807,  0.000)  5.914 
J_iso:  0.0211 
[Testing!] DMI: ( 0.0151 -0.0117  0.0000)
[Testing!]J_ani:
[[-0.006  0.     0.   ]
 [ 0.    -0.005 -0.   ]
 [ 0.    -0.    -0.004]]
----------------------------------------------------------------------------------------
   Cr2   Cr2   ( -1,   1,   0)  0.0226   (-3.444,  4.807,  0.000)  5.914 
J_iso:  0.0226 
[Testing!] DMI: (-0.0152  0.0116 -0.0000)
[Testing!]J_ani:
[[-0.006  0.     0.   ]
 [ 0.    -0.005 -0.   ]
 [ 0.    -0.    -0.004]]
----------------------------------------------------------------------------------------
   Cr1   Cr1   (  1,  -1,   0)  0.0211   ( 3.444, -4.807,  0.000)  5.914 
J_iso:  0.0211 
[Testing!] DMI: (-0.0151  0.0117 -0.0000)
[Testing!]J_ani:
[[-0.006  0.     0.   ]
 [ 0.    -0.005 -0.   ]
 [ 0.    -0.    -0.004]]
----------------------------------------------------------------------------------------
   Cr2   Cr2   (  1,  -1,   0)  0.0226   ( 3.444, -4.807,  0.000)  5.914 
J_iso:  0.0226 
[Testing!] DMI: ( 0.0152 -0.0116  0.0000)
[Testing!]J_ani:
[[-0.006  0.     0.   ]
 [ 0.    -0.005 -0.   ]
 [ 0.    -0.    -0.004]]
----------------------------------------------------------------------------------------
   Cr1   Cr1   (  1,   1,   0)  0.0211   ( 3.444,  4.807,  0.000)  5.914 
J_iso:  0.0211 
[Testing!] DMI: ( 0.0151  0.0117 -0.0000)
[Testing!]J_ani:
[[-0.006 -0.     0.   ]
 [-0.    -0.005 -0.   ]
 [ 0.    -0.    -0.004]]
----------------------------------------------------------------------------------------
   Cr2   Cr2   (  1,   1,   0)  0.0226   ( 3.444,  4.807,  0.000)  5.914 
J_iso:  0.0226 
[Testing!] DMI: (-0.0152 -0.0116  0.0000)
[Testing!]J_ani:
[[-0.006 -0.     0.   ]
 [-0.    -0.005  0.   ]
 [ 0.     0.    -0.004]]
----------------------------------------------------------------------------------------
   Cr2   Cr1   ( -2,   1,   0)  0.1176   (-5.167,  2.404, -2.096)  6.072 
J_iso:  0.1176 
[Testing!] DMI: ( 0.0000  0.0000  0.0000)
[Testing!]J_ani:
[[-0.004  0.    -0.   ]
 [ 0.    -0.002 -0.   ]
 [-0.    -0.    -0.005]]
----------------------------------------------------------------------------------------
   Cr2   Cr1   (  1,   0,   0)  0.1176   ( 5.167, -2.404, -2.096)  6.072 
J_iso:  0.1176 
[Testing!] DMI: (-0.0000 -0.0000  0.0000)
[Testing!]J_ani:
[[-0.004  0.     0.   ]
 [ 0.    -0.002  0.   ]
 [ 0.     0.    -0.005]]
----------------------------------------------------------------------------------------
   Cr2   Cr1   (  1,   1,   0)  0.1176   ( 5.167,  2.404, -2.096)  6.072 
J_iso:  0.1176 
[Testing!] DMI: ( 0.0000 -0.0000 -0.0000)
[Testing!]J_ani:
[[-0.004 -0.     0.   ]
 [-0.    -0.002 -0.   ]
 [ 0.    -0.    -0.005]]
----------------------------------------------------------------------------------------
   Cr2   Cr1   ( -2,   0,   0)  0.1176   (-5.167, -2.404, -2.096)  6.072 
J_iso:  0.1176 
[Testing!] DMI: (-0.0000  0.0000 -0.0000)
[Testing!]J_ani:
[[-0.004 -0.    -0.   ]
 [-0.    -0.002  0.   ]
 [-0.     0.    -0.005]]
----------------------------------------------------------------------------------------
   Cr1   Cr2   ( -1,  -1,   0)  0.1176   (-5.167, -2.404,  2.096)  6.072 
J_iso:  0.1176 
[Testing!] DMI: (-0.0000  0.0000  0.0000)
[Testing!]J_ani:
[[-0.004 -0.     0.   ]
 [-0.    -0.002 -0.   ]
 [ 0.    -0.    -0.005]]
----------------------------------------------------------------------------------------
   Cr1   Cr2   ( -1,   0,   0)  0.1176   (-5.167,  2.404,  2.096)  6.072 
J_iso:  0.1176 
[Testing!] DMI: ( 0.0000  0.0000 -0.0000)
[Testing!]J_ani:
[[-0.004  0.     0.   ]
 [ 0.    -0.002  0.   ]
 [ 0.     0.    -0.005]]
----------------------------------------------------------------------------------------
   Cr1   Cr2   (  2,  -1,   0)  0.1176   ( 5.167, -2.404,  2.096)  6.072 
J_iso:  0.1176 
[Testing!] DMI: (-0.0000 -0.0000 -0.0000)
[Testing!]J_ani:
[[-0.004  0.    -0.   ]
 [ 0.    -0.002 -0.   ]
 [-0.    -0.    -0.005]]
----------------------------------------------------------------------------------------
   Cr1   Cr2   (  2,   0,   0)  0.1176   ( 5.167,  2.404,  2.096)  6.072 
J_iso:  0.1176 
[Testing!] DMI: ( 0.0000 -0.0000  0.0000)
[Testing!]J_ani:
[[-0.004 -0.    -0.   ]
 [-0.    -0.002  0.   ]
 [-0.     0.    -0.005]]
----------------------------------------------------------------------------------------
   Cr1   Cr1   (  2,   0,   0) -0.9255   ( 6.889,  0.000,  0.000)  6.889 
J_iso: -0.9255 
[Testing!] DMI: (-0.0000 -0.0068  0.0000)
[Testing!]J_ani:
[[-0.003 -0.     0.   ]
 [-0.    -0.004 -0.   ]
 [ 0.    -0.    -0.005]]
----------------------------------------------------------------------------------------
   Cr1   Cr1   ( -2,   0,   0) -0.9255   (-6.889,  0.000,  0.000)  6.889 
J_iso: -0.9255 
[Testing!] DMI: ( 0.0000  0.0068 -0.0000)
[Testing!]J_ani:
[[-0.003 -0.     0.   ]
 [-0.    -0.004 -0.   ]
 [ 0.    -0.    -0.005]]
----------------------------------------------------------------------------------------
   Cr2   Cr2   ( -2,   0,   0) -0.9259   (-6.889,  0.000,  0.000)  6.889 
J_iso: -0.9259 
[Testing!] DMI: (-0.0000 -0.0071 -0.0000)
[Testing!]J_ani:
[[-0.003 -0.     0.   ]
 [-0.    -0.004 -0.   ]
 [ 0.    -0.    -0.005]]
----------------------------------------------------------------------------------------
   Cr2   Cr2   (  2,   0,   0) -0.9259   ( 6.889,  0.000,  0.000)  6.889 
J_iso: -0.9259 
[Testing!] DMI: ( 0.0000  0.0071  0.0000)
[Testing!]J_ani:
[[-0.003 -0.     0.   ]
 [-0.    -0.004 -0.   ]
 [ 0.    -0.    -0.005]]
----------------------------------------------------------------------------------------
   Cr1   Cr2   (  0,  -2,   0)  0.5129   (-1.722, -7.211,  2.096)  7.704 
J_iso:  0.5129 
[Testing!] DMI: (-0.0001 -0.0000  0.0000)
[Testing!]J_ani:
[[-0.001 -0.     0.   ]
 [-0.    -0.002  0.   ]
 [ 0.     0.    -0.001]]
----------------------------------------------------------------------------------------
   Cr2   Cr1   (  0,   2,   0)  0.5129   ( 1.722,  7.211, -2.096)  7.704 
J_iso:  0.5129 
[Testing!] DMI: ( 0.0001  0.0000 -0.0000)
[Testing!]J_ani:
[[-0.001 -0.     0.   ]
 [-0.    -0.002  0.   ]
 [ 0.     0.    -0.001]]
----------------------------------------------------------------------------------------
   Cr1   Cr2   (  1,  -2,   0)  0.5129   ( 1.722, -7.211,  2.096)  7.704 
J_iso:  0.5129 
[Testing!] DMI: (-0.0001  0.0000 -0.0000)
[Testing!]J_ani:
[[-0.001  0.    -0.   ]
 [ 0.    -0.002  0.   ]
 [-0.     0.    -0.001]]
----------------------------------------------------------------------------------------
   Cr2   Cr1   ( -1,   2,   0)  0.5129   (-1.722,  7.211, -2.096)  7.704 
J_iso:  0.5129 
[Testing!] DMI: ( 0.0001 -0.0000  0.0000)
[Testing!]J_ani:
[[-0.001  0.    -0.   ]
 [ 0.    -0.002  0.   ]
 [-0.     0.    -0.001]]
----------------------------------------------------------------------------------------
   Cr2   Cr1   ( -1,  -1,   0)  0.5129   (-1.722, -7.211, -2.096)  7.704 
J_iso:  0.5129 
[Testing!] DMI: (-0.0001 -0.0000 -0.0000)
[Testing!]J_ani:
[[-0.001 -0.    -0.   ]
 [-0.    -0.002 -0.   ]
 [-0.    -0.    -0.001]]
----------------------------------------------------------------------------------------
   Cr2   Cr1   (  0,  -1,   0)  0.5129   ( 1.722, -7.211, -2.096)  7.704 
J_iso:  0.5129 
[Testing!] DMI: (-0.0001  0.0000  0.0000)
[Testing!]J_ani:
[[-0.001  0.     0.   ]
 [ 0.    -0.002 -0.   ]
 [ 0.    -0.    -0.001]]
----------------------------------------------------------------------------------------
   Cr1   Cr2   (  0,   1,   0)  0.5129   (-1.722,  7.211,  2.096)  7.704 
J_iso:  0.5129 
[Testing!] DMI: ( 0.0001 -0.0000 -0.0000)
[Testing!]J_ani:
[[-0.001  0.     0.   ]
 [ 0.    -0.002 -0.   ]
 [ 0.    -0.    -0.001]]
----------------------------------------------------------------------------------------
   Cr1   Cr2   (  1,   1,   0)  0.5129   ( 1.722,  7.211,  2.096)  7.704 
J_iso:  0.5129 
[Testing!] DMI: ( 0.0001  0.0000  0.0000)
[Testing!]J_ani:
[[-0.001 -0.    -0.   ]
 [-0.    -0.002 -0.   ]
 [-0.    -0.    -0.001]]
----------------------------------------------------------------------------------------
   Cr1   Cr1   ( -2,  -1,   0)  0.0037   (-6.889, -4.807,  0.000)  8.400 
J_iso:  0.0037 
[Testing!] DMI: ( 0.0003 -0.0011  0.0000)
[Testing!]J_ani:
[[-0.001 -0.    -0.   ]
 [-0.    -0.001 -0.   ]
 [-0.    -0.    -0.001]]
----------------------------------------------------------------------------------------
   Cr2   Cr2   ( -2,  -1,   0)  0.0035   (-6.889, -4.807,  0.000)  8.400 
J_iso:  0.0035 
[Testing!] DMI: (-0.0003  0.0011 -0.0000)
[Testing!]J_ani:
[[-0.001 -0.    -0.   ]
 [-0.    -0.001 -0.   ]
 [-0.    -0.    -0.001]]
----------------------------------------------------------------------------------------
   Cr1   Cr1   ( -2,   1,   0)  0.0037   (-6.889,  4.807,  0.000)  8.400 
J_iso:  0.0037 
[Testing!] DMI: (-0.0003 -0.0011 -0.0000)
[Testing!]J_ani:
[[-0.001  0.    -0.   ]
 [ 0.    -0.001  0.   ]
 [-0.     0.    -0.001]]
----------------------------------------------------------------------------------------
   Cr2   Cr2   ( -2,   1,   0)  0.0035   (-6.889,  4.807,  0.000)  8.400 
J_iso:  0.0035 
[Testing!] DMI: ( 0.0003  0.0011  0.0000)
[Testing!]J_ani:
[[-0.001  0.    -0.   ]
 [ 0.    -0.001  0.   ]
 [-0.     0.    -0.001]]
----------------------------------------------------------------------------------------
   Cr1   Cr1   (  2,  -1,   0)  0.0037   ( 6.889, -4.807,  0.000)  8.400 
J_iso:  0.0037 
[Testing!] DMI: ( 0.0003  0.0011  0.0000)
[Testing!]J_ani:
[[-0.001  0.    -0.   ]
 [ 0.    -0.001  0.   ]
 [-0.     0.    -0.001]]
----------------------------------------------------------------------------------------
   Cr2   Cr2   (  2,  -1,   0)  0.0035   ( 6.889, -4.807,  0.000)  8.400 
J_iso:  0.0035 
[Testing!] DMI: (-0.0003 -0.0011 -0.0000)
[Testing!]J_ani:
[[-0.001  0.    -0.   ]
 [ 0.    -0.001  0.   ]
 [-0.     0.    -0.001]]
----------------------------------------------------------------------------------------
   Cr1   Cr1   (  2,   1,   0)  0.0037   ( 6.889,  4.807,  0.000)  8.400 
J_iso:  0.0037 
[Testing!] DMI: (-0.0003  0.0011 -0.0000)
[Testing!]J_ani:
[[-0.001 -0.    -0.   ]
 [-0.    -0.001 -0.   ]
 [-0.    -0.    -0.001]]
----------------------------------------------------------------------------------------
   Cr2   Cr2   (  2,   1,   0)  0.0035   ( 6.889,  4.807,  0.000)  8.400 
J_iso:  0.0035 
[Testing!] DMI: ( 0.0003 -0.0011  0.0000)
[Testing!]J_ani:
[[-0.001 -0.    -0.   ]
 [-0.    -0.001 -0.   ]
 [-0.    -0.    -0.001]]
----------------------------------------------------------------------------------------
   Cr2   Cr1   (  1,   2,   0)  0.0018   ( 5.167,  7.211, -2.096)  9.115 
J_iso:  0.0018 
[Testing!] DMI: (-0.0000  0.0000 -0.0000)
[Testing!]J_ani:
[[-0.001 -0.    -0.   ]
 [-0.    -0.001 -0.   ]
 [-0.    -0.    -0.001]]
----------------------------------------------------------------------------------------
   Cr2   Cr1   ( -2,  -1,   0)  0.0018   (-5.167, -7.211, -2.096)  9.115 
J_iso:  0.0018 
[Testing!] DMI: ( 0.0000 -0.0000 -0.0000)
[Testing!]J_ani:
[[-0.001 -0.     0.   ]
 [-0.    -0.001  0.   ]
 [ 0.     0.    -0.001]]
----------------------------------------------------------------------------------------
   Cr2   Cr1   (  1,  -1,   0)  0.0018   ( 5.167, -7.211, -2.096)  9.115 
J_iso:  0.0018 
[Testing!] DMI: ( 0.0000  0.0000  0.0000)
[Testing!]J_ani:
[[-0.001  0.    -0.   ]
 [ 0.    -0.001  0.   ]
 [-0.     0.    -0.001]]
----------------------------------------------------------------------------------------
   Cr1   Cr2   ( -1,  -2,   0)  0.0018   (-5.167, -7.211,  2.096)  9.115 
J_iso:  0.0018 
[Testing!] DMI: ( 0.0000 -0.0000  0.0000)
[Testing!]J_ani:
[[-0.001 -0.    -0.   ]
 [-0.    -0.001 -0.   ]
 [-0.    -0.    -0.001]]
----------------------------------------------------------------------------------------
   Cr1   Cr2   (  2,  -2,   0)  0.0018   ( 5.167, -7.211,  2.096)  9.115 
J_iso:  0.0018 
[Testing!] DMI: ( 0.0000  0.0000 -0.0000)
[Testing!]J_ani:
[[-0.001  0.     0.   ]
 [ 0.    -0.001 -0.   ]
 [ 0.    -0.    -0.001]]
----------------------------------------------------------------------------------------
   Cr2   Cr1   ( -2,   2,   0)  0.0018   (-5.167,  7.211, -2.096)  9.115 
J_iso:  0.0018 
[Testing!] DMI: (-0.0000 -0.0000  0.0000)
[Testing!]J_ani:
[[-0.001  0.     0.   ]
 [ 0.    -0.001 -0.   ]
 [ 0.    -0.    -0.001]]
----------------------------------------------------------------------------------------
   Cr1   Cr2   ( -1,   1,   0)  0.0018   (-5.167,  7.211,  2.096)  9.115 
J_iso:  0.0018 
[Testing!] DMI: (-0.0000 -0.0000 -0.0000)
[Testing!]J_ani:
[[-0.001  0.    -0.   ]
 [ 0.    -0.001  0.   ]
 [-0.     0.    -0.001]]
----------------------------------------------------------------------------------------
   Cr1   Cr2   (  2,   1,   0)  0.0018   ( 5.167,  7.211,  2.096)  9.115 
J_iso:  0.0018 
[Testing!] DMI: (-0.0000  0.0000  0.0000)
[Testing!]J_ani:
[[-0.001 -0.     0.   ]
 [-0.    -0.001  0.   ]
 [ 0.     0.    -0.001]]
----------------------------------------------------------------------------------------
   Cr1   Cr2   ( -2,  -1,   0) -0.0082   (-8.611, -2.404,  2.096)  9.183 
J_iso: -0.0082 
[Testing!] DMI: ( 0.0000 -0.0000  0.0000)
[Testing!]J_ani:
[[-0.    -0.    -0.   ]
 [-0.    -0.001 -0.   ]
 [-0.    -0.    -0.   ]]
----------------------------------------------------------------------------------------
   Cr1   Cr2   ( -2,   0,   0) -0.0082   (-8.611,  2.404,  2.096)  9.183 
J_iso: -0.0082 
[Testing!] DMI: (-0.0000 -0.0000 -0.0000)
[Testing!]J_ani:
[[-0.     0.    -0.   ]
 [ 0.    -0.001  0.   ]
 [-0.     0.    -0.   ]]
----------------------------------------------------------------------------------------
   Cr2   Cr1   (  2,   0,   0) -0.0082   ( 8.611, -2.404, -2.096)  9.183 
J_iso: -0.0082 
[Testing!] DMI: ( 0.0000  0.0000  0.0000)
[Testing!]J_ani:
[[-0.     0.    -0.   ]
 [ 0.    -0.001  0.   ]
 [-0.     0.    -0.   ]]
----------------------------------------------------------------------------------------
   Cr2   Cr1   (  2,   1,   0) -0.0082   ( 8.611,  2.404, -2.096)  9.183 
J_iso: -0.0082 
[Testing!] DMI: (-0.0000  0.0000 -0.0000)
[Testing!]J_ani:
[[-0.    -0.    -0.   ]
 [-0.    -0.001 -0.   ]
 [-0.    -0.    -0.   ]]
----------------------------------------------------------------------------------------
   Cr1   Cr2   (  3,  -1,   0) -0.0082   ( 8.611, -2.404,  2.096)  9.183 
J_iso: -0.0082 
[Testing!] DMI: ( 0.0000  0.0000 -0.0000)
[Testing!]J_ani:
[[-0.     0.     0.   ]
 [ 0.    -0.001 -0.   ]
 [ 0.    -0.    -0.   ]]
----------------------------------------------------------------------------------------
   Cr1   Cr2   (  3,   0,   0) -0.0082   ( 8.611,  2.404,  2.096)  9.183 
J_iso: -0.0082 
[Testing!] DMI: (-0.0000  0.0000  0.0000)
[Testing!]J_ani:
[[-0.    -0.     0.   ]
 [-0.    -0.001  0.   ]
 [ 0.     0.    -0.   ]]
----------------------------------------------------------------------------------------
   Cr2   Cr1   ( -3,   0,   0) -0.0082   (-8.611, -2.404, -2.096)  9.183 
J_iso: -0.0082 
[Testing!] DMI: ( 0.0000 -0.0000 -0.0000)
[Testing!]J_ani:
[[-0.    -0.     0.   ]
 [-0.    -0.001  0.   ]
 [ 0.     0.    -0.   ]]
----------------------------------------------------------------------------------------
   Cr2   Cr1   ( -3,   1,   0) -0.0082   (-8.611,  2.404, -2.096)  9.183 
J_iso: -0.0082 
[Testing!] DMI: (-0.0000 -0.0000  0.0000)
[Testing!]J_ani:
[[-0.     0.     0.   ]
 [ 0.    -0.001 -0.   ]
 [ 0.    -0.    -0.   ]]
----------------------------------------------------------------------------------------
   Cr1   Cr1   (  0,  -2,   0)  0.0317   ( 0.000, -9.614,  0.000)  9.614 
J_iso:  0.0317 
[Testing!] DMI: ( 0.0345 -0.0000  0.0000)
[Testing!]J_ani:
[[-0.001 -0.    -0.   ]
 [-0.    -0.     0.   ]
 [-0.     0.    -0.   ]]
----------------------------------------------------------------------------------------
   Cr2   Cr2   (  0,  -2,   0)  0.0320   ( 0.000, -9.614,  0.000)  9.614 
J_iso:  0.0320 
[Testing!] DMI: (-0.0343 -0.0000 -0.0000)
[Testing!]J_ani:
[[-0.001 -0.    -0.   ]
 [-0.    -0.     0.   ]
 [-0.     0.    -0.   ]]
----------------------------------------------------------------------------------------
   Cr1   Cr1   (  0,   2,   0)  0.0317   ( 0.000,  9.614,  0.000)  9.614 
J_iso:  0.0317 
[Testing!] DMI: (-0.0345  0.0000 -0.0000)
[Testing!]J_ani:
[[-0.001 -0.    -0.   ]
 [-0.    -0.     0.   ]
 [-0.     0.    -0.   ]]
----------------------------------------------------------------------------------------
   Cr2   Cr2   (  0,   2,   0)  0.0320   ( 0.000,  9.614,  0.000)  9.614 
J_iso:  0.0320 
[Testing!] DMI: ( 0.0343  0.0000  0.0000)
[Testing!]J_ani:
[[-0.001 -0.    -0.   ]
 [-0.    -0.     0.   ]
 [-0.     0.    -0.   ]]
