==========================================================================================
Information: 
Exchange parameters generated by TB2J 0.7.2.1
Generation time: 22/06/12 16:24:36
 Input from non-collinear Wannier90 data.
 Tight binding data from .//105.3/105.3.z. 
 Prefix of wannier function files:crsbr.105.z.3.
Warning: Please check if the noise level of Wannier function Hamiltonian to make sure it is much smaller than the exchange values.
 The DMI component parallel to the spin orientation, the Jani which has the component of that orientation should be disregarded
 e.g. if the spins are along z, the xz, yz, zz, zx, zy components and the z component of DMI.
 If you need these component, try to do three calculations with spin along x, y, z,  or use structure with z rotated to x, y and z. And then use TB2J_merge.py to get the full set of parameters.


Merged from TB2J results in paths: 
  .//105.3/105.3.x
  .//105.3/105.3.y
  .//105.3/105.3.z
, which are from DFT data with spin along x, y, z orientation

==========================================================================================
Cell (Angstrom):
 3.767   0.000   0.000
 0.000   4.807   0.000
 0.000   0.000  23.571

==========================================================================================
Atoms:  
(Note: charge and magmoms only count the wannier functions.)
Atom_number      x         y         z     w_charge    M(x)      M(y)      M(z)   
Br1             0.9418    1.2018   -0.0668    5.6143   -0.0000   -0.0000   -0.0893
Cr1             2.8255    1.2018    1.7371    4.3330    0.0000    0.0000    3.3722
S1              2.8255    3.6054    2.2030    5.0530   -0.0000    0.0000   -0.2810
Br2             2.8255    3.6054    5.6376    5.6142   -0.0000   -0.0000   -0.0895
Cr2             0.9418    3.6054    3.8336    4.3322    0.0000    0.0000    3.3719
S2              0.9418    1.2018    3.3678    5.0526   -0.0000    0.0000   -0.2811
Total                                        29.9992    0.0000    0.0000    6.0031

==========================================================================================
Orbitals used in decomposition: 
The name of the orbitals for the decomposition: 
Cr1 : ['orb_1', 'orb_2', 'orb_3', 'orb_4', 'orb_5', 'orb_6', 'orb_7', 'orb_8', 'orb_9', 'orb_10']
Cr2 : ['orb_1', 'orb_2', 'orb_3', 'orb_4', 'orb_5', 'orb_6', 'orb_7', 'orb_8', 'orb_9', 'orb_10']

==========================================================================================
Exchange: 
    i      j          R        J_iso(meV)          vector          distance(A) 
----------------------------------------------------------------------------------------
   Cr2   Cr1   ( -1,   1,   0)  3.3265   (-1.884,  2.404, -2.096)  3.704 
J_iso:  3.3265 
[Testing!] DMI: (-0.0000 -0.0001 -0.0001)
[Testing!]J_ani:
[[-0.009 -0.    -0.003]
 [-0.    -0.014  0.   ]
 [-0.003  0.    -0.008]]
----------------------------------------------------------------------------------------
   Cr1   Cr2   (  0,  -1,   0)  3.3264   (-1.884, -2.404,  2.096)  3.704 
J_iso:  3.3264 
[Testing!] DMI: ( 0.0000 -0.0000 -0.0002)
[Testing!]J_ani:
[[-0.009  0.     0.003]
 [ 0.    -0.014  0.   ]
 [ 0.003  0.    -0.008]]
----------------------------------------------------------------------------------------
   Cr1   Cr2   (  0,   0,   0)  3.3263   (-1.884,  2.404,  2.096)  3.704 
J_iso:  3.3263 
[Testing!] DMI: (-0.0001  0.0001  0.0001)
[Testing!]J_ani:
[[-0.009 -0.     0.003]
 [-0.    -0.014 -0.   ]
 [ 0.003 -0.    -0.008]]
----------------------------------------------------------------------------------------
   Cr2   Cr1   (  0,   0,   0)  3.3263   ( 1.884, -2.404, -2.096)  3.704 
J_iso:  3.3263 
[Testing!] DMI: ( 0.0001 -0.0001 -0.0001)
[Testing!]J_ani:
[[-0.009 -0.     0.003]
 [-0.    -0.014 -0.   ]
 [ 0.003 -0.    -0.008]]
----------------------------------------------------------------------------------------
   Cr2   Cr1   (  0,   1,   0)  3.3264   ( 1.884,  2.404, -2.096)  3.704 
J_iso:  3.3264 
[Testing!] DMI: (-0.0000  0.0000  0.0002)
[Testing!]J_ani:
[[-0.009  0.     0.003]
 [ 0.    -0.014  0.   ]
 [ 0.003  0.    -0.008]]
----------------------------------------------------------------------------------------
   Cr2   Cr1   ( -1,   0,   0)  3.3264   (-1.884, -2.404, -2.096)  3.704 
J_iso:  3.3264 
[Testing!] DMI: ( 0.0000 -0.0001  0.0001)
[Testing!]J_ani:
[[-0.009  0.    -0.003]
 [ 0.    -0.014 -0.   ]
 [-0.003 -0.    -0.008]]
----------------------------------------------------------------------------------------
   Cr1   Cr2   (  1,  -1,   0)  3.3265   ( 1.884, -2.404,  2.096)  3.704 
J_iso:  3.3265 
[Testing!] DMI: ( 0.0000  0.0001  0.0001)
[Testing!]J_ani:
[[-0.009 -0.    -0.003]
 [-0.    -0.014  0.   ]
 [-0.003  0.    -0.008]]
----------------------------------------------------------------------------------------
   Cr1   Cr2   (  1,   0,   0)  3.3264   ( 1.884,  2.404,  2.096)  3.704 
J_iso:  3.3264 
[Testing!] DMI: (-0.0000  0.0001 -0.0001)
[Testing!]J_ani:
[[-0.009  0.    -0.003]
 [ 0.    -0.014 -0.   ]
 [-0.003 -0.    -0.008]]
----------------------------------------------------------------------------------------
   Cr1   Cr1   ( -1,   0,   0)  4.7946   (-3.767,  0.000,  0.000)  3.767 
J_iso:  4.7946 
[Testing!] DMI: (-0.0000 -0.0581 -0.0000)
[Testing!]J_ani:
[[-0.039 -0.     0.   ]
 [-0.    -0.072 -0.   ]
 [ 0.    -0.    -0.033]]
----------------------------------------------------------------------------------------
   Cr2   Cr2   ( -1,   0,   0)  4.7979   (-3.767,  0.000,  0.000)  3.767 
J_iso:  4.7979 
[Testing!] DMI: (-0.0000  0.0583 -0.0001)
[Testing!]J_ani:
[[-0.039  0.     0.   ]
 [ 0.    -0.072 -0.   ]
 [ 0.    -0.    -0.033]]
----------------------------------------------------------------------------------------
   Cr2   Cr2   (  1,   0,   0)  4.7979   ( 3.767,  0.000,  0.000)  3.767 
J_iso:  4.7979 
[Testing!] DMI: ( 0.0000 -0.0583  0.0001)
[Testing!]J_ani:
[[-0.039  0.     0.   ]
 [ 0.    -0.072 -0.   ]
 [ 0.    -0.    -0.033]]
----------------------------------------------------------------------------------------
   Cr1   Cr1   (  1,   0,   0)  4.7946   ( 3.767,  0.000,  0.000)  3.767 
J_iso:  4.7946 
[Testing!] DMI: ( 0.0000  0.0581  0.0000)
[Testing!]J_ani:
[[-0.039 -0.     0.   ]
 [-0.    -0.072 -0.   ]
 [ 0.    -0.    -0.033]]
----------------------------------------------------------------------------------------
   Cr1   Cr1   (  0,  -1,   0)  4.2966   ( 0.000, -4.807,  0.000)  4.807 
J_iso:  4.2966 
[Testing!] DMI: ( 0.0460  0.0002  0.0002)
[Testing!]J_ani:
[[-0.018 -0.    -0.   ]
 [-0.    -0.003  0.   ]
 [-0.     0.    -0.008]]
----------------------------------------------------------------------------------------
   Cr2   Cr2   (  0,  -1,   0)  4.2942   ( 0.000, -4.807,  0.000)  4.807 
J_iso:  4.2942 
[Testing!] DMI: (-0.0455 -0.0001 -0.0001)
[Testing!]J_ani:
[[-0.018 -0.    -0.   ]
 [-0.    -0.003  0.   ]
 [-0.     0.    -0.008]]
----------------------------------------------------------------------------------------
   Cr1   Cr1   (  0,   1,   0)  4.2966   ( 0.000,  4.807,  0.000)  4.807 
J_iso:  4.2966 
[Testing!] DMI: (-0.0460 -0.0002 -0.0002)
[Testing!]J_ani:
[[-0.018 -0.    -0.   ]
 [-0.    -0.003  0.   ]
 [-0.     0.    -0.008]]
----------------------------------------------------------------------------------------
   Cr2   Cr2   (  0,   1,   0)  4.2942   ( 0.000,  4.807,  0.000)  4.807 
J_iso:  4.2942 
[Testing!] DMI: ( 0.0455  0.0001  0.0001)
[Testing!]J_ani:
[[-0.018 -0.    -0.   ]
 [-0.    -0.003  0.   ]
 [-0.     0.    -0.008]]
----------------------------------------------------------------------------------------
   Cr1   Cr1   ( -1,  -1,   0)  0.0603   (-3.767, -4.807,  0.000)  6.108 
J_iso:  0.0603 
[Testing!] DMI: (-0.0257 -0.0267 -0.0000)
[Testing!]J_ani:
[[-0.01  -0.001  0.   ]
 [-0.001 -0.009 -0.   ]
 [ 0.    -0.    -0.007]]
----------------------------------------------------------------------------------------
   Cr2   Cr2   ( -1,  -1,   0)  0.0601   (-3.767, -4.807,  0.000)  6.108 
J_iso:  0.0601 
[Testing!] DMI: ( 0.0257  0.0267 -0.0000)
[Testing!]J_ani:
[[-0.01  -0.001  0.   ]
 [-0.001 -0.009 -0.   ]
 [ 0.    -0.    -0.007]]
----------------------------------------------------------------------------------------
   Cr1   Cr1   ( -1,   1,   0)  0.0603   (-3.767,  4.807,  0.000)  6.108 
J_iso:  0.0603 
[Testing!] DMI: ( 0.0257 -0.0267  0.0000)
[Testing!]J_ani:
[[-0.01   0.001 -0.   ]
 [ 0.001 -0.009  0.   ]
 [-0.     0.    -0.007]]
----------------------------------------------------------------------------------------
   Cr2   Cr2   ( -1,   1,   0)  0.0602   (-3.767,  4.807,  0.000)  6.108 
J_iso:  0.0602 
[Testing!] DMI: (-0.0257  0.0267  0.0000)
[Testing!]J_ani:
[[-0.01   0.001 -0.   ]
 [ 0.001 -0.009  0.   ]
 [-0.     0.    -0.007]]
----------------------------------------------------------------------------------------
   Cr1   Cr1   (  1,  -1,   0)  0.0603   ( 3.767, -4.807,  0.000)  6.108 
J_iso:  0.0603 
[Testing!] DMI: (-0.0257  0.0267 -0.0000)
[Testing!]J_ani:
[[-0.01   0.001 -0.   ]
 [ 0.001 -0.009  0.   ]
 [-0.     0.    -0.007]]
----------------------------------------------------------------------------------------
   Cr2   Cr2   (  1,  -1,   0)  0.0602   ( 3.767, -4.807,  0.000)  6.108 
J_iso:  0.0602 
[Testing!] DMI: ( 0.0257 -0.0267 -0.0000)
[Testing!]J_ani:
[[-0.01   0.001 -0.   ]
 [ 0.001 -0.009  0.   ]
 [-0.     0.    -0.007]]
----------------------------------------------------------------------------------------
   Cr1   Cr1   (  1,   1,   0)  0.0603   ( 3.767,  4.807,  0.000)  6.108 
J_iso:  0.0603 
[Testing!] DMI: ( 0.0257  0.0267  0.0000)
[Testing!]J_ani:
[[-0.01  -0.001  0.   ]
 [-0.001 -0.009 -0.   ]
 [ 0.    -0.    -0.007]]
----------------------------------------------------------------------------------------
   Cr2   Cr2   (  1,   1,   0)  0.0601   ( 3.767,  4.807,  0.000)  6.108 
J_iso:  0.0601 
[Testing!] DMI: (-0.0257 -0.0267  0.0000)
[Testing!]J_ani:
[[-0.01  -0.001  0.   ]
 [-0.001 -0.009 -0.   ]
 [ 0.    -0.    -0.007]]
----------------------------------------------------------------------------------------
   Cr2   Cr1   ( -2,   1,   0)  0.1205   (-5.651,  2.404, -2.096)  6.489 
J_iso:  0.1205 
[Testing!] DMI: (-0.0000  0.0000 -0.0000)
[Testing!]J_ani:
[[-0.007  0.    -0.001]
 [ 0.    -0.003 -0.001]
 [-0.001 -0.001 -0.009]]
----------------------------------------------------------------------------------------
   Cr2   Cr1   ( -2,   0,   0)  0.1205   (-5.651, -2.404, -2.096)  6.489 
J_iso:  0.1205 
[Testing!] DMI: ( 0.0000 -0.0000  0.0000)
[Testing!]J_ani:
[[-0.007 -0.    -0.001]
 [-0.    -0.003  0.001]
 [-0.001  0.001 -0.009]]
----------------------------------------------------------------------------------------
   Cr1   Cr2   ( -1,  -1,   0)  0.1205   (-5.651, -2.404,  2.096)  6.489 
J_iso:  0.1205 
[Testing!] DMI: ( 0.0000  0.0000 -0.0000)
[Testing!]J_ani:
[[-0.007 -0.     0.001]
 [-0.    -0.003 -0.001]
 [ 0.001 -0.001 -0.009]]
----------------------------------------------------------------------------------------
   Cr1   Cr2   ( -1,   0,   0)  0.1205   (-5.651,  2.404,  2.096)  6.489 
J_iso:  0.1205 
[Testing!] DMI: (-0.0000  0.0000  0.0001)
[Testing!]J_ani:
[[-0.007  0.     0.001]
 [ 0.    -0.003  0.001]
 [ 0.001  0.001 -0.009]]
----------------------------------------------------------------------------------------
   Cr2   Cr1   (  1,   0,   0)  0.1205   ( 5.651, -2.404, -2.096)  6.489 
J_iso:  0.1205 
[Testing!] DMI: ( 0.0000 -0.0000 -0.0001)
[Testing!]J_ani:
[[-0.007  0.     0.001]
 [ 0.    -0.003  0.001]
 [ 0.001  0.001 -0.009]]
----------------------------------------------------------------------------------------
   Cr2   Cr1   (  1,   1,   0)  0.1205   ( 5.651,  2.404, -2.096)  6.489 
J_iso:  0.1205 
[Testing!] DMI: (-0.0000 -0.0000  0.0000)
[Testing!]J_ani:
[[-0.007 -0.     0.001]
 [-0.    -0.003 -0.001]
 [ 0.001 -0.001 -0.009]]
----------------------------------------------------------------------------------------
   Cr1   Cr2   (  2,  -1,   0)  0.1205   ( 5.651, -2.404,  2.096)  6.489 
J_iso:  0.1205 
[Testing!] DMI: ( 0.0000 -0.0000  0.0000)
[Testing!]J_ani:
[[-0.007  0.    -0.001]
 [ 0.    -0.003 -0.001]
 [-0.001 -0.001 -0.009]]
----------------------------------------------------------------------------------------
   Cr1   Cr2   (  2,   0,   0)  0.1205   ( 5.651,  2.404,  2.096)  6.489 
J_iso:  0.1205 
[Testing!] DMI: (-0.0000  0.0000 -0.0000)
[Testing!]J_ani:
[[-0.007 -0.    -0.001]
 [-0.    -0.003  0.001]
 [-0.001  0.001 -0.009]]
----------------------------------------------------------------------------------------
   Cr1   Cr1   ( -2,   0,   0) -0.4760   (-7.535,  0.000,  0.000)  7.535 
J_iso: -0.4760 
[Testing!] DMI: ( 0.0000  0.0088  0.0000)
[Testing!]J_ani:
[[-0.004 -0.    -0.   ]
 [-0.    -0.005 -0.   ]
 [-0.    -0.    -0.004]]
----------------------------------------------------------------------------------------
   Cr2   Cr2   ( -2,   0,   0) -0.4761   (-7.535,  0.000,  0.000)  7.535 
J_iso: -0.4761 
[Testing!] DMI: (-0.0000 -0.0088 -0.0000)
[Testing!]J_ani:
[[-0.004 -0.    -0.   ]
 [-0.    -0.005  0.   ]
 [-0.     0.    -0.004]]
----------------------------------------------------------------------------------------
   Cr2   Cr2   (  2,   0,   0) -0.4761   ( 7.535,  0.000,  0.000)  7.535 
J_iso: -0.4761 
[Testing!] DMI: ( 0.0000  0.0088  0.0000)
[Testing!]J_ani:
[[-0.004 -0.    -0.   ]
 [-0.    -0.005  0.   ]
 [-0.     0.    -0.004]]
----------------------------------------------------------------------------------------
   Cr1   Cr1   (  2,   0,   0) -0.4760   ( 7.535,  0.000,  0.000)  7.535 
J_iso: -0.4760 
[Testing!] DMI: (-0.0000 -0.0088 -0.0000)
[Testing!]J_ani:
[[-0.004 -0.    -0.   ]
 [-0.    -0.005 -0.   ]
 [-0.    -0.    -0.004]]
----------------------------------------------------------------------------------------
   Cr1   Cr2   (  0,  -2,   0)  0.5599   (-1.884, -7.211,  2.096)  7.742 
J_iso:  0.5599 
[Testing!] DMI: ( 0.0000  0.0000 -0.0001)
[Testing!]J_ani:
[[-0.002 -0.     0.001]
 [-0.    -0.002  0.   ]
 [ 0.001  0.    -0.002]]
----------------------------------------------------------------------------------------
   Cr2   Cr1   (  0,   2,   0)  0.5599   ( 1.884,  7.211, -2.096)  7.742 
J_iso:  0.5599 
[Testing!] DMI: (-0.0000 -0.0000  0.0001)
[Testing!]J_ani:
[[-0.002 -0.     0.001]
 [-0.    -0.002  0.   ]
 [ 0.001  0.    -0.002]]
----------------------------------------------------------------------------------------
   Cr1   Cr2   (  1,  -2,   0)  0.5599   ( 1.884, -7.211,  2.096)  7.742 
J_iso:  0.5599 
[Testing!] DMI: ( 0.0000  0.0000  0.0001)
[Testing!]J_ani:
[[-0.002  0.    -0.001]
 [ 0.    -0.002  0.   ]
 [-0.001  0.    -0.002]]
----------------------------------------------------------------------------------------
   Cr2   Cr1   ( -1,   2,   0)  0.5599   (-1.884,  7.211, -2.096)  7.742 
J_iso:  0.5599 
[Testing!] DMI: (-0.0000 -0.0000 -0.0001)
[Testing!]J_ani:
[[-0.002  0.    -0.001]
 [ 0.    -0.002  0.   ]
 [-0.001  0.    -0.002]]
----------------------------------------------------------------------------------------
   Cr2   Cr1   ( -1,  -1,   0)  0.5599   (-1.884, -7.211, -2.096)  7.742 
J_iso:  0.5599 
[Testing!] DMI: ( 0.0000 -0.0000  0.0001)
[Testing!]J_ani:
[[-0.002 -0.    -0.001]
 [-0.    -0.002 -0.   ]
 [-0.001 -0.    -0.002]]
----------------------------------------------------------------------------------------
   Cr2   Cr1   (  0,  -1,   0)  0.5599   ( 1.884, -7.211, -2.096)  7.742 
J_iso:  0.5599 
[Testing!] DMI: ( 0.0000 -0.0000 -0.0001)
[Testing!]J_ani:
[[-0.002  0.     0.001]
 [ 0.    -0.002 -0.   ]
 [ 0.001 -0.    -0.002]]
----------------------------------------------------------------------------------------
   Cr1   Cr2   (  0,   1,   0)  0.5599   (-1.884,  7.211,  2.096)  7.742 
J_iso:  0.5599 
[Testing!] DMI: (-0.0000  0.0000  0.0001)
[Testing!]J_ani:
[[-0.002  0.     0.001]
 [ 0.    -0.002 -0.   ]
 [ 0.001 -0.    -0.002]]
----------------------------------------------------------------------------------------
   Cr1   Cr2   (  1,   1,   0)  0.5599   ( 1.884,  7.211,  2.096)  7.742 
J_iso:  0.5599 
[Testing!] DMI: (-0.0000  0.0000 -0.0001)
[Testing!]J_ani:
[[-0.002 -0.    -0.001]
 [-0.    -0.002 -0.   ]
 [-0.001 -0.    -0.002]]
----------------------------------------------------------------------------------------
   Cr1   Cr1   ( -2,  -1,   0)  0.0069   (-7.535, -4.807,  0.000)  8.938 
J_iso:  0.0069 
[Testing!] DMI: ( 0.0008 -0.0013  0.0000)
[Testing!]J_ani:
[[-0.001 -0.    -0.   ]
 [-0.    -0.001  0.   ]
 [-0.     0.    -0.001]]
----------------------------------------------------------------------------------------
   Cr2   Cr2   ( -2,  -1,   0)  0.0069   (-7.535, -4.807,  0.000)  8.938 
J_iso:  0.0069 
[Testing!] DMI: (-0.0008  0.0013 -0.0000)
[Testing!]J_ani:
[[-0.001 -0.    -0.   ]
 [-0.    -0.001 -0.   ]
 [-0.    -0.    -0.001]]
----------------------------------------------------------------------------------------
   Cr1   Cr1   ( -2,   1,   0)  0.0069   (-7.535,  4.807,  0.000)  8.938 
J_iso:  0.0069 
[Testing!] DMI: (-0.0008 -0.0013 -0.0000)
[Testing!]J_ani:
[[-0.001  0.     0.   ]
 [ 0.    -0.001 -0.   ]
 [ 0.    -0.    -0.001]]
----------------------------------------------------------------------------------------
   Cr2   Cr2   ( -2,   1,   0)  0.0069   (-7.535,  4.807,  0.000)  8.938 
J_iso:  0.0069 
[Testing!] DMI: ( 0.0008  0.0014  0.0000)
[Testing!]J_ani:
[[-0.001  0.     0.   ]
 [ 0.    -0.001 -0.   ]
 [ 0.    -0.    -0.001]]
----------------------------------------------------------------------------------------
   Cr1   Cr1   (  2,  -1,   0)  0.0069   ( 7.535, -4.807,  0.000)  8.938 
J_iso:  0.0069 
[Testing!] DMI: ( 0.0008  0.0013  0.0000)
[Testing!]J_ani:
[[-0.001  0.     0.   ]
 [ 0.    -0.001 -0.   ]
 [ 0.    -0.    -0.001]]
----------------------------------------------------------------------------------------
   Cr2   Cr2   (  2,  -1,   0)  0.0069   ( 7.535, -4.807,  0.000)  8.938 
J_iso:  0.0069 
[Testing!] DMI: (-0.0008 -0.0014 -0.0000)
[Testing!]J_ani:
[[-0.001  0.     0.   ]
 [ 0.    -0.001 -0.   ]
 [ 0.    -0.    -0.001]]
----------------------------------------------------------------------------------------
   Cr1   Cr1   (  2,   1,   0)  0.0069   ( 7.535,  4.807,  0.000)  8.938 
J_iso:  0.0069 
[Testing!] DMI: (-0.0008  0.0013 -0.0000)
[Testing!]J_ani:
[[-0.001 -0.    -0.   ]
 [-0.    -0.001  0.   ]
 [-0.     0.    -0.001]]
----------------------------------------------------------------------------------------
   Cr2   Cr2   (  2,   1,   0)  0.0069   ( 7.535,  4.807,  0.000)  8.938 
J_iso:  0.0069 
[Testing!] DMI: ( 0.0008 -0.0013  0.0000)
[Testing!]J_ani:
[[-0.001 -0.    -0.   ]
 [-0.    -0.001 -0.   ]
 [-0.    -0.    -0.001]]
----------------------------------------------------------------------------------------
   Cr1   Cr2   ( -1,  -2,   0)  0.0073   (-5.651, -7.211,  2.096)  9.398 
J_iso:  0.0073 
[Testing!] DMI: ( 0.0000  0.0000 -0.0000)
[Testing!]J_ani:
[[-0.001 -0.    -0.   ]
 [-0.    -0.001 -0.   ]
 [-0.    -0.    -0.002]]
----------------------------------------------------------------------------------------
   Cr1   Cr2   (  2,  -2,   0)  0.0073   ( 5.651, -7.211,  2.096)  9.398 
J_iso:  0.0073 
[Testing!] DMI: ( 0.0000 -0.0000  0.0000)
[Testing!]J_ani:
[[-0.001  0.     0.   ]
 [ 0.    -0.001 -0.   ]
 [ 0.    -0.    -0.002]]
----------------------------------------------------------------------------------------
   Cr2   Cr1   ( -2,   2,   0)  0.0073   (-5.651,  7.211, -2.096)  9.398 
J_iso:  0.0073 
[Testing!] DMI: (-0.0000  0.0000 -0.0000)
[Testing!]J_ani:
[[-0.001  0.     0.   ]
 [ 0.    -0.001 -0.   ]
 [ 0.    -0.    -0.002]]
----------------------------------------------------------------------------------------
   Cr2   Cr1   ( -2,  -1,   0)  0.0073   (-5.651, -7.211, -2.096)  9.398 
J_iso:  0.0073 
[Testing!] DMI: ( 0.0000  0.0000  0.0000)
[Testing!]J_ani:
[[-0.001 -0.     0.   ]
 [-0.    -0.001  0.   ]
 [ 0.     0.    -0.002]]
----------------------------------------------------------------------------------------
   Cr1   Cr2   ( -1,   1,   0)  0.0073   (-5.651,  7.211,  2.096)  9.398 
J_iso:  0.0073 
[Testing!] DMI: (-0.0000  0.0000  0.0000)
[Testing!]J_ani:
[[-0.001  0.    -0.   ]
 [ 0.    -0.001  0.   ]
 [-0.     0.    -0.002]]
----------------------------------------------------------------------------------------
   Cr2   Cr1   (  1,  -1,   0)  0.0073   ( 5.651, -7.211, -2.096)  9.398 
J_iso:  0.0073 
[Testing!] DMI: ( 0.0000 -0.0000 -0.0000)
[Testing!]J_ani:
[[-0.001  0.    -0.   ]
 [ 0.    -0.001  0.   ]
 [-0.     0.    -0.002]]
----------------------------------------------------------------------------------------
   Cr1   Cr2   (  2,   1,   0)  0.0073   ( 5.651,  7.211,  2.096)  9.398 
J_iso:  0.0073 
[Testing!] DMI: (-0.0000 -0.0000 -0.0000)
[Testing!]J_ani:
[[-0.001 -0.     0.   ]
 [-0.    -0.001  0.   ]
 [ 0.     0.    -0.002]]
----------------------------------------------------------------------------------------
   Cr2   Cr1   (  1,   2,   0)  0.0073   ( 5.651,  7.211, -2.096)  9.398 
J_iso:  0.0073 
[Testing!] DMI: (-0.0000 -0.0000  0.0000)
[Testing!]J_ani:
[[-0.001 -0.    -0.   ]
 [-0.    -0.001 -0.   ]
 [-0.    -0.    -0.002]]
----------------------------------------------------------------------------------------
   Cr1   Cr1   (  0,  -2,   0)  0.2426   ( 0.000, -9.614,  0.000)  9.614 
J_iso:  0.2426 
[Testing!] DMI: ( 0.0354 -0.0000 -0.0000)
[Testing!]J_ani:
[[-0.001  0.     0.   ]
 [ 0.    -0.    -0.   ]
 [ 0.    -0.    -0.   ]]
----------------------------------------------------------------------------------------
   Cr2   Cr2   (  0,  -2,   0)  0.2428   ( 0.000, -9.614,  0.000)  9.614 
J_iso:  0.2428 
[Testing!] DMI: (-0.0353  0.0000  0.0000)
[Testing!]J_ani:
[[-0.001  0.    -0.   ]
 [ 0.    -0.     0.   ]
 [-0.     0.    -0.   ]]
----------------------------------------------------------------------------------------
   Cr1   Cr1   (  0,   2,   0)  0.2426   ( 0.000,  9.614,  0.000)  9.614 
J_iso:  0.2426 
[Testing!] DMI: (-0.0354  0.0000  0.0000)
[Testing!]J_ani:
[[-0.001  0.     0.   ]
 [ 0.    -0.    -0.   ]
 [ 0.    -0.    -0.   ]]
----------------------------------------------------------------------------------------
   Cr2   Cr2   (  0,   2,   0)  0.2428   ( 0.000,  9.614,  0.000)  9.614 
J_iso:  0.2428 
[Testing!] DMI: ( 0.0353 -0.0000 -0.0000)
[Testing!]J_ani:
[[-0.001  0.    -0.   ]
 [ 0.    -0.     0.   ]
 [-0.     0.    -0.   ]]
----------------------------------------------------------------------------------------
   Cr1   Cr2   ( -2,  -1,   0) -0.0094   (-9.418, -2.404,  2.096)  9.944 
J_iso: -0.0094 
[Testing!] DMI: ( 0.0000  0.0000 -0.0000)
[Testing!]J_ani:
[[-0.    -0.    -0.   ]
 [-0.    -0.001 -0.   ]
 [-0.    -0.    -0.   ]]
----------------------------------------------------------------------------------------
   Cr1   Cr2   ( -2,   0,   0) -0.0094   (-9.418,  2.404,  2.096)  9.944 
J_iso: -0.0094 
[Testing!] DMI: (-0.0000  0.0000 -0.0000)
[Testing!]J_ani:
[[-0.     0.    -0.   ]
 [ 0.    -0.001  0.   ]
 [-0.     0.    -0.   ]]
----------------------------------------------------------------------------------------
   Cr2   Cr1   (  2,   0,   0) -0.0094   ( 9.418, -2.404, -2.096)  9.944 
J_iso: -0.0094 
[Testing!] DMI: ( 0.0000 -0.0000  0.0000)
[Testing!]J_ani:
[[-0.     0.    -0.   ]
 [ 0.    -0.001  0.   ]
 [-0.     0.    -0.   ]]
----------------------------------------------------------------------------------------
   Cr2   Cr1   (  2,   1,   0) -0.0094   ( 9.418,  2.404, -2.096)  9.944 
J_iso: -0.0094 
[Testing!] DMI: (-0.0000 -0.0000  0.0000)
[Testing!]J_ani:
[[-0.    -0.    -0.   ]
 [-0.    -0.001 -0.   ]
 [-0.    -0.    -0.   ]]
----------------------------------------------------------------------------------------
   Cr1   Cr2   (  3,  -1,   0) -0.0094   ( 9.418, -2.404,  2.096)  9.944 
J_iso: -0.0094 
[Testing!] DMI: ( 0.0000 -0.0000  0.0000)
[Testing!]J_ani:
[[-0.     0.     0.   ]
 [ 0.    -0.001 -0.   ]
 [ 0.    -0.    -0.   ]]
----------------------------------------------------------------------------------------
   Cr1   Cr2   (  3,   0,   0) -0.0094   ( 9.418,  2.404,  2.096)  9.944 
J_iso: -0.0094 
[Testing!] DMI: (-0.0000 -0.0000 -0.0000)
[Testing!]J_ani:
[[-0.    -0.     0.   ]
 [-0.    -0.001  0.   ]
 [ 0.     0.    -0.   ]]
----------------------------------------------------------------------------------------
   Cr2   Cr1   ( -3,   0,   0) -0.0094   (-9.418, -2.404, -2.096)  9.944 
J_iso: -0.0094 
[Testing!] DMI: ( 0.0000  0.0000  0.0000)
[Testing!]J_ani:
[[-0.    -0.     0.   ]
 [-0.    -0.001  0.   ]
 [ 0.     0.    -0.   ]]
----------------------------------------------------------------------------------------
   Cr2   Cr1   ( -3,   1,   0) -0.0094   (-9.418,  2.404, -2.096)  9.944 
J_iso: -0.0094 
[Testing!] DMI: (-0.0000  0.0000 -0.0000)
[Testing!]J_ani:
[[-0.     0.     0.   ]
 [ 0.    -0.001 -0.   ]
 [ 0.    -0.    -0.   ]]
