==========================================================================================
Information: 
Exchange parameters generated by TB2J 0.7.2.1
Generation time: 22/06/09 19:28:28
 Input from non-collinear Wannier90 data.
 Tight binding data from .//101.3/101.3.z. 
 Prefix of wannier function files:crsbr.101.z.3.
Warning: Please check if the noise level of Wannier function Hamiltonian to make sure it is much smaller than the exchange values.
 The DMI component parallel to the spin orientation, the Jani which has the component of that orientation should be disregarded
 e.g. if the spins are along z, the xz, yz, zz, zx, zy components and the z component of DMI.
 If you need these component, try to do three calculations with spin along x, y, z,  or use structure with z rotated to x, y and z. And then use TB2J_merge.py to get the full set of parameters.


Merged from TB2J results in paths: 
  .//101.3/101.3.x
  .//101.3/101.3.y
  .//101.3/101.3.z
, which are from DFT data with spin along x, y, z orientation

==========================================================================================
Cell (Angstrom):
 3.588   0.000   0.000
 0.000   4.855   0.000
 0.000   0.000  23.571

==========================================================================================
Atoms:  
(Note: charge and magmoms only count the wannier functions.)
Atom_number      x         y         z     w_charge    M(x)      M(y)      M(z)   
Br1             0.8970    1.2138   -0.0668    5.6130   -0.0000   -0.0000   -0.0545
Cr1             2.6910    1.2138    1.7371    4.3455   -0.0000    0.0000    3.2961
S1              2.6910    3.6415    2.2030    5.0399    0.0000   -0.0000   -0.2412
Br2             2.6910    3.6415    5.6376    5.6137    0.0000   -0.0000   -0.0541
Cr2             0.8970    3.6415    3.8336    4.3461   -0.0000    0.0000    3.2962
S2              0.8970    1.2138    3.3678    5.0409    0.0000    0.0000   -0.2407
Total                                        29.9992   -0.0000   -0.0000    6.0018

==========================================================================================
Orbitals used in decomposition: 
The name of the orbitals for the decomposition: 
Cr1 : ['orb_1', 'orb_2', 'orb_3', 'orb_4', 'orb_5', 'orb_6', 'orb_7', 'orb_8', 'orb_9', 'orb_10']
Cr2 : ['orb_1', 'orb_2', 'orb_3', 'orb_4', 'orb_5', 'orb_6', 'orb_7', 'orb_8', 'orb_9', 'orb_10']

==========================================================================================
Exchange: 
    i      j          R        J_iso(meV)          vector          distance(A) 
----------------------------------------------------------------------------------------
   Cr1   Cr1   ( -1,   0,   0)  3.5746   (-3.588,  0.000,  0.000)  3.588 
J_iso:  3.5746 
[Testing!] DMI: (-0.0000 -0.0178 -0.0000)
[Testing!]J_ani:
[[-0.032  0.     0.   ]
 [ 0.    -0.054  0.   ]
 [ 0.     0.    -0.028]]
----------------------------------------------------------------------------------------
   Cr2   Cr2   ( -1,   0,   0)  3.5849   (-3.588,  0.000,  0.000)  3.588 
J_iso:  3.5849 
[Testing!] DMI: (-0.0000  0.0185 -0.0000)
[Testing!]J_ani:
[[-0.033 -0.    -0.   ]
 [-0.    -0.054 -0.   ]
 [-0.    -0.    -0.028]]
----------------------------------------------------------------------------------------
   Cr2   Cr2   (  1,   0,   0)  3.5849   ( 3.588,  0.000,  0.000)  3.588 
J_iso:  3.5849 
[Testing!] DMI: ( 0.0000 -0.0185  0.0000)
[Testing!]J_ani:
[[-0.033 -0.    -0.   ]
 [-0.    -0.054 -0.   ]
 [-0.    -0.    -0.028]]
----------------------------------------------------------------------------------------
   Cr1   Cr1   (  1,   0,   0)  3.5746   ( 3.588,  0.000,  0.000)  3.588 
J_iso:  3.5746 
[Testing!] DMI: ( 0.0000  0.0178  0.0000)
[Testing!]J_ani:
[[-0.032  0.     0.   ]
 [ 0.    -0.054  0.   ]
 [ 0.     0.    -0.028]]
----------------------------------------------------------------------------------------
   Cr2   Cr1   ( -1,   0,   0)  2.8783   (-1.794, -2.428, -2.096)  3.675 
J_iso:  2.8783 
[Testing!] DMI: ( 0.0004 -0.0001  0.0001)
[Testing!]J_ani:
[[-0.009  0.    -0.004]
 [ 0.    -0.013 -0.   ]
 [-0.004 -0.    -0.007]]
----------------------------------------------------------------------------------------
   Cr2   Cr1   ( -1,   1,   0)  2.8782   (-1.794,  2.428, -2.096)  3.675 
J_iso:  2.8782 
[Testing!] DMI: (-0.0004 -0.0001 -0.0001)
[Testing!]J_ani:
[[-0.009 -0.    -0.004]
 [-0.    -0.013  0.   ]
 [-0.004  0.    -0.007]]
----------------------------------------------------------------------------------------
   Cr2   Cr1   (  0,   1,   0)  2.8782   ( 1.794,  2.428, -2.096)  3.675 
J_iso:  2.8782 
[Testing!] DMI: (-0.0004  0.0001  0.0001)
[Testing!]J_ani:
[[-0.009  0.     0.004]
 [ 0.    -0.013  0.   ]
 [ 0.004  0.    -0.007]]
----------------------------------------------------------------------------------------
   Cr1   Cr2   (  1,  -1,   0)  2.8782   ( 1.794, -2.428,  2.096)  3.675 
J_iso:  2.8782 
[Testing!] DMI: ( 0.0004  0.0001  0.0001)
[Testing!]J_ani:
[[-0.009 -0.    -0.004]
 [-0.    -0.013  0.   ]
 [-0.004  0.    -0.007]]
----------------------------------------------------------------------------------------
   Cr1   Cr2   (  1,   0,   0)  2.8783   ( 1.794,  2.428,  2.096)  3.675 
J_iso:  2.8783 
[Testing!] DMI: (-0.0004  0.0001 -0.0001)
[Testing!]J_ani:
[[-0.009  0.    -0.004]
 [ 0.    -0.013 -0.   ]
 [-0.004 -0.    -0.007]]
----------------------------------------------------------------------------------------
   Cr1   Cr2   (  0,  -1,   0)  2.8782   (-1.794, -2.428,  2.096)  3.675 
J_iso:  2.8782 
[Testing!] DMI: ( 0.0004 -0.0001 -0.0001)
[Testing!]J_ani:
[[-0.009  0.     0.004]
 [ 0.    -0.013  0.   ]
 [ 0.004  0.    -0.007]]
----------------------------------------------------------------------------------------
   Cr1   Cr2   (  0,   0,   0)  2.8782   (-1.794,  2.428,  2.096)  3.675 
J_iso:  2.8782 
[Testing!] DMI: (-0.0004 -0.0001  0.0001)
[Testing!]J_ani:
[[-0.009 -0.     0.004]
 [-0.    -0.013 -0.   ]
 [ 0.004 -0.    -0.007]]
----------------------------------------------------------------------------------------
   Cr2   Cr1   (  0,   0,   0)  2.8782   ( 1.794, -2.428, -2.096)  3.675 
J_iso:  2.8782 
[Testing!] DMI: ( 0.0004  0.0001 -0.0001)
[Testing!]J_ani:
[[-0.009 -0.     0.004]
 [-0.    -0.013 -0.   ]
 [ 0.004 -0.    -0.007]]
----------------------------------------------------------------------------------------
   Cr1   Cr1   (  0,  -1,   0)  3.6845   ( 0.000, -4.855,  0.000)  4.855 
J_iso:  3.6845 
[Testing!] DMI: ( 0.0585 -0.0000  0.0000)
[Testing!]J_ani:
[[-0.016  0.    -0.   ]
 [ 0.    -0.003  0.   ]
 [-0.     0.    -0.007]]
----------------------------------------------------------------------------------------
   Cr2   Cr2   (  0,  -1,   0)  3.6706   ( 0.000, -4.855,  0.000)  4.855 
J_iso:  3.6706 
[Testing!] DMI: (-0.0553  0.0000 -0.0000)
[Testing!]J_ani:
[[-0.016  0.     0.   ]
 [ 0.    -0.003  0.   ]
 [ 0.     0.    -0.007]]
----------------------------------------------------------------------------------------
   Cr1   Cr1   (  0,   1,   0)  3.6845   ( 0.000,  4.855,  0.000)  4.855 
J_iso:  3.6845 
[Testing!] DMI: (-0.0585  0.0000 -0.0000)
[Testing!]J_ani:
[[-0.016  0.    -0.   ]
 [ 0.    -0.003  0.   ]
 [-0.     0.    -0.007]]
----------------------------------------------------------------------------------------
   Cr2   Cr2   (  0,   1,   0)  3.6706   ( 0.000,  4.855,  0.000)  4.855 
J_iso:  3.6706 
[Testing!] DMI: ( 0.0553 -0.0000  0.0000)
[Testing!]J_ani:
[[-0.016  0.     0.   ]
 [ 0.    -0.003  0.   ]
 [ 0.     0.    -0.007]]
----------------------------------------------------------------------------------------
   Cr1   Cr1   ( -1,  -1,   0)  0.0245   (-3.588, -4.855,  0.000)  6.037 
J_iso:  0.0245 
[Testing!] DMI: (-0.0210 -0.0179  0.0000)
[Testing!]J_ani:
[[-0.007 -0.    -0.   ]
 [-0.    -0.006 -0.   ]
 [-0.    -0.    -0.005]]
----------------------------------------------------------------------------------------
   Cr2   Cr2   ( -1,  -1,   0)  0.0241   (-3.588, -4.855,  0.000)  6.037 
J_iso:  0.0241 
[Testing!] DMI: ( 0.0212  0.0179 -0.0000)
[Testing!]J_ani:
[[-0.007 -0.     0.   ]
 [-0.    -0.006 -0.   ]
 [ 0.    -0.    -0.005]]
----------------------------------------------------------------------------------------
   Cr1   Cr1   ( -1,   1,   0)  0.0245   (-3.588,  4.855,  0.000)  6.037 
J_iso:  0.0245 
[Testing!] DMI: ( 0.0210 -0.0179  0.0000)
[Testing!]J_ani:
[[-0.007  0.     0.   ]
 [ 0.    -0.006  0.   ]
 [ 0.     0.    -0.005]]
----------------------------------------------------------------------------------------
   Cr2   Cr2   ( -1,   1,   0)  0.0241   (-3.588,  4.855,  0.000)  6.037 
J_iso:  0.0241 
[Testing!] DMI: (-0.0212  0.0179 -0.0000)
[Testing!]J_ani:
[[-0.007  0.    -0.   ]
 [ 0.    -0.006  0.   ]
 [-0.     0.    -0.005]]
----------------------------------------------------------------------------------------
   Cr2   Cr2   (  1,  -1,   0)  0.0241   ( 3.588, -4.855,  0.000)  6.037 
J_iso:  0.0241 
[Testing!] DMI: ( 0.0212 -0.0179  0.0000)
[Testing!]J_ani:
[[-0.007  0.    -0.   ]
 [ 0.    -0.006  0.   ]
 [-0.     0.    -0.005]]
----------------------------------------------------------------------------------------
   Cr2   Cr2   (  1,   1,   0)  0.0241   ( 3.588,  4.855,  0.000)  6.037 
J_iso:  0.0241 
[Testing!] DMI: (-0.0212 -0.0179  0.0000)
[Testing!]J_ani:
[[-0.007 -0.     0.   ]
 [-0.    -0.006 -0.   ]
 [ 0.    -0.    -0.005]]
----------------------------------------------------------------------------------------
   Cr1   Cr1   (  1,  -1,   0)  0.0245   ( 3.588, -4.855,  0.000)  6.037 
J_iso:  0.0245 
[Testing!] DMI: (-0.0210  0.0179 -0.0000)
[Testing!]J_ani:
[[-0.007  0.     0.   ]
 [ 0.    -0.006  0.   ]
 [ 0.     0.    -0.005]]
----------------------------------------------------------------------------------------
   Cr1   Cr1   (  1,   1,   0)  0.0245   ( 3.588,  4.855,  0.000)  6.037 
J_iso:  0.0245 
[Testing!] DMI: ( 0.0210  0.0179 -0.0000)
[Testing!]J_ani:
[[-0.007 -0.    -0.   ]
 [-0.    -0.006 -0.   ]
 [-0.    -0.    -0.005]]
----------------------------------------------------------------------------------------
   Cr1   Cr2   (  2,  -1,   0)  0.1200   ( 5.382, -2.428,  2.096)  6.265 
J_iso:  0.1200 
[Testing!] DMI: ( 0.0001  0.0000  0.0000)
[Testing!]J_ani:
[[-0.005  0.    -0.001]
 [ 0.    -0.002 -0.   ]
 [-0.001 -0.    -0.006]]
----------------------------------------------------------------------------------------
   Cr1   Cr2   (  2,   0,   0)  0.1200   ( 5.382,  2.428,  2.096)  6.265 
J_iso:  0.1200 
[Testing!] DMI: (-0.0001  0.0000 -0.0000)
[Testing!]J_ani:
[[-0.005 -0.    -0.001]
 [-0.    -0.002  0.   ]
 [-0.001  0.    -0.006]]
----------------------------------------------------------------------------------------
   Cr2   Cr1   ( -2,   0,   0)  0.1200   (-5.382, -2.428, -2.096)  6.265 
J_iso:  0.1200 
[Testing!] DMI: ( 0.0001 -0.0000  0.0000)
[Testing!]J_ani:
[[-0.005 -0.    -0.001]
 [-0.    -0.002  0.   ]
 [-0.001  0.    -0.006]]
----------------------------------------------------------------------------------------
   Cr2   Cr1   ( -2,   1,   0)  0.1200   (-5.382,  2.428, -2.096)  6.265 
J_iso:  0.1200 
[Testing!] DMI: (-0.0001 -0.0000 -0.0000)
[Testing!]J_ani:
[[-0.005  0.    -0.001]
 [ 0.    -0.002 -0.   ]
 [-0.001 -0.    -0.006]]
----------------------------------------------------------------------------------------
   Cr1   Cr2   ( -1,  -1,   0)  0.1200   (-5.382, -2.428,  2.096)  6.265 
J_iso:  0.1200 
[Testing!] DMI: ( 0.0001 -0.0000 -0.0000)
[Testing!]J_ani:
[[-0.005 -0.     0.001]
 [-0.    -0.002 -0.   ]
 [ 0.001 -0.    -0.006]]
----------------------------------------------------------------------------------------
   Cr1   Cr2   ( -1,   0,   0)  0.1200   (-5.382,  2.428,  2.096)  6.265 
J_iso:  0.1200 
[Testing!] DMI: (-0.0001 -0.0000  0.0000)
[Testing!]J_ani:
[[-0.005  0.     0.001]
 [ 0.    -0.002  0.   ]
 [ 0.001  0.    -0.006]]
----------------------------------------------------------------------------------------
   Cr2   Cr1   (  1,   0,   0)  0.1200   ( 5.382, -2.428, -2.096)  6.265 
J_iso:  0.1200 
[Testing!] DMI: ( 0.0001  0.0000 -0.0000)
[Testing!]J_ani:
[[-0.005  0.     0.001]
 [ 0.    -0.002  0.   ]
 [ 0.001  0.    -0.006]]
----------------------------------------------------------------------------------------
   Cr2   Cr1   (  1,   1,   0)  0.1200   ( 5.382,  2.428, -2.096)  6.265 
J_iso:  0.1200 
[Testing!] DMI: (-0.0001  0.0000  0.0000)
[Testing!]J_ani:
[[-0.005 -0.     0.001]
 [-0.    -0.002 -0.   ]
 [ 0.001 -0.    -0.006]]
----------------------------------------------------------------------------------------
   Cr2   Cr2   (  2,   0,   0) -0.7066   ( 7.176,  0.000,  0.000)  7.176 
J_iso: -0.7066 
[Testing!] DMI: ( 0.0000  0.0061 -0.0000)
[Testing!]J_ani:
[[-0.004  0.     0.   ]
 [ 0.    -0.004  0.   ]
 [ 0.     0.    -0.004]]
----------------------------------------------------------------------------------------
   Cr1   Cr1   ( -2,   0,   0) -0.7077   (-7.176,  0.000,  0.000)  7.176 
J_iso: -0.7077 
[Testing!] DMI: (-0.0000  0.0064  0.0000)
[Testing!]J_ani:
[[-0.004 -0.    -0.   ]
 [-0.    -0.004  0.   ]
 [-0.     0.    -0.004]]
----------------------------------------------------------------------------------------
   Cr2   Cr2   ( -2,   0,   0) -0.7066   (-7.176,  0.000,  0.000)  7.176 
J_iso: -0.7066 
[Testing!] DMI: (-0.0000 -0.0061  0.0000)
[Testing!]J_ani:
[[-0.004  0.     0.   ]
 [ 0.    -0.004  0.   ]
 [ 0.     0.    -0.004]]
----------------------------------------------------------------------------------------
   Cr1   Cr1   (  2,   0,   0) -0.7077   ( 7.176,  0.000,  0.000)  7.176 
J_iso: -0.7077 
[Testing!] DMI: ( 0.0000 -0.0064 -0.0000)
[Testing!]J_ani:
[[-0.004 -0.    -0.   ]
 [-0.    -0.004  0.   ]
 [-0.     0.    -0.004]]
----------------------------------------------------------------------------------------
   Cr1   Cr2   (  0,  -2,   0)  0.5380   (-1.794, -7.283,  2.096)  7.788 
J_iso:  0.5380 
[Testing!] DMI: ( 0.0003 -0.0000 -0.0001)
[Testing!]J_ani:
[[-0.001 -0.     0.   ]
 [-0.    -0.002  0.   ]
 [ 0.     0.    -0.001]]
----------------------------------------------------------------------------------------
   Cr2   Cr1   (  0,   2,   0)  0.5380   ( 1.794,  7.283, -2.096)  7.788 
J_iso:  0.5380 
[Testing!] DMI: (-0.0003  0.0000  0.0001)
[Testing!]J_ani:
[[-0.001 -0.     0.   ]
 [-0.    -0.002  0.   ]
 [ 0.     0.    -0.001]]
----------------------------------------------------------------------------------------
   Cr1   Cr2   (  1,  -2,   0)  0.5380   ( 1.794, -7.283,  2.096)  7.788 
J_iso:  0.5380 
[Testing!] DMI: ( 0.0003  0.0000  0.0001)
[Testing!]J_ani:
[[-0.001  0.    -0.   ]
 [ 0.    -0.002  0.   ]
 [-0.     0.    -0.001]]
----------------------------------------------------------------------------------------
   Cr2   Cr1   ( -1,   2,   0)  0.5380   (-1.794,  7.283, -2.096)  7.788 
J_iso:  0.5380 
[Testing!] DMI: (-0.0003 -0.0000 -0.0001)
[Testing!]J_ani:
[[-0.001  0.    -0.   ]
 [ 0.    -0.002  0.   ]
 [-0.     0.    -0.001]]
----------------------------------------------------------------------------------------
   Cr2   Cr1   ( -1,  -1,   0)  0.5379   (-1.794, -7.283, -2.096)  7.788 
J_iso:  0.5379 
[Testing!] DMI: ( 0.0003 -0.0000  0.0001)
[Testing!]J_ani:
[[-0.001 -0.    -0.   ]
 [-0.    -0.002 -0.   ]
 [-0.    -0.    -0.001]]
----------------------------------------------------------------------------------------
   Cr2   Cr1   (  0,  -1,   0)  0.5379   ( 1.794, -7.283, -2.096)  7.788 
J_iso:  0.5379 
[Testing!] DMI: ( 0.0003  0.0000 -0.0001)
[Testing!]J_ani:
[[-0.001  0.     0.   ]
 [ 0.    -0.002 -0.   ]
 [ 0.    -0.    -0.001]]
----------------------------------------------------------------------------------------
   Cr1   Cr2   (  0,   1,   0)  0.5379   (-1.794,  7.283,  2.096)  7.788 
J_iso:  0.5379 
[Testing!] DMI: (-0.0003 -0.0000  0.0001)
[Testing!]J_ani:
[[-0.001  0.     0.   ]
 [ 0.    -0.002 -0.   ]
 [ 0.    -0.    -0.001]]
----------------------------------------------------------------------------------------
   Cr1   Cr2   (  1,   1,   0)  0.5379   ( 1.794,  7.283,  2.096)  7.788 
J_iso:  0.5379 
[Testing!] DMI: (-0.0003  0.0000 -0.0001)
[Testing!]J_ani:
[[-0.001 -0.    -0.   ]
 [-0.    -0.002 -0.   ]
 [-0.    -0.    -0.001]]
----------------------------------------------------------------------------------------
   Cr2   Cr2   (  2,  -1,   0)  0.0058   ( 7.176, -4.855,  0.000)  8.664 
J_iso:  0.0058 
[Testing!] DMI: (-0.0004 -0.0010 -0.0000)
[Testing!]J_ani:
[[-0.001  0.    -0.   ]
 [ 0.    -0.001 -0.   ]
 [-0.    -0.    -0.001]]
----------------------------------------------------------------------------------------
   Cr2   Cr2   (  2,   1,   0)  0.0058   ( 7.176,  4.855,  0.000)  8.664 
J_iso:  0.0058 
[Testing!] DMI: ( 0.0004 -0.0010  0.0000)
[Testing!]J_ani:
[[-0.001 -0.    -0.   ]
 [-0.    -0.001 -0.   ]
 [-0.    -0.    -0.001]]
----------------------------------------------------------------------------------------
   Cr1   Cr1   ( -2,  -1,   0)  0.0057   (-7.176, -4.855,  0.000)  8.664 
J_iso:  0.0057 
[Testing!] DMI: ( 0.0004 -0.0010  0.0000)
[Testing!]J_ani:
[[-0.001 -0.    -0.   ]
 [-0.    -0.001 -0.   ]
 [-0.    -0.    -0.001]]
----------------------------------------------------------------------------------------
   Cr2   Cr2   ( -2,  -1,   0)  0.0058   (-7.176, -4.855,  0.000)  8.664 
J_iso:  0.0058 
[Testing!] DMI: (-0.0004  0.0010 -0.0000)
[Testing!]J_ani:
[[-0.001 -0.    -0.   ]
 [-0.    -0.001 -0.   ]
 [-0.    -0.    -0.001]]
----------------------------------------------------------------------------------------
   Cr1   Cr1   ( -2,   1,   0)  0.0057   (-7.176,  4.855,  0.000)  8.664 
J_iso:  0.0057 
[Testing!] DMI: (-0.0004 -0.0009 -0.0000)
[Testing!]J_ani:
[[-0.001  0.     0.   ]
 [ 0.    -0.001 -0.   ]
 [ 0.    -0.    -0.001]]
----------------------------------------------------------------------------------------
   Cr2   Cr2   ( -2,   1,   0)  0.0058   (-7.176,  4.855,  0.000)  8.664 
J_iso:  0.0058 
[Testing!] DMI: ( 0.0004  0.0010  0.0000)
[Testing!]J_ani:
[[-0.001  0.    -0.   ]
 [ 0.    -0.001 -0.   ]
 [-0.    -0.    -0.001]]
----------------------------------------------------------------------------------------
   Cr1   Cr1   (  2,  -1,   0)  0.0057   ( 7.176, -4.855,  0.000)  8.664 
J_iso:  0.0057 
[Testing!] DMI: ( 0.0004  0.0009  0.0000)
[Testing!]J_ani:
[[-0.001  0.     0.   ]
 [ 0.    -0.001 -0.   ]
 [ 0.    -0.    -0.001]]
----------------------------------------------------------------------------------------
   Cr1   Cr1   (  2,   1,   0)  0.0057   ( 7.176,  4.855,  0.000)  8.664 
J_iso:  0.0057 
[Testing!] DMI: (-0.0004  0.0010 -0.0000)
[Testing!]J_ani:
[[-0.001 -0.    -0.   ]
 [-0.    -0.001 -0.   ]
 [-0.    -0.    -0.001]]
----------------------------------------------------------------------------------------
   Cr1   Cr2   (  2,  -2,   0)  0.0034   ( 5.382, -7.283,  2.096)  9.295 
J_iso:  0.0034 
[Testing!] DMI: ( 0.0000 -0.0000  0.0000)
[Testing!]J_ani:
[[-0.001  0.     0.   ]
 [ 0.    -0.001 -0.   ]
 [ 0.    -0.    -0.001]]
----------------------------------------------------------------------------------------
   Cr2   Cr1   ( -2,  -1,   0)  0.0035   (-5.382, -7.283, -2.096)  9.295 
J_iso:  0.0035 
[Testing!] DMI: ( 0.0000  0.0000  0.0000)
[Testing!]J_ani:
[[-0.001 -0.     0.   ]
 [-0.    -0.001  0.   ]
 [ 0.     0.    -0.001]]
----------------------------------------------------------------------------------------
   Cr2   Cr1   (  1,  -1,   0)  0.0035   ( 5.382, -7.283, -2.096)  9.295 
J_iso:  0.0035 
[Testing!] DMI: ( 0.0000 -0.0000 -0.0000)
[Testing!]J_ani:
[[-0.001  0.    -0.   ]
 [ 0.    -0.001  0.   ]
 [-0.     0.    -0.001]]
----------------------------------------------------------------------------------------
   Cr1   Cr2   (  2,   1,   0)  0.0035   ( 5.382,  7.283,  2.096)  9.295 
J_iso:  0.0035 
[Testing!] DMI: (-0.0000 -0.0000 -0.0000)
[Testing!]J_ani:
[[-0.001 -0.     0.   ]
 [-0.    -0.001  0.   ]
 [ 0.     0.    -0.001]]
----------------------------------------------------------------------------------------
   Cr1   Cr2   ( -1,  -2,   0)  0.0035   (-5.382, -7.283,  2.096)  9.295 
J_iso:  0.0035 
[Testing!] DMI: ( 0.0000  0.0000 -0.0000)
[Testing!]J_ani:
[[-0.001 -0.    -0.   ]
 [-0.    -0.001 -0.   ]
 [-0.    -0.    -0.001]]
----------------------------------------------------------------------------------------
   Cr2   Cr1   ( -2,   2,   0)  0.0034   (-5.382,  7.283, -2.096)  9.295 
J_iso:  0.0034 
[Testing!] DMI: (-0.0000  0.0000 -0.0000)
[Testing!]J_ani:
[[-0.001  0.     0.   ]
 [ 0.    -0.001 -0.   ]
 [ 0.    -0.    -0.001]]
----------------------------------------------------------------------------------------
   Cr2   Cr1   (  1,   2,   0)  0.0035   ( 5.382,  7.283, -2.096)  9.295 
J_iso:  0.0035 
[Testing!] DMI: (-0.0000 -0.0000  0.0000)
[Testing!]J_ani:
[[-0.001 -0.    -0.   ]
 [-0.    -0.001 -0.   ]
 [-0.    -0.    -0.001]]
----------------------------------------------------------------------------------------
   Cr1   Cr2   ( -1,   1,   0)  0.0035   (-5.382,  7.283,  2.096)  9.295 
J_iso:  0.0035 
[Testing!] DMI: (-0.0000  0.0000  0.0000)
[Testing!]J_ani:
[[-0.001  0.    -0.   ]
 [ 0.    -0.001  0.   ]
 [-0.     0.    -0.001]]
----------------------------------------------------------------------------------------
   Cr1   Cr2   ( -2,  -1,   0) -0.0093   (-8.970, -2.428,  2.096)  9.526 
J_iso: -0.0093 
[Testing!] DMI: ( 0.0000  0.0000  0.0000)
[Testing!]J_ani:
[[-0.    -0.    -0.   ]
 [-0.    -0.001 -0.   ]
 [-0.    -0.    -0.   ]]
----------------------------------------------------------------------------------------
   Cr1   Cr2   ( -2,   0,   0) -0.0093   (-8.970,  2.428,  2.096)  9.526 
J_iso: -0.0093 
[Testing!] DMI: (-0.0000  0.0000 -0.0000)
[Testing!]J_ani:
[[-0.     0.    -0.   ]
 [ 0.    -0.001  0.   ]
 [-0.     0.    -0.   ]]
----------------------------------------------------------------------------------------
   Cr2   Cr1   (  2,   0,   0) -0.0093   ( 8.970, -2.428, -2.096)  9.526 
J_iso: -0.0093 
[Testing!] DMI: ( 0.0000 -0.0000  0.0000)
[Testing!]J_ani:
[[-0.     0.    -0.   ]
 [ 0.    -0.001  0.   ]
 [-0.     0.    -0.   ]]
----------------------------------------------------------------------------------------
   Cr2   Cr1   (  2,   1,   0) -0.0093   ( 8.970,  2.428, -2.096)  9.526 
J_iso: -0.0093 
[Testing!] DMI: (-0.0000 -0.0000 -0.0000)
[Testing!]J_ani:
[[-0.    -0.    -0.   ]
 [-0.    -0.001 -0.   ]
 [-0.    -0.    -0.   ]]
----------------------------------------------------------------------------------------
   Cr1   Cr2   (  3,  -1,   0) -0.0093   ( 8.970, -2.428,  2.096)  9.526 
J_iso: -0.0093 
[Testing!] DMI: ( 0.0000 -0.0000 -0.0000)
[Testing!]J_ani:
[[-0.     0.     0.   ]
 [ 0.    -0.001 -0.   ]
 [ 0.    -0.    -0.   ]]
----------------------------------------------------------------------------------------
   Cr1   Cr2   (  3,   0,   0) -0.0093   ( 8.970,  2.428,  2.096)  9.526 
J_iso: -0.0093 
[Testing!] DMI: ( 0.0000 -0.0000  0.0000)
[Testing!]J_ani:
[[-0.    -0.     0.   ]
 [-0.    -0.001  0.   ]
 [ 0.     0.    -0.   ]]
----------------------------------------------------------------------------------------
   Cr2   Cr1   ( -3,   0,   0) -0.0093   (-8.970, -2.428, -2.096)  9.526 
J_iso: -0.0093 
[Testing!] DMI: (-0.0000  0.0000 -0.0000)
[Testing!]J_ani:
[[-0.    -0.     0.   ]
 [-0.    -0.001  0.   ]
 [ 0.     0.    -0.   ]]
----------------------------------------------------------------------------------------
   Cr2   Cr1   ( -3,   1,   0) -0.0093   (-8.970,  2.428, -2.096)  9.526 
J_iso: -0.0093 
[Testing!] DMI: (-0.0000  0.0000  0.0000)
[Testing!]J_ani:
[[-0.     0.     0.   ]
 [ 0.    -0.001 -0.   ]
 [ 0.    -0.    -0.   ]]
----------------------------------------------------------------------------------------
   Cr1   Cr1   (  0,  -2,   0)  0.0964   ( 0.000, -9.711,  0.000)  9.711 
J_iso:  0.0964 
[Testing!] DMI: ( 0.0401 -0.0000  0.0000)
[Testing!]J_ani:
[[-0.001  0.    -0.   ]
 [ 0.    -0.    -0.   ]
 [-0.    -0.    -0.   ]]
----------------------------------------------------------------------------------------
   Cr2   Cr2   (  0,  -2,   0)  0.0962   ( 0.000, -9.711,  0.000)  9.711 
J_iso:  0.0962 
[Testing!] DMI: (-0.0394  0.0000  0.0000)
[Testing!]J_ani:
[[-0.001 -0.    -0.   ]
 [-0.    -0.    -0.   ]
 [-0.    -0.    -0.   ]]
----------------------------------------------------------------------------------------
   Cr1   Cr1   (  0,   2,   0)  0.0964   ( 0.000,  9.711,  0.000)  9.711 
J_iso:  0.0964 
[Testing!] DMI: (-0.0401  0.0000 -0.0000)
[Testing!]J_ani:
[[-0.001  0.    -0.   ]
 [ 0.    -0.    -0.   ]
 [-0.    -0.    -0.   ]]
----------------------------------------------------------------------------------------
   Cr2   Cr2   (  0,   2,   0)  0.0962   ( 0.000,  9.711,  0.000)  9.711 
J_iso:  0.0962 
[Testing!] DMI: ( 0.0394 -0.0000 -0.0000)
[Testing!]J_ani:
[[-0.001 -0.    -0.   ]
 [-0.    -0.    -0.   ]
 [-0.    -0.    -0.   ]]
