==========================================================================================
Information: 
Exchange parameters generated by TB2J 0.7.2.1
Generation time: 22/06/12 16:15:33
 Input from non-collinear Wannier90 data.
 Tight binding data from .//98.3/98.3.z. 
 Prefix of wannier function files:crsbr.98.z.3.
Warning: Please check if the noise level of Wannier function Hamiltonian to make sure it is much smaller than the exchange values.
 The DMI component parallel to the spin orientation, the Jani which has the component of that orientation should be disregarded
 e.g. if the spins are along z, the xz, yz, zz, zx, zy components and the z component of DMI.
 If you need these component, try to do three calculations with spin along x, y, z,  or use structure with z rotated to x, y and z. And then use TB2J_merge.py to get the full set of parameters.


Merged from TB2J results in paths: 
  .//98.3/98.3.x
  .//98.3/98.3.y
  .//98.3/98.3.z
, which are from DFT data with spin along x, y, z orientation

==========================================================================================
Cell (Angstrom):
 3.516   0.000   0.000
 0.000   4.807   0.000
 0.000   0.000  23.571

==========================================================================================
Atoms:  
(Note: charge and magmoms only count the wannier functions.)
Atom_number      x         y         z     w_charge    M(x)      M(y)      M(z)   
Br1             0.8791    1.2018   -0.0668    5.6083    0.0000   -0.0000   -0.0389
Cr1             2.6372    1.2018    1.7371    4.3622   -0.0000    0.0000    3.2522
S1              2.6372    3.6054    2.2030    5.0280   -0.0000    0.0000   -0.2131
Br2             2.6372    3.6054    5.6376    5.6085    0.0000   -0.0000   -0.0387
Cr2             0.8791    3.6054    3.8336    4.3635    0.0000    0.0000    3.2526
S2              0.8791    1.2018    3.3678    5.0286   -0.0000    0.0000   -0.2129
Total                                        29.9992   -0.0000    0.0000    6.0012

==========================================================================================
Orbitals used in decomposition: 
The name of the orbitals for the decomposition: 
Cr1 : ['orb_1', 'orb_2', 'orb_3', 'orb_4', 'orb_5', 'orb_6', 'orb_7', 'orb_8', 'orb_9', 'orb_10']
Cr2 : ['orb_1', 'orb_2', 'orb_3', 'orb_4', 'orb_5', 'orb_6', 'orb_7', 'orb_8', 'orb_9', 'orb_10']

==========================================================================================
Exchange: 
    i      j          R        J_iso(meV)          vector          distance(A) 
----------------------------------------------------------------------------------------
   Cr1   Cr1   ( -1,   0,   0)  2.6221   (-3.516,  0.000,  0.000)  3.516 
J_iso:  2.6221 
[Testing!] DMI: ( 0.0000  0.0006 -0.0000)
[Testing!]J_ani:
[[-0.029 -0.     0.   ]
 [-0.    -0.047  0.   ]
 [ 0.     0.    -0.027]]
----------------------------------------------------------------------------------------
   Cr2   Cr2   ( -1,   0,   0)  2.6265   (-3.516,  0.000,  0.000)  3.516 
J_iso:  2.6265 
[Testing!] DMI: (-0.0000 -0.0004  0.0000)
[Testing!]J_ani:
[[-0.03   0.    -0.   ]
 [ 0.    -0.048 -0.   ]
 [-0.    -0.    -0.027]]
----------------------------------------------------------------------------------------
   Cr1   Cr1   (  1,   0,   0)  2.6221   ( 3.516,  0.000,  0.000)  3.516 
J_iso:  2.6221 
[Testing!] DMI: (-0.0000 -0.0006  0.0000)
[Testing!]J_ani:
[[-0.029 -0.     0.   ]
 [-0.    -0.047  0.   ]
 [ 0.     0.    -0.027]]
----------------------------------------------------------------------------------------
   Cr2   Cr2   (  1,   0,   0)  2.6265   ( 3.516,  0.000,  0.000)  3.516 
J_iso:  2.6265 
[Testing!] DMI: ( 0.0000  0.0004 -0.0000)
[Testing!]J_ani:
[[-0.03   0.    -0.   ]
 [ 0.    -0.048 -0.   ]
 [-0.    -0.    -0.027]]
----------------------------------------------------------------------------------------
   Cr2   Cr1   ( -1,   1,   0)  3.0933   (-1.758,  2.404, -2.096)  3.642 
J_iso:  3.0933 
[Testing!] DMI: (-0.0004 -0.0001 -0.0000)
[Testing!]J_ani:
[[-0.009 -0.    -0.004]
 [-0.    -0.013  0.   ]
 [-0.004  0.    -0.006]]
----------------------------------------------------------------------------------------
   Cr2   Cr1   ( -1,   0,   0)  3.0933   (-1.758, -2.404, -2.096)  3.642 
J_iso:  3.0933 
[Testing!] DMI: ( 0.0004 -0.0001  0.0000)
[Testing!]J_ani:
[[-0.009  0.    -0.004]
 [ 0.    -0.013 -0.   ]
 [-0.004 -0.    -0.006]]
----------------------------------------------------------------------------------------
   Cr2   Cr1   (  0,   1,   0)  3.0932   ( 1.758,  2.404, -2.096)  3.642 
J_iso:  3.0932 
[Testing!] DMI: (-0.0004  0.0001  0.0000)
[Testing!]J_ani:
[[-0.009  0.     0.004]
 [ 0.    -0.013  0.   ]
 [ 0.004  0.    -0.006]]
----------------------------------------------------------------------------------------
   Cr1   Cr2   (  0,  -1,   0)  3.0932   (-1.758, -2.404,  2.096)  3.642 
J_iso:  3.0932 
[Testing!] DMI: ( 0.0004 -0.0001 -0.0000)
[Testing!]J_ani:
[[-0.009  0.     0.004]
 [ 0.    -0.013  0.   ]
 [ 0.004  0.    -0.006]]
----------------------------------------------------------------------------------------
   Cr1   Cr2   (  0,   0,   0)  3.0932   (-1.758,  2.404,  2.096)  3.642 
J_iso:  3.0932 
[Testing!] DMI: (-0.0004 -0.0001  0.0000)
[Testing!]J_ani:
[[-0.009 -0.     0.004]
 [-0.    -0.013 -0.   ]
 [ 0.004 -0.    -0.006]]
----------------------------------------------------------------------------------------
   Cr2   Cr1   (  0,   0,   0)  3.0932   ( 1.758, -2.404, -2.096)  3.642 
J_iso:  3.0932 
[Testing!] DMI: ( 0.0004  0.0001 -0.0000)
[Testing!]J_ani:
[[-0.009 -0.     0.004]
 [-0.    -0.013 -0.   ]
 [ 0.004 -0.    -0.006]]
----------------------------------------------------------------------------------------
   Cr1   Cr2   (  1,  -1,   0)  3.0933   ( 1.758, -2.404,  2.096)  3.642 
J_iso:  3.0933 
[Testing!] DMI: ( 0.0004  0.0001  0.0000)
[Testing!]J_ani:
[[-0.009 -0.    -0.004]
 [-0.    -0.013  0.   ]
 [-0.004  0.    -0.006]]
----------------------------------------------------------------------------------------
   Cr1   Cr2   (  1,   0,   0)  3.0933   ( 1.758,  2.404,  2.096)  3.642 
J_iso:  3.0933 
[Testing!] DMI: (-0.0004  0.0001 -0.0000)
[Testing!]J_ani:
[[-0.009  0.    -0.004]
 [ 0.    -0.013 -0.   ]
 [-0.004 -0.    -0.006]]
----------------------------------------------------------------------------------------
   Cr1   Cr1   (  0,  -1,   0)  4.1139   ( 0.000, -4.807,  0.000)  4.807 
J_iso:  4.1139 
[Testing!] DMI: ( 0.0646  0.0000 -0.0000)
[Testing!]J_ani:
[[-0.016  0.     0.   ]
 [ 0.    -0.004 -0.   ]
 [ 0.    -0.    -0.008]]
----------------------------------------------------------------------------------------
   Cr2   Cr2   (  0,  -1,   0)  4.1076   ( 0.000, -4.807,  0.000)  4.807 
J_iso:  4.1076 
[Testing!] DMI: (-0.0638 -0.0000 -0.0000)
[Testing!]J_ani:
[[-0.016 -0.    -0.   ]
 [-0.    -0.004 -0.   ]
 [-0.    -0.    -0.008]]
----------------------------------------------------------------------------------------
   Cr1   Cr1   (  0,   1,   0)  4.1139   ( 0.000,  4.807,  0.000)  4.807 
J_iso:  4.1139 
[Testing!] DMI: (-0.0646 -0.0000  0.0000)
[Testing!]J_ani:
[[-0.016  0.     0.   ]
 [ 0.    -0.004 -0.   ]
 [ 0.    -0.    -0.008]]
----------------------------------------------------------------------------------------
   Cr2   Cr2   (  0,   1,   0)  4.1076   ( 0.000,  4.807,  0.000)  4.807 
J_iso:  4.1076 
[Testing!] DMI: ( 0.0638  0.0000  0.0000)
[Testing!]J_ani:
[[-0.016 -0.    -0.   ]
 [-0.    -0.004 -0.   ]
 [-0.    -0.    -0.008]]
----------------------------------------------------------------------------------------
   Cr1   Cr1   ( -1,  -1,   0)  0.0343   (-3.516, -4.807,  0.000)  5.956 
J_iso:  0.0343 
[Testing!] DMI: (-0.0172 -0.0139  0.0000)
[Testing!]J_ani:
[[-0.006 -0.     0.   ]
 [-0.    -0.005 -0.   ]
 [ 0.    -0.    -0.004]]
----------------------------------------------------------------------------------------
   Cr2   Cr2   ( -1,  -1,   0)  0.0343   (-3.516, -4.807,  0.000)  5.956 
J_iso:  0.0343 
[Testing!] DMI: ( 0.0172  0.0139  0.0000)
[Testing!]J_ani:
[[-0.006 -0.     0.   ]
 [-0.    -0.005 -0.   ]
 [ 0.    -0.    -0.004]]
----------------------------------------------------------------------------------------
   Cr1   Cr1   ( -1,   1,   0)  0.0343   (-3.516,  4.807,  0.000)  5.956 
J_iso:  0.0343 
[Testing!] DMI: ( 0.0172 -0.0139 -0.0000)
[Testing!]J_ani:
[[-0.006  0.     0.   ]
 [ 0.    -0.005  0.   ]
 [ 0.     0.    -0.004]]
----------------------------------------------------------------------------------------
   Cr2   Cr2   ( -1,   1,   0)  0.0343   (-3.516,  4.807,  0.000)  5.956 
J_iso:  0.0343 
[Testing!] DMI: (-0.0172  0.0139 -0.0000)
[Testing!]J_ani:
[[-0.006  0.     0.   ]
 [ 0.    -0.005  0.   ]
 [ 0.     0.    -0.004]]
----------------------------------------------------------------------------------------
   Cr1   Cr1   (  1,  -1,   0)  0.0343   ( 3.516, -4.807,  0.000)  5.956 
J_iso:  0.0343 
[Testing!] DMI: (-0.0172  0.0139  0.0000)
[Testing!]J_ani:
[[-0.006  0.     0.   ]
 [ 0.    -0.005  0.   ]
 [ 0.     0.    -0.004]]
----------------------------------------------------------------------------------------
   Cr1   Cr1   (  1,   1,   0)  0.0343   ( 3.516,  4.807,  0.000)  5.956 
J_iso:  0.0343 
[Testing!] DMI: ( 0.0172  0.0139 -0.0000)
[Testing!]J_ani:
[[-0.006 -0.     0.   ]
 [-0.    -0.005 -0.   ]
 [ 0.    -0.    -0.004]]
----------------------------------------------------------------------------------------
   Cr2   Cr2   (  1,  -1,   0)  0.0343   ( 3.516, -4.807,  0.000)  5.956 
J_iso:  0.0343 
[Testing!] DMI: ( 0.0172 -0.0139  0.0000)
[Testing!]J_ani:
[[-0.006  0.     0.   ]
 [ 0.    -0.005  0.   ]
 [ 0.     0.    -0.004]]
----------------------------------------------------------------------------------------
   Cr2   Cr2   (  1,   1,   0)  0.0343   ( 3.516,  4.807,  0.000)  5.956 
J_iso:  0.0343 
[Testing!] DMI: (-0.0172 -0.0139 -0.0000)
[Testing!]J_ani:
[[-0.006 -0.     0.   ]
 [-0.    -0.005 -0.   ]
 [ 0.    -0.    -0.004]]
----------------------------------------------------------------------------------------
   Cr2   Cr1   ( -2,   0,   0)  0.1150   (-5.274, -2.404, -2.096)  6.164 
J_iso:  0.1150 
[Testing!] DMI: (-0.0000  0.0000 -0.0000)
[Testing!]J_ani:
[[-0.004 -0.    -0.001]
 [-0.    -0.002  0.   ]
 [-0.001  0.    -0.006]]
----------------------------------------------------------------------------------------
   Cr2   Cr1   ( -2,   1,   0)  0.1150   (-5.274,  2.404, -2.096)  6.164 
J_iso:  0.1150 
[Testing!] DMI: ( 0.0000  0.0000  0.0000)
[Testing!]J_ani:
[[-0.004  0.    -0.001]
 [ 0.    -0.002 -0.   ]
 [-0.001 -0.    -0.006]]
----------------------------------------------------------------------------------------
   Cr2   Cr1   (  1,   1,   0)  0.1150   ( 5.274,  2.404, -2.096)  6.164 
J_iso:  0.1150 
[Testing!] DMI: ( 0.0000 -0.0000 -0.0000)
[Testing!]J_ani:
[[-0.004 -0.     0.001]
 [-0.    -0.002 -0.   ]
 [ 0.001 -0.    -0.006]]
----------------------------------------------------------------------------------------
   Cr1   Cr2   (  2,  -1,   0)  0.1150   ( 5.274, -2.404,  2.096)  6.164 
J_iso:  0.1150 
[Testing!] DMI: (-0.0000 -0.0000 -0.0000)
[Testing!]J_ani:
[[-0.004  0.    -0.001]
 [ 0.    -0.002 -0.   ]
 [-0.001 -0.    -0.006]]
----------------------------------------------------------------------------------------
   Cr1   Cr2   (  2,   0,   0)  0.1150   ( 5.274,  2.404,  2.096)  6.164 
J_iso:  0.1150 
[Testing!] DMI: ( 0.0000 -0.0000  0.0000)
[Testing!]J_ani:
[[-0.004 -0.    -0.001]
 [-0.    -0.002  0.   ]
 [-0.001  0.    -0.006]]
----------------------------------------------------------------------------------------
   Cr1   Cr2   ( -1,  -1,   0)  0.1150   (-5.274, -2.404,  2.096)  6.164 
J_iso:  0.1150 
[Testing!] DMI: (-0.0000  0.0000  0.0000)
[Testing!]J_ani:
[[-0.004 -0.     0.001]
 [-0.    -0.002 -0.   ]
 [ 0.001 -0.    -0.006]]
----------------------------------------------------------------------------------------
   Cr1   Cr2   ( -1,   0,   0)  0.1150   (-5.274,  2.404,  2.096)  6.164 
J_iso:  0.1150 
[Testing!] DMI: ( 0.0000  0.0000 -0.0000)
[Testing!]J_ani:
[[-0.004  0.     0.001]
 [ 0.    -0.002  0.   ]
 [ 0.001  0.    -0.006]]
----------------------------------------------------------------------------------------
   Cr2   Cr1   (  1,   0,   0)  0.1150   ( 5.274, -2.404, -2.096)  6.164 
J_iso:  0.1150 
[Testing!] DMI: (-0.0000 -0.0000  0.0000)
[Testing!]J_ani:
[[-0.004  0.     0.001]
 [ 0.    -0.002  0.   ]
 [ 0.001  0.    -0.006]]
----------------------------------------------------------------------------------------
   Cr1   Cr1   ( -2,   0,   0) -0.8036   (-7.032,  0.000,  0.000)  7.032 
J_iso: -0.8036 
[Testing!] DMI: ( 0.0000  0.0055  0.0000)
[Testing!]J_ani:
[[-0.003  0.     0.   ]
 [ 0.    -0.004 -0.   ]
 [ 0.    -0.    -0.005]]
----------------------------------------------------------------------------------------
   Cr2   Cr2   ( -2,   0,   0) -0.8030   (-7.032,  0.000,  0.000)  7.032 
J_iso: -0.8030 
[Testing!] DMI: (-0.0000 -0.0055 -0.0000)
[Testing!]J_ani:
[[-0.004 -0.     0.   ]
 [-0.    -0.004 -0.   ]
 [ 0.    -0.    -0.005]]
----------------------------------------------------------------------------------------
   Cr2   Cr2   (  2,   0,   0) -0.8030   ( 7.032,  0.000,  0.000)  7.032 
J_iso: -0.8030 
[Testing!] DMI: ( 0.0000  0.0055  0.0000)
[Testing!]J_ani:
[[-0.004 -0.     0.   ]
 [-0.    -0.004 -0.   ]
 [ 0.    -0.    -0.005]]
----------------------------------------------------------------------------------------
   Cr1   Cr1   (  2,   0,   0) -0.8036   ( 7.032,  0.000,  0.000)  7.032 
J_iso: -0.8036 
[Testing!] DMI: (-0.0000 -0.0055 -0.0000)
[Testing!]J_ani:
[[-0.003  0.     0.   ]
 [ 0.    -0.004 -0.   ]
 [ 0.    -0.    -0.005]]
----------------------------------------------------------------------------------------
   Cr1   Cr2   (  0,  -2,   0)  0.5316   (-1.758, -7.211,  2.096)  7.712 
J_iso:  0.5316 
[Testing!] DMI: ( 0.0001  0.0000  0.0000)
[Testing!]J_ani:
[[-0.001 -0.     0.   ]
 [-0.    -0.002  0.   ]
 [ 0.     0.    -0.001]]
----------------------------------------------------------------------------------------
   Cr2   Cr1   (  0,   2,   0)  0.5316   ( 1.758,  7.211, -2.096)  7.712 
J_iso:  0.5316 
[Testing!] DMI: (-0.0001 -0.0000 -0.0000)
[Testing!]J_ani:
[[-0.001 -0.     0.   ]
 [-0.    -0.002  0.   ]
 [ 0.     0.    -0.001]]
----------------------------------------------------------------------------------------
   Cr1   Cr2   (  1,  -2,   0)  0.5317   ( 1.758, -7.211,  2.096)  7.712 
J_iso:  0.5317 
[Testing!] DMI: ( 0.0001 -0.0000 -0.0000)
[Testing!]J_ani:
[[-0.001  0.    -0.   ]
 [ 0.    -0.002  0.   ]
 [-0.     0.    -0.001]]
----------------------------------------------------------------------------------------
   Cr2   Cr1   ( -1,   2,   0)  0.5317   (-1.758,  7.211, -2.096)  7.712 
J_iso:  0.5317 
[Testing!] DMI: (-0.0001  0.0000  0.0000)
[Testing!]J_ani:
[[-0.001  0.    -0.   ]
 [ 0.    -0.002  0.   ]
 [-0.     0.    -0.001]]
----------------------------------------------------------------------------------------
   Cr2   Cr1   ( -1,  -1,   0)  0.5316   (-1.758, -7.211, -2.096)  7.712 
J_iso:  0.5316 
[Testing!] DMI: ( 0.0001  0.0000 -0.0000)
[Testing!]J_ani:
[[-0.001 -0.    -0.   ]
 [-0.    -0.002 -0.   ]
 [-0.    -0.    -0.001]]
----------------------------------------------------------------------------------------
   Cr2   Cr1   (  0,  -1,   0)  0.5316   ( 1.758, -7.211, -2.096)  7.712 
J_iso:  0.5316 
[Testing!] DMI: ( 0.0001 -0.0000  0.0000)
[Testing!]J_ani:
[[-0.001  0.     0.   ]
 [ 0.    -0.002 -0.   ]
 [ 0.    -0.    -0.001]]
----------------------------------------------------------------------------------------
   Cr1   Cr2   (  0,   1,   0)  0.5316   (-1.758,  7.211,  2.096)  7.712 
J_iso:  0.5316 
[Testing!] DMI: (-0.0001  0.0000 -0.0000)
[Testing!]J_ani:
[[-0.001  0.     0.   ]
 [ 0.    -0.002 -0.   ]
 [ 0.    -0.    -0.001]]
----------------------------------------------------------------------------------------
   Cr1   Cr2   (  1,   1,   0)  0.5316   ( 1.758,  7.211,  2.096)  7.712 
J_iso:  0.5316 
[Testing!] DMI: (-0.0001 -0.0000  0.0000)
[Testing!]J_ani:
[[-0.001 -0.    -0.   ]
 [-0.    -0.002 -0.   ]
 [-0.    -0.    -0.001]]
----------------------------------------------------------------------------------------
   Cr1   Cr1   ( -2,  -1,   0)  0.0043   (-7.032, -4.807,  0.000)  8.518 
J_iso:  0.0043 
[Testing!] DMI: ( 0.0004 -0.0011  0.0000)
[Testing!]J_ani:
[[-0.001 -0.    -0.   ]
 [-0.    -0.001 -0.   ]
 [-0.    -0.    -0.001]]
----------------------------------------------------------------------------------------
   Cr1   Cr1   ( -2,   1,   0)  0.0043   (-7.032,  4.807,  0.000)  8.518 
J_iso:  0.0043 
[Testing!] DMI: (-0.0004 -0.0011 -0.0000)
[Testing!]J_ani:
[[-0.001  0.    -0.   ]
 [ 0.    -0.001  0.   ]
 [-0.     0.    -0.001]]
----------------------------------------------------------------------------------------
   Cr2   Cr2   ( -2,  -1,   0)  0.0043   (-7.032, -4.807,  0.000)  8.518 
J_iso:  0.0043 
[Testing!] DMI: (-0.0004  0.0011 -0.0000)
[Testing!]J_ani:
[[-0.001 -0.    -0.   ]
 [-0.    -0.001 -0.   ]
 [-0.    -0.    -0.001]]
----------------------------------------------------------------------------------------
   Cr2   Cr2   ( -2,   1,   0)  0.0043   (-7.032,  4.807,  0.000)  8.518 
J_iso:  0.0043 
[Testing!] DMI: ( 0.0004  0.0011  0.0000)
[Testing!]J_ani:
[[-0.001  0.    -0.   ]
 [ 0.    -0.001  0.   ]
 [-0.     0.    -0.001]]
----------------------------------------------------------------------------------------
   Cr1   Cr1   (  2,  -1,   0)  0.0043   ( 7.032, -4.807,  0.000)  8.518 
J_iso:  0.0043 
[Testing!] DMI: ( 0.0004  0.0011  0.0000)
[Testing!]J_ani:
[[-0.001  0.    -0.   ]
 [ 0.    -0.001  0.   ]
 [-0.     0.    -0.001]]
----------------------------------------------------------------------------------------
   Cr2   Cr2   (  2,  -1,   0)  0.0043   ( 7.032, -4.807,  0.000)  8.518 
J_iso:  0.0043 
[Testing!] DMI: (-0.0004 -0.0011 -0.0000)
[Testing!]J_ani:
[[-0.001  0.    -0.   ]
 [ 0.    -0.001  0.   ]
 [-0.     0.    -0.001]]
----------------------------------------------------------------------------------------
   Cr1   Cr1   (  2,   1,   0)  0.0043   ( 7.032,  4.807,  0.000)  8.518 
J_iso:  0.0043 
[Testing!] DMI: (-0.0004  0.0011 -0.0000)
[Testing!]J_ani:
[[-0.001 -0.    -0.   ]
 [-0.    -0.001 -0.   ]
 [-0.    -0.    -0.001]]
----------------------------------------------------------------------------------------
   Cr2   Cr2   (  2,   1,   0)  0.0043   ( 7.032,  4.807,  0.000)  8.518 
J_iso:  0.0043 
[Testing!] DMI: ( 0.0004 -0.0011  0.0000)
[Testing!]J_ani:
[[-0.001 -0.    -0.   ]
 [-0.    -0.001 -0.   ]
 [-0.    -0.    -0.001]]
----------------------------------------------------------------------------------------
   Cr1   Cr2   ( -1,  -2,   0)  0.0028   (-5.274, -7.211,  2.096)  9.177 
J_iso:  0.0028 
[Testing!] DMI: ( 0.0000 -0.0000 -0.0000)
[Testing!]J_ani:
[[-0.001 -0.    -0.   ]
 [-0.    -0.001 -0.   ]
 [-0.    -0.    -0.001]]
----------------------------------------------------------------------------------------
   Cr1   Cr2   (  2,  -2,   0)  0.0027   ( 5.274, -7.211,  2.096)  9.177 
J_iso:  0.0027 
[Testing!] DMI: ( 0.0000  0.0000  0.0000)
[Testing!]J_ani:
[[-0.001  0.     0.   ]
 [ 0.    -0.001 -0.   ]
 [ 0.    -0.    -0.001]]
----------------------------------------------------------------------------------------
   Cr2   Cr1   ( -2,   2,   0)  0.0027   (-5.274,  7.211, -2.096)  9.177 
J_iso:  0.0027 
[Testing!] DMI: (-0.0000 -0.0000 -0.0000)
[Testing!]J_ani:
[[-0.001  0.     0.   ]
 [ 0.    -0.001 -0.   ]
 [ 0.    -0.    -0.001]]
----------------------------------------------------------------------------------------
   Cr2   Cr1   (  1,   2,   0)  0.0028   ( 5.274,  7.211, -2.096)  9.177 
J_iso:  0.0028 
[Testing!] DMI: (-0.0000  0.0000  0.0000)
[Testing!]J_ani:
[[-0.001 -0.    -0.   ]
 [-0.    -0.001 -0.   ]
 [-0.    -0.    -0.001]]
----------------------------------------------------------------------------------------
   Cr2   Cr1   ( -2,  -1,   0)  0.0027   (-5.274, -7.211, -2.096)  9.177 
J_iso:  0.0027 
[Testing!] DMI: ( 0.0000 -0.0000  0.0000)
[Testing!]J_ani:
[[-0.001 -0.     0.   ]
 [-0.    -0.001  0.   ]
 [ 0.     0.    -0.001]]
----------------------------------------------------------------------------------------
   Cr1   Cr2   ( -1,   1,   0)  0.0028   (-5.274,  7.211,  2.096)  9.177 
J_iso:  0.0028 
[Testing!] DMI: (-0.0000 -0.0000  0.0000)
[Testing!]J_ani:
[[-0.001  0.    -0.   ]
 [ 0.    -0.001  0.   ]
 [-0.     0.    -0.001]]
----------------------------------------------------------------------------------------
   Cr2   Cr1   (  1,  -1,   0)  0.0028   ( 5.274, -7.211, -2.096)  9.177 
J_iso:  0.0028 
[Testing!] DMI: ( 0.0000  0.0000 -0.0000)
[Testing!]J_ani:
[[-0.001  0.    -0.   ]
 [ 0.    -0.001  0.   ]
 [-0.     0.    -0.001]]
----------------------------------------------------------------------------------------
   Cr1   Cr2   (  2,   1,   0)  0.0027   ( 5.274,  7.211,  2.096)  9.177 
J_iso:  0.0027 
[Testing!] DMI: (-0.0000  0.0000 -0.0000)
[Testing!]J_ani:
[[-0.001 -0.     0.   ]
 [-0.    -0.001  0.   ]
 [ 0.     0.    -0.001]]
----------------------------------------------------------------------------------------
   Cr1   Cr2   ( -2,  -1,   0) -0.0083   (-8.791, -2.404,  2.096)  9.351 
J_iso: -0.0083 
[Testing!] DMI: ( 0.0000 -0.0000  0.0000)
[Testing!]J_ani:
[[-0.    -0.    -0.   ]
 [-0.    -0.001 -0.   ]
 [-0.    -0.    -0.   ]]
----------------------------------------------------------------------------------------
   Cr1   Cr2   ( -2,   0,   0) -0.0083   (-8.791,  2.404,  2.096)  9.351 
J_iso: -0.0083 
[Testing!] DMI: (-0.0000 -0.0000 -0.0000)
[Testing!]J_ani:
[[-0.     0.    -0.   ]
 [ 0.    -0.001  0.   ]
 [-0.     0.    -0.   ]]
----------------------------------------------------------------------------------------
   Cr2   Cr1   (  2,   0,   0) -0.0083   ( 8.791, -2.404, -2.096)  9.351 
J_iso: -0.0083 
[Testing!] DMI: ( 0.0000  0.0000  0.0000)
[Testing!]J_ani:
[[-0.     0.    -0.   ]
 [ 0.    -0.001  0.   ]
 [-0.     0.    -0.   ]]
----------------------------------------------------------------------------------------
   Cr2   Cr1   (  2,   1,   0) -0.0083   ( 8.791,  2.404, -2.096)  9.351 
J_iso: -0.0083 
[Testing!] DMI: (-0.0000  0.0000 -0.0000)
[Testing!]J_ani:
[[-0.    -0.    -0.   ]
 [-0.    -0.001 -0.   ]
 [-0.    -0.    -0.   ]]
----------------------------------------------------------------------------------------
   Cr1   Cr2   (  3,  -1,   0) -0.0083   ( 8.791, -2.404,  2.096)  9.351 
J_iso: -0.0083 
[Testing!] DMI: ( 0.0000  0.0000 -0.0000)
[Testing!]J_ani:
[[-0.     0.     0.   ]
 [ 0.    -0.001 -0.   ]
 [ 0.    -0.    -0.   ]]
----------------------------------------------------------------------------------------
   Cr1   Cr2   (  3,   0,   0) -0.0083   ( 8.791,  2.404,  2.096)  9.351 
J_iso: -0.0083 
[Testing!] DMI: (-0.0000  0.0000  0.0000)
[Testing!]J_ani:
[[-0.    -0.     0.   ]
 [-0.    -0.001  0.   ]
 [ 0.     0.    -0.   ]]
----------------------------------------------------------------------------------------
   Cr2   Cr1   ( -3,   0,   0) -0.0083   (-8.791, -2.404, -2.096)  9.351 
J_iso: -0.0083 
[Testing!] DMI: ( 0.0000 -0.0000 -0.0000)
[Testing!]J_ani:
[[-0.    -0.     0.   ]
 [-0.    -0.001  0.   ]
 [ 0.     0.    -0.   ]]
----------------------------------------------------------------------------------------
   Cr2   Cr1   ( -3,   1,   0) -0.0083   (-8.791,  2.404, -2.096)  9.351 
J_iso: -0.0083 
[Testing!] DMI: (-0.0000 -0.0000  0.0000)
[Testing!]J_ani:
[[-0.     0.     0.   ]
 [ 0.    -0.001 -0.   ]
 [ 0.    -0.    -0.   ]]
----------------------------------------------------------------------------------------
   Cr1   Cr1   (  0,  -2,   0)  0.0722   ( 0.000, -9.614,  0.000)  9.614 
J_iso:  0.0722 
[Testing!] DMI: ( 0.0372  0.0000 -0.0000)
[Testing!]J_ani:
[[-0.001 -0.     0.   ]
 [-0.    -0.     0.   ]
 [ 0.     0.    -0.   ]]
----------------------------------------------------------------------------------------
   Cr2   Cr2   (  0,  -2,   0)  0.0719   ( 0.000, -9.614,  0.000)  9.614 
J_iso:  0.0719 
[Testing!] DMI: (-0.0372  0.0000 -0.0000)
[Testing!]J_ani:
[[-0.001  0.    -0.   ]
 [ 0.    -0.     0.   ]
 [-0.     0.    -0.   ]]
----------------------------------------------------------------------------------------
   Cr1   Cr1   (  0,   2,   0)  0.0722   ( 0.000,  9.614,  0.000)  9.614 
J_iso:  0.0722 
[Testing!] DMI: (-0.0372 -0.0000  0.0000)
[Testing!]J_ani:
[[-0.001 -0.     0.   ]
 [-0.    -0.     0.   ]
 [ 0.     0.    -0.   ]]
----------------------------------------------------------------------------------------
   Cr2   Cr2   (  0,   2,   0)  0.0719   ( 0.000,  9.614,  0.000)  9.614 
J_iso:  0.0719 
[Testing!] DMI: ( 0.0372 -0.0000  0.0000)
[Testing!]J_ani:
[[-0.001  0.    -0.   ]
 [ 0.    -0.     0.   ]
 [-0.     0.    -0.   ]]
