==========================================================================================
Information: 
Exchange parameters generated by TB2J 0.7.2.1
Generation time: 22/06/12 16:11:41
 Input from non-collinear Wannier90 data.
 Tight binding data from .//95.3/95.3.z. 
 Prefix of wannier function files:crsbr.95.z.3.
Warning: Please check if the noise level of Wannier function Hamiltonian to make sure it is much smaller than the exchange values.
 The DMI component parallel to the spin orientation, the Jani which has the component of that orientation should be disregarded
 e.g. if the spins are along z, the xz, yz, zz, zx, zy components and the z component of DMI.
 If you need these component, try to do three calculations with spin along x, y, z,  or use structure with z rotated to x, y and z. And then use TB2J_merge.py to get the full set of parameters.


Merged from TB2J results in paths: 
  .//95.3/95.3.x
  .//95.3/95.3.y
  .//95.3/95.3.z
, which are from DFT data with spin along x, y, z orientation

==========================================================================================
Cell (Angstrom):
 3.409   0.000   0.000
 0.000   4.807   0.000
 0.000   0.000  23.571

==========================================================================================
Atoms:  
(Note: charge and magmoms only count the wannier functions.)
Atom_number      x         y         z     w_charge    M(x)      M(y)      M(z)   
Br1             0.8521    1.2018   -0.0668    5.6001   -0.0000    0.0000   -0.0176
Cr1             2.5564    1.2018    1.7371    4.3879    0.0000   -0.0000    3.2056
S1              2.5564    3.6054    2.2030    5.0118   -0.0000    0.0000   -0.1874
Br2             2.5564    3.6054    5.6376    5.6000   -0.0000   -0.0000   -0.0177
Cr2             0.8521    3.6054    3.8336    4.3877    0.0000   -0.0000    3.2054
S2              0.8521    1.2018    3.3678    5.0117   -0.0000    0.0000   -0.1875
Total                                        29.9992   -0.0000    0.0000    6.0008

==========================================================================================
Orbitals used in decomposition: 
The name of the orbitals for the decomposition: 
Cr1 : ['orb_1', 'orb_2', 'orb_3', 'orb_4', 'orb_5', 'orb_6', 'orb_7', 'orb_8', 'orb_9', 'orb_10']
Cr2 : ['orb_1', 'orb_2', 'orb_3', 'orb_4', 'orb_5', 'orb_6', 'orb_7', 'orb_8', 'orb_9', 'orb_10']

==========================================================================================
Exchange: 
    i      j          R        J_iso(meV)          vector          distance(A) 
----------------------------------------------------------------------------------------
   Cr2   Cr2   (  1,   0,   0)  0.6418   ( 3.409,  0.000,  0.000)  3.409 
J_iso:  0.6418 
[Testing!] DMI: (-0.0000  0.0343  0.0000)
[Testing!]J_ani:
[[-0.027  0.     0.   ]
 [ 0.    -0.041 -0.   ]
 [ 0.    -0.    -0.025]]
----------------------------------------------------------------------------------------
   Cr1   Cr1   ( -1,   0,   0)  0.6321   (-3.409,  0.000,  0.000)  3.409 
J_iso:  0.6321 
[Testing!] DMI: (-0.0000  0.0341  0.0000)
[Testing!]J_ani:
[[-0.027 -0.     0.   ]
 [-0.    -0.041 -0.   ]
 [ 0.    -0.    -0.025]]
----------------------------------------------------------------------------------------
   Cr2   Cr2   ( -1,   0,   0)  0.6418   (-3.409,  0.000,  0.000)  3.409 
J_iso:  0.6418 
[Testing!] DMI: ( 0.0000 -0.0343 -0.0000)
[Testing!]J_ani:
[[-0.027  0.     0.   ]
 [ 0.    -0.041 -0.   ]
 [ 0.    -0.    -0.025]]
----------------------------------------------------------------------------------------
   Cr1   Cr1   (  1,   0,   0)  0.6321   ( 3.409,  0.000,  0.000)  3.409 
J_iso:  0.6321 
[Testing!] DMI: ( 0.0000 -0.0341 -0.0000)
[Testing!]J_ani:
[[-0.027 -0.     0.   ]
 [-0.    -0.041 -0.   ]
 [ 0.    -0.    -0.025]]
----------------------------------------------------------------------------------------
   Cr2   Cr1   (  0,   1,   0)  3.1982   ( 1.704,  2.404, -2.096)  3.616 
J_iso:  3.1982 
[Testing!] DMI: (-0.0000 -0.0001  0.0001)
[Testing!]J_ani:
[[-0.009  0.     0.004]
 [ 0.    -0.012  0.   ]
 [ 0.004  0.    -0.006]]
----------------------------------------------------------------------------------------
   Cr2   Cr1   ( -1,   0,   0)  3.1983   (-1.704, -2.404, -2.096)  3.616 
J_iso:  3.1983 
[Testing!] DMI: ( 0.0000  0.0001  0.0001)
[Testing!]J_ani:
[[-0.009  0.    -0.004]
 [ 0.    -0.012 -0.   ]
 [-0.004 -0.    -0.006]]
----------------------------------------------------------------------------------------
   Cr2   Cr1   ( -1,   1,   0)  3.1983   (-1.704,  2.404, -2.096)  3.616 
J_iso:  3.1983 
[Testing!] DMI: (-0.0000  0.0001 -0.0001)
[Testing!]J_ani:
[[-0.009 -0.    -0.004]
 [-0.    -0.012  0.   ]
 [-0.004  0.    -0.006]]
----------------------------------------------------------------------------------------
   Cr1   Cr2   (  0,  -1,   0)  3.1982   (-1.704, -2.404,  2.096)  3.616 
J_iso:  3.1982 
[Testing!] DMI: ( 0.0000  0.0001 -0.0001)
[Testing!]J_ani:
[[-0.009  0.     0.004]
 [ 0.    -0.012  0.   ]
 [ 0.004  0.    -0.006]]
----------------------------------------------------------------------------------------
   Cr1   Cr2   (  0,   0,   0)  3.1982   (-1.704,  2.404,  2.096)  3.616 
J_iso:  3.1982 
[Testing!] DMI: (-0.0000  0.0001  0.0001)
[Testing!]J_ani:
[[-0.009 -0.     0.004]
 [-0.    -0.012 -0.   ]
 [ 0.004 -0.    -0.006]]
----------------------------------------------------------------------------------------
   Cr2   Cr1   (  0,   0,   0)  3.1982   ( 1.704, -2.404, -2.096)  3.616 
J_iso:  3.1982 
[Testing!] DMI: ( 0.0000 -0.0001 -0.0001)
[Testing!]J_ani:
[[-0.009 -0.     0.004]
 [-0.    -0.012 -0.   ]
 [ 0.004 -0.    -0.006]]
----------------------------------------------------------------------------------------
   Cr1   Cr2   (  1,  -1,   0)  3.1983   ( 1.704, -2.404,  2.096)  3.616 
J_iso:  3.1983 
[Testing!] DMI: ( 0.0000 -0.0001  0.0001)
[Testing!]J_ani:
[[-0.009 -0.    -0.004]
 [-0.    -0.012  0.   ]
 [-0.004  0.    -0.006]]
----------------------------------------------------------------------------------------
   Cr1   Cr2   (  1,   0,   0)  3.1983   ( 1.704,  2.404,  2.096)  3.616 
J_iso:  3.1983 
[Testing!] DMI: (-0.0000 -0.0001 -0.0001)
[Testing!]J_ani:
[[-0.009  0.    -0.004]
 [ 0.    -0.012 -0.   ]
 [-0.004 -0.    -0.006]]
----------------------------------------------------------------------------------------
   Cr1   Cr1   (  0,  -1,   0)  4.1026   ( 0.000, -4.807,  0.000)  4.807 
J_iso:  4.1026 
[Testing!] DMI: ( 0.0744  0.0000  0.0000)
[Testing!]J_ani:
[[-0.015  0.    -0.   ]
 [ 0.    -0.004 -0.   ]
 [-0.    -0.    -0.008]]
----------------------------------------------------------------------------------------
   Cr2   Cr2   (  0,  -1,   0)  4.0999   ( 0.000, -4.807,  0.000)  4.807 
J_iso:  4.0999 
[Testing!] DMI: (-0.0747 -0.0000 -0.0000)
[Testing!]J_ani:
[[-0.015 -0.    -0.   ]
 [-0.    -0.004 -0.   ]
 [-0.    -0.    -0.008]]
----------------------------------------------------------------------------------------
   Cr1   Cr1   (  0,   1,   0)  4.1026   ( 0.000,  4.807,  0.000)  4.807 
J_iso:  4.1026 
[Testing!] DMI: (-0.0744 -0.0000 -0.0000)
[Testing!]J_ani:
[[-0.015  0.    -0.   ]
 [ 0.    -0.004 -0.   ]
 [-0.    -0.    -0.008]]
----------------------------------------------------------------------------------------
   Cr2   Cr2   (  0,   1,   0)  4.0999   ( 0.000,  4.807,  0.000)  4.807 
J_iso:  4.0999 
[Testing!] DMI: ( 0.0747  0.0000  0.0000)
[Testing!]J_ani:
[[-0.015 -0.    -0.   ]
 [-0.    -0.004 -0.   ]
 [-0.    -0.    -0.008]]
----------------------------------------------------------------------------------------
   Cr1   Cr1   ( -1,  -1,   0)  0.0156   (-3.409, -4.807,  0.000)  5.893 
J_iso:  0.0156 
[Testing!] DMI: (-0.0144 -0.0104  0.0000)
[Testing!]J_ani:
[[-0.005 -0.     0.   ]
 [-0.    -0.005  0.   ]
 [ 0.     0.    -0.004]]
----------------------------------------------------------------------------------------
   Cr2   Cr2   ( -1,  -1,   0)  0.0151   (-3.409, -4.807,  0.000)  5.893 
J_iso:  0.0151 
[Testing!] DMI: ( 0.0143  0.0103 -0.0000)
[Testing!]J_ani:
[[-0.005 -0.     0.   ]
 [-0.    -0.005 -0.   ]
 [ 0.    -0.    -0.004]]
----------------------------------------------------------------------------------------
   Cr1   Cr1   ( -1,   1,   0)  0.0156   (-3.409,  4.807,  0.000)  5.893 
J_iso:  0.0156 
[Testing!] DMI: ( 0.0144 -0.0104  0.0000)
[Testing!]J_ani:
[[-0.005  0.    -0.   ]
 [ 0.    -0.005 -0.   ]
 [-0.    -0.    -0.004]]
----------------------------------------------------------------------------------------
   Cr2   Cr2   ( -1,   1,   0)  0.0151   (-3.409,  4.807,  0.000)  5.893 
J_iso:  0.0151 
[Testing!] DMI: (-0.0143  0.0103 -0.0000)
[Testing!]J_ani:
[[-0.005  0.    -0.   ]
 [ 0.    -0.005  0.   ]
 [-0.     0.    -0.004]]
----------------------------------------------------------------------------------------
   Cr1   Cr1   (  1,  -1,   0)  0.0156   ( 3.409, -4.807,  0.000)  5.893 
J_iso:  0.0156 
[Testing!] DMI: (-0.0144  0.0104 -0.0000)
[Testing!]J_ani:
[[-0.005  0.    -0.   ]
 [ 0.    -0.005 -0.   ]
 [-0.    -0.    -0.004]]
----------------------------------------------------------------------------------------
   Cr2   Cr2   (  1,  -1,   0)  0.0151   ( 3.409, -4.807,  0.000)  5.893 
J_iso:  0.0151 
[Testing!] DMI: ( 0.0143 -0.0103  0.0000)
[Testing!]J_ani:
[[-0.005  0.    -0.   ]
 [ 0.    -0.005  0.   ]
 [-0.     0.    -0.004]]
----------------------------------------------------------------------------------------
   Cr1   Cr1   (  1,   1,   0)  0.0156   ( 3.409,  4.807,  0.000)  5.893 
J_iso:  0.0156 
[Testing!] DMI: ( 0.0144  0.0104 -0.0000)
[Testing!]J_ani:
[[-0.005 -0.     0.   ]
 [-0.    -0.005  0.   ]
 [ 0.     0.    -0.004]]
----------------------------------------------------------------------------------------
   Cr2   Cr2   (  1,   1,   0)  0.0151   ( 3.409,  4.807,  0.000)  5.893 
J_iso:  0.0151 
[Testing!] DMI: (-0.0143 -0.0103  0.0000)
[Testing!]J_ani:
[[-0.005 -0.     0.   ]
 [-0.    -0.005 -0.   ]
 [ 0.    -0.    -0.004]]
----------------------------------------------------------------------------------------
   Cr2   Cr1   ( -2,   0,   0)  0.1199   (-5.113, -2.404, -2.096)  6.026 
J_iso:  0.1199 
[Testing!] DMI: (-0.0000 -0.0000  0.0000)
[Testing!]J_ani:
[[-0.004 -0.    -0.   ]
 [-0.    -0.002  0.   ]
 [-0.     0.    -0.005]]
----------------------------------------------------------------------------------------
   Cr2   Cr1   ( -2,   1,   0)  0.1199   (-5.113,  2.404, -2.096)  6.026 
J_iso:  0.1199 
[Testing!] DMI: ( 0.0000 -0.0000 -0.0000)
[Testing!]J_ani:
[[-0.004  0.    -0.   ]
 [ 0.    -0.002 -0.   ]
 [-0.    -0.    -0.005]]
----------------------------------------------------------------------------------------
   Cr1   Cr2   ( -1,  -1,   0)  0.1200   (-5.113, -2.404,  2.096)  6.026 
J_iso:  0.1200 
[Testing!] DMI: (-0.0000 -0.0000 -0.0000)
[Testing!]J_ani:
[[-0.004 -0.     0.   ]
 [-0.    -0.002 -0.   ]
 [ 0.    -0.    -0.005]]
----------------------------------------------------------------------------------------
   Cr1   Cr2   ( -1,   0,   0)  0.1200   (-5.113,  2.404,  2.096)  6.026 
J_iso:  0.1200 
[Testing!] DMI: ( 0.0000 -0.0000  0.0000)
[Testing!]J_ani:
[[-0.004  0.     0.   ]
 [ 0.    -0.002  0.   ]
 [ 0.     0.    -0.005]]
----------------------------------------------------------------------------------------
   Cr2   Cr1   (  1,   0,   0)  0.1200   ( 5.113, -2.404, -2.096)  6.026 
J_iso:  0.1200 
[Testing!] DMI: (-0.0000  0.0000 -0.0000)
[Testing!]J_ani:
[[-0.004  0.     0.   ]
 [ 0.    -0.002  0.   ]
 [ 0.     0.    -0.005]]
----------------------------------------------------------------------------------------
   Cr2   Cr1   (  1,   1,   0)  0.1200   ( 5.113,  2.404, -2.096)  6.026 
J_iso:  0.1200 
[Testing!] DMI: ( 0.0000  0.0000  0.0000)
[Testing!]J_ani:
[[-0.004 -0.     0.   ]
 [-0.    -0.002 -0.   ]
 [ 0.    -0.    -0.005]]
----------------------------------------------------------------------------------------
   Cr1   Cr2   (  2,  -1,   0)  0.1199   ( 5.113, -2.404,  2.096)  6.026 
J_iso:  0.1199 
[Testing!] DMI: (-0.0000  0.0000  0.0000)
[Testing!]J_ani:
[[-0.004  0.    -0.   ]
 [ 0.    -0.002 -0.   ]
 [-0.    -0.    -0.005]]
----------------------------------------------------------------------------------------
   Cr1   Cr2   (  2,   0,   0)  0.1199   ( 5.113,  2.404,  2.096)  6.026 
J_iso:  0.1199 
[Testing!] DMI: ( 0.0000  0.0000 -0.0000)
[Testing!]J_ani:
[[-0.004 -0.    -0.   ]
 [-0.    -0.002  0.   ]
 [-0.     0.    -0.005]]
----------------------------------------------------------------------------------------
   Cr1   Cr1   ( -2,   0,   0) -0.9878   (-6.817,  0.000,  0.000)  6.817 
J_iso: -0.9878 
[Testing!] DMI: (-0.0000  0.0076  0.0000)
[Testing!]J_ani:
[[-0.003 -0.     0.   ]
 [-0.    -0.004  0.   ]
 [ 0.     0.    -0.005]]
----------------------------------------------------------------------------------------
   Cr2   Cr2   ( -2,   0,   0) -0.9880   (-6.817,  0.000,  0.000)  6.817 
J_iso: -0.9880 
[Testing!] DMI: (-0.0000 -0.0078 -0.0000)
[Testing!]J_ani:
[[-0.003 -0.     0.   ]
 [-0.    -0.004  0.   ]
 [ 0.     0.    -0.005]]
----------------------------------------------------------------------------------------
   Cr2   Cr2   (  2,   0,   0) -0.9880   ( 6.817,  0.000,  0.000)  6.817 
J_iso: -0.9880 
[Testing!] DMI: ( 0.0000  0.0078  0.0000)
[Testing!]J_ani:
[[-0.003 -0.     0.   ]
 [-0.    -0.004  0.   ]
 [ 0.     0.    -0.005]]
----------------------------------------------------------------------------------------
   Cr1   Cr1   (  2,   0,   0) -0.9878   ( 6.817,  0.000,  0.000)  6.817 
J_iso: -0.9878 
[Testing!] DMI: ( 0.0000 -0.0076 -0.0000)
[Testing!]J_ani:
[[-0.003 -0.     0.   ]
 [-0.    -0.004  0.   ]
 [ 0.     0.    -0.005]]
----------------------------------------------------------------------------------------
   Cr1   Cr2   (  0,  -2,   0)  0.5012   (-1.704, -7.211,  2.096)  7.700 
J_iso:  0.5012 
[Testing!] DMI: ( 0.0000  0.0000  0.0000)
[Testing!]J_ani:
[[-0.001 -0.     0.   ]
 [-0.    -0.002  0.   ]
 [ 0.     0.    -0.001]]
----------------------------------------------------------------------------------------
   Cr2   Cr1   (  0,   2,   0)  0.5012   ( 1.704,  7.211, -2.096)  7.700 
J_iso:  0.5012 
[Testing!] DMI: (-0.0000 -0.0000 -0.0000)
[Testing!]J_ani:
[[-0.001 -0.     0.   ]
 [-0.    -0.002  0.   ]
 [ 0.     0.    -0.001]]
----------------------------------------------------------------------------------------
   Cr1   Cr2   (  1,  -2,   0)  0.5013   ( 1.704, -7.211,  2.096)  7.700 
J_iso:  0.5013 
[Testing!] DMI: ( 0.0000 -0.0000 -0.0000)
[Testing!]J_ani:
[[-0.001  0.    -0.   ]
 [ 0.    -0.002  0.   ]
 [-0.     0.    -0.001]]
----------------------------------------------------------------------------------------
   Cr2   Cr1   ( -1,   2,   0)  0.5013   (-1.704,  7.211, -2.096)  7.700 
J_iso:  0.5013 
[Testing!] DMI: (-0.0000  0.0000  0.0000)
[Testing!]J_ani:
[[-0.001  0.    -0.   ]
 [ 0.    -0.002  0.   ]
 [-0.     0.    -0.001]]
----------------------------------------------------------------------------------------
   Cr2   Cr1   ( -1,  -1,   0)  0.5012   (-1.704, -7.211, -2.096)  7.700 
J_iso:  0.5012 
[Testing!] DMI: ( 0.0000  0.0000 -0.0000)
[Testing!]J_ani:
[[-0.001 -0.    -0.   ]
 [-0.    -0.002 -0.   ]
 [-0.    -0.    -0.001]]
----------------------------------------------------------------------------------------
   Cr2   Cr1   (  0,  -1,   0)  0.5012   ( 1.704, -7.211, -2.096)  7.700 
J_iso:  0.5012 
[Testing!] DMI: ( 0.0000 -0.0000  0.0000)
[Testing!]J_ani:
[[-0.001  0.     0.   ]
 [ 0.    -0.002 -0.   ]
 [ 0.    -0.    -0.001]]
----------------------------------------------------------------------------------------
   Cr1   Cr2   (  0,   1,   0)  0.5012   (-1.704,  7.211,  2.096)  7.700 
J_iso:  0.5012 
[Testing!] DMI: (-0.0000  0.0000 -0.0000)
[Testing!]J_ani:
[[-0.001  0.     0.   ]
 [ 0.    -0.002 -0.   ]
 [ 0.    -0.    -0.001]]
----------------------------------------------------------------------------------------
   Cr1   Cr2   (  1,   1,   0)  0.5012   ( 1.704,  7.211,  2.096)  7.700 
J_iso:  0.5012 
[Testing!] DMI: (-0.0000 -0.0000  0.0000)
[Testing!]J_ani:
[[-0.001 -0.    -0.   ]
 [-0.    -0.002 -0.   ]
 [-0.    -0.    -0.001]]
----------------------------------------------------------------------------------------
   Cr1   Cr1   ( -2,  -1,   0)  0.0037   (-6.817, -4.807,  0.000)  8.342 
J_iso:  0.0037 
[Testing!] DMI: ( 0.0003 -0.0011  0.0000)
[Testing!]J_ani:
[[-0.001 -0.    -0.   ]
 [-0.    -0.001 -0.   ]
 [-0.    -0.    -0.001]]
----------------------------------------------------------------------------------------
   Cr1   Cr1   ( -2,   1,   0)  0.0037   (-6.817,  4.807,  0.000)  8.342 
J_iso:  0.0037 
[Testing!] DMI: (-0.0003 -0.0011 -0.0000)
[Testing!]J_ani:
[[-0.001  0.    -0.   ]
 [ 0.    -0.001  0.   ]
 [-0.     0.    -0.001]]
----------------------------------------------------------------------------------------
   Cr2   Cr2   ( -2,  -1,   0)  0.0037   (-6.817, -4.807,  0.000)  8.342 
J_iso:  0.0037 
[Testing!] DMI: (-0.0003  0.0011 -0.0000)
[Testing!]J_ani:
[[-0.001 -0.    -0.   ]
 [-0.    -0.001 -0.   ]
 [-0.    -0.    -0.001]]
----------------------------------------------------------------------------------------
   Cr2   Cr2   ( -2,   1,   0)  0.0037   (-6.817,  4.807,  0.000)  8.342 
J_iso:  0.0037 
[Testing!] DMI: ( 0.0003  0.0011  0.0000)
[Testing!]J_ani:
[[-0.001  0.    -0.   ]
 [ 0.    -0.001  0.   ]
 [-0.     0.    -0.001]]
----------------------------------------------------------------------------------------
   Cr1   Cr1   (  2,  -1,   0)  0.0037   ( 6.817, -4.807,  0.000)  8.342 
J_iso:  0.0037 
[Testing!] DMI: ( 0.0003  0.0011  0.0000)
[Testing!]J_ani:
[[-0.001  0.    -0.   ]
 [ 0.    -0.001  0.   ]
 [-0.     0.    -0.001]]
----------------------------------------------------------------------------------------
   Cr2   Cr2   (  2,  -1,   0)  0.0037   ( 6.817, -4.807,  0.000)  8.342 
J_iso:  0.0037 
[Testing!] DMI: (-0.0003 -0.0011 -0.0000)
[Testing!]J_ani:
[[-0.001  0.    -0.   ]
 [ 0.    -0.001  0.   ]
 [-0.     0.    -0.001]]
----------------------------------------------------------------------------------------
   Cr1   Cr1   (  2,   1,   0)  0.0037   ( 6.817,  4.807,  0.000)  8.342 
J_iso:  0.0037 
[Testing!] DMI: (-0.0003  0.0011 -0.0000)
[Testing!]J_ani:
[[-0.001 -0.    -0.   ]
 [-0.    -0.001 -0.   ]
 [-0.    -0.    -0.001]]
----------------------------------------------------------------------------------------
   Cr2   Cr2   (  2,   1,   0)  0.0037   ( 6.817,  4.807,  0.000)  8.342 
J_iso:  0.0037 
[Testing!] DMI: ( 0.0003 -0.0011  0.0000)
[Testing!]J_ani:
[[-0.001 -0.    -0.   ]
 [-0.    -0.001 -0.   ]
 [-0.    -0.    -0.001]]
----------------------------------------------------------------------------------------
   Cr2   Cr1   ( -2,  -1,   0)  0.0018   (-5.113, -7.211, -2.096)  9.085 
J_iso:  0.0018 
[Testing!] DMI: (-0.0000 -0.0000  0.0000)
[Testing!]J_ani:
[[-0.001 -0.     0.   ]
 [-0.    -0.001  0.   ]
 [ 0.     0.    -0.001]]
----------------------------------------------------------------------------------------
   Cr2   Cr1   (  1,  -1,   0)  0.0018   ( 5.113, -7.211, -2.096)  9.085 
J_iso:  0.0018 
[Testing!] DMI: (-0.0000  0.0000 -0.0000)
[Testing!]J_ani:
[[-0.001  0.    -0.   ]
 [ 0.    -0.001  0.   ]
 [-0.     0.    -0.001]]
----------------------------------------------------------------------------------------
   Cr1   Cr2   ( -1,  -2,   0)  0.0018   (-5.113, -7.211,  2.096)  9.085 
J_iso:  0.0018 
[Testing!] DMI: (-0.0000 -0.0000 -0.0000)
[Testing!]J_ani:
[[-0.001 -0.    -0.   ]
 [-0.    -0.001 -0.   ]
 [-0.    -0.    -0.001]]
----------------------------------------------------------------------------------------
   Cr1   Cr2   (  2,  -2,   0)  0.0018   ( 5.113, -7.211,  2.096)  9.085 
J_iso:  0.0018 
[Testing!] DMI: (-0.0000  0.0000  0.0000)
[Testing!]J_ani:
[[-0.001  0.     0.   ]
 [ 0.    -0.001 -0.   ]
 [ 0.    -0.    -0.001]]
----------------------------------------------------------------------------------------
   Cr2   Cr1   ( -2,   2,   0)  0.0018   (-5.113,  7.211, -2.096)  9.085 
J_iso:  0.0018 
[Testing!] DMI: ( 0.0000 -0.0000 -0.0000)
[Testing!]J_ani:
[[-0.001  0.     0.   ]
 [ 0.    -0.001 -0.   ]
 [ 0.    -0.    -0.001]]
----------------------------------------------------------------------------------------
   Cr2   Cr1   (  1,   2,   0)  0.0018   ( 5.113,  7.211, -2.096)  9.085 
J_iso:  0.0018 
[Testing!] DMI: ( 0.0000  0.0000  0.0000)
[Testing!]J_ani:
[[-0.001 -0.    -0.   ]
 [-0.    -0.001 -0.   ]
 [-0.    -0.    -0.001]]
----------------------------------------------------------------------------------------
   Cr1   Cr2   ( -1,   1,   0)  0.0018   (-5.113,  7.211,  2.096)  9.085 
J_iso:  0.0018 
[Testing!] DMI: ( 0.0000 -0.0000  0.0000)
[Testing!]J_ani:
[[-0.001  0.    -0.   ]
 [ 0.    -0.001  0.   ]
 [-0.     0.    -0.001]]
----------------------------------------------------------------------------------------
   Cr1   Cr2   (  2,   1,   0)  0.0018   ( 5.113,  7.211,  2.096)  9.085 
J_iso:  0.0018 
[Testing!] DMI: ( 0.0000  0.0000 -0.0000)
[Testing!]J_ani:
[[-0.001 -0.     0.   ]
 [-0.    -0.001  0.   ]
 [ 0.     0.    -0.001]]
----------------------------------------------------------------------------------------
   Cr1   Cr2   ( -2,  -1,   0) -0.0081   (-8.521, -2.404,  2.096)  9.099 
J_iso: -0.0081 
[Testing!] DMI: ( 0.0000  0.0000 -0.0000)
[Testing!]J_ani:
[[-0.    -0.    -0.   ]
 [-0.    -0.001 -0.   ]
 [-0.    -0.    -0.   ]]
----------------------------------------------------------------------------------------
   Cr1   Cr2   ( -2,   0,   0) -0.0081   (-8.521,  2.404,  2.096)  9.099 
J_iso: -0.0081 
[Testing!] DMI: (-0.0000  0.0000  0.0000)
[Testing!]J_ani:
[[-0.     0.    -0.   ]
 [ 0.    -0.001  0.   ]
 [-0.     0.    -0.   ]]
----------------------------------------------------------------------------------------
   Cr1   Cr2   (  3,  -1,   0) -0.0082   ( 8.521, -2.404,  2.096)  9.099 
J_iso: -0.0082 
[Testing!] DMI: ( 0.0000 -0.0000  0.0000)
[Testing!]J_ani:
[[-0.     0.     0.   ]
 [ 0.    -0.001 -0.   ]
 [ 0.    -0.    -0.   ]]
----------------------------------------------------------------------------------------
   Cr1   Cr2   (  3,   0,   0) -0.0082   ( 8.521,  2.404,  2.096)  9.099 
J_iso: -0.0082 
[Testing!] DMI: (-0.0000 -0.0000 -0.0000)
[Testing!]J_ani:
[[-0.    -0.     0.   ]
 [-0.    -0.001  0.   ]
 [ 0.     0.    -0.   ]]
----------------------------------------------------------------------------------------
   Cr2   Cr1   ( -3,   0,   0) -0.0082   (-8.521, -2.404, -2.096)  9.099 
J_iso: -0.0082 
[Testing!] DMI: ( 0.0000  0.0000  0.0000)
[Testing!]J_ani:
[[-0.    -0.     0.   ]
 [-0.    -0.001  0.   ]
 [ 0.     0.    -0.   ]]
----------------------------------------------------------------------------------------
   Cr2   Cr1   ( -3,   1,   0) -0.0082   (-8.521,  2.404, -2.096)  9.099 
J_iso: -0.0082 
[Testing!] DMI: (-0.0000  0.0000 -0.0000)
[Testing!]J_ani:
[[-0.     0.     0.   ]
 [ 0.    -0.001 -0.   ]
 [ 0.    -0.    -0.   ]]
----------------------------------------------------------------------------------------
   Cr2   Cr1   (  2,   0,   0) -0.0081   ( 8.521, -2.404, -2.096)  9.099 
J_iso: -0.0081 
[Testing!] DMI: ( 0.0000 -0.0000 -0.0000)
[Testing!]J_ani:
[[-0.     0.    -0.   ]
 [ 0.    -0.001  0.   ]
 [-0.     0.    -0.   ]]
----------------------------------------------------------------------------------------
   Cr2   Cr1   (  2,   1,   0) -0.0081   ( 8.521,  2.404, -2.096)  9.099 
J_iso: -0.0081 
[Testing!] DMI: (-0.0000 -0.0000  0.0000)
[Testing!]J_ani:
[[-0.    -0.    -0.   ]
 [-0.    -0.001 -0.   ]
 [-0.    -0.    -0.   ]]
----------------------------------------------------------------------------------------
   Cr1   Cr1   (  0,  -2,   0)  0.0131   ( 0.000, -9.614,  0.000)  9.614 
J_iso:  0.0131 
[Testing!] DMI: ( 0.0339  0.0000  0.0000)
[Testing!]J_ani:
[[-0.001  0.    -0.   ]
 [ 0.    -0.    -0.   ]
 [-0.    -0.    -0.   ]]
----------------------------------------------------------------------------------------
   Cr2   Cr2   (  0,  -2,   0)  0.0130   ( 0.000, -9.614,  0.000)  9.614 
J_iso:  0.0130 
[Testing!] DMI: (-0.0341  0.0000 -0.0000)
[Testing!]J_ani:
[[-0.001  0.    -0.   ]
 [ 0.    -0.     0.   ]
 [-0.     0.    -0.   ]]
----------------------------------------------------------------------------------------
   Cr1   Cr1   (  0,   2,   0)  0.0131   ( 0.000,  9.614,  0.000)  9.614 
J_iso:  0.0131 
[Testing!] DMI: (-0.0339 -0.0000 -0.0000)
[Testing!]J_ani:
[[-0.001  0.    -0.   ]
 [ 0.    -0.    -0.   ]
 [-0.    -0.    -0.   ]]
----------------------------------------------------------------------------------------
   Cr2   Cr2   (  0,   2,   0)  0.0130   ( 0.000,  9.614,  0.000)  9.614 
J_iso:  0.0130 
[Testing!] DMI: ( 0.0341 -0.0000  0.0000)
[Testing!]J_ani:
[[-0.001  0.    -0.   ]
 [ 0.    -0.     0.   ]
 [-0.     0.    -0.   ]]
