==========================================================================================
Information: 
Exchange parameters generated by TB2J 0.8.2.8
Generation time: 25/06/13 16:03:05
 Input from collinear Wannier90 data.
 Tight binding data from ./. 
 Prefix of wannier function files:wannier90.1 and wannier90.2.
Warning: Please check if the noise level of Wannier function Hamiltonian to make sure it is much smaller than the exchange values.

==========================================================================================
Cell (Angstrom):
10.89506339  0.00000000  0.00000000
0.00000000  7.28913343  0.00000000
-0.43520364  0.00000000  12.25222348

==========================================================================================
Atoms:  
(Note: charge and magmoms only count the wannier functions.)
Atom number        x             y             z       w_charge  w_magmom 
Cr1            -0.29136884    0.00032043    8.20286362    4.5747    3.0338
Cr2             5.15616286    3.64488714    8.20286362    4.5747    3.0338
Cr3            -0.29136884    3.70383295    8.20286362    4.5749    3.0332
Cr4             5.15616286    0.05926624    8.20286362    4.5749    3.0332
Cr5            -0.07376702    0.00032043    2.07675188    4.5747   -3.0338
Cr6             5.37376468    3.64488714    2.07675188    4.5747   -3.0338
Cr7            -0.07376702    3.70383295    2.07675188    4.5749   -3.0332
Cr8             5.37376468    0.05926624    2.07675188    4.5749   -3.0332
P1              2.89752803    1.85174408    9.20264415    2.7529    0.0337
P2              8.34505972    5.49631079    9.20264415    2.7529    0.0337
P3              3.11512985    1.85174408    3.07653241    2.7529   -0.0337
P4              7.41479768    1.85174408    7.20308309    2.7529    0.0337
P5              8.56266154    5.49631079    3.07653241    2.7529   -0.0337
P6              1.96726599    5.49631079    7.20308309    2.7529    0.0337
P7              7.63239950    1.85174408    1.07697135    2.7529   -0.0337
P8              2.18486781    5.49631079    1.07697135    2.7529   -0.0337
S1              9.06816677    7.20132929   10.03092728    5.0020    0.0175
S2              3.62063507    3.55676258   10.03092728    5.0020    0.0175
S3              9.06483660    3.78956726   10.02926491    5.0022    0.0172
S4              3.61730491    0.14500054   10.02926491    5.0022    0.0172
S5              0.80778788    1.85275960    9.37627244    4.8951   -0.0248
S6              6.25531957    5.49732631    9.37627244    4.8951   -0.0248
S7              1.08086785    5.49595594    9.10720063    4.7730   -0.0754
S8              6.52839954    1.85138923    9.10720063    4.7730   -0.0754
S9              1.24415894    7.20132929    6.37479996    5.0020    0.0175
S10             9.28576859    7.20132929    3.90481554    5.0020   -0.0175
S11             6.69169064    3.55676258    6.37479996    5.0020    0.0175
S12             3.83823689    3.55676258    3.90481554    5.0020   -0.0175
S13             1.24748911    3.78956726    6.37646233    5.0022    0.0172
S14             9.28243842    3.78956726    3.90315317    5.0022   -0.0172
S15             6.69502080    0.14500054    6.37646233    5.0022    0.0172
S16             3.83490673    0.14500054    3.90315317    5.0022   -0.0172
S17             1.02538970    1.85275960    3.25016070    4.8951    0.0248
S18             9.50453783    1.85275960    7.02945479    4.8951   -0.0248
S19             6.47292139    5.49732631    3.25016070    4.8951    0.0248
S20             4.05700614    5.49732631    7.02945479    4.8951   -0.0248
S21             1.29846967    5.49595594    2.98108889    4.7730    0.0754
S22             9.23145786    5.49595594    7.29852661    4.7730   -0.0754
S23             6.74600136    1.85138923    2.98108889    4.7730    0.0754
S24             3.78392617    1.85138923    7.29852661    4.7730   -0.0754
S25             1.46176077    7.20132929    0.24868822    5.0020   -0.0175
S26             6.90929246    3.55676258    0.24868822    5.0020   -0.0175
S27             1.46509093    3.78956726    0.25035059    5.0022   -0.0172
S28             6.91262262    0.14500054    0.25035059    5.0022   -0.0172
S29             9.72213965    1.85275960    0.90334305    4.8951    0.0248
S30             4.27460796    5.49732631    0.90334305    4.8951    0.0248
S31             9.44905968    5.49595594    1.17241487    4.7730    0.0754
S32             4.00152799    1.85138923    1.17241487    4.7730    0.0754
Total                                                   215.9995    0.0000

==========================================================================================
Orbitals used in decomposition: 
The name of the orbitals for the decomposition: 
Cr1 : ['orb_1', 'orb_2', 'orb_3', 'orb_4', 'orb_5']
Cr2 : ['orb_1', 'orb_2', 'orb_3', 'orb_4', 'orb_5']
Cr3 : ['orb_1', 'orb_2', 'orb_3', 'orb_4', 'orb_5']
Cr4 : ['orb_1', 'orb_2', 'orb_3', 'orb_4', 'orb_5']
Cr5 : ['orb_1', 'orb_2', 'orb_3', 'orb_4', 'orb_5']
Cr6 : ['orb_1', 'orb_2', 'orb_3', 'orb_4', 'orb_5']
Cr7 : ['orb_1', 'orb_2', 'orb_3', 'orb_4', 'orb_5']
Cr8 : ['orb_1', 'orb_2', 'orb_3', 'orb_4', 'orb_5']

==========================================================================================
Exchange: 
    i      j          R        J_iso(meV)          vector          distance(A) 
----------------------------------------------------------------------------------------
   Cr1   Cr3   (  0,  -1,   0)  2.8516   ( 0.000, -3.586,  0.000)  3.586 
J_iso:  2.8516 
----------------------------------------------------------------------------------------
   Cr5   Cr7   (  0,  -1,   0)  2.8509   ( 0.000, -3.586,  0.000)  3.586 
J_iso:  2.8509 
----------------------------------------------------------------------------------------
   Cr3   Cr1   (  0,   1,   0)  2.8516   ( 0.000,  3.586,  0.000)  3.586 
J_iso:  2.8516 
----------------------------------------------------------------------------------------
   Cr7   Cr5   (  0,   1,   0)  2.8509   ( 0.000,  3.586,  0.000)  3.586 
J_iso:  2.8509 
----------------------------------------------------------------------------------------
   Cr2   Cr4   (  0,   0,   0)  2.8517   ( 0.000, -3.586,  0.000)  3.586 
J_iso:  2.8517 
----------------------------------------------------------------------------------------
   Cr4   Cr2   (  0,   0,   0)  2.8517   ( 0.000,  3.586,  0.000)  3.586 
J_iso:  2.8517 
----------------------------------------------------------------------------------------
   Cr6   Cr8   (  0,   0,   0)  2.8509   ( 0.000, -3.586,  0.000)  3.586 
J_iso:  2.8509 
----------------------------------------------------------------------------------------
   Cr8   Cr6   (  0,   0,   0)  2.8509   ( 0.000,  3.586,  0.000)  3.586 
J_iso:  2.8509 
----------------------------------------------------------------------------------------
   Cr4   Cr2   (  0,  -1,   0)  2.5924   ( 0.000, -3.704,  0.000)  3.704 
J_iso:  2.5924 
----------------------------------------------------------------------------------------
   Cr8   Cr6   (  0,  -1,   0)  2.5919   ( 0.000, -3.704,  0.000)  3.704 
J_iso:  2.5919 
----------------------------------------------------------------------------------------
   Cr2   Cr4   (  0,   1,   0)  2.5924   ( 0.000,  3.704,  0.000)  3.704 
J_iso:  2.5924 
----------------------------------------------------------------------------------------
   Cr6   Cr8   (  0,   1,   0)  2.5919   ( 0.000,  3.704,  0.000)  3.704 
J_iso:  2.5919 
----------------------------------------------------------------------------------------
   Cr1   Cr3   (  0,   0,   0)  2.5919   ( 0.000,  3.704,  0.000)  3.704 
J_iso:  2.5919 
----------------------------------------------------------------------------------------
   Cr3   Cr1   (  0,   0,   0)  2.5919   ( 0.000, -3.704,  0.000)  3.704 
J_iso:  2.5919 
----------------------------------------------------------------------------------------
   Cr5   Cr7   (  0,   0,   0)  2.5925   ( 0.000,  3.704,  0.000)  3.704 
J_iso:  2.5925 
----------------------------------------------------------------------------------------
   Cr7   Cr5   (  0,   0,   0)  2.5925   ( 0.000, -3.704,  0.000)  3.704 
J_iso:  2.5925 
----------------------------------------------------------------------------------------
   Cr2   Cr3   (  1,   0,   0)  0.0517   ( 5.448,  0.059,  0.000)  5.448 
J_iso:  0.0517 
----------------------------------------------------------------------------------------
   Cr4   Cr1   (  1,   0,   0)  0.0515   ( 5.448, -0.059,  0.000)  5.448 
J_iso:  0.0515 
----------------------------------------------------------------------------------------
   Cr1   Cr4   (  0,   0,   0)  0.0515   ( 5.448,  0.059,  0.000)  5.448 
J_iso:  0.0515 
----------------------------------------------------------------------------------------
   Cr2   Cr3   (  0,   0,   0)  0.0515   (-5.448,  0.059,  0.000)  5.448 
J_iso:  0.0515 
----------------------------------------------------------------------------------------
   Cr3   Cr2   (  0,   0,   0)  0.0515   ( 5.448, -0.059,  0.000)  5.448 
J_iso:  0.0515 
----------------------------------------------------------------------------------------
   Cr4   Cr1   (  0,   0,   0)  0.0515   (-5.448, -0.059,  0.000)  5.448 
J_iso:  0.0515 
----------------------------------------------------------------------------------------
   Cr5   Cr8   (  0,   0,   0)  0.0517   ( 5.448,  0.059,  0.000)  5.448 
J_iso:  0.0517 
----------------------------------------------------------------------------------------
   Cr6   Cr7   (  0,   0,   0)  0.0517   (-5.448,  0.059,  0.000)  5.448 
J_iso:  0.0517 
----------------------------------------------------------------------------------------
   Cr7   Cr6   (  0,   0,   0)  0.0517   ( 5.448, -0.059,  0.000)  5.448 
J_iso:  0.0517 
----------------------------------------------------------------------------------------
   Cr8   Cr5   (  0,   0,   0)  0.0517   (-5.448, -0.059,  0.000)  5.448 
J_iso:  0.0517 
----------------------------------------------------------------------------------------
   Cr1   Cr4   ( -1,   0,   0)  0.0515   (-5.448,  0.059,  0.000)  5.448 
J_iso:  0.0515 
----------------------------------------------------------------------------------------
   Cr3   Cr2   ( -1,   0,   0)  0.0517   (-5.448, -0.059,  0.000)  5.448 
J_iso:  0.0517 
----------------------------------------------------------------------------------------
   Cr5   Cr8   ( -1,   0,   0)  0.0517   (-5.448,  0.059,  0.000)  5.448 
J_iso:  0.0517 
----------------------------------------------------------------------------------------
   Cr7   Cr6   ( -1,   0,   0)  0.0515   (-5.448, -0.059,  0.000)  5.448 
J_iso:  0.0515 
----------------------------------------------------------------------------------------
   Cr6   Cr7   (  1,   0,   0)  0.0515   ( 5.448,  0.059,  0.000)  5.448 
J_iso:  0.0515 
----------------------------------------------------------------------------------------
   Cr8   Cr5   (  1,   0,   0)  0.0517   ( 5.448, -0.059,  0.000)  5.448 
J_iso:  0.0517 
----------------------------------------------------------------------------------------
   Cr1   Cr5   (  0,   0,   0) -0.0488   ( 0.218,  0.000, -6.126)  6.130 
J_iso: -0.0488 
----------------------------------------------------------------------------------------
   Cr2   Cr6   (  0,   0,   0) -0.0488   ( 0.218,  0.000, -6.126)  6.130 
J_iso: -0.0488 
----------------------------------------------------------------------------------------
   Cr3   Cr7   (  0,   0,   0) -0.0476   ( 0.218,  0.000, -6.126)  6.130 
J_iso: -0.0476 
----------------------------------------------------------------------------------------
   Cr4   Cr8   (  0,   0,   0) -0.0476   ( 0.218,  0.000, -6.126)  6.130 
J_iso: -0.0476 
----------------------------------------------------------------------------------------
   Cr5   Cr1   (  0,   0,   0) -0.0488   (-0.218,  0.000,  6.126)  6.130 
J_iso: -0.0488 
----------------------------------------------------------------------------------------
   Cr6   Cr2   (  0,   0,   0) -0.0488   (-0.218,  0.000,  6.126)  6.130 
J_iso: -0.0488 
----------------------------------------------------------------------------------------
   Cr7   Cr3   (  0,   0,   0) -0.0476   (-0.218,  0.000,  6.126)  6.130 
J_iso: -0.0476 
----------------------------------------------------------------------------------------
   Cr8   Cr4   (  0,   0,   0) -0.0476   (-0.218,  0.000,  6.126)  6.130 
J_iso: -0.0476 
----------------------------------------------------------------------------------------
   Cr1   Cr5   (  0,   0,   1) -0.0488   (-0.218,  0.000,  6.126)  6.130 
J_iso: -0.0488 
----------------------------------------------------------------------------------------
   Cr2   Cr6   (  0,   0,   1) -0.0488   (-0.218,  0.000,  6.126)  6.130 
J_iso: -0.0488 
----------------------------------------------------------------------------------------
   Cr3   Cr7   (  0,   0,   1) -0.0476   (-0.218,  0.000,  6.126)  6.130 
J_iso: -0.0476 
----------------------------------------------------------------------------------------
   Cr4   Cr8   (  0,   0,   1) -0.0476   (-0.218,  0.000,  6.126)  6.130 
J_iso: -0.0476 
----------------------------------------------------------------------------------------
   Cr5   Cr1   (  0,   0,  -1) -0.0488   ( 0.218,  0.000, -6.126)  6.130 
J_iso: -0.0488 
----------------------------------------------------------------------------------------
   Cr6   Cr2   (  0,   0,  -1) -0.0488   ( 0.218,  0.000, -6.126)  6.130 
J_iso: -0.0488 
----------------------------------------------------------------------------------------
   Cr7   Cr3   (  0,   0,  -1) -0.0476   ( 0.218,  0.000, -6.126)  6.130 
J_iso: -0.0476 
----------------------------------------------------------------------------------------
   Cr8   Cr4   (  0,   0,  -1) -0.0476   ( 0.218,  0.000, -6.126)  6.130 
J_iso: -0.0476 
----------------------------------------------------------------------------------------
   Cr2   Cr1   (  1,   1,   0)  1.1034   ( 5.448,  3.645,  0.000)  6.554 
J_iso:  1.1034 
----------------------------------------------------------------------------------------
   Cr1   Cr2   (  0,  -1,   0)  1.1034   ( 5.448, -3.645,  0.000)  6.554 
J_iso:  1.1034 
----------------------------------------------------------------------------------------
   Cr5   Cr6   (  0,  -1,   0)  1.1035   ( 5.448, -3.645,  0.000)  6.554 
J_iso:  1.1035 
----------------------------------------------------------------------------------------
   Cr2   Cr1   (  0,   1,   0)  1.1034   (-5.448,  3.645,  0.000)  6.554 
J_iso:  1.1034 
----------------------------------------------------------------------------------------
   Cr6   Cr5   (  0,   1,   0)  1.1035   (-5.448,  3.645,  0.000)  6.554 
J_iso:  1.1035 
----------------------------------------------------------------------------------------
   Cr1   Cr2   ( -1,  -1,   0)  1.1034   (-5.448, -3.645,  0.000)  6.554 
J_iso:  1.1034 
----------------------------------------------------------------------------------------
   Cr5   Cr6   ( -1,  -1,   0)  1.1035   (-5.448, -3.645,  0.000)  6.554 
J_iso:  1.1035 
----------------------------------------------------------------------------------------
   Cr6   Cr5   (  1,   1,   0)  1.1035   ( 5.448,  3.645,  0.000)  6.554 
J_iso:  1.1035 
----------------------------------------------------------------------------------------
   Cr4   Cr3   (  1,  -1,   0)  1.1010   ( 5.448, -3.645,  0.000)  6.554 
J_iso:  1.1010 
----------------------------------------------------------------------------------------
   Cr4   Cr3   (  0,  -1,   0)  1.1009   (-5.448, -3.645,  0.000)  6.554 
J_iso:  1.1009 
----------------------------------------------------------------------------------------
   Cr8   Cr7   (  0,  -1,   0)  1.1010   (-5.448, -3.645,  0.000)  6.554 
J_iso:  1.1010 
----------------------------------------------------------------------------------------
   Cr3   Cr4   (  0,   0,   0)  1.1009   ( 5.448, -3.645,  0.000)  6.554 
J_iso:  1.1009 
----------------------------------------------------------------------------------------
   Cr4   Cr3   (  0,   0,   0)  1.1009   (-5.448,  3.645,  0.000)  6.554 
J_iso:  1.1009 
----------------------------------------------------------------------------------------
   Cr7   Cr8   (  0,   0,   0)  1.1010   ( 5.448, -3.645,  0.000)  6.554 
J_iso:  1.1010 
----------------------------------------------------------------------------------------
   Cr8   Cr7   (  0,   0,   0)  1.1010   (-5.448,  3.645,  0.000)  6.554 
J_iso:  1.1010 
----------------------------------------------------------------------------------------
   Cr3   Cr4   (  0,   1,   0)  1.1009   ( 5.448,  3.645,  0.000)  6.554 
J_iso:  1.1009 
----------------------------------------------------------------------------------------
   Cr7   Cr8   (  0,   1,   0)  1.1010   ( 5.448,  3.645,  0.000)  6.554 
J_iso:  1.1010 
----------------------------------------------------------------------------------------
   Cr3   Cr4   ( -1,   0,   0)  1.1009   (-5.448, -3.645,  0.000)  6.554 
J_iso:  1.1009 
----------------------------------------------------------------------------------------
   Cr7   Cr8   ( -1,   0,   0)  1.1010   (-5.448, -3.645,  0.000)  6.554 
J_iso:  1.1010 
----------------------------------------------------------------------------------------
   Cr2   Cr1   (  1,   0,   0)  1.1035   ( 5.448, -3.645,  0.000)  6.554 
J_iso:  1.1035 
----------------------------------------------------------------------------------------
   Cr4   Cr3   (  1,   0,   0)  1.1009   ( 5.448,  3.645,  0.000)  6.554 
J_iso:  1.1009 
----------------------------------------------------------------------------------------
   Cr8   Cr7   (  1,   0,   0)  1.1010   ( 5.448,  3.645,  0.000)  6.554 
J_iso:  1.1010 
----------------------------------------------------------------------------------------
   Cr3   Cr4   ( -1,   1,   0)  1.1010   (-5.448,  3.645,  0.000)  6.554 
J_iso:  1.1010 
----------------------------------------------------------------------------------------
   Cr7   Cr8   ( -1,   1,   0)  1.1009   (-5.448,  3.645,  0.000)  6.554 
J_iso:  1.1009 
----------------------------------------------------------------------------------------
   Cr8   Cr7   (  1,  -1,   0)  1.1009   ( 5.448, -3.645,  0.000)  6.554 
J_iso:  1.1009 
----------------------------------------------------------------------------------------
   Cr1   Cr2   (  0,   0,   0)  1.1035   ( 5.448,  3.645,  0.000)  6.554 
J_iso:  1.1035 
----------------------------------------------------------------------------------------
   Cr2   Cr1   (  0,   0,   0)  1.1035   (-5.448, -3.645,  0.000)  6.554 
J_iso:  1.1035 
----------------------------------------------------------------------------------------
   Cr5   Cr6   (  0,   0,   0)  1.1034   ( 5.448,  3.645,  0.000)  6.554 
J_iso:  1.1034 
----------------------------------------------------------------------------------------
   Cr6   Cr5   (  0,   0,   0)  1.1034   (-5.448, -3.645,  0.000)  6.554 
J_iso:  1.1034 
----------------------------------------------------------------------------------------
   Cr1   Cr2   ( -1,   0,   0)  1.1035   (-5.448,  3.645,  0.000)  6.554 
J_iso:  1.1035 
----------------------------------------------------------------------------------------
   Cr5   Cr6   ( -1,   0,   0)  1.1034   (-5.448,  3.645,  0.000)  6.554 
J_iso:  1.1034 
----------------------------------------------------------------------------------------
   Cr6   Cr5   (  1,   0,   0)  1.1034   ( 5.448, -3.645,  0.000)  6.554 
J_iso:  1.1034 
----------------------------------------------------------------------------------------
   Cr1   Cr7   (  0,  -1,   0) -0.0207   ( 0.218, -3.586, -6.126)  7.102 
J_iso: -0.0207 
----------------------------------------------------------------------------------------
   Cr5   Cr3   (  0,  -1,   0) -0.0207   (-0.218, -3.586,  6.126)  7.102 
J_iso: -0.0207 
----------------------------------------------------------------------------------------
   Cr3   Cr5   (  0,   1,   0) -0.0207   ( 0.218,  3.586, -6.126)  7.102 
J_iso: -0.0207 
----------------------------------------------------------------------------------------
   Cr7   Cr1   (  0,   1,   0) -0.0207   (-0.218,  3.586,  6.126)  7.102 
J_iso: -0.0207 
----------------------------------------------------------------------------------------
   Cr1   Cr7   (  0,  -1,   1) -0.0207   (-0.218, -3.586,  6.126)  7.102 
J_iso: -0.0207 
----------------------------------------------------------------------------------------
   Cr3   Cr5   (  0,   1,   1) -0.0207   (-0.218,  3.586,  6.126)  7.102 
J_iso: -0.0207 
----------------------------------------------------------------------------------------
   Cr5   Cr3   (  0,  -1,  -1) -0.0207   ( 0.218, -3.586, -6.126)  7.102 
J_iso: -0.0207 
----------------------------------------------------------------------------------------
   Cr7   Cr1   (  0,   1,  -1) -0.0207   ( 0.218,  3.586, -6.126)  7.102 
J_iso: -0.0207 
----------------------------------------------------------------------------------------
   Cr2   Cr8   (  0,   0,   0) -0.0207   ( 0.218, -3.586, -6.126)  7.102 
J_iso: -0.0207 
----------------------------------------------------------------------------------------
   Cr4   Cr6   (  0,   0,   0) -0.0207   ( 0.218,  3.586, -6.126)  7.102 
J_iso: -0.0207 
----------------------------------------------------------------------------------------
   Cr6   Cr4   (  0,   0,   0) -0.0207   (-0.218, -3.586,  6.126)  7.102 
J_iso: -0.0207 
----------------------------------------------------------------------------------------
   Cr8   Cr2   (  0,   0,   0) -0.0207   (-0.218,  3.586,  6.126)  7.102 
J_iso: -0.0207 
----------------------------------------------------------------------------------------
   Cr2   Cr8   (  0,   0,   1) -0.0207   (-0.218, -3.586,  6.126)  7.102 
J_iso: -0.0207 
----------------------------------------------------------------------------------------
   Cr4   Cr6   (  0,   0,   1) -0.0207   (-0.218,  3.586,  6.126)  7.102 
J_iso: -0.0207 
----------------------------------------------------------------------------------------
   Cr6   Cr4   (  0,   0,  -1) -0.0207   ( 0.218, -3.586, -6.126)  7.102 
J_iso: -0.0207 
----------------------------------------------------------------------------------------
   Cr8   Cr2   (  0,   0,  -1) -0.0207   ( 0.218,  3.586, -6.126)  7.102 
J_iso: -0.0207 
----------------------------------------------------------------------------------------
   Cr4   Cr6   (  0,  -1,   0) -0.0746   ( 0.218, -3.704, -6.126)  7.162 
J_iso: -0.0746 
----------------------------------------------------------------------------------------
   Cr8   Cr2   (  0,  -1,   0) -0.0746   (-0.218, -3.704,  6.126)  7.162 
J_iso: -0.0746 
----------------------------------------------------------------------------------------
   Cr2   Cr8   (  0,   1,   0) -0.0746   ( 0.218,  3.704, -6.126)  7.162 
J_iso: -0.0746 
----------------------------------------------------------------------------------------
   Cr6   Cr4   (  0,   1,   0) -0.0746   (-0.218,  3.704,  6.126)  7.162 
J_iso: -0.0746 
----------------------------------------------------------------------------------------
   Cr4   Cr6   (  0,  -1,   1) -0.0746   (-0.218, -3.704,  6.126)  7.162 
J_iso: -0.0746 
----------------------------------------------------------------------------------------
   Cr2   Cr8   (  0,   1,   1) -0.0746   (-0.218,  3.704,  6.126)  7.162 
J_iso: -0.0746 
----------------------------------------------------------------------------------------
   Cr8   Cr2   (  0,  -1,  -1) -0.0746   ( 0.218, -3.704, -6.126)  7.162 
J_iso: -0.0746 
----------------------------------------------------------------------------------------
   Cr6   Cr4   (  0,   1,  -1) -0.0746   ( 0.218,  3.704, -6.126)  7.162 
J_iso: -0.0746 
----------------------------------------------------------------------------------------
   Cr1   Cr7   (  0,   0,   0) -0.0746   ( 0.218,  3.704, -6.126)  7.162 
J_iso: -0.0746 
----------------------------------------------------------------------------------------
   Cr3   Cr5   (  0,   0,   0) -0.0746   ( 0.218, -3.704, -6.126)  7.162 
J_iso: -0.0746 
----------------------------------------------------------------------------------------
   Cr5   Cr3   (  0,   0,   0) -0.0746   (-0.218,  3.704,  6.126)  7.162 
J_iso: -0.0746 
----------------------------------------------------------------------------------------
   Cr7   Cr1   (  0,   0,   0) -0.0746   (-0.218, -3.704,  6.126)  7.162 
J_iso: -0.0746 
----------------------------------------------------------------------------------------
   Cr1   Cr7   (  0,   0,   1) -0.0746   (-0.218,  3.704,  6.126)  7.162 
J_iso: -0.0746 
----------------------------------------------------------------------------------------
   Cr3   Cr5   (  0,   0,   1) -0.0746   (-0.218, -3.704,  6.126)  7.162 
J_iso: -0.0746 
----------------------------------------------------------------------------------------
   Cr5   Cr3   (  0,   0,  -1) -0.0746   ( 0.218,  3.704, -6.126)  7.162 
J_iso: -0.0746 
----------------------------------------------------------------------------------------
   Cr7   Cr1   (  0,   0,  -1) -0.0746   ( 0.218, -3.704, -6.126)  7.162 
J_iso: -0.0746 
----------------------------------------------------------------------------------------
   Cr1   Cr1   (  0,  -1,   0) -0.8267   ( 0.000, -7.289,  0.000)  7.289 
J_iso: -0.8267 
----------------------------------------------------------------------------------------
   Cr2   Cr2   (  0,  -1,   0) -0.8267   ( 0.000, -7.289,  0.000)  7.289 
J_iso: -0.8267 
----------------------------------------------------------------------------------------
   Cr3   Cr3   (  0,  -1,   0) -0.8353   ( 0.000, -7.289,  0.000)  7.289 
J_iso: -0.8353 
----------------------------------------------------------------------------------------
   Cr4   Cr4   (  0,  -1,   0) -0.8353   ( 0.000, -7.289,  0.000)  7.289 
J_iso: -0.8353 
----------------------------------------------------------------------------------------
   Cr5   Cr5   (  0,  -1,   0) -0.8268   ( 0.000, -7.289,  0.000)  7.289 
J_iso: -0.8268 
----------------------------------------------------------------------------------------
   Cr6   Cr6   (  0,  -1,   0) -0.8268   ( 0.000, -7.289,  0.000)  7.289 
J_iso: -0.8268 
----------------------------------------------------------------------------------------
   Cr7   Cr7   (  0,  -1,   0) -0.8354   ( 0.000, -7.289,  0.000)  7.289 
J_iso: -0.8354 
----------------------------------------------------------------------------------------
   Cr8   Cr8   (  0,  -1,   0) -0.8354   ( 0.000, -7.289,  0.000)  7.289 
J_iso: -0.8354 
----------------------------------------------------------------------------------------
   Cr1   Cr1   (  0,   1,   0) -0.8267   ( 0.000,  7.289,  0.000)  7.289 
J_iso: -0.8267 
----------------------------------------------------------------------------------------
   Cr2   Cr2   (  0,   1,   0) -0.8267   ( 0.000,  7.289,  0.000)  7.289 
J_iso: -0.8267 
----------------------------------------------------------------------------------------
   Cr4   Cr4   (  0,   1,   0) -0.8353   ( 0.000,  7.289,  0.000)  7.289 
J_iso: -0.8353 
----------------------------------------------------------------------------------------
   Cr5   Cr5   (  0,   1,   0) -0.8268   ( 0.000,  7.289,  0.000)  7.289 
J_iso: -0.8268 
----------------------------------------------------------------------------------------
   Cr6   Cr6   (  0,   1,   0) -0.8268   ( 0.000,  7.289,  0.000)  7.289 
J_iso: -0.8268 
----------------------------------------------------------------------------------------
   Cr8   Cr8   (  0,   1,   0) -0.8354   ( 0.000,  7.289,  0.000)  7.289 
J_iso: -0.8354 
----------------------------------------------------------------------------------------
   Cr3   Cr3   (  0,   1,   0) -0.8353   ( 0.000,  7.289,  0.000)  7.289 
J_iso: -0.8353 
----------------------------------------------------------------------------------------
   Cr7   Cr7   (  0,   1,   0) -0.8354   ( 0.000,  7.289,  0.000)  7.289 
J_iso: -0.8354 
