==========================================================================================
Information: 
Exchange parameters generated by TB2J 0.7.2.1
Generation time: 22/06/09 19:23:11
 Input from non-collinear Wannier90 data.
 Tight binding data from .//97.3/97.3.z. 
 Prefix of wannier function files:crsbr.97.z.3.
Warning: Please check if the noise level of Wannier function Hamiltonian to make sure it is much smaller than the exchange values.
 The DMI component parallel to the spin orientation, the Jani which has the component of that orientation should be disregarded
 e.g. if the spins are along z, the xz, yz, zz, zx, zy components and the z component of DMI.
 If you need these component, try to do three calculations with spin along x, y, z,  or use structure with z rotated to x, y and z. And then use TB2J_merge.py to get the full set of parameters.


Merged from TB2J results in paths: 
  .//97.3/97.3.x
  .//97.3/97.3.y
  .//97.3/97.3.z
, which are from DFT data with spin along x, y, z orientation

==========================================================================================
Cell (Angstrom):
 3.588   0.000   0.000
 0.000   4.663   0.000
 0.000   0.000  23.571

==========================================================================================
Atoms:  
(Note: charge and magmoms only count the wannier functions.)
Atom_number      x         y         z     w_charge    M(x)      M(y)      M(z)   
Br1             0.8970    1.1658   -0.0668    5.6047    0.0000    0.0000   -0.0498
Cr1             2.6910    1.1658    1.7371    4.3714   -0.0000    0.0000    3.2549
S1              2.6910    3.4973    2.2030    5.0241   -0.0000   -0.0000   -0.2039
Br2             2.6910    3.4973    5.6376    5.6046    0.0000    0.0000   -0.0500
Cr2             0.8970    3.4973    3.8336    4.3706   -0.0000    0.0000    3.2547
S2              0.8970    1.1658    3.3678    5.0237   -0.0000   -0.0000   -0.2043
Total                                        29.9992   -0.0000    0.0000    6.0016

==========================================================================================
Orbitals used in decomposition: 
The name of the orbitals for the decomposition: 
Cr1 : ['orb_1', 'orb_2', 'orb_3', 'orb_4', 'orb_5', 'orb_6', 'orb_7', 'orb_8', 'orb_9', 'orb_10']
Cr2 : ['orb_1', 'orb_2', 'orb_3', 'orb_4', 'orb_5', 'orb_6', 'orb_7', 'orb_8', 'orb_9', 'orb_10']

==========================================================================================
Exchange: 
    i      j          R        J_iso(meV)          vector          distance(A) 
----------------------------------------------------------------------------------------
   Cr1   Cr1   ( -1,   0,   0)  3.4481   (-3.588,  0.000,  0.000)  3.588 
J_iso:  3.4481 
[Testing!] DMI: ( 0.0000 -0.0065  0.0000)
[Testing!]J_ani:
[[-0.031  0.    -0.   ]
 [ 0.    -0.054 -0.   ]
 [-0.    -0.    -0.028]]
----------------------------------------------------------------------------------------
   Cr2   Cr2   ( -1,   0,   0)  3.4539   (-3.588,  0.000,  0.000)  3.588 
J_iso:  3.4539 
[Testing!] DMI: (-0.0000  0.0073  0.0000)
[Testing!]J_ani:
[[-0.031  0.    -0.   ]
 [ 0.    -0.053 -0.   ]
 [-0.    -0.    -0.028]]
----------------------------------------------------------------------------------------
   Cr2   Cr2   (  1,   0,   0)  3.4539   ( 3.588,  0.000,  0.000)  3.588 
J_iso:  3.4539 
[Testing!] DMI: ( 0.0000 -0.0073 -0.0000)
[Testing!]J_ani:
[[-0.031  0.    -0.   ]
 [ 0.    -0.053 -0.   ]
 [-0.    -0.    -0.028]]
----------------------------------------------------------------------------------------
   Cr1   Cr1   (  1,   0,   0)  3.4481   ( 3.588,  0.000,  0.000)  3.588 
J_iso:  3.4481 
[Testing!] DMI: (-0.0000  0.0065 -0.0000)
[Testing!]J_ani:
[[-0.031  0.    -0.   ]
 [ 0.    -0.054 -0.   ]
 [-0.    -0.    -0.028]]
----------------------------------------------------------------------------------------
   Cr2   Cr1   ( -1,   1,   0)  4.0406   (-1.794,  2.332, -2.096)  3.612 
J_iso:  4.0406 
[Testing!] DMI: (-0.0001  0.0002 -0.0002)
[Testing!]J_ani:
[[-0.008 -0.    -0.003]
 [-0.    -0.014  0.   ]
 [-0.003  0.    -0.007]]
----------------------------------------------------------------------------------------
   Cr1   Cr2   (  1,  -1,   0)  4.0406   ( 1.794, -2.332,  2.096)  3.612 
J_iso:  4.0406 
[Testing!] DMI: ( 0.0001 -0.0002  0.0002)
[Testing!]J_ani:
[[-0.008 -0.    -0.003]
 [-0.    -0.014  0.   ]
 [-0.003  0.    -0.007]]
----------------------------------------------------------------------------------------
   Cr1   Cr2   (  0,  -1,   0)  4.0405   (-1.794, -2.332,  2.096)  3.612 
J_iso:  4.0405 
[Testing!] DMI: ( 0.0001  0.0002 -0.0002)
[Testing!]J_ani:
[[-0.008  0.     0.003]
 [ 0.    -0.014  0.   ]
 [ 0.003  0.    -0.007]]
----------------------------------------------------------------------------------------
   Cr2   Cr1   (  0,   1,   0)  4.0405   ( 1.794,  2.332, -2.096)  3.612 
J_iso:  4.0405 
[Testing!] DMI: (-0.0001 -0.0002  0.0002)
[Testing!]J_ani:
[[-0.008  0.     0.003]
 [ 0.    -0.014  0.   ]
 [ 0.003  0.    -0.007]]
----------------------------------------------------------------------------------------
   Cr2   Cr1   ( -1,   0,   0)  4.0406   (-1.794, -2.332, -2.096)  3.612 
J_iso:  4.0406 
[Testing!] DMI: ( 0.0001  0.0002  0.0002)
[Testing!]J_ani:
[[-0.008  0.    -0.003]
 [ 0.    -0.014 -0.   ]
 [-0.003 -0.    -0.007]]
----------------------------------------------------------------------------------------
   Cr1   Cr2   (  1,   0,   0)  4.0406   ( 1.794,  2.332,  2.096)  3.612 
J_iso:  4.0406 
[Testing!] DMI: (-0.0001 -0.0002 -0.0002)
[Testing!]J_ani:
[[-0.008  0.    -0.003]
 [ 0.    -0.014 -0.   ]
 [-0.003 -0.    -0.007]]
----------------------------------------------------------------------------------------
   Cr1   Cr2   (  0,   0,   0)  4.0405   (-1.794,  2.332,  2.096)  3.612 
J_iso:  4.0405 
[Testing!] DMI: (-0.0001  0.0002  0.0002)
[Testing!]J_ani:
[[-0.008 -0.     0.003]
 [-0.    -0.014 -0.   ]
 [ 0.003 -0.    -0.007]]
----------------------------------------------------------------------------------------
   Cr2   Cr1   (  0,   0,   0)  4.0405   ( 1.794, -2.332, -2.096)  3.612 
J_iso:  4.0405 
[Testing!] DMI: ( 0.0001 -0.0002 -0.0002)
[Testing!]J_ani:
[[-0.008 -0.     0.003]
 [-0.    -0.014 -0.   ]
 [ 0.003 -0.    -0.007]]
----------------------------------------------------------------------------------------
   Cr1   Cr1   (  0,  -1,   0)  5.3556   ( 0.000, -4.663,  0.000)  4.663 
J_iso:  5.3556 
[Testing!] DMI: ( 0.0563  0.0000  0.0000)
[Testing!]J_ani:
[[-0.019  0.    -0.   ]
 [ 0.    -0.004 -0.   ]
 [-0.    -0.    -0.01 ]]
----------------------------------------------------------------------------------------
   Cr2   Cr2   (  0,  -1,   0)  5.3503   ( 0.000, -4.663,  0.000)  4.663 
J_iso:  5.3503 
[Testing!] DMI: (-0.0556 -0.0000 -0.0000)
[Testing!]J_ani:
[[-0.019 -0.     0.   ]
 [-0.    -0.004  0.   ]
 [ 0.     0.    -0.01 ]]
----------------------------------------------------------------------------------------
   Cr1   Cr1   (  0,   1,   0)  5.3556   ( 0.000,  4.663,  0.000)  4.663 
J_iso:  5.3556 
[Testing!] DMI: (-0.0563 -0.0000 -0.0000)
[Testing!]J_ani:
[[-0.019  0.    -0.   ]
 [ 0.    -0.004 -0.   ]
 [-0.    -0.    -0.01 ]]
----------------------------------------------------------------------------------------
   Cr2   Cr2   (  0,   1,   0)  5.3503   ( 0.000,  4.663,  0.000)  4.663 
J_iso:  5.3503 
[Testing!] DMI: ( 0.0556  0.0000  0.0000)
[Testing!]J_ani:
[[-0.019 -0.     0.   ]
 [-0.    -0.004  0.   ]
 [ 0.     0.    -0.01 ]]
----------------------------------------------------------------------------------------
   Cr1   Cr1   ( -1,  -1,   0)  0.0927   (-3.588, -4.663,  0.000)  5.884 
J_iso:  0.0927 
[Testing!] DMI: (-0.0151 -0.0153  0.0000)
[Testing!]J_ani:
[[-0.007 -0.    -0.   ]
 [-0.    -0.006 -0.   ]
 [-0.    -0.    -0.005]]
----------------------------------------------------------------------------------------
   Cr2   Cr2   ( -1,  -1,   0)  0.0923   (-3.588, -4.663,  0.000)  5.884 
J_iso:  0.0923 
[Testing!] DMI: ( 0.0150  0.0154 -0.0000)
[Testing!]J_ani:
[[-0.007 -0.    -0.   ]
 [-0.    -0.006 -0.   ]
 [-0.    -0.    -0.005]]
----------------------------------------------------------------------------------------
   Cr1   Cr1   ( -1,   1,   0)  0.0927   (-3.588,  4.663,  0.000)  5.884 
J_iso:  0.0927 
[Testing!] DMI: ( 0.0151 -0.0153  0.0000)
[Testing!]J_ani:
[[-0.007  0.     0.   ]
 [ 0.    -0.006  0.   ]
 [ 0.     0.    -0.005]]
----------------------------------------------------------------------------------------
   Cr2   Cr2   ( -1,   1,   0)  0.0923   (-3.588,  4.663,  0.000)  5.884 
J_iso:  0.0923 
[Testing!] DMI: (-0.0150  0.0154  0.0000)
[Testing!]J_ani:
[[-0.007  0.    -0.   ]
 [ 0.    -0.006  0.   ]
 [-0.     0.    -0.005]]
----------------------------------------------------------------------------------------
   Cr1   Cr1   (  1,  -1,   0)  0.0927   ( 3.588, -4.663,  0.000)  5.884 
J_iso:  0.0927 
[Testing!] DMI: (-0.0151  0.0153 -0.0000)
[Testing!]J_ani:
[[-0.007  0.     0.   ]
 [ 0.    -0.006  0.   ]
 [ 0.     0.    -0.005]]
----------------------------------------------------------------------------------------
   Cr2   Cr2   (  1,  -1,   0)  0.0923   ( 3.588, -4.663,  0.000)  5.884 
J_iso:  0.0923 
[Testing!] DMI: ( 0.0150 -0.0154 -0.0000)
[Testing!]J_ani:
[[-0.007  0.    -0.   ]
 [ 0.    -0.006  0.   ]
 [-0.     0.    -0.005]]
----------------------------------------------------------------------------------------
   Cr1   Cr1   (  1,   1,   0)  0.0927   ( 3.588,  4.663,  0.000)  5.884 
J_iso:  0.0927 
[Testing!] DMI: ( 0.0151  0.0153 -0.0000)
[Testing!]J_ani:
[[-0.007 -0.    -0.   ]
 [-0.    -0.006 -0.   ]
 [-0.    -0.    -0.005]]
----------------------------------------------------------------------------------------
   Cr2   Cr2   (  1,   1,   0)  0.0923   ( 3.588,  4.663,  0.000)  5.884 
J_iso:  0.0923 
[Testing!] DMI: (-0.0150 -0.0154  0.0000)
[Testing!]J_ani:
[[-0.007 -0.    -0.   ]
 [-0.    -0.006 -0.   ]
 [-0.    -0.    -0.005]]
----------------------------------------------------------------------------------------
   Cr2   Cr1   ( -2,   1,   0)  0.0866   (-5.382,  2.332, -2.096)  6.229 
J_iso:  0.0866 
[Testing!] DMI: ( 0.0000 -0.0000 -0.0000)
[Testing!]J_ani:
[[-0.005  0.    -0.001]
 [ 0.    -0.002 -0.   ]
 [-0.001 -0.    -0.007]]
----------------------------------------------------------------------------------------
   Cr1   Cr2   ( -1,  -1,   0)  0.0866   (-5.382, -2.332,  2.096)  6.229 
J_iso:  0.0866 
[Testing!] DMI: (-0.0000 -0.0000 -0.0000)
[Testing!]J_ani:
[[-0.005 -0.     0.001]
 [-0.    -0.002 -0.   ]
 [ 0.001 -0.    -0.007]]
----------------------------------------------------------------------------------------
   Cr2   Cr1   (  1,   1,   0)  0.0866   ( 5.382,  2.332, -2.096)  6.229 
J_iso:  0.0866 
[Testing!] DMI: ( 0.0000  0.0000  0.0000)
[Testing!]J_ani:
[[-0.005 -0.     0.001]
 [-0.    -0.002 -0.   ]
 [ 0.001 -0.    -0.007]]
----------------------------------------------------------------------------------------
   Cr1   Cr2   (  2,  -1,   0)  0.0866   ( 5.382, -2.332,  2.096)  6.229 
J_iso:  0.0866 
[Testing!] DMI: (-0.0000  0.0000  0.0000)
[Testing!]J_ani:
[[-0.005  0.    -0.001]
 [ 0.    -0.002 -0.   ]
 [-0.001 -0.    -0.007]]
----------------------------------------------------------------------------------------
   Cr1   Cr2   (  2,   0,   0)  0.0865   ( 5.382,  2.332,  2.096)  6.229 
J_iso:  0.0865 
[Testing!] DMI: ( 0.0000  0.0000 -0.0000)
[Testing!]J_ani:
[[-0.005 -0.    -0.001]
 [-0.    -0.002  0.   ]
 [-0.001  0.    -0.007]]
----------------------------------------------------------------------------------------
   Cr2   Cr1   ( -2,   0,   0)  0.0865   (-5.382, -2.332, -2.096)  6.229 
J_iso:  0.0865 
[Testing!] DMI: (-0.0000 -0.0000  0.0000)
[Testing!]J_ani:
[[-0.005 -0.    -0.001]
 [-0.    -0.002  0.   ]
 [-0.001  0.    -0.007]]
----------------------------------------------------------------------------------------
   Cr1   Cr2   ( -1,   0,   0)  0.0865   (-5.382,  2.332,  2.096)  6.229 
J_iso:  0.0865 
[Testing!] DMI: ( 0.0000 -0.0000  0.0000)
[Testing!]J_ani:
[[-0.005  0.     0.001]
 [ 0.    -0.002  0.   ]
 [ 0.001  0.    -0.007]]
----------------------------------------------------------------------------------------
   Cr2   Cr1   (  1,   0,   0)  0.0865   ( 5.382, -2.332, -2.096)  6.229 
J_iso:  0.0865 
[Testing!] DMI: (-0.0000  0.0000 -0.0000)
[Testing!]J_ani:
[[-0.005  0.     0.001]
 [ 0.    -0.002  0.   ]
 [ 0.001  0.    -0.007]]
----------------------------------------------------------------------------------------
   Cr2   Cr2   (  2,   0,   0) -0.6625   ( 7.176,  0.000,  0.000)  7.176 
J_iso: -0.6625 
[Testing!] DMI: (-0.0000  0.0052 -0.0000)
[Testing!]J_ani:
[[-0.004 -0.    -0.   ]
 [-0.    -0.004  0.   ]
 [-0.     0.    -0.005]]
----------------------------------------------------------------------------------------
   Cr1   Cr1   ( -2,   0,   0) -0.6629   (-7.176,  0.000,  0.000)  7.176 
J_iso: -0.6629 
[Testing!] DMI: ( 0.0000  0.0054 -0.0000)
[Testing!]J_ani:
[[-0.004  0.    -0.   ]
 [ 0.    -0.004  0.   ]
 [-0.     0.    -0.005]]
----------------------------------------------------------------------------------------
   Cr2   Cr2   ( -2,   0,   0) -0.6625   (-7.176,  0.000,  0.000)  7.176 
J_iso: -0.6625 
[Testing!] DMI: ( 0.0000 -0.0052  0.0000)
[Testing!]J_ani:
[[-0.004 -0.    -0.   ]
 [-0.    -0.004  0.   ]
 [-0.     0.    -0.005]]
----------------------------------------------------------------------------------------
   Cr1   Cr1   (  2,   0,   0) -0.6629   ( 7.176,  0.000,  0.000)  7.176 
J_iso: -0.6629 
[Testing!] DMI: (-0.0000 -0.0054  0.0000)
[Testing!]J_ani:
[[-0.004  0.    -0.   ]
 [ 0.    -0.004  0.   ]
 [-0.     0.    -0.005]]
----------------------------------------------------------------------------------------
   Cr2   Cr1   ( -1,  -1,   0)  0.5994   (-1.794, -6.995, -2.096)  7.519 
J_iso:  0.5994 
[Testing!] DMI: ( 0.0000 -0.0000 -0.0000)
[Testing!]J_ani:
[[-0.001 -0.    -0.   ]
 [-0.    -0.002 -0.   ]
 [-0.    -0.    -0.001]]
----------------------------------------------------------------------------------------
   Cr2   Cr1   ( -1,   2,   0)  0.5994   (-1.794,  6.995, -2.096)  7.519 
J_iso:  0.5994 
[Testing!] DMI: (-0.0000 -0.0000  0.0000)
[Testing!]J_ani:
[[-0.001  0.    -0.   ]
 [ 0.    -0.002  0.   ]
 [-0.     0.    -0.001]]
----------------------------------------------------------------------------------------
   Cr1   Cr2   (  0,  -2,   0)  0.5993   (-1.794, -6.995,  2.096)  7.519 
J_iso:  0.5993 
[Testing!] DMI: ( 0.0000 -0.0000  0.0000)
[Testing!]J_ani:
[[-0.001 -0.     0.   ]
 [-0.    -0.002  0.   ]
 [ 0.     0.    -0.001]]
----------------------------------------------------------------------------------------
   Cr2   Cr1   (  0,  -1,   0)  0.5994   ( 1.794, -6.995, -2.096)  7.519 
J_iso:  0.5994 
[Testing!] DMI: ( 0.0000  0.0000  0.0000)
[Testing!]J_ani:
[[-0.001  0.     0.   ]
 [ 0.    -0.002 -0.   ]
 [ 0.    -0.    -0.001]]
----------------------------------------------------------------------------------------
   Cr2   Cr1   (  0,   2,   0)  0.5993   ( 1.794,  6.995, -2.096)  7.519 
J_iso:  0.5993 
[Testing!] DMI: (-0.0000  0.0000 -0.0000)
[Testing!]J_ani:
[[-0.001 -0.     0.   ]
 [-0.    -0.002  0.   ]
 [ 0.     0.    -0.001]]
----------------------------------------------------------------------------------------
   Cr1   Cr2   (  1,  -2,   0)  0.5994   ( 1.794, -6.995,  2.096)  7.519 
J_iso:  0.5994 
[Testing!] DMI: ( 0.0000  0.0000 -0.0000)
[Testing!]J_ani:
[[-0.001  0.    -0.   ]
 [ 0.    -0.002  0.   ]
 [-0.     0.    -0.001]]
----------------------------------------------------------------------------------------
   Cr1   Cr2   (  0,   1,   0)  0.5994   (-1.794,  6.995,  2.096)  7.519 
J_iso:  0.5994 
[Testing!] DMI: (-0.0000 -0.0000 -0.0000)
[Testing!]J_ani:
[[-0.001  0.     0.   ]
 [ 0.    -0.002 -0.   ]
 [ 0.    -0.    -0.001]]
----------------------------------------------------------------------------------------
   Cr1   Cr2   (  1,   1,   0)  0.5994   ( 1.794,  6.995,  2.096)  7.519 
J_iso:  0.5994 
[Testing!] DMI: (-0.0000  0.0000  0.0000)
[Testing!]J_ani:
[[-0.001 -0.    -0.   ]
 [-0.    -0.002 -0.   ]
 [-0.    -0.    -0.001]]
----------------------------------------------------------------------------------------
   Cr1   Cr1   ( -2,  -1,   0)  0.0044   (-7.176, -4.663,  0.000)  8.558 
J_iso:  0.0044 
[Testing!] DMI: ( 0.0008 -0.0014  0.0000)
[Testing!]J_ani:
[[-0.001 -0.    -0.   ]
 [-0.    -0.001  0.   ]
 [-0.     0.    -0.001]]
----------------------------------------------------------------------------------------
   Cr2   Cr2   ( -2,  -1,   0)  0.0044   (-7.176, -4.663,  0.000)  8.558 
J_iso:  0.0044 
[Testing!] DMI: (-0.0008  0.0014 -0.0000)
[Testing!]J_ani:
[[-0.001 -0.    -0.   ]
 [-0.    -0.001 -0.   ]
 [-0.    -0.    -0.001]]
----------------------------------------------------------------------------------------
   Cr1   Cr1   ( -2,   1,   0)  0.0044   (-7.176,  4.663,  0.000)  8.558 
J_iso:  0.0044 
[Testing!] DMI: (-0.0008 -0.0014 -0.0000)
[Testing!]J_ani:
[[-0.001  0.    -0.   ]
 [ 0.    -0.001 -0.   ]
 [-0.    -0.    -0.001]]
----------------------------------------------------------------------------------------
   Cr2   Cr2   ( -2,   1,   0)  0.0044   (-7.176,  4.663,  0.000)  8.558 
J_iso:  0.0044 
[Testing!] DMI: ( 0.0008  0.0014  0.0000)
[Testing!]J_ani:
[[-0.001  0.     0.   ]
 [ 0.    -0.001  0.   ]
 [ 0.     0.    -0.001]]
----------------------------------------------------------------------------------------
   Cr1   Cr1   (  2,  -1,   0)  0.0044   ( 7.176, -4.663,  0.000)  8.558 
J_iso:  0.0044 
[Testing!] DMI: ( 0.0008  0.0014  0.0000)
[Testing!]J_ani:
[[-0.001  0.    -0.   ]
 [ 0.    -0.001 -0.   ]
 [-0.    -0.    -0.001]]
----------------------------------------------------------------------------------------
   Cr2   Cr2   (  2,  -1,   0)  0.0044   ( 7.176, -4.663,  0.000)  8.558 
J_iso:  0.0044 
[Testing!] DMI: (-0.0008 -0.0014 -0.0000)
[Testing!]J_ani:
[[-0.001  0.     0.   ]
 [ 0.    -0.001  0.   ]
 [ 0.     0.    -0.001]]
----------------------------------------------------------------------------------------
   Cr1   Cr1   (  2,   1,   0)  0.0044   ( 7.176,  4.663,  0.000)  8.558 
J_iso:  0.0044 
[Testing!] DMI: (-0.0008  0.0014 -0.0000)
[Testing!]J_ani:
[[-0.001 -0.    -0.   ]
 [-0.    -0.001  0.   ]
 [-0.     0.    -0.001]]
----------------------------------------------------------------------------------------
   Cr2   Cr2   (  2,   1,   0)  0.0044   ( 7.176,  4.663,  0.000)  8.558 
J_iso:  0.0044 
[Testing!] DMI: ( 0.0008 -0.0014  0.0000)
[Testing!]J_ani:
[[-0.001 -0.    -0.   ]
 [-0.    -0.001 -0.   ]
 [-0.    -0.    -0.001]]
----------------------------------------------------------------------------------------
   Cr2   Cr1   ( -2,  -1,   0)  0.0041   (-5.382, -6.995, -2.096)  9.071 
J_iso:  0.0041 
[Testing!] DMI: ( 0.0000  0.0000  0.0000)
[Testing!]J_ani:
[[-0.001 -0.     0.   ]
 [-0.    -0.001  0.   ]
 [ 0.     0.    -0.001]]
----------------------------------------------------------------------------------------
   Cr1   Cr2   ( -1,  -2,   0)  0.0041   (-5.382, -6.995,  2.096)  9.071 
J_iso:  0.0041 
[Testing!] DMI: ( 0.0000  0.0000 -0.0000)
[Testing!]J_ani:
[[-0.001 -0.    -0.   ]
 [-0.    -0.001 -0.   ]
 [-0.    -0.    -0.001]]
----------------------------------------------------------------------------------------
   Cr1   Cr2   ( -1,   1,   0)  0.0041   (-5.382,  6.995,  2.096)  9.071 
J_iso:  0.0041 
[Testing!] DMI: (-0.0000  0.0000  0.0000)
[Testing!]J_ani:
[[-0.001  0.    -0.   ]
 [ 0.    -0.001  0.   ]
 [-0.     0.    -0.001]]
----------------------------------------------------------------------------------------
   Cr2   Cr1   (  1,  -1,   0)  0.0041   ( 5.382, -6.995, -2.096)  9.071 
J_iso:  0.0041 
[Testing!] DMI: ( 0.0000 -0.0000 -0.0000)
[Testing!]J_ani:
[[-0.001  0.    -0.   ]
 [ 0.    -0.001  0.   ]
 [-0.     0.    -0.001]]
----------------------------------------------------------------------------------------
   Cr2   Cr1   (  1,   2,   0)  0.0041   ( 5.382,  6.995, -2.096)  9.071 
J_iso:  0.0041 
[Testing!] DMI: (-0.0000 -0.0000  0.0000)
[Testing!]J_ani:
[[-0.001 -0.    -0.   ]
 [-0.    -0.001 -0.   ]
 [-0.    -0.    -0.001]]
----------------------------------------------------------------------------------------
   Cr1   Cr2   (  2,   1,   0)  0.0041   ( 5.382,  6.995,  2.096)  9.071 
J_iso:  0.0041 
[Testing!] DMI: (-0.0000 -0.0000 -0.0000)
[Testing!]J_ani:
[[-0.001 -0.     0.   ]
 [-0.    -0.001  0.   ]
 [ 0.     0.    -0.001]]
----------------------------------------------------------------------------------------
   Cr1   Cr2   (  2,  -2,   0)  0.0041   ( 5.382, -6.995,  2.096)  9.071 
J_iso:  0.0041 
[Testing!] DMI: ( 0.0000 -0.0000  0.0000)
[Testing!]J_ani:
[[-0.001  0.     0.   ]
 [ 0.    -0.001 -0.   ]
 [ 0.    -0.    -0.001]]
----------------------------------------------------------------------------------------
   Cr2   Cr1   ( -2,   2,   0)  0.0041   (-5.382,  6.995, -2.096)  9.071 
J_iso:  0.0041 
[Testing!] DMI: (-0.0000  0.0000 -0.0000)
[Testing!]J_ani:
[[-0.001  0.     0.   ]
 [ 0.    -0.001 -0.   ]
 [ 0.    -0.    -0.001]]
----------------------------------------------------------------------------------------
   Cr1   Cr1   (  0,  -2,   0)  0.1693   ( 0.000, -9.326,  0.000)  9.326 
J_iso:  0.1693 
[Testing!] DMI: ( 0.0284 -0.0000  0.0000)
[Testing!]J_ani:
[[-0.001  0.     0.   ]
 [ 0.    -0.     0.   ]
 [ 0.     0.    -0.001]]
----------------------------------------------------------------------------------------
   Cr2   Cr2   (  0,  -2,   0)  0.1694   ( 0.000, -9.326,  0.000)  9.326 
J_iso:  0.1694 
[Testing!] DMI: (-0.0283 -0.0000  0.0000)
[Testing!]J_ani:
[[-0.001  0.     0.   ]
 [ 0.    -0.     0.   ]
 [ 0.     0.    -0.001]]
----------------------------------------------------------------------------------------
   Cr1   Cr1   (  0,   2,   0)  0.1693   ( 0.000,  9.326,  0.000)  9.326 
J_iso:  0.1693 
[Testing!] DMI: (-0.0284  0.0000 -0.0000)
[Testing!]J_ani:
[[-0.001  0.     0.   ]
 [ 0.    -0.     0.   ]
 [ 0.     0.    -0.001]]
----------------------------------------------------------------------------------------
   Cr2   Cr2   (  0,   2,   0)  0.1694   ( 0.000,  9.326,  0.000)  9.326 
J_iso:  0.1694 
[Testing!] DMI: ( 0.0283  0.0000 -0.0000)
[Testing!]J_ani:
[[-0.001  0.     0.   ]
 [ 0.    -0.     0.   ]
 [ 0.     0.    -0.001]]
----------------------------------------------------------------------------------------
   Cr1   Cr2   ( -2,  -1,   0) -0.0055   (-8.970, -2.332,  2.096)  9.502 
J_iso: -0.0055 
[Testing!] DMI: ( 0.0000  0.0000 -0.0000)
[Testing!]J_ani:
[[-0.    -0.    -0.   ]
 [-0.    -0.001 -0.   ]
 [-0.    -0.    -0.   ]]
----------------------------------------------------------------------------------------
   Cr1   Cr2   ( -2,   0,   0) -0.0055   (-8.970,  2.332,  2.096)  9.502 
J_iso: -0.0055 
[Testing!] DMI: (-0.0000  0.0000  0.0000)
[Testing!]J_ani:
[[-0.     0.    -0.   ]
 [ 0.    -0.001  0.   ]
 [-0.     0.    -0.   ]]
----------------------------------------------------------------------------------------
   Cr2   Cr1   (  2,   0,   0) -0.0055   ( 8.970, -2.332, -2.096)  9.502 
J_iso: -0.0055 
[Testing!] DMI: ( 0.0000 -0.0000 -0.0000)
[Testing!]J_ani:
[[-0.     0.    -0.   ]
 [ 0.    -0.001  0.   ]
 [-0.     0.    -0.   ]]
----------------------------------------------------------------------------------------
   Cr2   Cr1   (  2,   1,   0) -0.0055   ( 8.970,  2.332, -2.096)  9.502 
J_iso: -0.0055 
[Testing!] DMI: (-0.0000 -0.0000  0.0000)
[Testing!]J_ani:
[[-0.    -0.    -0.   ]
 [-0.    -0.001 -0.   ]
 [-0.    -0.    -0.   ]]
----------------------------------------------------------------------------------------
   Cr1   Cr2   (  3,  -1,   0) -0.0055   ( 8.970, -2.332,  2.096)  9.502 
J_iso: -0.0055 
[Testing!] DMI: ( 0.0000 -0.0000  0.0000)
[Testing!]J_ani:
[[-0.     0.     0.   ]
 [ 0.    -0.001 -0.   ]
 [ 0.    -0.    -0.   ]]
----------------------------------------------------------------------------------------
   Cr1   Cr2   (  3,   0,   0) -0.0055   ( 8.970,  2.332,  2.096)  9.502 
J_iso: -0.0055 
[Testing!] DMI: (-0.0000 -0.0000 -0.0000)
[Testing!]J_ani:
[[-0.    -0.     0.   ]
 [-0.    -0.001  0.   ]
 [ 0.     0.    -0.   ]]
----------------------------------------------------------------------------------------
   Cr2   Cr1   ( -3,   0,   0) -0.0055   (-8.970, -2.332, -2.096)  9.502 
J_iso: -0.0055 
[Testing!] DMI: ( 0.0000  0.0000  0.0000)
[Testing!]J_ani:
[[-0.    -0.     0.   ]
 [-0.    -0.001  0.   ]
 [ 0.     0.    -0.   ]]
----------------------------------------------------------------------------------------
   Cr2   Cr1   ( -3,   1,   0) -0.0055   (-8.970,  2.332, -2.096)  9.502 
J_iso: -0.0055 
[Testing!] DMI: (-0.0000  0.0000 -0.0000)
[Testing!]J_ani:
[[-0.     0.     0.   ]
 [ 0.    -0.001 -0.   ]
 [ 0.    -0.    -0.   ]]
----------------------------------------------------------------------------------------
   Cr1   Cr1   ( -1,  -2,   0)  0.0218   (-3.588, -9.326,  0.000)  9.992 
J_iso:  0.0218 
[Testing!] DMI: (-0.0043  0.0004  0.0000)
[Testing!]J_ani:
[[-0.001  0.    -0.   ]
 [ 0.    -0.001 -0.   ]
 [-0.    -0.    -0.001]]
----------------------------------------------------------------------------------------
   Cr2   Cr2   ( -1,  -2,   0)  0.0219   (-3.588, -9.326,  0.000)  9.992 
J_iso:  0.0219 
[Testing!] DMI: ( 0.0043 -0.0004  0.0000)
[Testing!]J_ani:
[[-0.001  0.     0.   ]
 [ 0.    -0.001 -0.   ]
 [ 0.    -0.    -0.001]]
----------------------------------------------------------------------------------------
   Cr1   Cr1   ( -1,   2,   0)  0.0218   (-3.588,  9.326,  0.000)  9.992 
J_iso:  0.0218 
[Testing!] DMI: ( 0.0043  0.0004  0.0000)
[Testing!]J_ani:
[[-0.001 -0.     0.   ]
 [-0.    -0.001 -0.   ]
 [ 0.    -0.    -0.001]]
----------------------------------------------------------------------------------------
   Cr2   Cr2   ( -1,   2,   0)  0.0219   (-3.588,  9.326,  0.000)  9.992 
J_iso:  0.0219 
[Testing!] DMI: (-0.0043 -0.0004  0.0000)
[Testing!]J_ani:
[[-0.001 -0.    -0.   ]
 [-0.    -0.001 -0.   ]
 [-0.    -0.    -0.001]]
----------------------------------------------------------------------------------------
   Cr1   Cr1   (  1,  -2,   0)  0.0218   ( 3.588, -9.326,  0.000)  9.992 
J_iso:  0.0218 
[Testing!] DMI: (-0.0043 -0.0004 -0.0000)
[Testing!]J_ani:
[[-0.001 -0.     0.   ]
 [-0.    -0.001 -0.   ]
 [ 0.    -0.    -0.001]]
----------------------------------------------------------------------------------------
   Cr2   Cr2   (  1,  -2,   0)  0.0219   ( 3.588, -9.326,  0.000)  9.992 
J_iso:  0.0219 
[Testing!] DMI: ( 0.0043  0.0004 -0.0000)
[Testing!]J_ani:
[[-0.001 -0.    -0.   ]
 [-0.    -0.001 -0.   ]
 [-0.    -0.    -0.001]]
----------------------------------------------------------------------------------------
   Cr1   Cr1   (  1,   2,   0)  0.0218   ( 3.588,  9.326,  0.000)  9.992 
J_iso:  0.0218 
[Testing!] DMI: ( 0.0043 -0.0004 -0.0000)
[Testing!]J_ani:
[[-0.001  0.    -0.   ]
 [ 0.    -0.001 -0.   ]
 [-0.    -0.    -0.001]]
----------------------------------------------------------------------------------------
   Cr2   Cr2   (  1,   2,   0)  0.0219   ( 3.588,  9.326,  0.000)  9.992 
J_iso:  0.0219 
[Testing!] DMI: (-0.0043  0.0004 -0.0000)
[Testing!]J_ani:
[[-0.001  0.     0.   ]
 [ 0.    -0.001 -0.   ]
 [ 0.    -0.    -0.001]]
