==========================================================================================
Information: 
Exchange parameters generated by TB2J 0.7.2.1
Generation time: 22/06/09 19:33:42
 Input from non-collinear Wannier90 data.
 Tight binding data from .//105.3/105.3.z. 
 Prefix of wannier function files:crsbr.105.z.3.
Warning: Please check if the noise level of Wannier function Hamiltonian to make sure it is much smaller than the exchange values.
 The DMI component parallel to the spin orientation, the Jani which has the component of that orientation should be disregarded
 e.g. if the spins are along z, the xz, yz, zz, zx, zy components and the z component of DMI.
 If you need these component, try to do three calculations with spin along x, y, z,  or use structure with z rotated to x, y and z. And then use TB2J_merge.py to get the full set of parameters.


Merged from TB2J results in paths: 
  .//105.3/105.3.x
  .//105.3/105.3.y
  .//105.3/105.3.z
, which are from DFT data with spin along x, y, z orientation

==========================================================================================
Cell (Angstrom):
 3.588   0.000   0.000
 0.000   5.048   0.000
 0.000   0.000  23.571

==========================================================================================
Atoms:  
(Note: charge and magmoms only count the wannier functions.)
Atom_number      x         y         z     w_charge    M(x)      M(y)      M(z)   
Br1             0.8970    1.2619   -0.0668    5.6200    0.0000    0.0000   -0.0573
Cr1             2.6910    1.2619    1.7371    4.3300   -0.0000    0.0000    3.3397
S1              2.6910    3.7857    2.2030    5.0503   -0.0000   -0.0000   -0.2809
Br2             2.6910    3.7857    5.6376    5.6203   -0.0000   -0.0000   -0.0575
Cr2             0.8970    3.7857    3.8336    4.3287   -0.0000    0.0000    3.3387
S2              0.8970    1.2619    3.3678    5.0499    0.0000   -0.0000   -0.2810
Total                                        29.9992   -0.0000   -0.0000    6.0018

==========================================================================================
Orbitals used in decomposition: 
The name of the orbitals for the decomposition: 
Cr1 : ['orb_1', 'orb_2', 'orb_3', 'orb_4', 'orb_5', 'orb_6', 'orb_7', 'orb_8', 'orb_9', 'orb_10']
Cr2 : ['orb_1', 'orb_2', 'orb_3', 'orb_4', 'orb_5', 'orb_6', 'orb_7', 'orb_8', 'orb_9', 'orb_10']

==========================================================================================
Exchange: 
    i      j          R        J_iso(meV)          vector          distance(A) 
----------------------------------------------------------------------------------------
   Cr1   Cr1   ( -1,   0,   0)  3.6673   (-3.588,  0.000,  0.000)  3.588 
J_iso:  3.6673 
[Testing!] DMI: ( 0.0000 -0.0196  0.0000)
[Testing!]J_ani:
[[-0.032 -0.     0.   ]
 [-0.    -0.052 -0.   ]
 [ 0.    -0.    -0.027]]
----------------------------------------------------------------------------------------
   Cr2   Cr2   ( -1,   0,   0)  3.6710   (-3.588,  0.000,  0.000)  3.588 
J_iso:  3.6710 
[Testing!] DMI: ( 0.0000  0.0196 -0.0000)
[Testing!]J_ani:
[[-0.032 -0.     0.   ]
 [-0.    -0.052  0.   ]
 [ 0.     0.    -0.027]]
----------------------------------------------------------------------------------------
   Cr2   Cr2   (  1,   0,   0)  3.6710   ( 3.588,  0.000,  0.000)  3.588 
J_iso:  3.6710 
[Testing!] DMI: (-0.0000 -0.0196  0.0000)
[Testing!]J_ani:
[[-0.032 -0.     0.   ]
 [-0.    -0.052  0.   ]
 [ 0.     0.    -0.027]]
----------------------------------------------------------------------------------------
   Cr1   Cr1   (  1,   0,   0)  3.6673   ( 3.588,  0.000,  0.000)  3.588 
J_iso:  3.6673 
[Testing!] DMI: (-0.0000  0.0196 -0.0000)
[Testing!]J_ani:
[[-0.032 -0.     0.   ]
 [-0.    -0.052 -0.   ]
 [ 0.    -0.    -0.027]]
----------------------------------------------------------------------------------------
   Cr2   Cr1   ( -1,   0,   0)  2.4813   (-1.794, -2.524, -2.096)  3.739 
J_iso:  2.4813 
[Testing!] DMI: (-0.0001  0.0001  0.0001)
[Testing!]J_ani:
[[-0.01   0.    -0.004]
 [ 0.    -0.012 -0.   ]
 [-0.004 -0.    -0.008]]
----------------------------------------------------------------------------------------
   Cr1   Cr2   (  0,   0,   0)  2.4809   (-1.794,  2.524,  2.096)  3.739 
J_iso:  2.4809 
[Testing!] DMI: ( 0.0001  0.0001  0.0001)
[Testing!]J_ani:
[[-0.01  -0.     0.004]
 [-0.    -0.012 -0.   ]
 [ 0.004 -0.    -0.008]]
----------------------------------------------------------------------------------------
   Cr2   Cr1   (  0,   0,   0)  2.4809   ( 1.794, -2.524, -2.096)  3.739 
J_iso:  2.4809 
[Testing!] DMI: (-0.0001 -0.0001 -0.0001)
[Testing!]J_ani:
[[-0.01  -0.     0.004]
 [-0.    -0.012 -0.   ]
 [ 0.004 -0.    -0.008]]
----------------------------------------------------------------------------------------
   Cr1   Cr2   (  1,   0,   0)  2.4813   ( 1.794,  2.524,  2.096)  3.739 
J_iso:  2.4813 
[Testing!] DMI: ( 0.0001 -0.0001 -0.0001)
[Testing!]J_ani:
[[-0.01   0.    -0.004]
 [ 0.    -0.012 -0.   ]
 [-0.004 -0.    -0.008]]
----------------------------------------------------------------------------------------
   Cr2   Cr1   ( -1,   1,   0)  2.4813   (-1.794,  2.524, -2.096)  3.739 
J_iso:  2.4813 
[Testing!] DMI: ( 0.0003  0.0000 -0.0001)
[Testing!]J_ani:
[[-0.01  -0.    -0.004]
 [-0.    -0.012  0.   ]
 [-0.004  0.    -0.008]]
----------------------------------------------------------------------------------------
   Cr1   Cr2   (  1,  -1,   0)  2.4813   ( 1.794, -2.524,  2.096)  3.739 
J_iso:  2.4813 
[Testing!] DMI: (-0.0003 -0.0000  0.0001)
[Testing!]J_ani:
[[-0.01  -0.    -0.004]
 [-0.    -0.012  0.   ]
 [-0.004  0.    -0.008]]
----------------------------------------------------------------------------------------
   Cr1   Cr2   (  0,  -1,   0)  2.4809   (-1.794, -2.524,  2.096)  3.739 
J_iso:  2.4809 
[Testing!] DMI: (-0.0003  0.0001 -0.0001)
[Testing!]J_ani:
[[-0.01   0.     0.004]
 [ 0.    -0.012  0.   ]
 [ 0.004  0.    -0.008]]
----------------------------------------------------------------------------------------
   Cr2   Cr1   (  0,   1,   0)  2.4809   ( 1.794,  2.524, -2.096)  3.739 
J_iso:  2.4809 
[Testing!] DMI: ( 0.0003 -0.0001  0.0001)
[Testing!]J_ani:
[[-0.01   0.     0.004]
 [ 0.    -0.012  0.   ]
 [ 0.004  0.    -0.008]]
----------------------------------------------------------------------------------------
   Cr2   Cr2   (  0,   1,   0)  1.7223   ( 0.000,  5.048,  0.000)  5.048 
J_iso:  1.7223 
[Testing!] DMI: ( 0.0747  0.0000  0.0000)
[Testing!]J_ani:
[[-0.012  0.    -0.   ]
 [ 0.    -0.003 -0.   ]
 [-0.    -0.    -0.005]]
----------------------------------------------------------------------------------------
   Cr1   Cr1   (  0,  -1,   0)  1.7199   ( 0.000, -5.048,  0.000)  5.048 
J_iso:  1.7199 
[Testing!] DMI: ( 0.0739 -0.0000  0.0000)
[Testing!]J_ani:
[[-0.012  0.     0.   ]
 [ 0.    -0.003 -0.   ]
 [ 0.    -0.    -0.005]]
----------------------------------------------------------------------------------------
   Cr2   Cr2   (  0,  -1,   0)  1.7223   ( 0.000, -5.048,  0.000)  5.048 
J_iso:  1.7223 
[Testing!] DMI: (-0.0747 -0.0000 -0.0000)
[Testing!]J_ani:
[[-0.012  0.    -0.   ]
 [ 0.    -0.003 -0.   ]
 [-0.    -0.    -0.005]]
----------------------------------------------------------------------------------------
   Cr1   Cr1   (  0,   1,   0)  1.7199   ( 0.000,  5.048,  0.000)  5.048 
J_iso:  1.7199 
[Testing!] DMI: (-0.0739  0.0000 -0.0000)
[Testing!]J_ani:
[[-0.012  0.     0.   ]
 [ 0.    -0.003 -0.   ]
 [ 0.    -0.    -0.005]]
----------------------------------------------------------------------------------------
   Cr2   Cr2   ( -1,   1,   0) -0.0475   (-3.588,  5.048,  0.000)  6.193 
J_iso: -0.0475 
[Testing!] DMI: (-0.0317  0.0229 -0.0000)
[Testing!]J_ani:
[[-0.009  0.001  0.   ]
 [ 0.001 -0.006 -0.   ]
 [ 0.    -0.    -0.006]]
----------------------------------------------------------------------------------------
   Cr2   Cr2   (  1,   1,   0) -0.0475   ( 3.588,  5.048,  0.000)  6.193 
J_iso: -0.0475 
[Testing!] DMI: (-0.0317 -0.0229  0.0000)
[Testing!]J_ani:
[[-0.009 -0.001 -0.   ]
 [-0.001 -0.006  0.   ]
 [-0.     0.    -0.006]]
----------------------------------------------------------------------------------------
   Cr1   Cr1   ( -1,  -1,   0) -0.0468   (-3.588, -5.048,  0.000)  6.193 
J_iso: -0.0468 
[Testing!] DMI: (-0.0317 -0.0229  0.0000)
[Testing!]J_ani:
[[-0.009 -0.001 -0.   ]
 [-0.001 -0.006 -0.   ]
 [-0.    -0.    -0.006]]
----------------------------------------------------------------------------------------
   Cr2   Cr2   ( -1,  -1,   0) -0.0475   (-3.588, -5.048,  0.000)  6.193 
J_iso: -0.0475 
[Testing!] DMI: ( 0.0317  0.0229 -0.0000)
[Testing!]J_ani:
[[-0.009 -0.001 -0.   ]
 [-0.001 -0.006  0.   ]
 [-0.     0.    -0.006]]
----------------------------------------------------------------------------------------
   Cr1   Cr1   ( -1,   1,   0) -0.0468   (-3.588,  5.048,  0.000)  6.193 
J_iso: -0.0468 
[Testing!] DMI: ( 0.0317 -0.0229  0.0000)
[Testing!]J_ani:
[[-0.009  0.001  0.   ]
 [ 0.001 -0.006 -0.   ]
 [ 0.    -0.    -0.006]]
----------------------------------------------------------------------------------------
   Cr2   Cr2   (  1,  -1,   0) -0.0475   ( 3.588, -5.048,  0.000)  6.193 
J_iso: -0.0475 
[Testing!] DMI: ( 0.0317 -0.0229  0.0000)
[Testing!]J_ani:
[[-0.009  0.001  0.   ]
 [ 0.001 -0.006 -0.   ]
 [ 0.    -0.    -0.006]]
----------------------------------------------------------------------------------------
   Cr1   Cr1   (  1,  -1,   0) -0.0468   ( 3.588, -5.048,  0.000)  6.193 
J_iso: -0.0468 
[Testing!] DMI: (-0.0317  0.0229 -0.0000)
[Testing!]J_ani:
[[-0.009  0.001  0.   ]
 [ 0.001 -0.006 -0.   ]
 [ 0.    -0.    -0.006]]
----------------------------------------------------------------------------------------
   Cr1   Cr1   (  1,   1,   0) -0.0468   ( 3.588,  5.048,  0.000)  6.193 
J_iso: -0.0468 
[Testing!] DMI: ( 0.0317  0.0229 -0.0000)
[Testing!]J_ani:
[[-0.009 -0.001 -0.   ]
 [-0.001 -0.006 -0.   ]
 [-0.    -0.    -0.006]]
----------------------------------------------------------------------------------------
   Cr1   Cr2   (  2,   0,   0)  0.1447   ( 5.382,  2.524,  2.096)  6.303 
J_iso:  0.1447 
[Testing!] DMI: (-0.0000 -0.0000 -0.0000)
[Testing!]J_ani:
[[-0.005 -0.    -0.001]
 [-0.    -0.003  0.   ]
 [-0.001  0.    -0.007]]
----------------------------------------------------------------------------------------
   Cr2   Cr1   ( -2,   0,   0)  0.1447   (-5.382, -2.524, -2.096)  6.303 
J_iso:  0.1447 
[Testing!] DMI: ( 0.0000  0.0000  0.0000)
[Testing!]J_ani:
[[-0.005 -0.    -0.001]
 [-0.    -0.003  0.   ]
 [-0.001  0.    -0.007]]
----------------------------------------------------------------------------------------
   Cr2   Cr1   ( -2,   1,   0)  0.1447   (-5.382,  2.524, -2.096)  6.303 
J_iso:  0.1447 
[Testing!] DMI: ( 0.0000  0.0000 -0.0000)
[Testing!]J_ani:
[[-0.005  0.    -0.001]
 [ 0.    -0.003 -0.   ]
 [-0.001 -0.    -0.007]]
----------------------------------------------------------------------------------------
   Cr1   Cr2   ( -1,  -1,   0)  0.1447   (-5.382, -2.524,  2.096)  6.303 
J_iso:  0.1447 
[Testing!] DMI: (-0.0000  0.0000 -0.0000)
[Testing!]J_ani:
[[-0.005 -0.     0.001]
 [-0.    -0.003 -0.   ]
 [ 0.001 -0.    -0.007]]
----------------------------------------------------------------------------------------
   Cr1   Cr2   ( -1,   0,   0)  0.1447   (-5.382,  2.524,  2.096)  6.303 
J_iso:  0.1447 
[Testing!] DMI: ( 0.0000  0.0000  0.0000)
[Testing!]J_ani:
[[-0.005  0.     0.001]
 [ 0.    -0.003  0.   ]
 [ 0.001  0.    -0.007]]
----------------------------------------------------------------------------------------
   Cr2   Cr1   (  1,   0,   0)  0.1447   ( 5.382, -2.524, -2.096)  6.303 
J_iso:  0.1447 
[Testing!] DMI: (-0.0000 -0.0000 -0.0000)
[Testing!]J_ani:
[[-0.005  0.     0.001]
 [ 0.    -0.003  0.   ]
 [ 0.001  0.    -0.007]]
----------------------------------------------------------------------------------------
   Cr2   Cr1   (  1,   1,   0)  0.1447   ( 5.382,  2.524, -2.096)  6.303 
J_iso:  0.1447 
[Testing!] DMI: ( 0.0000 -0.0000  0.0000)
[Testing!]J_ani:
[[-0.005 -0.     0.001]
 [-0.    -0.003 -0.   ]
 [ 0.001 -0.    -0.007]]
----------------------------------------------------------------------------------------
   Cr1   Cr2   (  2,  -1,   0)  0.1447   ( 5.382, -2.524,  2.096)  6.303 
J_iso:  0.1447 
[Testing!] DMI: (-0.0000 -0.0000  0.0000)
[Testing!]J_ani:
[[-0.005  0.    -0.001]
 [ 0.    -0.003 -0.   ]
 [-0.001 -0.    -0.007]]
----------------------------------------------------------------------------------------
   Cr2   Cr2   (  2,   0,   0) -0.7594   ( 7.176,  0.000,  0.000)  7.176 
J_iso: -0.7594 
[Testing!] DMI: ( 0.0000  0.0069  0.0000)
[Testing!]J_ani:
[[-0.004 -0.    -0.   ]
 [-0.    -0.004 -0.   ]
 [-0.    -0.    -0.004]]
----------------------------------------------------------------------------------------
   Cr1   Cr1   ( -2,   0,   0) -0.7596   (-7.176,  0.000,  0.000)  7.176 
J_iso: -0.7596 
[Testing!] DMI: ( 0.0000  0.0069  0.0000)
[Testing!]J_ani:
[[-0.004 -0.    -0.   ]
 [-0.    -0.004  0.   ]
 [-0.     0.    -0.004]]
----------------------------------------------------------------------------------------
   Cr2   Cr2   ( -2,   0,   0) -0.7594   (-7.176,  0.000,  0.000)  7.176 
J_iso: -0.7594 
[Testing!] DMI: (-0.0000 -0.0069 -0.0000)
[Testing!]J_ani:
[[-0.004 -0.    -0.   ]
 [-0.    -0.004 -0.   ]
 [-0.    -0.    -0.004]]
----------------------------------------------------------------------------------------
   Cr1   Cr1   (  2,   0,   0) -0.7596   ( 7.176,  0.000,  0.000)  7.176 
J_iso: -0.7596 
[Testing!] DMI: (-0.0000 -0.0069 -0.0000)
[Testing!]J_ani:
[[-0.004 -0.    -0.   ]
 [-0.    -0.004  0.   ]
 [-0.     0.    -0.004]]
----------------------------------------------------------------------------------------
   Cr1   Cr2   (  0,   1,   0)  0.5154   (-1.794,  7.571,  2.096)  8.058 
J_iso:  0.5154 
[Testing!] DMI: ( 0.0001  0.0000 -0.0001)
[Testing!]J_ani:
[[-0.002  0.     0.001]
 [ 0.    -0.002 -0.   ]
 [ 0.001 -0.    -0.002]]
----------------------------------------------------------------------------------------
   Cr1   Cr2   (  1,   1,   0)  0.5154   ( 1.794,  7.571,  2.096)  8.058 
J_iso:  0.5154 
[Testing!] DMI: ( 0.0001 -0.0000  0.0001)
[Testing!]J_ani:
[[-0.002 -0.    -0.001]
 [-0.    -0.002 -0.   ]
 [-0.001 -0.    -0.002]]
----------------------------------------------------------------------------------------
   Cr2   Cr1   ( -1,  -1,   0)  0.5154   (-1.794, -7.571, -2.096)  8.058 
J_iso:  0.5154 
[Testing!] DMI: (-0.0001  0.0000 -0.0001)
[Testing!]J_ani:
[[-0.002 -0.    -0.001]
 [-0.    -0.002 -0.   ]
 [-0.001 -0.    -0.002]]
----------------------------------------------------------------------------------------
   Cr2   Cr1   (  0,  -1,   0)  0.5154   ( 1.794, -7.571, -2.096)  8.058 
J_iso:  0.5154 
[Testing!] DMI: (-0.0001 -0.0000  0.0001)
[Testing!]J_ani:
[[-0.002  0.     0.001]
 [ 0.    -0.002 -0.   ]
 [ 0.001 -0.    -0.002]]
----------------------------------------------------------------------------------------
   Cr1   Cr2   (  0,  -2,   0)  0.5153   (-1.794, -7.571,  2.096)  8.058 
J_iso:  0.5153 
[Testing!] DMI: (-0.0002  0.0000  0.0001)
[Testing!]J_ani:
[[-0.002 -0.     0.001]
 [-0.    -0.002  0.   ]
 [ 0.001  0.    -0.002]]
----------------------------------------------------------------------------------------
   Cr1   Cr2   (  1,  -2,   0)  0.5154   ( 1.794, -7.571,  2.096)  8.058 
J_iso:  0.5154 
[Testing!] DMI: (-0.0002 -0.0000 -0.0001)
[Testing!]J_ani:
[[-0.002  0.    -0.001]
 [ 0.    -0.002  0.   ]
 [-0.001  0.    -0.002]]
----------------------------------------------------------------------------------------
   Cr2   Cr1   ( -1,   2,   0)  0.5154   (-1.794,  7.571, -2.096)  8.058 
J_iso:  0.5154 
[Testing!] DMI: ( 0.0002  0.0000  0.0001)
[Testing!]J_ani:
[[-0.002  0.    -0.001]
 [ 0.    -0.002  0.   ]
 [-0.001  0.    -0.002]]
----------------------------------------------------------------------------------------
   Cr2   Cr1   (  0,   2,   0)  0.5153   ( 1.794,  7.571, -2.096)  8.058 
J_iso:  0.5153 
[Testing!] DMI: ( 0.0002 -0.0000 -0.0001)
[Testing!]J_ani:
[[-0.002 -0.     0.001]
 [-0.    -0.002  0.   ]
 [ 0.001  0.    -0.002]]
----------------------------------------------------------------------------------------
   Cr1   Cr1   ( -2,  -1,   0)  0.0094   (-7.176, -5.048,  0.000)  8.773 
J_iso:  0.0094 
[Testing!] DMI: ( 0.0002 -0.0004  0.0000)
[Testing!]J_ani:
[[-0.001 -0.    -0.   ]
 [-0.    -0.001 -0.   ]
 [-0.    -0.    -0.001]]
----------------------------------------------------------------------------------------
   Cr2   Cr2   ( -2,  -1,   0)  0.0094   (-7.176, -5.048,  0.000)  8.773 
J_iso:  0.0094 
[Testing!] DMI: (-0.0002  0.0004 -0.0000)
[Testing!]J_ani:
[[-0.001 -0.     0.   ]
 [-0.    -0.001  0.   ]
 [ 0.     0.    -0.001]]
----------------------------------------------------------------------------------------
   Cr1   Cr1   ( -2,   1,   0)  0.0094   (-7.176,  5.048,  0.000)  8.773 
J_iso:  0.0094 
[Testing!] DMI: (-0.0002 -0.0004 -0.0000)
[Testing!]J_ani:
[[-0.001  0.     0.   ]
 [ 0.    -0.001  0.   ]
 [ 0.     0.    -0.001]]
----------------------------------------------------------------------------------------
   Cr2   Cr2   ( -2,   1,   0)  0.0094   (-7.176,  5.048,  0.000)  8.773 
J_iso:  0.0094 
[Testing!] DMI: ( 0.0002  0.0004  0.0000)
[Testing!]J_ani:
[[-0.001  0.    -0.   ]
 [ 0.    -0.001  0.   ]
 [-0.     0.    -0.001]]
----------------------------------------------------------------------------------------
   Cr1   Cr1   (  2,  -1,   0)  0.0094   ( 7.176, -5.048,  0.000)  8.773 
J_iso:  0.0094 
[Testing!] DMI: ( 0.0002  0.0004  0.0000)
[Testing!]J_ani:
[[-0.001  0.     0.   ]
 [ 0.    -0.001  0.   ]
 [ 0.     0.    -0.001]]
----------------------------------------------------------------------------------------
   Cr2   Cr2   (  2,  -1,   0)  0.0094   ( 7.176, -5.048,  0.000)  8.773 
J_iso:  0.0094 
[Testing!] DMI: (-0.0002 -0.0004 -0.0000)
[Testing!]J_ani:
[[-0.001  0.    -0.   ]
 [ 0.    -0.001  0.   ]
 [-0.     0.    -0.001]]
----------------------------------------------------------------------------------------
   Cr1   Cr1   (  2,   1,   0)  0.0094   ( 7.176,  5.048,  0.000)  8.773 
J_iso:  0.0094 
[Testing!] DMI: (-0.0002  0.0004 -0.0000)
[Testing!]J_ani:
[[-0.001 -0.    -0.   ]
 [-0.    -0.001 -0.   ]
 [-0.    -0.    -0.001]]
----------------------------------------------------------------------------------------
   Cr2   Cr2   (  2,   1,   0)  0.0094   ( 7.176,  5.048,  0.000)  8.773 
J_iso:  0.0094 
[Testing!] DMI: ( 0.0002 -0.0004  0.0000)
[Testing!]J_ani:
[[-0.001 -0.     0.   ]
 [-0.    -0.001  0.   ]
 [ 0.     0.    -0.001]]
----------------------------------------------------------------------------------------
   Cr2   Cr1   ( -2,  -1,   0)  0.0011   (-5.382, -7.571, -2.096)  9.523 
J_iso:  0.0011 
[Testing!] DMI: (-0.0000  0.0000  0.0000)
[Testing!]J_ani:
[[-0.001 -0.     0.   ]
 [-0.    -0.001  0.   ]
 [ 0.     0.    -0.002]]
----------------------------------------------------------------------------------------
   Cr1   Cr2   ( -1,   1,   0)  0.0011   (-5.382,  7.571,  2.096)  9.523 
J_iso:  0.0011 
[Testing!] DMI: ( 0.0000  0.0000  0.0000)
[Testing!]J_ani:
[[-0.001  0.    -0.   ]
 [ 0.    -0.001  0.   ]
 [-0.     0.    -0.002]]
----------------------------------------------------------------------------------------
   Cr2   Cr1   (  1,  -1,   0)  0.0011   ( 5.382, -7.571, -2.096)  9.523 
J_iso:  0.0011 
[Testing!] DMI: (-0.0000 -0.0000 -0.0000)
[Testing!]J_ani:
[[-0.001  0.    -0.   ]
 [ 0.    -0.001  0.   ]
 [-0.     0.    -0.002]]
----------------------------------------------------------------------------------------
   Cr1   Cr2   (  2,   1,   0)  0.0011   ( 5.382,  7.571,  2.096)  9.523 
J_iso:  0.0011 
[Testing!] DMI: ( 0.0000 -0.0000 -0.0000)
[Testing!]J_ani:
[[-0.001 -0.     0.   ]
 [-0.    -0.001  0.   ]
 [ 0.     0.    -0.002]]
----------------------------------------------------------------------------------------
   Cr2   Cr1   ( -2,   2,   0)  0.0011   (-5.382,  7.571, -2.096)  9.523 
J_iso:  0.0011 
[Testing!] DMI: ( 0.0000  0.0000 -0.0000)
[Testing!]J_ani:
[[-0.001  0.     0.   ]
 [ 0.    -0.001 -0.   ]
 [ 0.    -0.    -0.002]]
----------------------------------------------------------------------------------------
   Cr2   Cr1   (  1,   2,   0)  0.0011   ( 5.382,  7.571, -2.096)  9.523 
J_iso:  0.0011 
[Testing!] DMI: ( 0.0000 -0.0000  0.0000)
[Testing!]J_ani:
[[-0.001 -0.    -0.   ]
 [-0.    -0.001 -0.   ]
 [-0.    -0.    -0.002]]
----------------------------------------------------------------------------------------
   Cr1   Cr2   ( -1,  -2,   0)  0.0011   (-5.382, -7.571,  2.096)  9.523 
J_iso:  0.0011 
[Testing!] DMI: (-0.0000  0.0000 -0.0000)
[Testing!]J_ani:
[[-0.001 -0.    -0.   ]
 [-0.    -0.001 -0.   ]
 [-0.    -0.    -0.002]]
----------------------------------------------------------------------------------------
   Cr1   Cr2   (  2,  -2,   0)  0.0011   ( 5.382, -7.571,  2.096)  9.523 
J_iso:  0.0011 
[Testing!] DMI: (-0.0000 -0.0000  0.0000)
[Testing!]J_ani:
[[-0.001  0.     0.   ]
 [ 0.    -0.001 -0.   ]
 [ 0.    -0.    -0.002]]
----------------------------------------------------------------------------------------
   Cr1   Cr2   ( -2,  -1,   0) -0.0127   (-8.970, -2.524,  2.096)  9.551 
J_iso: -0.0127 
[Testing!] DMI: ( 0.0000 -0.0000 -0.0000)
[Testing!]J_ani:
[[-0.    -0.    -0.   ]
 [-0.    -0.001 -0.   ]
 [-0.    -0.    -0.   ]]
----------------------------------------------------------------------------------------
   Cr1   Cr2   ( -2,   0,   0) -0.0127   (-8.970,  2.524,  2.096)  9.551 
J_iso: -0.0127 
[Testing!] DMI: ( 0.0000 -0.0000  0.0000)
[Testing!]J_ani:
[[-0.     0.    -0.   ]
 [ 0.    -0.001  0.   ]
 [-0.     0.    -0.   ]]
----------------------------------------------------------------------------------------
   Cr2   Cr1   (  2,   0,   0) -0.0127   ( 8.970, -2.524, -2.096)  9.551 
J_iso: -0.0127 
[Testing!] DMI: (-0.0000  0.0000 -0.0000)
[Testing!]J_ani:
[[-0.     0.    -0.   ]
 [ 0.    -0.001  0.   ]
 [-0.     0.    -0.   ]]
----------------------------------------------------------------------------------------
   Cr2   Cr1   (  2,   1,   0) -0.0127   ( 8.970,  2.524, -2.096)  9.551 
J_iso: -0.0127 
[Testing!] DMI: (-0.0000  0.0000  0.0000)
[Testing!]J_ani:
[[-0.    -0.    -0.   ]
 [-0.    -0.001 -0.   ]
 [-0.    -0.    -0.   ]]
----------------------------------------------------------------------------------------
   Cr1   Cr2   (  3,  -1,   0) -0.0127   ( 8.970, -2.524,  2.096)  9.551 
J_iso: -0.0127 
[Testing!] DMI: ( 0.0000  0.0000  0.0000)
[Testing!]J_ani:
[[-0.     0.     0.   ]
 [ 0.    -0.001 -0.   ]
 [ 0.    -0.    -0.   ]]
----------------------------------------------------------------------------------------
   Cr1   Cr2   (  3,   0,   0) -0.0127   ( 8.970,  2.524,  2.096)  9.551 
J_iso: -0.0127 
[Testing!] DMI: ( 0.0000  0.0000 -0.0000)
[Testing!]J_ani:
[[-0.    -0.     0.   ]
 [-0.    -0.001  0.   ]
 [ 0.     0.    -0.   ]]
----------------------------------------------------------------------------------------
   Cr2   Cr1   ( -3,   0,   0) -0.0127   (-8.970, -2.524, -2.096)  9.551 
J_iso: -0.0127 
[Testing!] DMI: (-0.0000 -0.0000  0.0000)
[Testing!]J_ani:
[[-0.    -0.     0.   ]
 [-0.    -0.001  0.   ]
 [ 0.     0.    -0.   ]]
----------------------------------------------------------------------------------------
   Cr2   Cr1   ( -3,   1,   0) -0.0127   (-8.970,  2.524, -2.096)  9.551 
J_iso: -0.0127 
[Testing!] DMI: (-0.0000 -0.0000 -0.0000)
[Testing!]J_ani:
[[-0.     0.     0.   ]
 [ 0.    -0.001 -0.   ]
 [ 0.    -0.    -0.   ]]
