==========================================================================================
Information: 
Exchange parameters generated by TB2J 0.7.2.1
Generation time: 22/06/09 19:20:32
 Input from non-collinear Wannier90 data.
 Tight binding data from .//95.3/95.3.z. 
 Prefix of wannier function files:crsbr.95.z.3.
Warning: Please check if the noise level of Wannier function Hamiltonian to make sure it is much smaller than the exchange values.
 The DMI component parallel to the spin orientation, the Jani which has the component of that orientation should be disregarded
 e.g. if the spins are along z, the xz, yz, zz, zx, zy components and the z component of DMI.
 If you need these component, try to do three calculations with spin along x, y, z,  or use structure with z rotated to x, y and z. And then use TB2J_merge.py to get the full set of parameters.


Merged from TB2J results in paths: 
  .//95.3/95.3.x
  .//95.3/95.3.y
  .//95.3/95.3.z
, which are from DFT data with spin along x, y, z orientation

==========================================================================================
Cell (Angstrom):
 3.588   0.000   0.000
 0.000   4.567   0.000
 0.000   0.000  23.571

==========================================================================================
Atoms:  
(Note: charge and magmoms only count the wannier functions.)
Atom_number      x         y         z     w_charge    M(x)      M(y)      M(z)   
Br1             0.8970    1.1417   -0.0668    5.6001    0.0000   -0.0000   -0.0463
Cr1             2.6910    1.1417    1.7371    4.3873   -0.0000   -0.0000    3.2350
S1              2.6910    3.4252    2.2030    5.0140   -0.0000   -0.0000   -0.1870
Br2             2.6910    3.4252    5.6376    5.5995    0.0000   -0.0000   -0.0465
Cr2             0.8970    3.4252    3.8336    4.3854   -0.0000   -0.0000    3.2339
S2              0.8970    1.1417    3.3678    5.0128   -0.0000    0.0000   -0.1876
Total                                        29.9992   -0.0000   -0.0000    6.0015

==========================================================================================
Orbitals used in decomposition: 
The name of the orbitals for the decomposition: 
Cr1 : ['orb_1', 'orb_2', 'orb_3', 'orb_4', 'orb_5', 'orb_6', 'orb_7', 'orb_8', 'orb_9', 'orb_10']
Cr2 : ['orb_1', 'orb_2', 'orb_3', 'orb_4', 'orb_5', 'orb_6', 'orb_7', 'orb_8', 'orb_9', 'orb_10']

==========================================================================================
Exchange: 
    i      j          R        J_iso(meV)          vector          distance(A) 
----------------------------------------------------------------------------------------
   Cr2   Cr1   ( -1,   1,   0)  4.9615   (-1.794,  2.283, -2.096)  3.582 
J_iso:  4.9615 
[Testing!] DMI: (-0.0002  0.0001 -0.0001)
[Testing!]J_ani:
[[-0.008 -0.    -0.003]
 [-0.    -0.015  0.   ]
 [-0.003  0.    -0.007]]
----------------------------------------------------------------------------------------
   Cr1   Cr2   (  1,  -1,   0)  4.9615   ( 1.794, -2.283,  2.096)  3.582 
J_iso:  4.9615 
[Testing!] DMI: ( 0.0002 -0.0001  0.0001)
[Testing!]J_ani:
[[-0.008 -0.    -0.003]
 [-0.    -0.015  0.   ]
 [-0.003  0.    -0.007]]
----------------------------------------------------------------------------------------
   Cr1   Cr2   (  0,  -1,   0)  4.9614   (-1.794, -2.283,  2.096)  3.582 
J_iso:  4.9614 
[Testing!] DMI: ( 0.0002  0.0001 -0.0001)
[Testing!]J_ani:
[[-0.008  0.     0.003]
 [ 0.    -0.015  0.   ]
 [ 0.003  0.    -0.007]]
----------------------------------------------------------------------------------------
   Cr2   Cr1   (  0,   1,   0)  4.9614   ( 1.794,  2.283, -2.096)  3.582 
J_iso:  4.9614 
[Testing!] DMI: (-0.0002 -0.0001  0.0001)
[Testing!]J_ani:
[[-0.008  0.     0.003]
 [ 0.    -0.015  0.   ]
 [ 0.003  0.    -0.007]]
----------------------------------------------------------------------------------------
   Cr2   Cr1   ( -1,   0,   0)  4.9614   (-1.794, -2.283, -2.096)  3.582 
J_iso:  4.9614 
[Testing!] DMI: ( 0.0002  0.0001  0.0001)
[Testing!]J_ani:
[[-0.008  0.    -0.003]
 [ 0.    -0.015 -0.   ]
 [-0.003 -0.    -0.007]]
----------------------------------------------------------------------------------------
   Cr1   Cr2   (  0,   0,   0)  4.9614   (-1.794,  2.283,  2.096)  3.582 
J_iso:  4.9614 
[Testing!] DMI: (-0.0002  0.0001  0.0001)
[Testing!]J_ani:
[[-0.008 -0.     0.003]
 [-0.    -0.015 -0.   ]
 [ 0.003 -0.    -0.007]]
----------------------------------------------------------------------------------------
   Cr2   Cr1   (  0,   0,   0)  4.9614   ( 1.794, -2.283, -2.096)  3.582 
J_iso:  4.9614 
[Testing!] DMI: ( 0.0002 -0.0001 -0.0001)
[Testing!]J_ani:
[[-0.008 -0.     0.003]
 [-0.    -0.015 -0.   ]
 [ 0.003 -0.    -0.007]]
----------------------------------------------------------------------------------------
   Cr1   Cr2   (  1,   0,   0)  4.9614   ( 1.794,  2.283,  2.096)  3.582 
J_iso:  4.9614 
[Testing!] DMI: (-0.0002 -0.0001 -0.0001)
[Testing!]J_ani:
[[-0.008  0.    -0.003]
 [ 0.    -0.015 -0.   ]
 [-0.003 -0.    -0.007]]
----------------------------------------------------------------------------------------
   Cr1   Cr1   ( -1,   0,   0)  3.3580   (-3.588,  0.000,  0.000)  3.588 
J_iso:  3.3580 
[Testing!] DMI: ( 0.0000 -0.0003 -0.0000)
[Testing!]J_ani:
[[-0.03   0.     0.   ]
 [ 0.    -0.053 -0.   ]
 [ 0.    -0.    -0.027]]
----------------------------------------------------------------------------------------
   Cr2   Cr2   ( -1,   0,   0)  3.3543   (-3.588,  0.000,  0.000)  3.588 
J_iso:  3.3543 
[Testing!] DMI: ( 0.0000  0.0005  0.0000)
[Testing!]J_ani:
[[-0.03  -0.    -0.   ]
 [-0.    -0.053 -0.   ]
 [-0.    -0.    -0.027]]
----------------------------------------------------------------------------------------
   Cr2   Cr2   (  1,   0,   0)  3.3543   ( 3.588,  0.000,  0.000)  3.588 
J_iso:  3.3543 
[Testing!] DMI: (-0.0000 -0.0005 -0.0000)
[Testing!]J_ani:
[[-0.03  -0.    -0.   ]
 [-0.    -0.053 -0.   ]
 [-0.    -0.    -0.027]]
----------------------------------------------------------------------------------------
   Cr1   Cr1   (  1,   0,   0)  3.3580   ( 3.588,  0.000,  0.000)  3.588 
J_iso:  3.3580 
[Testing!] DMI: (-0.0000  0.0003  0.0000)
[Testing!]J_ani:
[[-0.03   0.     0.   ]
 [ 0.    -0.053 -0.   ]
 [ 0.    -0.    -0.027]]
----------------------------------------------------------------------------------------
   Cr1   Cr1   (  0,  -1,   0)  5.9596   ( 0.000, -4.567,  0.000)  4.567 
J_iso:  5.9596 
[Testing!] DMI: ( 0.0650 -0.0000 -0.0000)
[Testing!]J_ani:
[[-0.021  0.     0.   ]
 [ 0.    -0.004 -0.   ]
 [ 0.    -0.    -0.011]]
----------------------------------------------------------------------------------------
   Cr2   Cr2   (  0,  -1,   0)  5.9634   ( 0.000, -4.567,  0.000)  4.567 
J_iso:  5.9634 
[Testing!] DMI: (-0.0653 -0.0000  0.0000)
[Testing!]J_ani:
[[-0.021 -0.    -0.   ]
 [-0.    -0.004 -0.   ]
 [-0.    -0.    -0.011]]
----------------------------------------------------------------------------------------
   Cr1   Cr1   (  0,   1,   0)  5.9596   ( 0.000,  4.567,  0.000)  4.567 
J_iso:  5.9596 
[Testing!] DMI: (-0.0650  0.0000  0.0000)
[Testing!]J_ani:
[[-0.021  0.     0.   ]
 [ 0.    -0.004 -0.   ]
 [ 0.    -0.    -0.011]]
----------------------------------------------------------------------------------------
   Cr2   Cr2   (  0,   1,   0)  5.9634   ( 0.000,  4.567,  0.000)  4.567 
J_iso:  5.9634 
[Testing!] DMI: ( 0.0653  0.0000 -0.0000)
[Testing!]J_ani:
[[-0.021 -0.    -0.   ]
 [-0.    -0.004 -0.   ]
 [-0.    -0.    -0.011]]
----------------------------------------------------------------------------------------
   Cr1   Cr1   ( -1,  -1,   0)  0.1187   (-3.588, -4.567,  0.000)  5.808 
J_iso:  0.1187 
[Testing!] DMI: (-0.0132 -0.0146  0.0000)
[Testing!]J_ani:
[[-0.007 -0.     0.   ]
 [-0.    -0.007  0.   ]
 [ 0.     0.    -0.005]]
----------------------------------------------------------------------------------------
   Cr2   Cr2   ( -1,  -1,   0)  0.1190   (-3.588, -4.567,  0.000)  5.808 
J_iso:  0.1190 
[Testing!] DMI: ( 0.0133  0.0146 -0.0000)
[Testing!]J_ani:
[[-0.007 -0.     0.   ]
 [-0.    -0.007  0.   ]
 [ 0.     0.    -0.005]]
----------------------------------------------------------------------------------------
   Cr1   Cr1   ( -1,   1,   0)  0.1187   (-3.588,  4.567,  0.000)  5.808 
J_iso:  0.1187 
[Testing!] DMI: ( 0.0132 -0.0146 -0.0000)
[Testing!]J_ani:
[[-0.007  0.    -0.   ]
 [ 0.    -0.007 -0.   ]
 [-0.    -0.    -0.005]]
----------------------------------------------------------------------------------------
   Cr2   Cr2   ( -1,   1,   0)  0.1190   (-3.588,  4.567,  0.000)  5.808 
J_iso:  0.1190 
[Testing!] DMI: (-0.0133  0.0146  0.0000)
[Testing!]J_ani:
[[-0.007  0.    -0.   ]
 [ 0.    -0.007 -0.   ]
 [-0.    -0.    -0.005]]
----------------------------------------------------------------------------------------
   Cr2   Cr2   (  1,  -1,   0)  0.1190   ( 3.588, -4.567,  0.000)  5.808 
J_iso:  0.1190 
[Testing!] DMI: ( 0.0133 -0.0146 -0.0000)
[Testing!]J_ani:
[[-0.007  0.    -0.   ]
 [ 0.    -0.007 -0.   ]
 [-0.    -0.    -0.005]]
----------------------------------------------------------------------------------------
   Cr2   Cr2   (  1,   1,   0)  0.1190   ( 3.588,  4.567,  0.000)  5.808 
J_iso:  0.1190 
[Testing!] DMI: (-0.0133 -0.0146  0.0000)
[Testing!]J_ani:
[[-0.007 -0.     0.   ]
 [-0.    -0.007  0.   ]
 [ 0.     0.    -0.005]]
----------------------------------------------------------------------------------------
   Cr1   Cr1   (  1,  -1,   0)  0.1187   ( 3.588, -4.567,  0.000)  5.808 
J_iso:  0.1187 
[Testing!] DMI: (-0.0132  0.0146  0.0000)
[Testing!]J_ani:
[[-0.007  0.    -0.   ]
 [ 0.    -0.007 -0.   ]
 [-0.    -0.    -0.005]]
----------------------------------------------------------------------------------------
   Cr1   Cr1   (  1,   1,   0)  0.1187   ( 3.588,  4.567,  0.000)  5.808 
J_iso:  0.1187 
[Testing!] DMI: ( 0.0132  0.0146 -0.0000)
[Testing!]J_ani:
[[-0.007 -0.     0.   ]
 [-0.    -0.007  0.   ]
 [ 0.     0.    -0.005]]
----------------------------------------------------------------------------------------
   Cr2   Cr1   ( -2,   1,   0)  0.0659   (-5.382,  2.283, -2.096)  6.211 
J_iso:  0.0659 
[Testing!] DMI: (-0.0000  0.0000 -0.0000)
[Testing!]J_ani:
[[-0.006  0.    -0.001]
 [ 0.    -0.002 -0.001]
 [-0.001 -0.001 -0.007]]
----------------------------------------------------------------------------------------
   Cr1   Cr2   ( -1,  -1,   0)  0.0659   (-5.382, -2.283,  2.096)  6.211 
J_iso:  0.0659 
[Testing!] DMI: ( 0.0000  0.0000 -0.0000)
[Testing!]J_ani:
[[-0.006 -0.     0.001]
 [-0.    -0.002 -0.001]
 [ 0.001 -0.001 -0.007]]
----------------------------------------------------------------------------------------
   Cr2   Cr1   (  1,   1,   0)  0.0659   ( 5.382,  2.283, -2.096)  6.211 
J_iso:  0.0659 
[Testing!] DMI: (-0.0000 -0.0000  0.0000)
[Testing!]J_ani:
[[-0.006 -0.     0.001]
 [-0.    -0.002 -0.001]
 [ 0.001 -0.001 -0.007]]
----------------------------------------------------------------------------------------
   Cr1   Cr2   (  2,  -1,   0)  0.0659   ( 5.382, -2.283,  2.096)  6.211 
J_iso:  0.0659 
[Testing!] DMI: ( 0.0000 -0.0000  0.0000)
[Testing!]J_ani:
[[-0.006  0.    -0.001]
 [ 0.    -0.002 -0.001]
 [-0.001 -0.001 -0.007]]
----------------------------------------------------------------------------------------
   Cr1   Cr2   (  2,   0,   0)  0.0659   ( 5.382,  2.283,  2.096)  6.211 
J_iso:  0.0659 
[Testing!] DMI: (-0.0000 -0.0000 -0.0000)
[Testing!]J_ani:
[[-0.006 -0.    -0.001]
 [-0.    -0.002  0.001]
 [-0.001  0.001 -0.007]]
----------------------------------------------------------------------------------------
   Cr2   Cr1   ( -2,   0,   0)  0.0659   (-5.382, -2.283, -2.096)  6.211 
J_iso:  0.0659 
[Testing!] DMI: ( 0.0000  0.0000  0.0000)
[Testing!]J_ani:
[[-0.006 -0.    -0.001]
 [-0.    -0.002  0.001]
 [-0.001  0.001 -0.007]]
----------------------------------------------------------------------------------------
   Cr1   Cr2   ( -1,   0,   0)  0.0659   (-5.382,  2.283,  2.096)  6.211 
J_iso:  0.0659 
[Testing!] DMI: (-0.0000  0.0000  0.0000)
[Testing!]J_ani:
[[-0.006  0.     0.001]
 [ 0.    -0.002  0.001]
 [ 0.001  0.001 -0.007]]
----------------------------------------------------------------------------------------
   Cr2   Cr1   (  1,   0,   0)  0.0659   ( 5.382, -2.283, -2.096)  6.211 
J_iso:  0.0659 
[Testing!] DMI: ( 0.0000 -0.0000 -0.0000)
[Testing!]J_ani:
[[-0.006  0.     0.001]
 [ 0.    -0.002  0.001]
 [ 0.001  0.001 -0.007]]
----------------------------------------------------------------------------------------
   Cr2   Cr2   (  2,   0,   0) -0.6408   ( 7.176,  0.000,  0.000)  7.176 
J_iso: -0.6408 
[Testing!] DMI: (-0.0000  0.0045  0.0000)
[Testing!]J_ani:
[[-0.004  0.    -0.   ]
 [ 0.    -0.005 -0.   ]
 [-0.    -0.    -0.005]]
----------------------------------------------------------------------------------------
   Cr1   Cr1   ( -2,   0,   0) -0.6404   (-7.176,  0.000,  0.000)  7.176 
J_iso: -0.6404 
[Testing!] DMI: ( 0.0000  0.0043 -0.0000)
[Testing!]J_ani:
[[-0.004 -0.    -0.   ]
 [-0.    -0.005 -0.   ]
 [-0.    -0.    -0.005]]
----------------------------------------------------------------------------------------
   Cr2   Cr2   ( -2,   0,   0) -0.6408   (-7.176,  0.000,  0.000)  7.176 
J_iso: -0.6408 
[Testing!] DMI: ( 0.0000 -0.0045 -0.0000)
[Testing!]J_ani:
[[-0.004  0.    -0.   ]
 [ 0.    -0.005 -0.   ]
 [-0.    -0.    -0.005]]
----------------------------------------------------------------------------------------
   Cr1   Cr1   (  2,   0,   0) -0.6404   ( 7.176,  0.000,  0.000)  7.176 
J_iso: -0.6404 
[Testing!] DMI: (-0.0000 -0.0043  0.0000)
[Testing!]J_ani:
[[-0.004 -0.    -0.   ]
 [-0.    -0.005 -0.   ]
 [-0.    -0.    -0.005]]
----------------------------------------------------------------------------------------
   Cr1   Cr2   (  0,  -2,   0)  0.6484   (-1.794, -6.850,  2.096)  7.385 
J_iso:  0.6484 
[Testing!] DMI: (-0.0000  0.0000 -0.0000)
[Testing!]J_ani:
[[-0.001 -0.     0.   ]
 [-0.    -0.002  0.   ]
 [ 0.     0.    -0.001]]
----------------------------------------------------------------------------------------
   Cr1   Cr2   (  1,  -2,   0)  0.6484   ( 1.794, -6.850,  2.096)  7.385 
J_iso:  0.6484 
[Testing!] DMI: (-0.0000 -0.0000  0.0000)
[Testing!]J_ani:
[[-0.001  0.    -0.   ]
 [ 0.    -0.002  0.   ]
 [-0.     0.    -0.001]]
----------------------------------------------------------------------------------------
   Cr2   Cr1   ( -1,  -1,   0)  0.6485   (-1.794, -6.850, -2.096)  7.385 
J_iso:  0.6485 
[Testing!] DMI: (-0.0000  0.0000  0.0000)
[Testing!]J_ani:
[[-0.001 -0.    -0.   ]
 [-0.    -0.002 -0.   ]
 [-0.    -0.    -0.001]]
----------------------------------------------------------------------------------------
   Cr2   Cr1   ( -1,   2,   0)  0.6484   (-1.794,  6.850, -2.096)  7.385 
J_iso:  0.6484 
[Testing!] DMI: ( 0.0000  0.0000 -0.0000)
[Testing!]J_ani:
[[-0.001  0.    -0.   ]
 [ 0.    -0.002  0.   ]
 [-0.     0.    -0.001]]
----------------------------------------------------------------------------------------
   Cr2   Cr1   (  0,  -1,   0)  0.6485   ( 1.794, -6.850, -2.096)  7.385 
J_iso:  0.6485 
[Testing!] DMI: (-0.0000 -0.0000 -0.0000)
[Testing!]J_ani:
[[-0.001  0.     0.   ]
 [ 0.    -0.002 -0.   ]
 [ 0.    -0.    -0.001]]
----------------------------------------------------------------------------------------
   Cr1   Cr2   (  0,   1,   0)  0.6485   (-1.794,  6.850,  2.096)  7.385 
J_iso:  0.6485 
[Testing!] DMI: ( 0.0000  0.0000  0.0000)
[Testing!]J_ani:
[[-0.001  0.     0.   ]
 [ 0.    -0.002 -0.   ]
 [ 0.    -0.    -0.001]]
----------------------------------------------------------------------------------------
   Cr2   Cr1   (  0,   2,   0)  0.6484   ( 1.794,  6.850, -2.096)  7.385 
J_iso:  0.6484 
[Testing!] DMI: ( 0.0000 -0.0000  0.0000)
[Testing!]J_ani:
[[-0.001 -0.     0.   ]
 [-0.    -0.002  0.   ]
 [ 0.     0.    -0.001]]
----------------------------------------------------------------------------------------
   Cr1   Cr2   (  1,   1,   0)  0.6485   ( 1.794,  6.850,  2.096)  7.385 
J_iso:  0.6485 
[Testing!] DMI: ( 0.0000 -0.0000 -0.0000)
[Testing!]J_ani:
[[-0.001 -0.    -0.   ]
 [-0.    -0.002 -0.   ]
 [-0.    -0.    -0.001]]
----------------------------------------------------------------------------------------
   Cr1   Cr1   ( -2,  -1,   0)  0.0049   (-7.176, -4.567,  0.000)  8.506 
J_iso:  0.0049 
[Testing!] DMI: ( 0.0010 -0.0017  0.0000)
[Testing!]J_ani:
[[-0.001 -0.    -0.   ]
 [-0.    -0.001  0.   ]
 [-0.     0.    -0.001]]
----------------------------------------------------------------------------------------
   Cr2   Cr2   ( -2,  -1,   0)  0.0049   (-7.176, -4.567,  0.000)  8.506 
J_iso:  0.0049 
[Testing!] DMI: (-0.0010  0.0017 -0.0000)
[Testing!]J_ani:
[[-0.001 -0.    -0.   ]
 [-0.    -0.001  0.   ]
 [-0.     0.    -0.001]]
----------------------------------------------------------------------------------------
   Cr1   Cr1   ( -2,   1,   0)  0.0049   (-7.176,  4.567,  0.000)  8.506 
J_iso:  0.0049 
[Testing!] DMI: (-0.0010 -0.0017 -0.0000)
[Testing!]J_ani:
[[-0.001  0.    -0.   ]
 [ 0.    -0.001  0.   ]
 [-0.     0.    -0.001]]
----------------------------------------------------------------------------------------
   Cr2   Cr2   ( -2,   1,   0)  0.0049   (-7.176,  4.567,  0.000)  8.506 
J_iso:  0.0049 
[Testing!] DMI: ( 0.0010  0.0017  0.0000)
[Testing!]J_ani:
[[-0.001  0.    -0.   ]
 [ 0.    -0.001 -0.   ]
 [-0.    -0.    -0.001]]
----------------------------------------------------------------------------------------
   Cr1   Cr1   (  2,  -1,   0)  0.0049   ( 7.176, -4.567,  0.000)  8.506 
J_iso:  0.0049 
[Testing!] DMI: ( 0.0010  0.0017  0.0000)
[Testing!]J_ani:
[[-0.001  0.    -0.   ]
 [ 0.    -0.001  0.   ]
 [-0.     0.    -0.001]]
----------------------------------------------------------------------------------------
   Cr2   Cr2   (  2,  -1,   0)  0.0049   ( 7.176, -4.567,  0.000)  8.506 
J_iso:  0.0049 
[Testing!] DMI: (-0.0010 -0.0017 -0.0000)
[Testing!]J_ani:
[[-0.001  0.    -0.   ]
 [ 0.    -0.001 -0.   ]
 [-0.    -0.    -0.001]]
----------------------------------------------------------------------------------------
   Cr1   Cr1   (  2,   1,   0)  0.0049   ( 7.176,  4.567,  0.000)  8.506 
J_iso:  0.0049 
[Testing!] DMI: (-0.0010  0.0017 -0.0000)
[Testing!]J_ani:
[[-0.001 -0.    -0.   ]
 [-0.    -0.001  0.   ]
 [-0.     0.    -0.001]]
----------------------------------------------------------------------------------------
   Cr2   Cr2   (  2,   1,   0)  0.0049   ( 7.176,  4.567,  0.000)  8.506 
J_iso:  0.0049 
[Testing!] DMI: ( 0.0010 -0.0017  0.0000)
[Testing!]J_ani:
[[-0.001 -0.    -0.   ]
 [-0.    -0.001  0.   ]
 [-0.     0.    -0.001]]
----------------------------------------------------------------------------------------
   Cr2   Cr1   ( -2,  -1,   0)  0.0034   (-5.382, -6.850, -2.096)  8.960 
J_iso:  0.0034 
[Testing!] DMI: ( 0.0000  0.0000  0.0000)
[Testing!]J_ani:
[[-0.001 -0.     0.   ]
 [-0.    -0.001  0.   ]
 [ 0.     0.    -0.001]]
----------------------------------------------------------------------------------------
   Cr1   Cr2   ( -1,  -2,   0)  0.0034   (-5.382, -6.850,  2.096)  8.960 
J_iso:  0.0034 
[Testing!] DMI: ( 0.0000  0.0000 -0.0000)
[Testing!]J_ani:
[[-0.001 -0.    -0.   ]
 [-0.    -0.001 -0.   ]
 [-0.    -0.    -0.001]]
----------------------------------------------------------------------------------------
   Cr1   Cr2   ( -1,   1,   0)  0.0034   (-5.382,  6.850,  2.096)  8.960 
J_iso:  0.0034 
[Testing!] DMI: (-0.0000  0.0000  0.0000)
[Testing!]J_ani:
[[-0.001  0.    -0.   ]
 [ 0.    -0.001  0.   ]
 [-0.     0.    -0.001]]
----------------------------------------------------------------------------------------
   Cr2   Cr1   (  1,  -1,   0)  0.0034   ( 5.382, -6.850, -2.096)  8.960 
J_iso:  0.0034 
[Testing!] DMI: ( 0.0000 -0.0000 -0.0000)
[Testing!]J_ani:
[[-0.001  0.    -0.   ]
 [ 0.    -0.001  0.   ]
 [-0.     0.    -0.001]]
----------------------------------------------------------------------------------------
   Cr2   Cr1   (  1,   2,   0)  0.0034   ( 5.382,  6.850, -2.096)  8.960 
J_iso:  0.0034 
[Testing!] DMI: (-0.0000 -0.0000  0.0000)
[Testing!]J_ani:
[[-0.001 -0.    -0.   ]
 [-0.    -0.001 -0.   ]
 [-0.    -0.    -0.001]]
----------------------------------------------------------------------------------------
   Cr1   Cr2   (  2,   1,   0)  0.0034   ( 5.382,  6.850,  2.096)  8.960 
J_iso:  0.0034 
[Testing!] DMI: (-0.0000 -0.0000 -0.0000)
[Testing!]J_ani:
[[-0.001 -0.     0.   ]
 [-0.    -0.001  0.   ]
 [ 0.     0.    -0.001]]
----------------------------------------------------------------------------------------
   Cr1   Cr2   (  2,  -2,   0)  0.0034   ( 5.382, -6.850,  2.096)  8.960 
J_iso:  0.0034 
[Testing!] DMI: ( 0.0000 -0.0000  0.0000)
[Testing!]J_ani:
[[-0.001  0.     0.   ]
 [ 0.    -0.001 -0.   ]
 [ 0.    -0.    -0.001]]
----------------------------------------------------------------------------------------
   Cr2   Cr1   ( -2,   2,   0)  0.0034   (-5.382,  6.850, -2.096)  8.960 
J_iso:  0.0034 
[Testing!] DMI: (-0.0000  0.0000 -0.0000)
[Testing!]J_ani:
[[-0.001  0.     0.   ]
 [ 0.    -0.001 -0.   ]
 [ 0.    -0.    -0.001]]
----------------------------------------------------------------------------------------
   Cr1   Cr1   (  0,  -2,   0)  0.1892   ( 0.000, -9.134,  0.000)  9.134 
J_iso:  0.1892 
[Testing!] DMI: ( 0.0249 -0.0000  0.0000)
[Testing!]J_ani:
[[-0.001 -0.     0.   ]
 [-0.    -0.     0.   ]
 [ 0.     0.    -0.001]]
----------------------------------------------------------------------------------------
   Cr2   Cr2   (  0,  -2,   0)  0.1889   ( 0.000, -9.134,  0.000)  9.134 
J_iso:  0.1889 
[Testing!] DMI: (-0.0248 -0.0000  0.0000)
[Testing!]J_ani:
[[-0.001 -0.    -0.   ]
 [-0.    -0.     0.   ]
 [-0.     0.    -0.001]]
----------------------------------------------------------------------------------------
   Cr1   Cr1   (  0,   2,   0)  0.1892   ( 0.000,  9.134,  0.000)  9.134 
J_iso:  0.1892 
[Testing!] DMI: (-0.0249  0.0000 -0.0000)
[Testing!]J_ani:
[[-0.001 -0.     0.   ]
 [-0.    -0.     0.   ]
 [ 0.     0.    -0.001]]
----------------------------------------------------------------------------------------
   Cr2   Cr2   (  0,   2,   0)  0.1889   ( 0.000,  9.134,  0.000)  9.134 
J_iso:  0.1889 
[Testing!] DMI: ( 0.0248  0.0000 -0.0000)
[Testing!]J_ani:
[[-0.001 -0.    -0.   ]
 [-0.    -0.     0.   ]
 [-0.     0.    -0.001]]
----------------------------------------------------------------------------------------
   Cr1   Cr2   ( -2,  -1,   0) -0.0035   (-8.970, -2.283,  2.096)  9.490 
J_iso: -0.0035 
[Testing!] DMI: ( 0.0000  0.0000 -0.0000)
[Testing!]J_ani:
[[-0.    -0.    -0.   ]
 [-0.    -0.001 -0.   ]
 [-0.    -0.    -0.001]]
----------------------------------------------------------------------------------------
   Cr1   Cr2   ( -2,   0,   0) -0.0035   (-8.970,  2.283,  2.096)  9.490 
J_iso: -0.0035 
[Testing!] DMI: (-0.0000  0.0000  0.0000)
[Testing!]J_ani:
[[-0.     0.    -0.   ]
 [ 0.    -0.001  0.   ]
 [-0.     0.    -0.001]]
----------------------------------------------------------------------------------------
   Cr2   Cr1   (  2,   0,   0) -0.0035   ( 8.970, -2.283, -2.096)  9.490 
J_iso: -0.0035 
[Testing!] DMI: ( 0.0000 -0.0000 -0.0000)
[Testing!]J_ani:
[[-0.     0.    -0.   ]
 [ 0.    -0.001  0.   ]
 [-0.     0.    -0.001]]
----------------------------------------------------------------------------------------
   Cr2   Cr1   (  2,   1,   0) -0.0035   ( 8.970,  2.283, -2.096)  9.490 
J_iso: -0.0035 
[Testing!] DMI: (-0.0000 -0.0000  0.0000)
[Testing!]J_ani:
[[-0.    -0.    -0.   ]
 [-0.    -0.001 -0.   ]
 [-0.    -0.    -0.001]]
----------------------------------------------------------------------------------------
   Cr1   Cr2   (  3,  -1,   0) -0.0035   ( 8.970, -2.283,  2.096)  9.490 
J_iso: -0.0035 
[Testing!] DMI: ( 0.0000 -0.0000  0.0000)
[Testing!]J_ani:
[[-0.     0.     0.   ]
 [ 0.    -0.001 -0.   ]
 [ 0.    -0.    -0.001]]
----------------------------------------------------------------------------------------
   Cr1   Cr2   (  3,   0,   0) -0.0035   ( 8.970,  2.283,  2.096)  9.490 
J_iso: -0.0035 
[Testing!] DMI: (-0.0000 -0.0000 -0.0000)
[Testing!]J_ani:
[[-0.    -0.     0.   ]
 [-0.    -0.001  0.   ]
 [ 0.     0.    -0.001]]
----------------------------------------------------------------------------------------
   Cr2   Cr1   ( -3,   0,   0) -0.0035   (-8.970, -2.283, -2.096)  9.490 
J_iso: -0.0035 
[Testing!] DMI: ( 0.0000  0.0000  0.0000)
[Testing!]J_ani:
[[-0.    -0.     0.   ]
 [-0.    -0.001  0.   ]
 [ 0.     0.    -0.001]]
----------------------------------------------------------------------------------------
   Cr2   Cr1   ( -3,   1,   0) -0.0035   (-8.970,  2.283, -2.096)  9.490 
J_iso: -0.0035 
[Testing!] DMI: (-0.0000  0.0000 -0.0000)
[Testing!]J_ani:
[[-0.     0.     0.   ]
 [ 0.    -0.001 -0.   ]
 [ 0.    -0.    -0.001]]
----------------------------------------------------------------------------------------
   Cr1   Cr1   ( -1,  -2,   0)  0.0148   (-3.588, -9.134,  0.000)  9.813 
J_iso:  0.0148 
[Testing!] DMI: (-0.0039  0.0005  0.0000)
[Testing!]J_ani:
[[-0.001  0.     0.   ]
 [ 0.    -0.001  0.   ]
 [ 0.     0.    -0.001]]
----------------------------------------------------------------------------------------
   Cr2   Cr2   ( -1,  -2,   0)  0.0148   (-3.588, -9.134,  0.000)  9.813 
J_iso:  0.0148 
[Testing!] DMI: ( 0.0039 -0.0005  0.0000)
[Testing!]J_ani:
[[-0.001  0.     0.   ]
 [ 0.    -0.001  0.   ]
 [ 0.     0.    -0.001]]
----------------------------------------------------------------------------------------
   Cr1   Cr1   ( -1,   2,   0)  0.0148   (-3.588,  9.134,  0.000)  9.813 
J_iso:  0.0148 
[Testing!] DMI: ( 0.0039  0.0005  0.0000)
[Testing!]J_ani:
[[-0.001 -0.    -0.   ]
 [-0.    -0.001 -0.   ]
 [-0.    -0.    -0.001]]
----------------------------------------------------------------------------------------
   Cr2   Cr2   ( -1,   2,   0)  0.0148   (-3.588,  9.134,  0.000)  9.813 
J_iso:  0.0148 
[Testing!] DMI: (-0.0039 -0.0005 -0.0000)
[Testing!]J_ani:
[[-0.001 -0.    -0.   ]
 [-0.    -0.001 -0.   ]
 [-0.    -0.    -0.001]]
----------------------------------------------------------------------------------------
   Cr1   Cr1   (  1,  -2,   0)  0.0148   ( 3.588, -9.134,  0.000)  9.813 
J_iso:  0.0148 
[Testing!] DMI: (-0.0039 -0.0005 -0.0000)
[Testing!]J_ani:
[[-0.001 -0.    -0.   ]
 [-0.    -0.001 -0.   ]
 [-0.    -0.    -0.001]]
----------------------------------------------------------------------------------------
   Cr2   Cr2   (  1,  -2,   0)  0.0148   ( 3.588, -9.134,  0.000)  9.813 
J_iso:  0.0148 
[Testing!] DMI: ( 0.0039  0.0005  0.0000)
[Testing!]J_ani:
[[-0.001 -0.    -0.   ]
 [-0.    -0.001 -0.   ]
 [-0.    -0.    -0.001]]
----------------------------------------------------------------------------------------
   Cr1   Cr1   (  1,   2,   0)  0.0148   ( 3.588,  9.134,  0.000)  9.813 
J_iso:  0.0148 
[Testing!] DMI: ( 0.0039 -0.0005 -0.0000)
[Testing!]J_ani:
[[-0.001  0.     0.   ]
 [ 0.    -0.001  0.   ]
 [ 0.     0.    -0.001]]
----------------------------------------------------------------------------------------
   Cr2   Cr2   (  1,   2,   0)  0.0148   ( 3.588,  9.134,  0.000)  9.813 
J_iso:  0.0148 
[Testing!] DMI: (-0.0039  0.0005 -0.0000)
[Testing!]J_ani:
[[-0.001  0.     0.   ]
 [ 0.    -0.001  0.   ]
 [ 0.     0.    -0.001]]
