==========================================================================================
Information: 
Exchange parameters generated by TB2J 0.7.2.1
Generation time: 22/06/09 19:32:25
 Input from non-collinear Wannier90 data.
 Tight binding data from .//104.3/104.3.z. 
 Prefix of wannier function files:crsbr.104.z.3.
Warning: Please check if the noise level of Wannier function Hamiltonian to make sure it is much smaller than the exchange values.
 The DMI component parallel to the spin orientation, the Jani which has the component of that orientation should be disregarded
 e.g. if the spins are along z, the xz, yz, zz, zx, zy components and the z component of DMI.
 If you need these component, try to do three calculations with spin along x, y, z,  or use structure with z rotated to x, y and z. And then use TB2J_merge.py to get the full set of parameters.


Merged from TB2J results in paths: 
  .//104.3/104.3.x
  .//104.3/104.3.y
  .//104.3/104.3.z
, which are from DFT data with spin along x, y, z orientation

==========================================================================================
Cell (Angstrom):
 3.588   0.000   0.000
 0.000   5.000   0.000
 0.000   0.000  23.571

==========================================================================================
Atoms:  
(Note: charge and magmoms only count the wannier functions.)
Atom_number      x         y         z     w_charge    M(x)      M(y)      M(z)   
Br1             0.8970    1.2499   -0.0668    5.6187   -0.0000    0.0000   -0.0565
Cr1             2.6910    1.2499    1.7371    4.3335    0.0000    0.0000    3.3273
S1              2.6910    3.7496    2.2030    5.0467   -0.0000   -0.0000   -0.2703
Br2             2.6910    3.7496    5.6376    5.6188   -0.0000   -0.0000   -0.0564
Cr2             0.8970    3.7496    3.8336    4.3343    0.0000    0.0000    3.3278
S2              0.8970    1.2499    3.3678    5.0472   -0.0000   -0.0000   -0.2702
Total                                        29.9992   -0.0000   -0.0000    6.0018

==========================================================================================
Orbitals used in decomposition: 
The name of the orbitals for the decomposition: 
Cr1 : ['orb_1', 'orb_2', 'orb_3', 'orb_4', 'orb_5', 'orb_6', 'orb_7', 'orb_8', 'orb_9', 'orb_10']
Cr2 : ['orb_1', 'orb_2', 'orb_3', 'orb_4', 'orb_5', 'orb_6', 'orb_7', 'orb_8', 'orb_9', 'orb_10']

==========================================================================================
Exchange: 
    i      j          R        J_iso(meV)          vector          distance(A) 
----------------------------------------------------------------------------------------
   Cr1   Cr1   ( -1,   0,   0)  3.6413   (-3.588,  0.000,  0.000)  3.588 
J_iso:  3.6413 
[Testing!] DMI: (-0.0000 -0.0203 -0.0000)
[Testing!]J_ani:
[[-0.034 -0.     0.   ]
 [-0.    -0.052 -0.   ]
 [ 0.    -0.    -0.028]]
----------------------------------------------------------------------------------------
   Cr2   Cr2   ( -1,   0,   0)  3.6303   (-3.588,  0.000,  0.000)  3.588 
J_iso:  3.6303 
[Testing!] DMI: ( 0.0000  0.0197 -0.0000)
[Testing!]J_ani:
[[-0.033  0.     0.   ]
 [ 0.    -0.052  0.   ]
 [ 0.     0.    -0.028]]
----------------------------------------------------------------------------------------
   Cr2   Cr2   (  1,   0,   0)  3.6303   ( 3.588,  0.000,  0.000)  3.588 
J_iso:  3.6303 
[Testing!] DMI: (-0.0000 -0.0197  0.0000)
[Testing!]J_ani:
[[-0.033  0.     0.   ]
 [ 0.    -0.052  0.   ]
 [ 0.     0.    -0.028]]
----------------------------------------------------------------------------------------
   Cr1   Cr1   (  1,   0,   0)  3.6413   ( 3.588,  0.000,  0.000)  3.588 
J_iso:  3.6413 
[Testing!] DMI: ( 0.0000  0.0203  0.0000)
[Testing!]J_ani:
[[-0.034 -0.     0.   ]
 [-0.    -0.052 -0.   ]
 [ 0.    -0.    -0.028]]
----------------------------------------------------------------------------------------
   Cr2   Cr1   ( -1,   0,   0)  2.5070   (-1.794, -2.500, -2.096)  3.723 
J_iso:  2.5070 
[Testing!] DMI: (-0.0001  0.0000 -0.0002)
[Testing!]J_ani:
[[-0.01   0.    -0.004]
 [ 0.    -0.012 -0.   ]
 [-0.004 -0.    -0.008]]
----------------------------------------------------------------------------------------
   Cr1   Cr2   (  1,   0,   0)  2.5070   ( 1.794,  2.500,  2.096)  3.723 
J_iso:  2.5070 
[Testing!] DMI: ( 0.0001 -0.0000  0.0002)
[Testing!]J_ani:
[[-0.01   0.    -0.004]
 [ 0.    -0.012 -0.   ]
 [-0.004 -0.    -0.008]]
----------------------------------------------------------------------------------------
   Cr2   Cr1   ( -1,   1,   0)  2.5068   (-1.794,  2.500, -2.096)  3.723 
J_iso:  2.5068 
[Testing!] DMI: ( 0.0001  0.0000  0.0002)
[Testing!]J_ani:
[[-0.01  -0.    -0.004]
 [-0.    -0.012  0.   ]
 [-0.004  0.    -0.008]]
----------------------------------------------------------------------------------------
   Cr1   Cr2   (  0,   0,   0)  2.5068   (-1.794,  2.500,  2.096)  3.723 
J_iso:  2.5068 
[Testing!] DMI: ( 0.0001  0.0001 -0.0002)
[Testing!]J_ani:
[[-0.01  -0.     0.004]
 [-0.    -0.012 -0.   ]
 [ 0.004 -0.    -0.008]]
----------------------------------------------------------------------------------------
   Cr2   Cr1   (  0,   0,   0)  2.5068   ( 1.794, -2.500, -2.096)  3.723 
J_iso:  2.5068 
[Testing!] DMI: (-0.0001 -0.0001  0.0002)
[Testing!]J_ani:
[[-0.01  -0.     0.004]
 [-0.    -0.012 -0.   ]
 [ 0.004 -0.    -0.008]]
----------------------------------------------------------------------------------------
   Cr1   Cr2   (  1,  -1,   0)  2.5068   ( 1.794, -2.500,  2.096)  3.723 
J_iso:  2.5068 
[Testing!] DMI: (-0.0001 -0.0000 -0.0002)
[Testing!]J_ani:
[[-0.01  -0.    -0.004]
 [-0.    -0.012  0.   ]
 [-0.004  0.    -0.008]]
----------------------------------------------------------------------------------------
   Cr1   Cr2   (  0,  -1,   0)  2.5067   (-1.794, -2.500,  2.096)  3.723 
J_iso:  2.5067 
[Testing!] DMI: (-0.0001  0.0000  0.0002)
[Testing!]J_ani:
[[-0.01   0.     0.004]
 [ 0.    -0.012  0.   ]
 [ 0.004  0.    -0.008]]
----------------------------------------------------------------------------------------
   Cr2   Cr1   (  0,   1,   0)  2.5067   ( 1.794,  2.500, -2.096)  3.723 
J_iso:  2.5067 
[Testing!] DMI: ( 0.0001 -0.0000 -0.0002)
[Testing!]J_ani:
[[-0.01   0.     0.004]
 [ 0.    -0.012  0.   ]
 [ 0.004  0.    -0.008]]
----------------------------------------------------------------------------------------
   Cr1   Cr1   (  0,  -1,   0)  2.2222   ( 0.000, -5.000,  0.000)  5.000 
J_iso:  2.2222 
[Testing!] DMI: ( 0.0685 -0.0000 -0.0000)
[Testing!]J_ani:
[[-0.013 -0.    -0.   ]
 [-0.    -0.003 -0.   ]
 [-0.    -0.    -0.006]]
----------------------------------------------------------------------------------------
   Cr2   Cr2   (  0,  -1,   0)  2.2312   ( 0.000, -5.000,  0.000)  5.000 
J_iso:  2.2312 
[Testing!] DMI: (-0.0694  0.0000  0.0000)
[Testing!]J_ani:
[[-0.013 -0.    -0.   ]
 [-0.    -0.003 -0.   ]
 [-0.    -0.    -0.006]]
----------------------------------------------------------------------------------------
   Cr1   Cr1   (  0,   1,   0)  2.2222   ( 0.000,  5.000,  0.000)  5.000 
J_iso:  2.2222 
[Testing!] DMI: (-0.0685  0.0000  0.0000)
[Testing!]J_ani:
[[-0.013 -0.    -0.   ]
 [-0.    -0.003 -0.   ]
 [-0.    -0.    -0.006]]
----------------------------------------------------------------------------------------
   Cr2   Cr2   (  0,   1,   0)  2.2312   ( 0.000,  5.000,  0.000)  5.000 
J_iso:  2.2312 
[Testing!] DMI: ( 0.0694 -0.0000 -0.0000)
[Testing!]J_ani:
[[-0.013 -0.    -0.   ]
 [-0.    -0.003 -0.   ]
 [-0.    -0.    -0.006]]
----------------------------------------------------------------------------------------
   Cr1   Cr1   ( -1,  -1,   0) -0.0307   (-3.588, -5.000,  0.000)  6.154 
J_iso: -0.0307 
[Testing!] DMI: (-0.0288 -0.0213  0.0000)
[Testing!]J_ani:
[[-0.008 -0.    -0.   ]
 [-0.    -0.006  0.   ]
 [-0.     0.    -0.005]]
----------------------------------------------------------------------------------------
   Cr2   Cr2   ( -1,  -1,   0) -0.0294   (-3.588, -5.000,  0.000)  6.154 
J_iso: -0.0294 
[Testing!] DMI: ( 0.0286  0.0210 -0.0000)
[Testing!]J_ani:
[[-0.008 -0.001 -0.   ]
 [-0.001 -0.006 -0.   ]
 [-0.    -0.    -0.005]]
----------------------------------------------------------------------------------------
   Cr1   Cr1   ( -1,   1,   0) -0.0307   (-3.588,  5.000,  0.000)  6.154 
J_iso: -0.0307 
[Testing!] DMI: ( 0.0288 -0.0213  0.0000)
[Testing!]J_ani:
[[-0.008  0.     0.   ]
 [ 0.    -0.006  0.   ]
 [ 0.     0.    -0.005]]
----------------------------------------------------------------------------------------
   Cr2   Cr2   ( -1,   1,   0) -0.0294   (-3.588,  5.000,  0.000)  6.154 
J_iso: -0.0294 
[Testing!] DMI: (-0.0286  0.0210 -0.0000)
[Testing!]J_ani:
[[-0.008  0.001  0.   ]
 [ 0.001 -0.006  0.   ]
 [ 0.     0.    -0.005]]
----------------------------------------------------------------------------------------
   Cr2   Cr2   (  1,  -1,   0) -0.0294   ( 3.588, -5.000,  0.000)  6.154 
J_iso: -0.0294 
[Testing!] DMI: ( 0.0286 -0.0210  0.0000)
[Testing!]J_ani:
[[-0.008  0.001  0.   ]
 [ 0.001 -0.006  0.   ]
 [ 0.     0.    -0.005]]
----------------------------------------------------------------------------------------
   Cr2   Cr2   (  1,   1,   0) -0.0294   ( 3.588,  5.000,  0.000)  6.154 
J_iso: -0.0294 
[Testing!] DMI: (-0.0286 -0.0210  0.0000)
[Testing!]J_ani:
[[-0.008 -0.001 -0.   ]
 [-0.001 -0.006 -0.   ]
 [-0.    -0.    -0.005]]
----------------------------------------------------------------------------------------
   Cr1   Cr1   (  1,  -1,   0) -0.0307   ( 3.588, -5.000,  0.000)  6.154 
J_iso: -0.0307 
[Testing!] DMI: (-0.0288  0.0213 -0.0000)
[Testing!]J_ani:
[[-0.008  0.     0.   ]
 [ 0.    -0.006  0.   ]
 [ 0.     0.    -0.005]]
----------------------------------------------------------------------------------------
   Cr1   Cr1   (  1,   1,   0) -0.0307   ( 3.588,  5.000,  0.000)  6.154 
J_iso: -0.0307 
[Testing!] DMI: ( 0.0288  0.0213 -0.0000)
[Testing!]J_ani:
[[-0.008 -0.    -0.   ]
 [-0.    -0.006  0.   ]
 [-0.     0.    -0.005]]
----------------------------------------------------------------------------------------
   Cr1   Cr2   (  2,  -1,   0)  0.1391   ( 5.382, -2.500,  2.096)  6.294 
J_iso:  0.1391 
[Testing!] DMI: (-0.0000  0.0000 -0.0001)
[Testing!]J_ani:
[[-0.005  0.    -0.001]
 [ 0.    -0.002 -0.   ]
 [-0.001 -0.    -0.007]]
----------------------------------------------------------------------------------------
   Cr1   Cr2   (  2,   0,   0)  0.1391   ( 5.382,  2.500,  2.096)  6.294 
J_iso:  0.1391 
[Testing!] DMI: ( 0.0000  0.0000  0.0001)
[Testing!]J_ani:
[[-0.005 -0.    -0.001]
 [-0.    -0.002  0.   ]
 [-0.001  0.    -0.007]]
----------------------------------------------------------------------------------------
   Cr2   Cr1   ( -2,   0,   0)  0.1391   (-5.382, -2.500, -2.096)  6.294 
J_iso:  0.1391 
[Testing!] DMI: (-0.0000 -0.0000 -0.0001)
[Testing!]J_ani:
[[-0.005 -0.    -0.001]
 [-0.    -0.002  0.   ]
 [-0.001  0.    -0.007]]
----------------------------------------------------------------------------------------
   Cr2   Cr1   ( -2,   1,   0)  0.1391   (-5.382,  2.500, -2.096)  6.294 
J_iso:  0.1391 
[Testing!] DMI: ( 0.0000 -0.0000  0.0001)
[Testing!]J_ani:
[[-0.005  0.    -0.001]
 [ 0.    -0.002 -0.   ]
 [-0.001 -0.    -0.007]]
----------------------------------------------------------------------------------------
   Cr1   Cr2   ( -1,  -1,   0)  0.1392   (-5.382, -2.500,  2.096)  6.294 
J_iso:  0.1392 
[Testing!] DMI: (-0.0000 -0.0000  0.0001)
[Testing!]J_ani:
[[-0.005 -0.     0.001]
 [-0.    -0.002 -0.   ]
 [ 0.001 -0.    -0.007]]
----------------------------------------------------------------------------------------
   Cr1   Cr2   ( -1,   0,   0)  0.1392   (-5.382,  2.500,  2.096)  6.294 
J_iso:  0.1392 
[Testing!] DMI: ( 0.0000 -0.0000 -0.0001)
[Testing!]J_ani:
[[-0.005  0.     0.001]
 [ 0.    -0.002  0.   ]
 [ 0.001  0.    -0.007]]
----------------------------------------------------------------------------------------
   Cr2   Cr1   (  1,   0,   0)  0.1392   ( 5.382, -2.500, -2.096)  6.294 
J_iso:  0.1392 
[Testing!] DMI: (-0.0000  0.0000  0.0001)
[Testing!]J_ani:
[[-0.005  0.     0.001]
 [ 0.    -0.002  0.   ]
 [ 0.001  0.    -0.007]]
----------------------------------------------------------------------------------------
   Cr2   Cr1   (  1,   1,   0)  0.1392   ( 5.382,  2.500, -2.096)  6.294 
J_iso:  0.1392 
[Testing!] DMI: ( 0.0000  0.0000 -0.0001)
[Testing!]J_ani:
[[-0.005 -0.     0.001]
 [-0.    -0.002 -0.   ]
 [ 0.001 -0.    -0.007]]
----------------------------------------------------------------------------------------
   Cr2   Cr2   (  2,   0,   0) -0.7465   ( 7.176,  0.000,  0.000)  7.176 
J_iso: -0.7465 
[Testing!] DMI: ( 0.0000  0.0067  0.0000)
[Testing!]J_ani:
[[-0.004  0.    -0.   ]
 [ 0.    -0.004 -0.   ]
 [-0.    -0.    -0.005]]
----------------------------------------------------------------------------------------
   Cr1   Cr1   ( -2,   0,   0) -0.7464   (-7.176,  0.000,  0.000)  7.176 
J_iso: -0.7464 
[Testing!] DMI: (-0.0000  0.0063  0.0000)
[Testing!]J_ani:
[[-0.004 -0.    -0.   ]
 [-0.    -0.004 -0.   ]
 [-0.    -0.    -0.005]]
----------------------------------------------------------------------------------------
   Cr2   Cr2   ( -2,   0,   0) -0.7465   (-7.176,  0.000,  0.000)  7.176 
J_iso: -0.7465 
[Testing!] DMI: (-0.0000 -0.0067 -0.0000)
[Testing!]J_ani:
[[-0.004  0.    -0.   ]
 [ 0.    -0.004 -0.   ]
 [-0.    -0.    -0.005]]
----------------------------------------------------------------------------------------
   Cr1   Cr1   (  2,   0,   0) -0.7464   ( 7.176,  0.000,  0.000)  7.176 
J_iso: -0.7464 
[Testing!] DMI: ( 0.0000 -0.0063 -0.0000)
[Testing!]J_ani:
[[-0.004 -0.    -0.   ]
 [-0.    -0.004 -0.   ]
 [-0.    -0.    -0.005]]
----------------------------------------------------------------------------------------
   Cr2   Cr1   ( -1,  -1,   0)  0.5148   (-1.794, -7.499, -2.096)  7.991 
J_iso:  0.5148 
[Testing!] DMI: (-0.0000 -0.0000  0.0000)
[Testing!]J_ani:
[[-0.002 -0.    -0.   ]
 [-0.    -0.002 -0.   ]
 [-0.    -0.    -0.002]]
----------------------------------------------------------------------------------------
   Cr2   Cr1   (  0,  -1,   0)  0.5148   ( 1.794, -7.499, -2.096)  7.991 
J_iso:  0.5148 
[Testing!] DMI: (-0.0000  0.0000 -0.0000)
[Testing!]J_ani:
[[-0.002  0.     0.   ]
 [ 0.    -0.002 -0.   ]
 [ 0.    -0.    -0.002]]
----------------------------------------------------------------------------------------
   Cr1   Cr2   (  0,   1,   0)  0.5148   (-1.794,  7.499,  2.096)  7.991 
J_iso:  0.5148 
[Testing!] DMI: ( 0.0000 -0.0000  0.0000)
[Testing!]J_ani:
[[-0.002  0.     0.   ]
 [ 0.    -0.002 -0.   ]
 [ 0.    -0.    -0.002]]
----------------------------------------------------------------------------------------
   Cr1   Cr2   (  1,   1,   0)  0.5148   ( 1.794,  7.499,  2.096)  7.991 
J_iso:  0.5148 
[Testing!] DMI: ( 0.0000  0.0000 -0.0000)
[Testing!]J_ani:
[[-0.002 -0.    -0.   ]
 [-0.    -0.002 -0.   ]
 [-0.    -0.    -0.002]]
----------------------------------------------------------------------------------------
   Cr1   Cr2   (  0,  -2,   0)  0.5148   (-1.794, -7.499,  2.096)  7.991 
J_iso:  0.5148 
[Testing!] DMI: (-0.0000 -0.0000 -0.0000)
[Testing!]J_ani:
[[-0.002 -0.     0.   ]
 [-0.    -0.002  0.   ]
 [ 0.     0.    -0.002]]
----------------------------------------------------------------------------------------
   Cr2   Cr1   (  0,   2,   0)  0.5148   ( 1.794,  7.499, -2.096)  7.991 
J_iso:  0.5148 
[Testing!] DMI: ( 0.0000  0.0000  0.0000)
[Testing!]J_ani:
[[-0.002 -0.     0.   ]
 [-0.    -0.002  0.   ]
 [ 0.     0.    -0.002]]
----------------------------------------------------------------------------------------
   Cr1   Cr2   (  1,  -2,   0)  0.5148   ( 1.794, -7.499,  2.096)  7.991 
J_iso:  0.5148 
[Testing!] DMI: (-0.0000  0.0000  0.0000)
[Testing!]J_ani:
[[-0.002  0.    -0.   ]
 [ 0.    -0.002  0.   ]
 [-0.     0.    -0.002]]
----------------------------------------------------------------------------------------
   Cr2   Cr1   ( -1,   2,   0)  0.5148   (-1.794,  7.499, -2.096)  7.991 
J_iso:  0.5148 
[Testing!] DMI: ( 0.0000 -0.0000 -0.0000)
[Testing!]J_ani:
[[-0.002  0.    -0.   ]
 [ 0.    -0.002  0.   ]
 [-0.     0.    -0.002]]
----------------------------------------------------------------------------------------
   Cr2   Cr2   (  2,  -1,   0)  0.0080   ( 7.176, -5.000,  0.000)  8.746 
J_iso:  0.0080 
[Testing!] DMI: (-0.0002 -0.0006 -0.0000)
[Testing!]J_ani:
[[-0.001  0.    -0.   ]
 [ 0.    -0.001  0.   ]
 [-0.     0.    -0.001]]
----------------------------------------------------------------------------------------
   Cr2   Cr2   (  2,   1,   0)  0.0080   ( 7.176,  5.000,  0.000)  8.746 
J_iso:  0.0080 
[Testing!] DMI: ( 0.0002 -0.0006  0.0000)
[Testing!]J_ani:
[[-0.001 -0.     0.   ]
 [-0.    -0.001 -0.   ]
 [ 0.    -0.    -0.001]]
----------------------------------------------------------------------------------------
   Cr1   Cr1   ( -2,  -1,   0)  0.0082   (-7.176, -5.000,  0.000)  8.746 
J_iso:  0.0082 
[Testing!] DMI: ( 0.0002 -0.0006  0.0000)
[Testing!]J_ani:
[[-0.001 -0.     0.   ]
 [-0.    -0.001  0.   ]
 [ 0.     0.    -0.001]]
----------------------------------------------------------------------------------------
   Cr2   Cr2   ( -2,  -1,   0)  0.0080   (-7.176, -5.000,  0.000)  8.746 
J_iso:  0.0080 
[Testing!] DMI: (-0.0002  0.0006 -0.0000)
[Testing!]J_ani:
[[-0.001 -0.     0.   ]
 [-0.    -0.001 -0.   ]
 [ 0.    -0.    -0.001]]
----------------------------------------------------------------------------------------
   Cr1   Cr1   ( -2,   1,   0)  0.0082   (-7.176,  5.000,  0.000)  8.746 
J_iso:  0.0082 
[Testing!] DMI: (-0.0002 -0.0006 -0.0000)
[Testing!]J_ani:
[[-0.001  0.    -0.   ]
 [ 0.    -0.001  0.   ]
 [-0.     0.    -0.001]]
----------------------------------------------------------------------------------------
   Cr2   Cr2   ( -2,   1,   0)  0.0080   (-7.176,  5.000,  0.000)  8.746 
J_iso:  0.0080 
[Testing!] DMI: ( 0.0002  0.0006  0.0000)
[Testing!]J_ani:
[[-0.001  0.    -0.   ]
 [ 0.    -0.001  0.   ]
 [-0.     0.    -0.001]]
----------------------------------------------------------------------------------------
   Cr1   Cr1   (  2,  -1,   0)  0.0082   ( 7.176, -5.000,  0.000)  8.746 
J_iso:  0.0082 
[Testing!] DMI: ( 0.0002  0.0006  0.0000)
[Testing!]J_ani:
[[-0.001  0.    -0.   ]
 [ 0.    -0.001  0.   ]
 [-0.     0.    -0.001]]
----------------------------------------------------------------------------------------
   Cr1   Cr1   (  2,   1,   0)  0.0082   ( 7.176,  5.000,  0.000)  8.746 
J_iso:  0.0082 
[Testing!] DMI: (-0.0002  0.0006 -0.0000)
[Testing!]J_ani:
[[-0.001 -0.     0.   ]
 [-0.    -0.001  0.   ]
 [ 0.     0.    -0.001]]
----------------------------------------------------------------------------------------
   Cr1   Cr2   (  2,   1,   0)  0.0020   ( 5.382,  7.499,  2.096)  9.466 
J_iso:  0.0020 
[Testing!] DMI: ( 0.0000  0.0000  0.0000)
[Testing!]J_ani:
[[-0.001 -0.     0.   ]
 [-0.    -0.001  0.   ]
 [ 0.     0.    -0.002]]
----------------------------------------------------------------------------------------
   Cr2   Cr1   ( -2,  -1,   0)  0.0020   (-5.382, -7.499, -2.096)  9.466 
J_iso:  0.0020 
[Testing!] DMI: (-0.0000 -0.0000 -0.0000)
[Testing!]J_ani:
[[-0.001 -0.     0.   ]
 [-0.    -0.001  0.   ]
 [ 0.     0.    -0.002]]
----------------------------------------------------------------------------------------
   Cr1   Cr2   ( -1,   1,   0)  0.0020   (-5.382,  7.499,  2.096)  9.466 
J_iso:  0.0020 
[Testing!] DMI: ( 0.0000 -0.0000 -0.0000)
[Testing!]J_ani:
[[-0.001  0.    -0.   ]
 [ 0.    -0.001  0.   ]
 [-0.     0.    -0.002]]
----------------------------------------------------------------------------------------
   Cr2   Cr1   (  1,  -1,   0)  0.0020   ( 5.382, -7.499, -2.096)  9.466 
J_iso:  0.0020 
[Testing!] DMI: (-0.0000  0.0000  0.0000)
[Testing!]J_ani:
[[-0.001  0.    -0.   ]
 [ 0.    -0.001  0.   ]
 [-0.     0.    -0.002]]
----------------------------------------------------------------------------------------
   Cr1   Cr2   ( -1,  -2,   0)  0.0020   (-5.382, -7.499,  2.096)  9.466 
J_iso:  0.0020 
[Testing!] DMI: (-0.0000 -0.0000  0.0000)
[Testing!]J_ani:
[[-0.001 -0.    -0.   ]
 [-0.    -0.001 -0.   ]
 [-0.    -0.    -0.002]]
----------------------------------------------------------------------------------------
   Cr1   Cr2   (  2,  -2,   0)  0.0020   ( 5.382, -7.499,  2.096)  9.466 
J_iso:  0.0020 
[Testing!] DMI: (-0.0000  0.0000 -0.0000)
[Testing!]J_ani:
[[-0.001  0.     0.   ]
 [ 0.    -0.001 -0.   ]
 [ 0.    -0.    -0.002]]
----------------------------------------------------------------------------------------
   Cr2   Cr1   ( -2,   2,   0)  0.0020   (-5.382,  7.499, -2.096)  9.466 
J_iso:  0.0020 
[Testing!] DMI: ( 0.0000 -0.0000  0.0000)
[Testing!]J_ani:
[[-0.001  0.     0.   ]
 [ 0.    -0.001 -0.   ]
 [ 0.    -0.    -0.002]]
----------------------------------------------------------------------------------------
   Cr2   Cr1   (  1,   2,   0)  0.0020   ( 5.382,  7.499, -2.096)  9.466 
J_iso:  0.0020 
[Testing!] DMI: ( 0.0000  0.0000 -0.0000)
[Testing!]J_ani:
[[-0.001 -0.    -0.   ]
 [-0.    -0.001 -0.   ]
 [-0.    -0.    -0.002]]
----------------------------------------------------------------------------------------
   Cr1   Cr2   ( -2,  -1,   0) -0.0121   (-8.970, -2.500,  2.096)  9.545 
J_iso: -0.0121 
[Testing!] DMI: ( 0.0000  0.0000  0.0000)
[Testing!]J_ani:
[[-0.    -0.    -0.   ]
 [-0.    -0.001 -0.   ]
 [-0.    -0.    -0.   ]]
----------------------------------------------------------------------------------------
   Cr1   Cr2   ( -2,   0,   0) -0.0121   (-8.970,  2.500,  2.096)  9.545 
J_iso: -0.0121 
[Testing!] DMI: (-0.0000  0.0000 -0.0000)
[Testing!]J_ani:
[[-0.     0.    -0.   ]
 [ 0.    -0.001  0.   ]
 [-0.     0.    -0.   ]]
----------------------------------------------------------------------------------------
   Cr2   Cr1   (  2,   0,   0) -0.0121   ( 8.970, -2.500, -2.096)  9.545 
J_iso: -0.0121 
[Testing!] DMI: ( 0.0000 -0.0000  0.0000)
[Testing!]J_ani:
[[-0.     0.    -0.   ]
 [ 0.    -0.001  0.   ]
 [-0.     0.    -0.   ]]
----------------------------------------------------------------------------------------
   Cr2   Cr1   (  2,   1,   0) -0.0121   ( 8.970,  2.500, -2.096)  9.545 
J_iso: -0.0121 
[Testing!] DMI: (-0.0000 -0.0000 -0.0000)
[Testing!]J_ani:
[[-0.    -0.    -0.   ]
 [-0.    -0.001 -0.   ]
 [-0.    -0.    -0.   ]]
----------------------------------------------------------------------------------------
   Cr1   Cr2   (  3,  -1,   0) -0.0121   ( 8.970, -2.500,  2.096)  9.545 
J_iso: -0.0121 
[Testing!] DMI: ( 0.0000 -0.0000 -0.0000)
[Testing!]J_ani:
[[-0.     0.     0.   ]
 [ 0.    -0.001 -0.   ]
 [ 0.    -0.    -0.   ]]
----------------------------------------------------------------------------------------
   Cr1   Cr2   (  3,   0,   0) -0.0121   ( 8.970,  2.500,  2.096)  9.545 
J_iso: -0.0121 
[Testing!] DMI: (-0.0000 -0.0000  0.0000)
[Testing!]J_ani:
[[-0.    -0.     0.   ]
 [-0.    -0.001  0.   ]
 [ 0.     0.    -0.   ]]
----------------------------------------------------------------------------------------
   Cr2   Cr1   ( -3,   0,   0) -0.0121   (-8.970, -2.500, -2.096)  9.545 
J_iso: -0.0121 
[Testing!] DMI: ( 0.0000  0.0000 -0.0000)
[Testing!]J_ani:
[[-0.    -0.     0.   ]
 [-0.    -0.001  0.   ]
 [ 0.     0.    -0.   ]]
----------------------------------------------------------------------------------------
   Cr2   Cr1   ( -3,   1,   0) -0.0121   (-8.970,  2.500, -2.096)  9.545 
J_iso: -0.0121 
[Testing!] DMI: (-0.0000  0.0000  0.0000)
[Testing!]J_ani:
[[-0.     0.     0.   ]
 [ 0.    -0.001 -0.   ]
 [ 0.    -0.    -0.   ]]
----------------------------------------------------------------------------------------
   Cr2   Cr2   (  0,   2,   0)  0.0042   ( 0.000,  9.999,  0.000)  9.999 
J_iso:  0.0042 
[Testing!] DMI: ( 0.0550 -0.0000  0.0000)
[Testing!]J_ani:
[[-0.001 -0.    -0.   ]
 [-0.    -0.    -0.   ]
 [-0.    -0.    -0.   ]]
----------------------------------------------------------------------------------------
   Cr1   Cr1   (  0,  -2,   0)  0.0038   ( 0.000, -9.999,  0.000)  9.999 
J_iso:  0.0038 
[Testing!] DMI: ( 0.0548 -0.0000 -0.0000)
[Testing!]J_ani:
[[-0.001  0.    -0.   ]
 [ 0.    -0.    -0.   ]
 [-0.    -0.    -0.   ]]
----------------------------------------------------------------------------------------
   Cr2   Cr2   (  0,  -2,   0)  0.0042   ( 0.000, -9.999,  0.000)  9.999 
J_iso:  0.0042 
[Testing!] DMI: (-0.0550  0.0000 -0.0000)
[Testing!]J_ani:
[[-0.001 -0.    -0.   ]
 [-0.    -0.    -0.   ]
 [-0.    -0.    -0.   ]]
----------------------------------------------------------------------------------------
   Cr1   Cr1   (  0,   2,   0)  0.0038   ( 0.000,  9.999,  0.000)  9.999 
J_iso:  0.0038 
[Testing!] DMI: (-0.0548  0.0000  0.0000)
[Testing!]J_ani:
[[-0.001  0.    -0.   ]
 [ 0.    -0.    -0.   ]
 [-0.    -0.    -0.   ]]
