==========================================================================================
Information: 
Exchange parameters generated by TB2J 0.7.2.1
Generation time: 22/06/12 16:16:51
 Input from non-collinear Wannier90 data.
 Tight binding data from .//99.3/99.3.z. 
 Prefix of wannier function files:crsbr.99.z.3.
Warning: Please check if the noise level of Wannier function Hamiltonian to make sure it is much smaller than the exchange values.
 The DMI component parallel to the spin orientation, the Jani which has the component of that orientation should be disregarded
 e.g. if the spins are along z, the xz, yz, zz, zx, zy components and the z component of DMI.
 If you need these component, try to do three calculations with spin along x, y, z,  or use structure with z rotated to x, y and z. And then use TB2J_merge.py to get the full set of parameters.


Merged from TB2J results in paths: 
  .//99.3/99.3.x
  .//99.3/99.3.y
  .//99.3/99.3.z
, which are from DFT data with spin along x, y, z orientation

==========================================================================================
Cell (Angstrom):
 3.552   0.000   0.000
 0.000   4.807   0.000
 0.000   0.000  23.571

==========================================================================================
Atoms:  
(Note: charge and magmoms only count the wannier functions.)
Atom_number      x         y         z     w_charge    M(x)      M(y)      M(z)   
Br1             0.8880    1.2018   -0.0668    5.6095    0.0000    0.0000   -0.0462
Cr1             2.6641    1.2018    1.7371    4.3575   -0.0000   -0.0000    3.2701
S1              2.6641    3.6054    2.2030    5.0329    0.0000   -0.0000   -0.2230
Br2             2.6641    3.6054    5.6376    5.6095    0.0000    0.0000   -0.0463
Cr2             0.8880    3.6054    3.8336    4.3571   -0.0000   -0.0000    3.2700
S2              0.8880    1.2018    3.3678    5.0327    0.0000   -0.0000   -0.2231
Total                                        29.9992   -0.0000    0.0000    6.0015

==========================================================================================
Orbitals used in decomposition: 
The name of the orbitals for the decomposition: 
Cr1 : ['orb_1', 'orb_2', 'orb_3', 'orb_4', 'orb_5', 'orb_6', 'orb_7', 'orb_8', 'orb_9', 'orb_10']
Cr2 : ['orb_1', 'orb_2', 'orb_3', 'orb_4', 'orb_5', 'orb_6', 'orb_7', 'orb_8', 'orb_9', 'orb_10']

==========================================================================================
Exchange: 
    i      j          R        J_iso(meV)          vector          distance(A) 
----------------------------------------------------------------------------------------
   Cr2   Cr2   (  1,   0,   0)  3.1439   ( 3.552,  0.000,  0.000)  3.552 
J_iso:  3.1439 
[Testing!] DMI: (-0.0000 -0.0081  0.0000)
[Testing!]J_ani:
[[-0.031 -0.     0.   ]
 [-0.    -0.051  0.   ]
 [ 0.     0.    -0.028]]
----------------------------------------------------------------------------------------
   Cr1   Cr1   ( -1,   0,   0)  3.1439   (-3.552,  0.000,  0.000)  3.552 
J_iso:  3.1439 
[Testing!] DMI: ( 0.0000 -0.0078  0.0000)
[Testing!]J_ani:
[[-0.032  0.     0.   ]
 [ 0.    -0.051 -0.   ]
 [ 0.    -0.    -0.028]]
----------------------------------------------------------------------------------------
   Cr2   Cr2   ( -1,   0,   0)  3.1439   (-3.552,  0.000,  0.000)  3.552 
J_iso:  3.1439 
[Testing!] DMI: ( 0.0000  0.0081 -0.0000)
[Testing!]J_ani:
[[-0.031 -0.     0.   ]
 [-0.    -0.051  0.   ]
 [ 0.     0.    -0.028]]
----------------------------------------------------------------------------------------
   Cr1   Cr1   (  1,   0,   0)  3.1439   ( 3.552,  0.000,  0.000)  3.552 
J_iso:  3.1439 
[Testing!] DMI: (-0.0000  0.0078 -0.0000)
[Testing!]J_ani:
[[-0.032  0.     0.   ]
 [ 0.    -0.051 -0.   ]
 [ 0.    -0.    -0.028]]
----------------------------------------------------------------------------------------
   Cr2   Cr1   ( -1,   1,   0)  3.0825   (-1.776,  2.404, -2.096)  3.651 
J_iso:  3.0825 
[Testing!] DMI: ( 0.0007  0.0002 -0.0001)
[Testing!]J_ani:
[[-0.009 -0.    -0.004]
 [-0.    -0.013  0.   ]
 [-0.004  0.    -0.007]]
----------------------------------------------------------------------------------------
   Cr2   Cr1   (  0,   1,   0)  3.0824   ( 1.776,  2.404, -2.096)  3.651 
J_iso:  3.0824 
[Testing!] DMI: ( 0.0007 -0.0002  0.0001)
[Testing!]J_ani:
[[-0.009  0.     0.004]
 [ 0.    -0.013  0.   ]
 [ 0.004  0.    -0.007]]
----------------------------------------------------------------------------------------
   Cr2   Cr1   ( -1,   0,   0)  3.0824   (-1.776, -2.404, -2.096)  3.651 
J_iso:  3.0824 
[Testing!] DMI: (-0.0007  0.0002  0.0001)
[Testing!]J_ani:
[[-0.009  0.    -0.004]
 [ 0.    -0.013 -0.   ]
 [-0.004 -0.    -0.007]]
----------------------------------------------------------------------------------------
   Cr1   Cr2   (  0,  -1,   0)  3.0824   (-1.776, -2.404,  2.096)  3.651 
J_iso:  3.0824 
[Testing!] DMI: (-0.0007  0.0002 -0.0001)
[Testing!]J_ani:
[[-0.009  0.     0.004]
 [ 0.    -0.013  0.   ]
 [ 0.004  0.    -0.007]]
----------------------------------------------------------------------------------------
   Cr1   Cr2   (  0,   0,   0)  3.0824   (-1.776,  2.404,  2.096)  3.651 
J_iso:  3.0824 
[Testing!] DMI: ( 0.0007  0.0001  0.0001)
[Testing!]J_ani:
[[-0.009 -0.     0.004]
 [-0.    -0.013 -0.   ]
 [ 0.004 -0.    -0.007]]
----------------------------------------------------------------------------------------
   Cr2   Cr1   (  0,   0,   0)  3.0824   ( 1.776, -2.404, -2.096)  3.651 
J_iso:  3.0824 
[Testing!] DMI: (-0.0007 -0.0001 -0.0001)
[Testing!]J_ani:
[[-0.009 -0.     0.004]
 [-0.    -0.013 -0.   ]
 [ 0.004 -0.    -0.007]]
----------------------------------------------------------------------------------------
   Cr1   Cr2   (  1,  -1,   0)  3.0825   ( 1.776, -2.404,  2.096)  3.651 
J_iso:  3.0825 
[Testing!] DMI: (-0.0007 -0.0002  0.0001)
[Testing!]J_ani:
[[-0.009 -0.    -0.004]
 [-0.    -0.013  0.   ]
 [-0.004  0.    -0.007]]
----------------------------------------------------------------------------------------
   Cr1   Cr2   (  1,   0,   0)  3.0824   ( 1.776,  2.404,  2.096)  3.651 
J_iso:  3.0824 
[Testing!] DMI: ( 0.0007 -0.0002 -0.0001)
[Testing!]J_ani:
[[-0.009  0.    -0.004]
 [ 0.    -0.013 -0.   ]
 [-0.004 -0.    -0.007]]
----------------------------------------------------------------------------------------
   Cr1   Cr1   (  0,  -1,   0)  4.1272   ( 0.000, -4.807,  0.000)  4.807 
J_iso:  4.1272 
[Testing!] DMI: ( 0.0607 -0.0000 -0.0000)
[Testing!]J_ani:
[[-0.016  0.     0.   ]
 [ 0.    -0.003 -0.   ]
 [ 0.    -0.    -0.008]]
----------------------------------------------------------------------------------------
   Cr2   Cr2   (  0,  -1,   0)  4.1270   ( 0.000, -4.807,  0.000)  4.807 
J_iso:  4.1270 
[Testing!] DMI: (-0.0584 -0.0000 -0.0000)
[Testing!]J_ani:
[[-0.016 -0.     0.   ]
 [-0.    -0.003 -0.   ]
 [ 0.    -0.    -0.008]]
----------------------------------------------------------------------------------------
   Cr1   Cr1   (  0,   1,   0)  4.1272   ( 0.000,  4.807,  0.000)  4.807 
J_iso:  4.1272 
[Testing!] DMI: (-0.0607  0.0000  0.0000)
[Testing!]J_ani:
[[-0.016  0.     0.   ]
 [ 0.    -0.003 -0.   ]
 [ 0.    -0.    -0.008]]
----------------------------------------------------------------------------------------
   Cr2   Cr2   (  0,   1,   0)  4.1270   ( 0.000,  4.807,  0.000)  4.807 
J_iso:  4.1270 
[Testing!] DMI: ( 0.0584  0.0000  0.0000)
[Testing!]J_ani:
[[-0.016 -0.     0.   ]
 [-0.    -0.003 -0.   ]
 [ 0.    -0.    -0.008]]
----------------------------------------------------------------------------------------
   Cr2   Cr2   (  1,  -1,   0)  0.0377   ( 3.552, -4.807,  0.000)  5.977 
J_iso:  0.0377 
[Testing!] DMI: ( 0.0186 -0.0156  0.0000)
[Testing!]J_ani:
[[-0.007  0.     0.   ]
 [ 0.    -0.006 -0.   ]
 [ 0.    -0.    -0.005]]
----------------------------------------------------------------------------------------
   Cr2   Cr2   (  1,   1,   0)  0.0377   ( 3.552,  4.807,  0.000)  5.977 
J_iso:  0.0377 
[Testing!] DMI: (-0.0186 -0.0156 -0.0000)
[Testing!]J_ani:
[[-0.007 -0.    -0.   ]
 [-0.    -0.006  0.   ]
 [-0.     0.    -0.005]]
----------------------------------------------------------------------------------------
   Cr1   Cr1   ( -1,  -1,   0)  0.0374   (-3.552, -4.807,  0.000)  5.977 
J_iso:  0.0374 
[Testing!] DMI: (-0.0184 -0.0156  0.0000)
[Testing!]J_ani:
[[-0.007 -0.     0.   ]
 [-0.    -0.006  0.   ]
 [ 0.     0.    -0.005]]
----------------------------------------------------------------------------------------
   Cr2   Cr2   ( -1,  -1,   0)  0.0377   (-3.552, -4.807,  0.000)  5.977 
J_iso:  0.0377 
[Testing!] DMI: ( 0.0186  0.0156  0.0000)
[Testing!]J_ani:
[[-0.007 -0.    -0.   ]
 [-0.    -0.006  0.   ]
 [-0.     0.    -0.005]]
----------------------------------------------------------------------------------------
   Cr1   Cr1   ( -1,   1,   0)  0.0374   (-3.552,  4.807,  0.000)  5.977 
J_iso:  0.0374 
[Testing!] DMI: ( 0.0184 -0.0156 -0.0000)
[Testing!]J_ani:
[[-0.007  0.     0.   ]
 [ 0.    -0.006 -0.   ]
 [ 0.    -0.    -0.005]]
----------------------------------------------------------------------------------------
   Cr2   Cr2   ( -1,   1,   0)  0.0377   (-3.552,  4.807,  0.000)  5.977 
J_iso:  0.0377 
[Testing!] DMI: (-0.0186  0.0156 -0.0000)
[Testing!]J_ani:
[[-0.007  0.     0.   ]
 [ 0.    -0.006 -0.   ]
 [ 0.    -0.    -0.005]]
----------------------------------------------------------------------------------------
   Cr1   Cr1   (  1,  -1,   0)  0.0374   ( 3.552, -4.807,  0.000)  5.977 
J_iso:  0.0374 
[Testing!] DMI: (-0.0184  0.0156  0.0000)
[Testing!]J_ani:
[[-0.007  0.     0.   ]
 [ 0.    -0.006 -0.   ]
 [ 0.    -0.    -0.005]]
----------------------------------------------------------------------------------------
   Cr1   Cr1   (  1,   1,   0)  0.0374   ( 3.552,  4.807,  0.000)  5.977 
J_iso:  0.0374 
[Testing!] DMI: ( 0.0184  0.0156 -0.0000)
[Testing!]J_ani:
[[-0.007 -0.     0.   ]
 [-0.    -0.006  0.   ]
 [ 0.     0.    -0.005]]
----------------------------------------------------------------------------------------
   Cr2   Cr1   (  1,   1,   0)  0.1128   ( 5.328,  2.404, -2.096)  6.210 
J_iso:  0.1128 
[Testing!] DMI: (-0.0001 -0.0001  0.0001)
[Testing!]J_ani:
[[-0.005 -0.     0.001]
 [-0.    -0.002 -0.   ]
 [ 0.001 -0.    -0.006]]
----------------------------------------------------------------------------------------
   Cr1   Cr2   ( -1,  -1,   0)  0.1128   (-5.328, -2.404,  2.096)  6.210 
J_iso:  0.1128 
[Testing!] DMI: ( 0.0001  0.0001 -0.0001)
[Testing!]J_ani:
[[-0.005 -0.     0.001]
 [-0.    -0.002 -0.   ]
 [ 0.001 -0.    -0.006]]
----------------------------------------------------------------------------------------
   Cr1   Cr2   ( -1,   0,   0)  0.1128   (-5.328,  2.404,  2.096)  6.210 
J_iso:  0.1128 
[Testing!] DMI: (-0.0001  0.0001  0.0001)
[Testing!]J_ani:
[[-0.005  0.     0.001]
 [ 0.    -0.002  0.   ]
 [ 0.001  0.    -0.006]]
----------------------------------------------------------------------------------------
   Cr2   Cr1   (  1,   0,   0)  0.1128   ( 5.328, -2.404, -2.096)  6.210 
J_iso:  0.1128 
[Testing!] DMI: ( 0.0001 -0.0001 -0.0001)
[Testing!]J_ani:
[[-0.005  0.     0.001]
 [ 0.    -0.002  0.   ]
 [ 0.001  0.    -0.006]]
----------------------------------------------------------------------------------------
   Cr2   Cr1   ( -2,   0,   0)  0.1128   (-5.328, -2.404, -2.096)  6.210 
J_iso:  0.1128 
[Testing!] DMI: ( 0.0001  0.0001  0.0001)
[Testing!]J_ani:
[[-0.005 -0.    -0.001]
 [-0.    -0.002  0.   ]
 [-0.001  0.    -0.006]]
----------------------------------------------------------------------------------------
   Cr2   Cr1   ( -2,   1,   0)  0.1128   (-5.328,  2.404, -2.096)  6.210 
J_iso:  0.1128 
[Testing!] DMI: (-0.0001  0.0001 -0.0001)
[Testing!]J_ani:
[[-0.005  0.    -0.001]
 [ 0.    -0.002 -0.   ]
 [-0.001 -0.    -0.006]]
----------------------------------------------------------------------------------------
   Cr1   Cr2   (  2,  -1,   0)  0.1128   ( 5.328, -2.404,  2.096)  6.210 
J_iso:  0.1128 
[Testing!] DMI: ( 0.0001 -0.0001  0.0001)
[Testing!]J_ani:
[[-0.005  0.    -0.001]
 [ 0.    -0.002 -0.   ]
 [-0.001 -0.    -0.006]]
----------------------------------------------------------------------------------------
   Cr1   Cr2   (  2,   0,   0)  0.1128   ( 5.328,  2.404,  2.096)  6.210 
J_iso:  0.1128 
[Testing!] DMI: (-0.0001 -0.0001 -0.0001)
[Testing!]J_ani:
[[-0.005 -0.    -0.001]
 [-0.    -0.002  0.   ]
 [-0.001  0.    -0.006]]
----------------------------------------------------------------------------------------
   Cr1   Cr1   (  2,   0,   0) -0.7478   ( 7.104,  0.000,  0.000)  7.104 
J_iso: -0.7478 
[Testing!] DMI: (-0.0000 -0.0055 -0.0000)
[Testing!]J_ani:
[[-0.004 -0.    -0.   ]
 [-0.    -0.004 -0.   ]
 [-0.    -0.    -0.005]]
----------------------------------------------------------------------------------------
   Cr2   Cr2   ( -2,   0,   0) -0.7477   (-7.104,  0.000,  0.000)  7.104 
J_iso: -0.7477 
[Testing!] DMI: (-0.0000 -0.0057  0.0000)
[Testing!]J_ani:
[[-0.004  0.     0.   ]
 [ 0.    -0.004 -0.   ]
 [ 0.    -0.    -0.005]]
----------------------------------------------------------------------------------------
   Cr2   Cr2   (  2,   0,   0) -0.7477   ( 7.104,  0.000,  0.000)  7.104 
J_iso: -0.7477 
[Testing!] DMI: ( 0.0000  0.0057 -0.0000)
[Testing!]J_ani:
[[-0.004  0.     0.   ]
 [ 0.    -0.004 -0.   ]
 [ 0.    -0.    -0.005]]
----------------------------------------------------------------------------------------
   Cr1   Cr1   ( -2,   0,   0) -0.7478   (-7.104,  0.000,  0.000)  7.104 
J_iso: -0.7478 
[Testing!] DMI: ( 0.0000  0.0055  0.0000)
[Testing!]J_ani:
[[-0.004 -0.    -0.   ]
 [-0.    -0.004 -0.   ]
 [-0.    -0.    -0.005]]
----------------------------------------------------------------------------------------
   Cr1   Cr2   (  0,  -2,   0)  0.5435   (-1.776, -7.211,  2.096)  7.717 
J_iso:  0.5435 
[Testing!] DMI: ( 0.0002  0.0000 -0.0002)
[Testing!]J_ani:
[[-0.001 -0.     0.   ]
 [-0.    -0.002  0.   ]
 [ 0.     0.    -0.001]]
----------------------------------------------------------------------------------------
   Cr2   Cr1   (  0,   2,   0)  0.5435   ( 1.776,  7.211, -2.096)  7.717 
J_iso:  0.5435 
[Testing!] DMI: (-0.0002 -0.0000  0.0002)
[Testing!]J_ani:
[[-0.001 -0.     0.   ]
 [-0.    -0.002  0.   ]
 [ 0.     0.    -0.001]]
----------------------------------------------------------------------------------------
   Cr1   Cr2   (  1,  -2,   0)  0.5435   ( 1.776, -7.211,  2.096)  7.717 
J_iso:  0.5435 
[Testing!] DMI: ( 0.0002 -0.0001  0.0001)
[Testing!]J_ani:
[[-0.001  0.    -0.   ]
 [ 0.    -0.002  0.   ]
 [-0.     0.    -0.001]]
----------------------------------------------------------------------------------------
   Cr2   Cr1   ( -1,   2,   0)  0.5435   (-1.776,  7.211, -2.096)  7.717 
J_iso:  0.5435 
[Testing!] DMI: (-0.0002  0.0001 -0.0001)
[Testing!]J_ani:
[[-0.001  0.    -0.   ]
 [ 0.    -0.002  0.   ]
 [-0.     0.    -0.001]]
----------------------------------------------------------------------------------------
   Cr2   Cr1   ( -1,  -1,   0)  0.5435   (-1.776, -7.211, -2.096)  7.717 
J_iso:  0.5435 
[Testing!] DMI: ( 0.0002  0.0001  0.0001)
[Testing!]J_ani:
[[-0.001 -0.    -0.   ]
 [-0.    -0.002 -0.   ]
 [-0.    -0.    -0.001]]
----------------------------------------------------------------------------------------
   Cr2   Cr1   (  0,  -1,   0)  0.5434   ( 1.776, -7.211, -2.096)  7.717 
J_iso:  0.5434 
[Testing!] DMI: ( 0.0002 -0.0001 -0.0002)
[Testing!]J_ani:
[[-0.001  0.     0.   ]
 [ 0.    -0.002 -0.   ]
 [ 0.    -0.    -0.001]]
----------------------------------------------------------------------------------------
   Cr1   Cr2   (  0,   1,   0)  0.5434   (-1.776,  7.211,  2.096)  7.717 
J_iso:  0.5434 
[Testing!] DMI: (-0.0002  0.0001  0.0002)
[Testing!]J_ani:
[[-0.001  0.     0.   ]
 [ 0.    -0.002 -0.   ]
 [ 0.    -0.    -0.001]]
----------------------------------------------------------------------------------------
   Cr1   Cr2   (  1,   1,   0)  0.5435   ( 1.776,  7.211,  2.096)  7.717 
J_iso:  0.5435 
[Testing!] DMI: (-0.0002 -0.0001 -0.0001)
[Testing!]J_ani:
[[-0.001 -0.    -0.   ]
 [-0.    -0.002 -0.   ]
 [-0.    -0.    -0.001]]
----------------------------------------------------------------------------------------
   Cr1   Cr1   (  2,  -1,   0)  0.0047   ( 7.104, -4.807,  0.000)  8.578 
J_iso:  0.0047 
[Testing!] DMI: ( 0.0004  0.0010  0.0000)
[Testing!]J_ani:
[[-0.001  0.    -0.   ]
 [ 0.    -0.001  0.   ]
 [-0.     0.    -0.001]]
----------------------------------------------------------------------------------------
   Cr1   Cr1   (  2,   1,   0)  0.0047   ( 7.104,  4.807,  0.000)  8.578 
J_iso:  0.0047 
[Testing!] DMI: (-0.0004  0.0010 -0.0000)
[Testing!]J_ani:
[[-0.001 -0.    -0.   ]
 [-0.    -0.001 -0.   ]
 [-0.    -0.    -0.001]]
----------------------------------------------------------------------------------------
   Cr1   Cr1   ( -2,  -1,   0)  0.0047   (-7.104, -4.807,  0.000)  8.578 
J_iso:  0.0047 
[Testing!] DMI: ( 0.0004 -0.0010  0.0000)
[Testing!]J_ani:
[[-0.001 -0.    -0.   ]
 [-0.    -0.001 -0.   ]
 [-0.    -0.    -0.001]]
----------------------------------------------------------------------------------------
   Cr2   Cr2   ( -2,  -1,   0)  0.0047   (-7.104, -4.807,  0.000)  8.578 
J_iso:  0.0047 
[Testing!] DMI: (-0.0004  0.0011 -0.0000)
[Testing!]J_ani:
[[-0.001 -0.    -0.   ]
 [-0.    -0.001 -0.   ]
 [-0.    -0.    -0.001]]
----------------------------------------------------------------------------------------
   Cr1   Cr1   ( -2,   1,   0)  0.0047   (-7.104,  4.807,  0.000)  8.578 
J_iso:  0.0047 
[Testing!] DMI: (-0.0004 -0.0010 -0.0000)
[Testing!]J_ani:
[[-0.001  0.    -0.   ]
 [ 0.    -0.001  0.   ]
 [-0.     0.    -0.001]]
----------------------------------------------------------------------------------------
   Cr2   Cr2   ( -2,   1,   0)  0.0047   (-7.104,  4.807,  0.000)  8.578 
J_iso:  0.0047 
[Testing!] DMI: ( 0.0004  0.0011  0.0000)
[Testing!]J_ani:
[[-0.001  0.    -0.   ]
 [ 0.    -0.001 -0.   ]
 [-0.    -0.    -0.001]]
----------------------------------------------------------------------------------------
   Cr2   Cr2   (  2,  -1,   0)  0.0047   ( 7.104, -4.807,  0.000)  8.578 
J_iso:  0.0047 
[Testing!] DMI: (-0.0004 -0.0011 -0.0000)
[Testing!]J_ani:
[[-0.001  0.    -0.   ]
 [ 0.    -0.001 -0.   ]
 [-0.    -0.    -0.001]]
----------------------------------------------------------------------------------------
   Cr2   Cr2   (  2,   1,   0)  0.0047   ( 7.104,  4.807,  0.000)  8.578 
J_iso:  0.0047 
[Testing!] DMI: ( 0.0004 -0.0011  0.0000)
[Testing!]J_ani:
[[-0.001 -0.    -0.   ]
 [-0.    -0.001 -0.   ]
 [-0.    -0.    -0.001]]
----------------------------------------------------------------------------------------
   Cr2   Cr1   (  1,  -1,   0)  0.0033   ( 5.328, -7.211, -2.096)  9.208 
J_iso:  0.0033 
[Testing!] DMI: ( 0.0000 -0.0000 -0.0000)
[Testing!]J_ani:
[[-0.001  0.    -0.   ]
 [ 0.    -0.001  0.   ]
 [-0.     0.    -0.001]]
----------------------------------------------------------------------------------------
   Cr1   Cr2   ( -1,  -2,   0)  0.0033   (-5.328, -7.211,  2.096)  9.208 
J_iso:  0.0033 
[Testing!] DMI: ( 0.0000  0.0000 -0.0000)
[Testing!]J_ani:
[[-0.001 -0.    -0.   ]
 [-0.    -0.001 -0.   ]
 [-0.    -0.    -0.001]]
----------------------------------------------------------------------------------------
   Cr1   Cr2   (  2,  -2,   0)  0.0033   ( 5.328, -7.211,  2.096)  9.208 
J_iso:  0.0033 
[Testing!] DMI: ( 0.0000 -0.0000  0.0000)
[Testing!]J_ani:
[[-0.001  0.     0.   ]
 [ 0.    -0.001 -0.   ]
 [ 0.    -0.    -0.001]]
----------------------------------------------------------------------------------------
   Cr2   Cr1   ( -2,   2,   0)  0.0033   (-5.328,  7.211, -2.096)  9.208 
J_iso:  0.0033 
[Testing!] DMI: (-0.0000  0.0000 -0.0000)
[Testing!]J_ani:
[[-0.001  0.     0.   ]
 [ 0.    -0.001 -0.   ]
 [ 0.    -0.    -0.001]]
----------------------------------------------------------------------------------------
   Cr2   Cr1   (  1,   2,   0)  0.0033   ( 5.328,  7.211, -2.096)  9.208 
J_iso:  0.0033 
[Testing!] DMI: (-0.0000 -0.0000  0.0000)
[Testing!]J_ani:
[[-0.001 -0.    -0.   ]
 [-0.    -0.001 -0.   ]
 [-0.    -0.    -0.001]]
----------------------------------------------------------------------------------------
   Cr2   Cr1   ( -2,  -1,   0)  0.0033   (-5.328, -7.211, -2.096)  9.208 
J_iso:  0.0033 
[Testing!] DMI: ( 0.0000  0.0000  0.0000)
[Testing!]J_ani:
[[-0.001 -0.     0.   ]
 [-0.    -0.001  0.   ]
 [ 0.     0.    -0.001]]
----------------------------------------------------------------------------------------
   Cr1   Cr2   ( -1,   1,   0)  0.0033   (-5.328,  7.211,  2.096)  9.208 
J_iso:  0.0033 
[Testing!] DMI: (-0.0000  0.0000  0.0000)
[Testing!]J_ani:
[[-0.001  0.    -0.   ]
 [ 0.    -0.001  0.   ]
 [-0.     0.    -0.001]]
----------------------------------------------------------------------------------------
   Cr1   Cr2   (  2,   1,   0)  0.0033   ( 5.328,  7.211,  2.096)  9.208 
J_iso:  0.0033 
[Testing!] DMI: (-0.0000 -0.0000 -0.0000)
[Testing!]J_ani:
[[-0.001 -0.     0.   ]
 [-0.    -0.001  0.   ]
 [ 0.     0.    -0.001]]
----------------------------------------------------------------------------------------
   Cr1   Cr2   ( -2,  -1,   0) -0.0085   (-8.880, -2.404,  2.096)  9.436 
J_iso: -0.0085 
[Testing!] DMI: (-0.0000  0.0000  0.0000)
[Testing!]J_ani:
[[-0.    -0.    -0.   ]
 [-0.    -0.001 -0.   ]
 [-0.    -0.    -0.   ]]
----------------------------------------------------------------------------------------
   Cr1   Cr2   ( -2,   0,   0) -0.0085   (-8.880,  2.404,  2.096)  9.436 
J_iso: -0.0085 
[Testing!] DMI: ( 0.0000  0.0000 -0.0000)
[Testing!]J_ani:
[[-0.     0.    -0.   ]
 [ 0.    -0.001  0.   ]
 [-0.     0.    -0.   ]]
----------------------------------------------------------------------------------------
   Cr2   Cr1   (  2,   0,   0) -0.0085   ( 8.880, -2.404, -2.096)  9.436 
J_iso: -0.0085 
[Testing!] DMI: (-0.0000 -0.0000  0.0000)
[Testing!]J_ani:
[[-0.     0.    -0.   ]
 [ 0.    -0.001  0.   ]
 [-0.     0.    -0.   ]]
----------------------------------------------------------------------------------------
   Cr2   Cr1   (  2,   1,   0) -0.0085   ( 8.880,  2.404, -2.096)  9.436 
J_iso: -0.0085 
[Testing!] DMI: ( 0.0000 -0.0000 -0.0000)
[Testing!]J_ani:
[[-0.    -0.    -0.   ]
 [-0.    -0.001 -0.   ]
 [-0.    -0.    -0.   ]]
----------------------------------------------------------------------------------------
   Cr1   Cr2   (  3,  -1,   0) -0.0085   ( 8.880, -2.404,  2.096)  9.436 
J_iso: -0.0085 
[Testing!] DMI: (-0.0000 -0.0000 -0.0000)
[Testing!]J_ani:
[[-0.     0.     0.   ]
 [ 0.    -0.001 -0.   ]
 [ 0.    -0.    -0.   ]]
----------------------------------------------------------------------------------------
   Cr1   Cr2   (  3,   0,   0) -0.0085   ( 8.880,  2.404,  2.096)  9.436 
J_iso: -0.0085 
[Testing!] DMI: ( 0.0000 -0.0000  0.0000)
[Testing!]J_ani:
[[-0.    -0.     0.   ]
 [-0.    -0.001  0.   ]
 [ 0.     0.    -0.   ]]
----------------------------------------------------------------------------------------
   Cr2   Cr1   ( -3,   0,   0) -0.0085   (-8.880, -2.404, -2.096)  9.436 
J_iso: -0.0085 
[Testing!] DMI: (-0.0000  0.0000 -0.0000)
[Testing!]J_ani:
[[-0.    -0.     0.   ]
 [-0.    -0.001  0.   ]
 [ 0.     0.    -0.   ]]
----------------------------------------------------------------------------------------
   Cr2   Cr1   ( -3,   1,   0) -0.0085   (-8.880,  2.404, -2.096)  9.436 
J_iso: -0.0085 
[Testing!] DMI: ( 0.0000  0.0000  0.0000)
[Testing!]J_ani:
[[-0.     0.     0.   ]
 [ 0.    -0.001 -0.   ]
 [ 0.    -0.    -0.   ]]
----------------------------------------------------------------------------------------
   Cr1   Cr1   (  0,  -2,   0)  0.0986   ( 0.000, -9.614,  0.000)  9.614 
J_iso:  0.0986 
[Testing!] DMI: ( 0.0372 -0.0000 -0.0000)
[Testing!]J_ani:
[[-0.001 -0.     0.   ]
 [-0.    -0.     0.   ]
 [ 0.     0.    -0.   ]]
----------------------------------------------------------------------------------------
   Cr2   Cr2   (  0,  -2,   0)  0.0986   ( 0.000, -9.614,  0.000)  9.614 
J_iso:  0.0986 
[Testing!] DMI: (-0.0367  0.0000 -0.0000)
[Testing!]J_ani:
[[-0.001  0.     0.   ]
 [ 0.    -0.     0.   ]
 [ 0.     0.    -0.   ]]
----------------------------------------------------------------------------------------
   Cr1   Cr1   (  0,   2,   0)  0.0986   ( 0.000,  9.614,  0.000)  9.614 
J_iso:  0.0986 
[Testing!] DMI: (-0.0372  0.0000  0.0000)
[Testing!]J_ani:
[[-0.001 -0.     0.   ]
 [-0.    -0.     0.   ]
 [ 0.     0.    -0.   ]]
----------------------------------------------------------------------------------------
   Cr2   Cr2   (  0,   2,   0)  0.0986   ( 0.000,  9.614,  0.000)  9.614 
J_iso:  0.0986 
[Testing!] DMI: ( 0.0367 -0.0000  0.0000)
[Testing!]J_ani:
[[-0.001  0.     0.   ]
 [ 0.    -0.     0.   ]
 [ 0.     0.    -0.   ]]
