==========================================================================================
Information: 
Exchange parameters generated by TB2J 0.7.2.1
Generation time: 22/06/12 16:14:15
 Input from non-collinear Wannier90 data.
 Tight binding data from .//97.3/97.3.z. 
 Prefix of wannier function files:crsbr.97.z.3.
Warning: Please check if the noise level of Wannier function Hamiltonian to make sure it is much smaller than the exchange values.
 The DMI component parallel to the spin orientation, the Jani which has the component of that orientation should be disregarded
 e.g. if the spins are along z, the xz, yz, zz, zx, zy components and the z component of DMI.
 If you need these component, try to do three calculations with spin along x, y, z,  or use structure with z rotated to x, y and z. And then use TB2J_merge.py to get the full set of parameters.


Merged from TB2J results in paths: 
  .//97.3/97.3.x
  .//97.3/97.3.y
  .//97.3/97.3.z
, which are from DFT data with spin along x, y, z orientation

==========================================================================================
Cell (Angstrom):
 3.480   0.000   0.000
 0.000   4.807   0.000
 0.000   0.000  23.571

==========================================================================================
Atoms:  
(Note: charge and magmoms only count the wannier functions.)
Atom_number      x         y         z     w_charge    M(x)      M(y)      M(z)   
Br1             0.8701    1.2018   -0.0668    5.6050   -0.0000   -0.0000   -0.0316
Cr1             2.6102    1.2018    1.7371    4.3691    0.0000    0.0000    3.2358
S1              2.6102    3.6054    2.2030    5.0242   -0.0000   -0.0000   -0.2043
Br2             2.6102    3.6054    5.6376    5.6050   -0.0000   -0.0000   -0.0316
Cr2             0.8701    3.6054    3.8336    4.3712    0.0000    0.0000    3.2369
S2              0.8701    1.2018    3.3678    5.0247   -0.0000   -0.0000   -0.2040
Total                                        29.9992   -0.0000    0.0000    6.0012

==========================================================================================
Orbitals used in decomposition: 
The name of the orbitals for the decomposition: 
Cr1 : ['orb_1', 'orb_2', 'orb_3', 'orb_4', 'orb_5', 'orb_6', 'orb_7', 'orb_8', 'orb_9', 'orb_10']
Cr2 : ['orb_1', 'orb_2', 'orb_3', 'orb_4', 'orb_5', 'orb_6', 'orb_7', 'orb_8', 'orb_9', 'orb_10']

==========================================================================================
Exchange: 
    i      j          R        J_iso(meV)          vector          distance(A) 
----------------------------------------------------------------------------------------
   Cr1   Cr1   (  1,   0,   0)  2.0737   ( 3.480,  0.000,  0.000)  3.480 
J_iso:  2.0737 
[Testing!] DMI: (-0.0000 -0.0110  0.0000)
[Testing!]J_ani:
[[-0.029 -0.     0.   ]
 [-0.    -0.046 -0.   ]
 [ 0.    -0.    -0.026]]
----------------------------------------------------------------------------------------
   Cr1   Cr1   ( -1,   0,   0)  2.0737   (-3.480,  0.000,  0.000)  3.480 
J_iso:  2.0737 
[Testing!] DMI: ( 0.0000  0.0110 -0.0000)
[Testing!]J_ani:
[[-0.029 -0.     0.   ]
 [-0.    -0.046 -0.   ]
 [ 0.    -0.    -0.026]]
----------------------------------------------------------------------------------------
   Cr2   Cr2   ( -1,   0,   0)  2.0790   (-3.480,  0.000,  0.000)  3.480 
J_iso:  2.0790 
[Testing!] DMI: (-0.0000 -0.0104  0.0000)
[Testing!]J_ani:
[[-0.029  0.    -0.   ]
 [ 0.    -0.046 -0.   ]
 [-0.    -0.    -0.026]]
----------------------------------------------------------------------------------------
   Cr2   Cr2   (  1,   0,   0)  2.0790   ( 3.480,  0.000,  0.000)  3.480 
J_iso:  2.0790 
[Testing!] DMI: ( 0.0000  0.0104 -0.0000)
[Testing!]J_ani:
[[-0.029  0.    -0.   ]
 [ 0.    -0.046 -0.   ]
 [-0.    -0.    -0.026]]
----------------------------------------------------------------------------------------
   Cr2   Cr1   ( -1,   1,   0)  3.1048   (-1.740,  2.404, -2.096)  3.633 
J_iso:  3.1048 
[Testing!] DMI: (-0.0005  0.0001  0.0001)
[Testing!]J_ani:
[[-0.009 -0.    -0.004]
 [-0.    -0.013  0.   ]
 [-0.004  0.    -0.006]]
----------------------------------------------------------------------------------------
   Cr2   Cr1   (  0,   1,   0)  3.1047   ( 1.740,  2.404, -2.096)  3.633 
J_iso:  3.1047 
[Testing!] DMI: (-0.0005 -0.0001 -0.0001)
[Testing!]J_ani:
[[-0.009  0.     0.004]
 [ 0.    -0.013  0.   ]
 [ 0.004  0.    -0.006]]
----------------------------------------------------------------------------------------
   Cr2   Cr1   ( -1,   0,   0)  3.1048   (-1.740, -2.404, -2.096)  3.633 
J_iso:  3.1048 
[Testing!] DMI: ( 0.0005  0.0001 -0.0001)
[Testing!]J_ani:
[[-0.009  0.    -0.004]
 [ 0.    -0.013 -0.   ]
 [-0.004 -0.    -0.006]]
----------------------------------------------------------------------------------------
   Cr1   Cr2   (  0,  -1,   0)  3.1047   (-1.740, -2.404,  2.096)  3.633 
J_iso:  3.1047 
[Testing!] DMI: ( 0.0005  0.0001  0.0001)
[Testing!]J_ani:
[[-0.009  0.     0.004]
 [ 0.    -0.013  0.   ]
 [ 0.004  0.    -0.006]]
----------------------------------------------------------------------------------------
   Cr1   Cr2   (  0,   0,   0)  3.1047   (-1.740,  2.404,  2.096)  3.633 
J_iso:  3.1047 
[Testing!] DMI: (-0.0005  0.0001 -0.0001)
[Testing!]J_ani:
[[-0.009 -0.     0.004]
 [-0.    -0.013 -0.   ]
 [ 0.004 -0.    -0.006]]
----------------------------------------------------------------------------------------
   Cr2   Cr1   (  0,   0,   0)  3.1047   ( 1.740, -2.404, -2.096)  3.633 
J_iso:  3.1047 
[Testing!] DMI: ( 0.0005 -0.0001  0.0001)
[Testing!]J_ani:
[[-0.009 -0.     0.004]
 [-0.    -0.013 -0.   ]
 [ 0.004 -0.    -0.006]]
----------------------------------------------------------------------------------------
   Cr1   Cr2   (  1,  -1,   0)  3.1048   ( 1.740, -2.404,  2.096)  3.633 
J_iso:  3.1048 
[Testing!] DMI: ( 0.0005 -0.0001 -0.0001)
[Testing!]J_ani:
[[-0.009 -0.    -0.004]
 [-0.    -0.013  0.   ]
 [-0.004  0.    -0.006]]
----------------------------------------------------------------------------------------
   Cr1   Cr2   (  1,   0,   0)  3.1048   ( 1.740,  2.404,  2.096)  3.633 
J_iso:  3.1048 
[Testing!] DMI: (-0.0005 -0.0001  0.0001)
[Testing!]J_ani:
[[-0.009  0.    -0.004]
 [ 0.    -0.013 -0.   ]
 [-0.004 -0.    -0.006]]
----------------------------------------------------------------------------------------
   Cr1   Cr1   (  0,  -1,   0)  4.0916   ( 0.000, -4.807,  0.000)  4.807 
J_iso:  4.0916 
[Testing!] DMI: ( 0.0609  0.0000  0.0001)
[Testing!]J_ani:
[[-0.016 -0.     0.   ]
 [-0.    -0.004 -0.   ]
 [ 0.    -0.    -0.008]]
----------------------------------------------------------------------------------------
   Cr2   Cr2   (  0,  -1,   0)  4.0876   ( 0.000, -4.807,  0.000)  4.807 
J_iso:  4.0876 
[Testing!] DMI: (-0.0629  0.0000  0.0000)
[Testing!]J_ani:
[[-0.015  0.    -0.   ]
 [ 0.    -0.004 -0.   ]
 [-0.    -0.    -0.008]]
----------------------------------------------------------------------------------------
   Cr1   Cr1   (  0,   1,   0)  4.0916   ( 0.000,  4.807,  0.000)  4.807 
J_iso:  4.0916 
[Testing!] DMI: (-0.0609 -0.0000 -0.0001)
[Testing!]J_ani:
[[-0.016 -0.     0.   ]
 [-0.    -0.004 -0.   ]
 [ 0.    -0.    -0.008]]
----------------------------------------------------------------------------------------
   Cr2   Cr2   (  0,   1,   0)  4.0876   ( 0.000,  4.807,  0.000)  4.807 
J_iso:  4.0876 
[Testing!] DMI: ( 0.0629 -0.0000 -0.0000)
[Testing!]J_ani:
[[-0.015  0.    -0.   ]
 [ 0.    -0.004 -0.   ]
 [-0.    -0.    -0.008]]
----------------------------------------------------------------------------------------
   Cr1   Cr1   ( -1,  -1,   0)  0.0280   (-3.480, -4.807,  0.000)  5.935 
J_iso:  0.0280 
[Testing!] DMI: (-0.0164 -0.0128  0.0000)
[Testing!]J_ani:
[[-0.006 -0.     0.   ]
 [-0.    -0.005 -0.   ]
 [ 0.    -0.    -0.004]]
----------------------------------------------------------------------------------------
   Cr2   Cr2   ( -1,  -1,   0)  0.0279   (-3.480, -4.807,  0.000)  5.935 
J_iso:  0.0279 
[Testing!] DMI: ( 0.0162  0.0128  0.0000)
[Testing!]J_ani:
[[-0.006 -0.     0.   ]
 [-0.    -0.005 -0.   ]
 [ 0.    -0.    -0.004]]
----------------------------------------------------------------------------------------
   Cr1   Cr1   ( -1,   1,   0)  0.0280   (-3.480,  4.807,  0.000)  5.935 
J_iso:  0.0280 
[Testing!] DMI: ( 0.0164 -0.0128 -0.0000)
[Testing!]J_ani:
[[-0.006  0.    -0.   ]
 [ 0.    -0.005  0.   ]
 [-0.     0.    -0.004]]
----------------------------------------------------------------------------------------
   Cr2   Cr2   ( -1,   1,   0)  0.0279   (-3.480,  4.807,  0.000)  5.935 
J_iso:  0.0279 
[Testing!] DMI: (-0.0162  0.0128 -0.0000)
[Testing!]J_ani:
[[-0.006  0.    -0.   ]
 [ 0.    -0.005  0.   ]
 [-0.     0.    -0.004]]
----------------------------------------------------------------------------------------
   Cr1   Cr1   (  1,  -1,   0)  0.0280   ( 3.480, -4.807,  0.000)  5.935 
J_iso:  0.0280 
[Testing!] DMI: (-0.0164  0.0128  0.0000)
[Testing!]J_ani:
[[-0.006  0.    -0.   ]
 [ 0.    -0.005  0.   ]
 [-0.     0.    -0.004]]
----------------------------------------------------------------------------------------
   Cr2   Cr2   (  1,  -1,   0)  0.0279   ( 3.480, -4.807,  0.000)  5.935 
J_iso:  0.0279 
[Testing!] DMI: ( 0.0162 -0.0128  0.0000)
[Testing!]J_ani:
[[-0.006  0.    -0.   ]
 [ 0.    -0.005  0.   ]
 [-0.     0.    -0.004]]
----------------------------------------------------------------------------------------
   Cr1   Cr1   (  1,   1,   0)  0.0280   ( 3.480,  4.807,  0.000)  5.935 
J_iso:  0.0280 
[Testing!] DMI: ( 0.0164  0.0128 -0.0000)
[Testing!]J_ani:
[[-0.006 -0.     0.   ]
 [-0.    -0.005 -0.   ]
 [ 0.    -0.    -0.004]]
----------------------------------------------------------------------------------------
   Cr2   Cr2   (  1,   1,   0)  0.0279   ( 3.480,  4.807,  0.000)  5.935 
J_iso:  0.0279 
[Testing!] DMI: (-0.0162 -0.0128 -0.0000)
[Testing!]J_ani:
[[-0.006 -0.     0.   ]
 [-0.    -0.005 -0.   ]
 [ 0.    -0.    -0.004]]
----------------------------------------------------------------------------------------
   Cr2   Cr1   ( -2,   0,   0)  0.1165   (-5.220, -2.404, -2.096)  6.118 
J_iso:  0.1165 
[Testing!] DMI: ( 0.0001 -0.0000 -0.0000)
[Testing!]J_ani:
[[-0.004 -0.    -0.001]
 [-0.    -0.002  0.   ]
 [-0.001  0.    -0.006]]
----------------------------------------------------------------------------------------
   Cr2   Cr1   ( -2,   1,   0)  0.1165   (-5.220,  2.404, -2.096)  6.118 
J_iso:  0.1165 
[Testing!] DMI: (-0.0001 -0.0000  0.0000)
[Testing!]J_ani:
[[-0.004  0.    -0.001]
 [ 0.    -0.002 -0.   ]
 [-0.001 -0.    -0.006]]
----------------------------------------------------------------------------------------
   Cr1   Cr2   ( -1,  -1,   0)  0.1165   (-5.220, -2.404,  2.096)  6.118 
J_iso:  0.1165 
[Testing!] DMI: ( 0.0001 -0.0000  0.0000)
[Testing!]J_ani:
[[-0.004 -0.     0.001]
 [-0.    -0.002 -0.   ]
 [ 0.001 -0.    -0.006]]
----------------------------------------------------------------------------------------
   Cr1   Cr2   ( -1,   0,   0)  0.1165   (-5.220,  2.404,  2.096)  6.118 
J_iso:  0.1165 
[Testing!] DMI: (-0.0001 -0.0000 -0.0000)
[Testing!]J_ani:
[[-0.004  0.     0.001]
 [ 0.    -0.002  0.   ]
 [ 0.001  0.    -0.006]]
----------------------------------------------------------------------------------------
   Cr2   Cr1   (  1,   0,   0)  0.1165   ( 5.220, -2.404, -2.096)  6.118 
J_iso:  0.1165 
[Testing!] DMI: ( 0.0001  0.0000  0.0000)
[Testing!]J_ani:
[[-0.004  0.     0.001]
 [ 0.    -0.002  0.   ]
 [ 0.001  0.    -0.006]]
----------------------------------------------------------------------------------------
   Cr2   Cr1   (  1,   1,   0)  0.1165   ( 5.220,  2.404, -2.096)  6.118 
J_iso:  0.1165 
[Testing!] DMI: (-0.0001  0.0000 -0.0000)
[Testing!]J_ani:
[[-0.004 -0.     0.001]
 [-0.    -0.002 -0.   ]
 [ 0.001 -0.    -0.006]]
----------------------------------------------------------------------------------------
   Cr1   Cr2   (  2,  -1,   0)  0.1165   ( 5.220, -2.404,  2.096)  6.118 
J_iso:  0.1165 
[Testing!] DMI: ( 0.0001  0.0000 -0.0000)
[Testing!]J_ani:
[[-0.004  0.    -0.001]
 [ 0.    -0.002 -0.   ]
 [-0.001 -0.    -0.006]]
----------------------------------------------------------------------------------------
   Cr1   Cr2   (  2,   0,   0)  0.1165   ( 5.220,  2.404,  2.096)  6.118 
J_iso:  0.1165 
[Testing!] DMI: (-0.0001  0.0000  0.0000)
[Testing!]J_ani:
[[-0.004 -0.    -0.001]
 [-0.    -0.002  0.   ]
 [-0.001  0.    -0.006]]
----------------------------------------------------------------------------------------
   Cr1   Cr1   ( -2,   0,   0) -0.8639   (-6.961,  0.000,  0.000)  6.961 
J_iso: -0.8639 
[Testing!] DMI: ( 0.0000  0.0066 -0.0000)
[Testing!]J_ani:
[[-0.004 -0.     0.   ]
 [-0.    -0.004  0.   ]
 [ 0.     0.    -0.005]]
----------------------------------------------------------------------------------------
   Cr2   Cr2   ( -2,   0,   0) -0.8634   (-6.961,  0.000,  0.000)  6.961 
J_iso: -0.8634 
[Testing!] DMI: (-0.0000 -0.0065  0.0000)
[Testing!]J_ani:
[[-0.004 -0.     0.   ]
 [-0.    -0.004  0.   ]
 [ 0.     0.    -0.005]]
----------------------------------------------------------------------------------------
   Cr1   Cr1   (  2,   0,   0) -0.8639   ( 6.961,  0.000,  0.000)  6.961 
J_iso: -0.8639 
[Testing!] DMI: (-0.0000 -0.0066  0.0000)
[Testing!]J_ani:
[[-0.004 -0.     0.   ]
 [-0.    -0.004  0.   ]
 [ 0.     0.    -0.005]]
----------------------------------------------------------------------------------------
   Cr2   Cr2   (  2,   0,   0) -0.8634   ( 6.961,  0.000,  0.000)  6.961 
J_iso: -0.8634 
[Testing!] DMI: ( 0.0000  0.0065 -0.0000)
[Testing!]J_ani:
[[-0.004 -0.     0.   ]
 [-0.    -0.004  0.   ]
 [ 0.     0.    -0.005]]
----------------------------------------------------------------------------------------
   Cr1   Cr2   (  0,  -2,   0)  0.5220   (-1.740, -7.211,  2.096)  7.708 
J_iso:  0.5220 
[Testing!] DMI: (-0.0002  0.0000 -0.0000)
[Testing!]J_ani:
[[-0.001 -0.     0.   ]
 [-0.    -0.002  0.   ]
 [ 0.     0.    -0.001]]
----------------------------------------------------------------------------------------
   Cr2   Cr1   (  0,   2,   0)  0.5220   ( 1.740,  7.211, -2.096)  7.708 
J_iso:  0.5220 
[Testing!] DMI: ( 0.0002 -0.0000  0.0000)
[Testing!]J_ani:
[[-0.001 -0.     0.   ]
 [-0.    -0.002  0.   ]
 [ 0.     0.    -0.001]]
----------------------------------------------------------------------------------------
   Cr1   Cr2   (  1,  -2,   0)  0.5220   ( 1.740, -7.211,  2.096)  7.708 
J_iso:  0.5220 
[Testing!] DMI: (-0.0002  0.0000  0.0001)
[Testing!]J_ani:
[[-0.001  0.    -0.   ]
 [ 0.    -0.002  0.   ]
 [-0.     0.    -0.001]]
----------------------------------------------------------------------------------------
   Cr2   Cr1   ( -1,   2,   0)  0.5220   (-1.740,  7.211, -2.096)  7.708 
J_iso:  0.5220 
[Testing!] DMI: ( 0.0002 -0.0000 -0.0001)
[Testing!]J_ani:
[[-0.001  0.    -0.   ]
 [ 0.    -0.002  0.   ]
 [-0.     0.    -0.001]]
----------------------------------------------------------------------------------------
   Cr2   Cr1   ( -1,  -1,   0)  0.5220   (-1.740, -7.211, -2.096)  7.708 
J_iso:  0.5220 
[Testing!] DMI: (-0.0002  0.0000  0.0001)
[Testing!]J_ani:
[[-0.001 -0.    -0.   ]
 [-0.    -0.002 -0.   ]
 [-0.    -0.    -0.001]]
----------------------------------------------------------------------------------------
   Cr2   Cr1   (  0,  -1,   0)  0.5220   ( 1.740, -7.211, -2.096)  7.708 
J_iso:  0.5220 
[Testing!] DMI: (-0.0002  0.0000 -0.0000)
[Testing!]J_ani:
[[-0.001  0.     0.   ]
 [ 0.    -0.002 -0.   ]
 [ 0.    -0.    -0.001]]
----------------------------------------------------------------------------------------
   Cr1   Cr2   (  0,   1,   0)  0.5220   (-1.740,  7.211,  2.096)  7.708 
J_iso:  0.5220 
[Testing!] DMI: ( 0.0002 -0.0000  0.0000)
[Testing!]J_ani:
[[-0.001  0.     0.   ]
 [ 0.    -0.002 -0.   ]
 [ 0.    -0.    -0.001]]
----------------------------------------------------------------------------------------
   Cr1   Cr2   (  1,   1,   0)  0.5220   ( 1.740,  7.211,  2.096)  7.708 
J_iso:  0.5220 
[Testing!] DMI: ( 0.0002 -0.0000 -0.0001)
[Testing!]J_ani:
[[-0.001 -0.    -0.   ]
 [-0.    -0.002 -0.   ]
 [-0.    -0.    -0.001]]
----------------------------------------------------------------------------------------
   Cr1   Cr1   ( -2,  -1,   0)  0.0042   (-6.961, -4.807,  0.000)  8.459 
J_iso:  0.0042 
[Testing!] DMI: ( 0.0004 -0.0011  0.0000)
[Testing!]J_ani:
[[-0.001 -0.     0.   ]
 [-0.    -0.001 -0.   ]
 [ 0.    -0.    -0.001]]
----------------------------------------------------------------------------------------
   Cr2   Cr2   ( -2,  -1,   0)  0.0042   (-6.961, -4.807,  0.000)  8.459 
J_iso:  0.0042 
[Testing!] DMI: (-0.0004  0.0011 -0.0000)
[Testing!]J_ani:
[[-0.001 -0.     0.   ]
 [-0.    -0.001 -0.   ]
 [ 0.    -0.    -0.001]]
----------------------------------------------------------------------------------------
   Cr1   Cr1   ( -2,   1,   0)  0.0042   (-6.961,  4.807,  0.000)  8.459 
J_iso:  0.0042 
[Testing!] DMI: (-0.0004 -0.0011 -0.0000)
[Testing!]J_ani:
[[-0.001  0.    -0.   ]
 [ 0.    -0.001  0.   ]
 [-0.     0.    -0.001]]
----------------------------------------------------------------------------------------
   Cr2   Cr2   ( -2,   1,   0)  0.0042   (-6.961,  4.807,  0.000)  8.459 
J_iso:  0.0042 
[Testing!] DMI: ( 0.0004  0.0011  0.0000)
[Testing!]J_ani:
[[-0.001  0.    -0.   ]
 [ 0.    -0.001  0.   ]
 [-0.     0.    -0.001]]
----------------------------------------------------------------------------------------
   Cr1   Cr1   (  2,  -1,   0)  0.0042   ( 6.961, -4.807,  0.000)  8.459 
J_iso:  0.0042 
[Testing!] DMI: ( 0.0004  0.0011  0.0000)
[Testing!]J_ani:
[[-0.001  0.    -0.   ]
 [ 0.    -0.001  0.   ]
 [-0.     0.    -0.001]]
----------------------------------------------------------------------------------------
   Cr2   Cr2   (  2,  -1,   0)  0.0042   ( 6.961, -4.807,  0.000)  8.459 
J_iso:  0.0042 
[Testing!] DMI: (-0.0004 -0.0011 -0.0000)
[Testing!]J_ani:
[[-0.001  0.    -0.   ]
 [ 0.    -0.001  0.   ]
 [-0.     0.    -0.001]]
----------------------------------------------------------------------------------------
   Cr1   Cr1   (  2,   1,   0)  0.0042   ( 6.961,  4.807,  0.000)  8.459 
J_iso:  0.0042 
[Testing!] DMI: (-0.0004  0.0011 -0.0000)
[Testing!]J_ani:
[[-0.001 -0.     0.   ]
 [-0.    -0.001 -0.   ]
 [ 0.    -0.    -0.001]]
----------------------------------------------------------------------------------------
   Cr2   Cr2   (  2,   1,   0)  0.0042   ( 6.961,  4.807,  0.000)  8.459 
J_iso:  0.0042 
[Testing!] DMI: ( 0.0004 -0.0011  0.0000)
[Testing!]J_ani:
[[-0.001 -0.     0.   ]
 [-0.    -0.001 -0.   ]
 [ 0.    -0.    -0.001]]
----------------------------------------------------------------------------------------
   Cr2   Cr1   ( -2,  -1,   0)  0.0022   (-5.220, -7.211, -2.096)  9.146 
J_iso:  0.0022 
[Testing!] DMI: ( 0.0000 -0.0000 -0.0000)
[Testing!]J_ani:
[[-0.001 -0.     0.   ]
 [-0.    -0.001  0.   ]
 [ 0.     0.    -0.001]]
----------------------------------------------------------------------------------------
   Cr2   Cr1   (  1,  -1,   0)  0.0022   ( 5.220, -7.211, -2.096)  9.146 
J_iso:  0.0022 
[Testing!] DMI: ( 0.0000  0.0000  0.0000)
[Testing!]J_ani:
[[-0.001  0.    -0.   ]
 [ 0.    -0.001  0.   ]
 [-0.     0.    -0.001]]
----------------------------------------------------------------------------------------
   Cr1   Cr2   ( -1,  -2,   0)  0.0022   (-5.220, -7.211,  2.096)  9.146 
J_iso:  0.0022 
[Testing!] DMI: ( 0.0000 -0.0000  0.0000)
[Testing!]J_ani:
[[-0.001 -0.    -0.   ]
 [-0.    -0.001 -0.   ]
 [-0.    -0.    -0.001]]
----------------------------------------------------------------------------------------
   Cr1   Cr2   (  2,  -2,   0)  0.0022   ( 5.220, -7.211,  2.096)  9.146 
J_iso:  0.0022 
[Testing!] DMI: ( 0.0000  0.0000 -0.0000)
[Testing!]J_ani:
[[-0.001  0.     0.   ]
 [ 0.    -0.001 -0.   ]
 [ 0.    -0.    -0.001]]
----------------------------------------------------------------------------------------
   Cr2   Cr1   ( -2,   2,   0)  0.0022   (-5.220,  7.211, -2.096)  9.146 
J_iso:  0.0022 
[Testing!] DMI: (-0.0000 -0.0000  0.0000)
[Testing!]J_ani:
[[-0.001  0.     0.   ]
 [ 0.    -0.001 -0.   ]
 [ 0.    -0.    -0.001]]
----------------------------------------------------------------------------------------
   Cr2   Cr1   (  1,   2,   0)  0.0022   ( 5.220,  7.211, -2.096)  9.146 
J_iso:  0.0022 
[Testing!] DMI: (-0.0000  0.0000 -0.0000)
[Testing!]J_ani:
[[-0.001 -0.    -0.   ]
 [-0.    -0.001 -0.   ]
 [-0.    -0.    -0.001]]
----------------------------------------------------------------------------------------
   Cr1   Cr2   ( -1,   1,   0)  0.0022   (-5.220,  7.211,  2.096)  9.146 
J_iso:  0.0022 
[Testing!] DMI: (-0.0000 -0.0000 -0.0000)
[Testing!]J_ani:
[[-0.001  0.    -0.   ]
 [ 0.    -0.001  0.   ]
 [-0.     0.    -0.001]]
----------------------------------------------------------------------------------------
   Cr1   Cr2   (  2,   1,   0)  0.0022   ( 5.220,  7.211,  2.096)  9.146 
J_iso:  0.0022 
[Testing!] DMI: (-0.0000  0.0000  0.0000)
[Testing!]J_ani:
[[-0.001 -0.     0.   ]
 [-0.    -0.001  0.   ]
 [ 0.     0.    -0.001]]
----------------------------------------------------------------------------------------
   Cr1   Cr2   ( -2,  -1,   0) -0.0083   (-8.701, -2.404,  2.096)  9.267 
J_iso: -0.0083 
[Testing!] DMI: ( 0.0000  0.0000  0.0000)
[Testing!]J_ani:
[[-0.    -0.    -0.   ]
 [-0.    -0.001 -0.   ]
 [-0.    -0.    -0.   ]]
----------------------------------------------------------------------------------------
   Cr1   Cr2   ( -2,   0,   0) -0.0083   (-8.701,  2.404,  2.096)  9.267 
J_iso: -0.0083 
[Testing!] DMI: (-0.0000  0.0000 -0.0000)
[Testing!]J_ani:
[[-0.     0.    -0.   ]
 [ 0.    -0.001  0.   ]
 [-0.     0.    -0.   ]]
----------------------------------------------------------------------------------------
   Cr2   Cr1   (  2,   0,   0) -0.0083   ( 8.701, -2.404, -2.096)  9.267 
J_iso: -0.0083 
[Testing!] DMI: ( 0.0000 -0.0000  0.0000)
[Testing!]J_ani:
[[-0.     0.    -0.   ]
 [ 0.    -0.001  0.   ]
 [-0.     0.    -0.   ]]
----------------------------------------------------------------------------------------
   Cr2   Cr1   (  2,   1,   0) -0.0083   ( 8.701,  2.404, -2.096)  9.267 
J_iso: -0.0083 
[Testing!] DMI: (-0.0000 -0.0000 -0.0000)
[Testing!]J_ani:
[[-0.    -0.    -0.   ]
 [-0.    -0.001 -0.   ]
 [-0.    -0.    -0.   ]]
----------------------------------------------------------------------------------------
   Cr1   Cr2   (  3,  -1,   0) -0.0083   ( 8.701, -2.404,  2.096)  9.267 
J_iso: -0.0083 
[Testing!] DMI: ( 0.0000 -0.0000 -0.0000)
[Testing!]J_ani:
[[-0.     0.     0.   ]
 [ 0.    -0.001 -0.   ]
 [ 0.    -0.    -0.   ]]
----------------------------------------------------------------------------------------
   Cr1   Cr2   (  3,   0,   0) -0.0083   ( 8.701,  2.404,  2.096)  9.267 
J_iso: -0.0083 
[Testing!] DMI: (-0.0000 -0.0000  0.0000)
[Testing!]J_ani:
[[-0.    -0.     0.   ]
 [-0.    -0.001  0.   ]
 [ 0.     0.    -0.   ]]
----------------------------------------------------------------------------------------
   Cr2   Cr1   ( -3,   0,   0) -0.0083   (-8.701, -2.404, -2.096)  9.267 
J_iso: -0.0083 
[Testing!] DMI: ( 0.0000  0.0000 -0.0000)
[Testing!]J_ani:
[[-0.    -0.     0.   ]
 [-0.    -0.001  0.   ]
 [ 0.     0.    -0.   ]]
----------------------------------------------------------------------------------------
   Cr2   Cr1   ( -3,   1,   0) -0.0083   (-8.701,  2.404, -2.096)  9.267 
J_iso: -0.0083 
[Testing!] DMI: (-0.0000  0.0000  0.0000)
[Testing!]J_ani:
[[-0.     0.     0.   ]
 [ 0.    -0.001 -0.   ]
 [ 0.    -0.    -0.   ]]
----------------------------------------------------------------------------------------
   Cr1   Cr1   (  0,  -2,   0)  0.0504   ( 0.000, -9.614,  0.000)  9.614 
J_iso:  0.0504 
[Testing!] DMI: ( 0.0345  0.0000  0.0000)
[Testing!]J_ani:
[[-0.001  0.    -0.   ]
 [ 0.    -0.     0.   ]
 [-0.     0.    -0.   ]]
----------------------------------------------------------------------------------------
   Cr2   Cr2   (  0,  -2,   0)  0.0503   ( 0.000, -9.614,  0.000)  9.614 
J_iso:  0.0503 
[Testing!] DMI: (-0.0349  0.0000  0.0000)
[Testing!]J_ani:
[[-0.001 -0.     0.   ]
 [-0.    -0.     0.   ]
 [ 0.     0.    -0.   ]]
----------------------------------------------------------------------------------------
   Cr1   Cr1   (  0,   2,   0)  0.0504   ( 0.000,  9.614,  0.000)  9.614 
J_iso:  0.0504 
[Testing!] DMI: (-0.0345 -0.0000 -0.0000)
[Testing!]J_ani:
[[-0.001  0.    -0.   ]
 [ 0.    -0.     0.   ]
 [-0.     0.    -0.   ]]
----------------------------------------------------------------------------------------
   Cr2   Cr2   (  0,   2,   0)  0.0503   ( 0.000,  9.614,  0.000)  9.614 
J_iso:  0.0503 
[Testing!] DMI: ( 0.0349 -0.0000 -0.0000)
[Testing!]J_ani:
[[-0.001 -0.     0.   ]
 [-0.    -0.     0.   ]
 [ 0.     0.    -0.   ]]
