==========================================================================================
Information: 
Exchange parameters generated by TB2J 0.7.2.1
Generation time: 22/06/09 19:21:51
 Input from non-collinear Wannier90 data.
 Tight binding data from .//96.3/96.3.z. 
 Prefix of wannier function files:crsbr.96.z.3.
Warning: Please check if the noise level of Wannier function Hamiltonian to make sure it is much smaller than the exchange values.
 The DMI component parallel to the spin orientation, the Jani which has the component of that orientation should be disregarded
 e.g. if the spins are along z, the xz, yz, zz, zx, zy components and the z component of DMI.
 If you need these component, try to do three calculations with spin along x, y, z,  or use structure with z rotated to x, y and z. And then use TB2J_merge.py to get the full set of parameters.


Merged from TB2J results in paths: 
  .//96.3/96.3.x
  .//96.3/96.3.y
  .//96.3/96.3.z
, which are from DFT data with spin along x, y, z orientation

==========================================================================================
Cell (Angstrom):
 3.588   0.000   0.000
 0.000   4.615   0.000
 0.000   0.000  23.571

==========================================================================================
Atoms:  
(Note: charge and magmoms only count the wannier functions.)
Atom_number      x         y         z     w_charge    M(x)      M(y)      M(z)   
Br1             0.8970    1.1537   -0.0668    5.6015   -0.0000    0.0000   -0.0480
Cr1             2.6910    1.1537    1.7371    4.3813    0.0000    0.0000    3.2459
S1              2.6910    3.4612    2.2030    5.0186    0.0000   -0.0000   -0.1963
Br2             2.6910    3.4612    5.6376    5.6008   -0.0000    0.0000   -0.0482
Cr2             0.8970    3.4612    3.8336    4.3797    0.0000    0.0000    3.2450
S2              0.8970    1.1537    3.3678    5.0174    0.0000   -0.0000   -0.1968
Total                                        29.9992    0.0000   -0.0000    6.0016

==========================================================================================
Orbitals used in decomposition: 
The name of the orbitals for the decomposition: 
Cr1 : ['orb_1', 'orb_2', 'orb_3', 'orb_4', 'orb_5', 'orb_6', 'orb_7', 'orb_8', 'orb_9', 'orb_10']
Cr2 : ['orb_1', 'orb_2', 'orb_3', 'orb_4', 'orb_5', 'orb_6', 'orb_7', 'orb_8', 'orb_9', 'orb_10']

==========================================================================================
Exchange: 
    i      j          R        J_iso(meV)          vector          distance(A) 
----------------------------------------------------------------------------------------
   Cr1   Cr1   ( -1,   0,   0)  3.4271   (-3.588,  0.000,  0.000)  3.588 
J_iso:  3.4271 
[Testing!] DMI: ( 0.0000 -0.0057 -0.0000)
[Testing!]J_ani:
[[-0.031  0.    -0.   ]
 [ 0.    -0.053 -0.   ]
 [-0.    -0.    -0.027]]
----------------------------------------------------------------------------------------
   Cr2   Cr2   ( -1,   0,   0)  3.4223   (-3.588,  0.000,  0.000)  3.588 
J_iso:  3.4223 
[Testing!] DMI: ( 0.0000  0.0056  0.0000)
[Testing!]J_ani:
[[-0.031 -0.    -0.   ]
 [-0.    -0.054 -0.   ]
 [-0.    -0.    -0.027]]
----------------------------------------------------------------------------------------
   Cr2   Cr2   (  1,   0,   0)  3.4223   ( 3.588,  0.000,  0.000)  3.588 
J_iso:  3.4223 
[Testing!] DMI: (-0.0000 -0.0056 -0.0000)
[Testing!]J_ani:
[[-0.031 -0.    -0.   ]
 [-0.    -0.054 -0.   ]
 [-0.    -0.    -0.027]]
----------------------------------------------------------------------------------------
   Cr1   Cr1   (  1,   0,   0)  3.4271   ( 3.588,  0.000,  0.000)  3.588 
J_iso:  3.4271 
[Testing!] DMI: (-0.0000  0.0057  0.0000)
[Testing!]J_ani:
[[-0.031  0.    -0.   ]
 [ 0.    -0.053 -0.   ]
 [-0.    -0.    -0.027]]
----------------------------------------------------------------------------------------
   Cr2   Cr1   ( -1,   1,   0)  4.4651   (-1.794,  2.307, -2.096)  3.597 
J_iso:  4.4651 
[Testing!] DMI: (-0.0001  0.0001 -0.0001)
[Testing!]J_ani:
[[-0.008 -0.    -0.003]
 [-0.    -0.014  0.   ]
 [-0.003  0.    -0.007]]
----------------------------------------------------------------------------------------
   Cr1   Cr2   (  1,  -1,   0)  4.4651   ( 1.794, -2.307,  2.096)  3.597 
J_iso:  4.4651 
[Testing!] DMI: ( 0.0001 -0.0001  0.0001)
[Testing!]J_ani:
[[-0.008 -0.    -0.003]
 [-0.    -0.014  0.   ]
 [-0.003  0.    -0.007]]
----------------------------------------------------------------------------------------
   Cr1   Cr2   (  0,  -1,   0)  4.4650   (-1.794, -2.307,  2.096)  3.597 
J_iso:  4.4650 
[Testing!] DMI: ( 0.0001  0.0001 -0.0001)
[Testing!]J_ani:
[[-0.008  0.     0.003]
 [ 0.    -0.014  0.   ]
 [ 0.003  0.    -0.007]]
----------------------------------------------------------------------------------------
   Cr2   Cr1   (  0,   1,   0)  4.4650   ( 1.794,  2.307, -2.096)  3.597 
J_iso:  4.4650 
[Testing!] DMI: (-0.0001 -0.0001  0.0001)
[Testing!]J_ani:
[[-0.008  0.     0.003]
 [ 0.    -0.014  0.   ]
 [ 0.003  0.    -0.007]]
----------------------------------------------------------------------------------------
   Cr2   Cr1   ( -1,   0,   0)  4.4650   (-1.794, -2.307, -2.096)  3.597 
J_iso:  4.4650 
[Testing!] DMI: ( 0.0001  0.0001  0.0001)
[Testing!]J_ani:
[[-0.008  0.    -0.003]
 [ 0.    -0.014 -0.   ]
 [-0.003 -0.    -0.007]]
----------------------------------------------------------------------------------------
   Cr1   Cr2   (  0,   0,   0)  4.4650   (-1.794,  2.307,  2.096)  3.597 
J_iso:  4.4650 
[Testing!] DMI: (-0.0001  0.0001  0.0001)
[Testing!]J_ani:
[[-0.008 -0.     0.003]
 [-0.    -0.014 -0.   ]
 [ 0.003 -0.    -0.007]]
----------------------------------------------------------------------------------------
   Cr2   Cr1   (  0,   0,   0)  4.4650   ( 1.794, -2.307, -2.096)  3.597 
J_iso:  4.4650 
[Testing!] DMI: ( 0.0001 -0.0001 -0.0001)
[Testing!]J_ani:
[[-0.008 -0.     0.003]
 [-0.    -0.014 -0.   ]
 [ 0.003 -0.    -0.007]]
----------------------------------------------------------------------------------------
   Cr1   Cr2   (  1,   0,   0)  4.4650   ( 1.794,  2.307,  2.096)  3.597 
J_iso:  4.4650 
[Testing!] DMI: (-0.0001 -0.0001 -0.0001)
[Testing!]J_ani:
[[-0.008  0.    -0.003]
 [ 0.    -0.014 -0.   ]
 [-0.003 -0.    -0.007]]
----------------------------------------------------------------------------------------
   Cr1   Cr1   (  0,  -1,   0)  5.6907   ( 0.000, -4.615,  0.000)  4.615 
J_iso:  5.6907 
[Testing!] DMI: ( 0.0574 -0.0000 -0.0000)
[Testing!]J_ani:
[[-0.02   0.     0.   ]
 [ 0.    -0.004 -0.   ]
 [ 0.    -0.    -0.01 ]]
----------------------------------------------------------------------------------------
   Cr2   Cr2   (  0,  -1,   0)  5.6957   ( 0.000, -4.615,  0.000)  4.615 
J_iso:  5.6957 
[Testing!] DMI: (-0.0576 -0.0000 -0.0000)
[Testing!]J_ani:
[[-0.02  -0.    -0.   ]
 [-0.    -0.004 -0.   ]
 [-0.    -0.    -0.01 ]]
----------------------------------------------------------------------------------------
   Cr1   Cr1   (  0,   1,   0)  5.6907   ( 0.000,  4.615,  0.000)  4.615 
J_iso:  5.6907 
[Testing!] DMI: (-0.0574  0.0000  0.0000)
[Testing!]J_ani:
[[-0.02   0.     0.   ]
 [ 0.    -0.004 -0.   ]
 [ 0.    -0.    -0.01 ]]
----------------------------------------------------------------------------------------
   Cr2   Cr2   (  0,   1,   0)  5.6957   ( 0.000,  4.615,  0.000)  4.615 
J_iso:  5.6957 
[Testing!] DMI: ( 0.0576  0.0000  0.0000)
[Testing!]J_ani:
[[-0.02  -0.    -0.   ]
 [-0.    -0.004 -0.   ]
 [-0.    -0.    -0.01 ]]
----------------------------------------------------------------------------------------
   Cr1   Cr1   ( -1,  -1,   0)  0.1047   (-3.588, -4.615,  0.000)  5.846 
J_iso:  0.1047 
[Testing!] DMI: (-0.0143 -0.0152  0.0000)
[Testing!]J_ani:
[[-0.007 -0.    -0.   ]
 [-0.    -0.007 -0.   ]
 [-0.    -0.    -0.005]]
----------------------------------------------------------------------------------------
   Cr2   Cr2   ( -1,  -1,   0)  0.1051   (-3.588, -4.615,  0.000)  5.846 
J_iso:  0.1051 
[Testing!] DMI: ( 0.0144  0.0152 -0.0000)
[Testing!]J_ani:
[[-0.007 -0.     0.   ]
 [-0.    -0.007 -0.   ]
 [ 0.    -0.    -0.005]]
----------------------------------------------------------------------------------------
   Cr1   Cr1   ( -1,   1,   0)  0.1047   (-3.588,  4.615,  0.000)  5.846 
J_iso:  0.1047 
[Testing!] DMI: ( 0.0143 -0.0152 -0.0000)
[Testing!]J_ani:
[[-0.007  0.     0.   ]
 [ 0.    -0.007  0.   ]
 [ 0.     0.    -0.005]]
----------------------------------------------------------------------------------------
   Cr2   Cr2   ( -1,   1,   0)  0.1051   (-3.588,  4.615,  0.000)  5.846 
J_iso:  0.1051 
[Testing!] DMI: (-0.0144  0.0152 -0.0000)
[Testing!]J_ani:
[[-0.007  0.     0.   ]
 [ 0.    -0.007  0.   ]
 [ 0.     0.    -0.005]]
----------------------------------------------------------------------------------------
   Cr1   Cr1   (  1,  -1,   0)  0.1047   ( 3.588, -4.615,  0.000)  5.846 
J_iso:  0.1047 
[Testing!] DMI: (-0.0143  0.0152  0.0000)
[Testing!]J_ani:
[[-0.007  0.     0.   ]
 [ 0.    -0.007  0.   ]
 [ 0.     0.    -0.005]]
----------------------------------------------------------------------------------------
   Cr2   Cr2   (  1,  -1,   0)  0.1051   ( 3.588, -4.615,  0.000)  5.846 
J_iso:  0.1051 
[Testing!] DMI: ( 0.0144 -0.0152  0.0000)
[Testing!]J_ani:
[[-0.007  0.     0.   ]
 [ 0.    -0.007  0.   ]
 [ 0.     0.    -0.005]]
----------------------------------------------------------------------------------------
   Cr1   Cr1   (  1,   1,   0)  0.1047   ( 3.588,  4.615,  0.000)  5.846 
J_iso:  0.1047 
[Testing!] DMI: ( 0.0143  0.0152 -0.0000)
[Testing!]J_ani:
[[-0.007 -0.    -0.   ]
 [-0.    -0.007 -0.   ]
 [-0.    -0.    -0.005]]
----------------------------------------------------------------------------------------
   Cr2   Cr2   (  1,   1,   0)  0.1051   ( 3.588,  4.615,  0.000)  5.846 
J_iso:  0.1051 
[Testing!] DMI: (-0.0144 -0.0152  0.0000)
[Testing!]J_ani:
[[-0.007 -0.     0.   ]
 [-0.    -0.007 -0.   ]
 [ 0.    -0.    -0.005]]
----------------------------------------------------------------------------------------
   Cr2   Cr1   ( -2,   1,   0)  0.0764   (-5.382,  2.307, -2.096)  6.220 
J_iso:  0.0764 
[Testing!] DMI: (-0.0000  0.0000 -0.0000)
[Testing!]J_ani:
[[-0.005  0.    -0.001]
 [ 0.    -0.002 -0.001]
 [-0.001 -0.001 -0.007]]
----------------------------------------------------------------------------------------
   Cr1   Cr2   ( -1,  -1,   0)  0.0764   (-5.382, -2.307,  2.096)  6.220 
J_iso:  0.0764 
[Testing!] DMI: ( 0.0000 -0.0000 -0.0000)
[Testing!]J_ani:
[[-0.005 -0.     0.001]
 [-0.    -0.002 -0.001]
 [ 0.001 -0.001 -0.007]]
----------------------------------------------------------------------------------------
   Cr2   Cr1   (  1,   1,   0)  0.0764   ( 5.382,  2.307, -2.096)  6.220 
J_iso:  0.0764 
[Testing!] DMI: (-0.0000  0.0000  0.0000)
[Testing!]J_ani:
[[-0.005 -0.     0.001]
 [-0.    -0.002 -0.001]
 [ 0.001 -0.001 -0.007]]
----------------------------------------------------------------------------------------
   Cr1   Cr2   (  2,  -1,   0)  0.0764   ( 5.382, -2.307,  2.096)  6.220 
J_iso:  0.0764 
[Testing!] DMI: ( 0.0000 -0.0000  0.0000)
[Testing!]J_ani:
[[-0.005  0.    -0.001]
 [ 0.    -0.002 -0.001]
 [-0.001 -0.001 -0.007]]
----------------------------------------------------------------------------------------
   Cr1   Cr2   (  2,   0,   0)  0.0764   ( 5.382,  2.307,  2.096)  6.220 
J_iso:  0.0764 
[Testing!] DMI: (-0.0000  0.0000 -0.0000)
[Testing!]J_ani:
[[-0.005 -0.    -0.001]
 [-0.    -0.002  0.001]
 [-0.001  0.001 -0.007]]
----------------------------------------------------------------------------------------
   Cr2   Cr1   ( -2,   0,   0)  0.0764   (-5.382, -2.307, -2.096)  6.220 
J_iso:  0.0764 
[Testing!] DMI: ( 0.0000 -0.0000  0.0000)
[Testing!]J_ani:
[[-0.005 -0.    -0.001]
 [-0.    -0.002  0.001]
 [-0.001  0.001 -0.007]]
----------------------------------------------------------------------------------------
   Cr1   Cr2   ( -1,   0,   0)  0.0764   (-5.382,  2.307,  2.096)  6.220 
J_iso:  0.0764 
[Testing!] DMI: (-0.0000  0.0000  0.0000)
[Testing!]J_ani:
[[-0.005  0.     0.001]
 [ 0.    -0.002  0.001]
 [ 0.001  0.001 -0.007]]
----------------------------------------------------------------------------------------
   Cr2   Cr1   (  1,   0,   0)  0.0764   ( 5.382, -2.307, -2.096)  6.220 
J_iso:  0.0764 
[Testing!] DMI: ( 0.0000 -0.0000 -0.0000)
[Testing!]J_ani:
[[-0.005  0.     0.001]
 [ 0.    -0.002  0.001]
 [ 0.001  0.001 -0.007]]
----------------------------------------------------------------------------------------
   Cr2   Cr2   (  2,   0,   0) -0.6530   ( 7.176,  0.000,  0.000)  7.176 
J_iso: -0.6530 
[Testing!] DMI: ( 0.0000  0.0055 -0.0000)
[Testing!]J_ani:
[[-0.004 -0.     0.   ]
 [-0.    -0.005 -0.   ]
 [ 0.    -0.    -0.005]]
----------------------------------------------------------------------------------------
   Cr1   Cr1   ( -2,   0,   0) -0.6525   (-7.176,  0.000,  0.000)  7.176 
J_iso: -0.6525 
[Testing!] DMI: (-0.0000  0.0053  0.0000)
[Testing!]J_ani:
[[-0.004 -0.    -0.   ]
 [-0.    -0.005 -0.   ]
 [-0.    -0.    -0.005]]
----------------------------------------------------------------------------------------
   Cr2   Cr2   ( -2,   0,   0) -0.6530   (-7.176,  0.000,  0.000)  7.176 
J_iso: -0.6530 
[Testing!] DMI: (-0.0000 -0.0055  0.0000)
[Testing!]J_ani:
[[-0.004 -0.     0.   ]
 [-0.    -0.005 -0.   ]
 [ 0.    -0.    -0.005]]
----------------------------------------------------------------------------------------
   Cr1   Cr1   (  2,   0,   0) -0.6525   ( 7.176,  0.000,  0.000)  7.176 
J_iso: -0.6525 
[Testing!] DMI: ( 0.0000 -0.0053 -0.0000)
[Testing!]J_ani:
[[-0.004 -0.    -0.   ]
 [-0.    -0.005 -0.   ]
 [-0.    -0.    -0.005]]
----------------------------------------------------------------------------------------
   Cr2   Cr1   ( -1,   2,   0)  0.6239   (-1.794,  6.922, -2.096)  7.452 
J_iso:  0.6239 
[Testing!] DMI: ( 0.0000 -0.0000 -0.0000)
[Testing!]J_ani:
[[-0.001  0.    -0.   ]
 [ 0.    -0.002  0.   ]
 [-0.     0.    -0.001]]
----------------------------------------------------------------------------------------
   Cr1   Cr2   (  0,  -2,   0)  0.6239   (-1.794, -6.922,  2.096)  7.452 
J_iso:  0.6239 
[Testing!] DMI: (-0.0000  0.0000 -0.0000)
[Testing!]J_ani:
[[-0.001 -0.     0.   ]
 [-0.    -0.002  0.   ]
 [ 0.     0.    -0.001]]
----------------------------------------------------------------------------------------
   Cr2   Cr1   (  0,   2,   0)  0.6239   ( 1.794,  6.922, -2.096)  7.452 
J_iso:  0.6239 
[Testing!] DMI: ( 0.0000 -0.0000  0.0000)
[Testing!]J_ani:
[[-0.001 -0.     0.   ]
 [-0.    -0.002  0.   ]
 [ 0.     0.    -0.001]]
----------------------------------------------------------------------------------------
   Cr1   Cr2   (  1,  -2,   0)  0.6239   ( 1.794, -6.922,  2.096)  7.452 
J_iso:  0.6239 
[Testing!] DMI: (-0.0000  0.0000  0.0000)
[Testing!]J_ani:
[[-0.001  0.    -0.   ]
 [ 0.    -0.002  0.   ]
 [-0.     0.    -0.001]]
----------------------------------------------------------------------------------------
   Cr2   Cr1   ( -1,  -1,   0)  0.6240   (-1.794, -6.922, -2.096)  7.452 
J_iso:  0.6240 
[Testing!] DMI: (-0.0000  0.0000  0.0000)
[Testing!]J_ani:
[[-0.001 -0.    -0.   ]
 [-0.    -0.002 -0.   ]
 [-0.    -0.    -0.001]]
----------------------------------------------------------------------------------------
   Cr2   Cr1   (  0,  -1,   0)  0.6240   ( 1.794, -6.922, -2.096)  7.452 
J_iso:  0.6240 
[Testing!] DMI: (-0.0000 -0.0000 -0.0000)
[Testing!]J_ani:
[[-0.001  0.     0.   ]
 [ 0.    -0.002 -0.   ]
 [ 0.    -0.    -0.001]]
----------------------------------------------------------------------------------------
   Cr1   Cr2   (  0,   1,   0)  0.6240   (-1.794,  6.922,  2.096)  7.452 
J_iso:  0.6240 
[Testing!] DMI: ( 0.0000  0.0000  0.0000)
[Testing!]J_ani:
[[-0.001  0.     0.   ]
 [ 0.    -0.002 -0.   ]
 [ 0.    -0.    -0.001]]
----------------------------------------------------------------------------------------
   Cr1   Cr2   (  1,   1,   0)  0.6240   ( 1.794,  6.922,  2.096)  7.452 
J_iso:  0.6240 
[Testing!] DMI: ( 0.0000 -0.0000 -0.0000)
[Testing!]J_ani:
[[-0.001 -0.    -0.   ]
 [-0.    -0.002 -0.   ]
 [-0.    -0.    -0.001]]
----------------------------------------------------------------------------------------
   Cr1   Cr1   ( -2,  -1,   0)  0.0045   (-7.176, -4.615,  0.000)  8.532 
J_iso:  0.0045 
[Testing!] DMI: ( 0.0009 -0.0016  0.0000)
[Testing!]J_ani:
[[-0.001 -0.    -0.   ]
 [-0.    -0.001 -0.   ]
 [-0.    -0.    -0.001]]
----------------------------------------------------------------------------------------
   Cr2   Cr2   ( -2,  -1,   0)  0.0045   (-7.176, -4.615,  0.000)  8.532 
J_iso:  0.0045 
[Testing!] DMI: (-0.0009  0.0015 -0.0000)
[Testing!]J_ani:
[[-0.001 -0.    -0.   ]
 [-0.    -0.001 -0.   ]
 [-0.    -0.    -0.001]]
----------------------------------------------------------------------------------------
   Cr1   Cr1   ( -2,   1,   0)  0.0045   (-7.176,  4.615,  0.000)  8.532 
J_iso:  0.0045 
[Testing!] DMI: (-0.0009 -0.0016 -0.0000)
[Testing!]J_ani:
[[-0.001  0.    -0.   ]
 [ 0.    -0.001 -0.   ]
 [-0.    -0.    -0.001]]
----------------------------------------------------------------------------------------
   Cr2   Cr2   ( -2,   1,   0)  0.0045   (-7.176,  4.615,  0.000)  8.532 
J_iso:  0.0045 
[Testing!] DMI: ( 0.0009  0.0015  0.0000)
[Testing!]J_ani:
[[-0.001  0.    -0.   ]
 [ 0.    -0.001 -0.   ]
 [-0.    -0.    -0.001]]
----------------------------------------------------------------------------------------
   Cr1   Cr1   (  2,  -1,   0)  0.0045   ( 7.176, -4.615,  0.000)  8.532 
J_iso:  0.0045 
[Testing!] DMI: ( 0.0009  0.0016  0.0000)
[Testing!]J_ani:
[[-0.001  0.    -0.   ]
 [ 0.    -0.001 -0.   ]
 [-0.    -0.    -0.001]]
----------------------------------------------------------------------------------------
   Cr2   Cr2   (  2,  -1,   0)  0.0045   ( 7.176, -4.615,  0.000)  8.532 
J_iso:  0.0045 
[Testing!] DMI: (-0.0009 -0.0015 -0.0000)
[Testing!]J_ani:
[[-0.001  0.    -0.   ]
 [ 0.    -0.001 -0.   ]
 [-0.    -0.    -0.001]]
----------------------------------------------------------------------------------------
   Cr1   Cr1   (  2,   1,   0)  0.0045   ( 7.176,  4.615,  0.000)  8.532 
J_iso:  0.0045 
[Testing!] DMI: (-0.0009  0.0016 -0.0000)
[Testing!]J_ani:
[[-0.001 -0.    -0.   ]
 [-0.    -0.001 -0.   ]
 [-0.    -0.    -0.001]]
----------------------------------------------------------------------------------------
   Cr2   Cr2   (  2,   1,   0)  0.0045   ( 7.176,  4.615,  0.000)  8.532 
J_iso:  0.0045 
[Testing!] DMI: ( 0.0009 -0.0015  0.0000)
[Testing!]J_ani:
[[-0.001 -0.    -0.   ]
 [-0.    -0.001 -0.   ]
 [-0.    -0.    -0.001]]
----------------------------------------------------------------------------------------
   Cr1   Cr2   ( -1,  -2,   0)  0.0037   (-5.382, -6.922,  2.096)  9.016 
J_iso:  0.0037 
[Testing!] DMI: ( 0.0000 -0.0000 -0.0000)
[Testing!]J_ani:
[[-0.001 -0.    -0.   ]
 [-0.    -0.001 -0.   ]
 [-0.    -0.    -0.001]]
----------------------------------------------------------------------------------------
   Cr2   Cr1   (  1,   2,   0)  0.0037   ( 5.382,  6.922, -2.096)  9.016 
J_iso:  0.0037 
[Testing!] DMI: (-0.0000  0.0000  0.0000)
[Testing!]J_ani:
[[-0.001 -0.    -0.   ]
 [-0.    -0.001 -0.   ]
 [-0.    -0.    -0.001]]
----------------------------------------------------------------------------------------
   Cr1   Cr2   (  2,  -2,   0)  0.0037   ( 5.382, -6.922,  2.096)  9.016 
J_iso:  0.0037 
[Testing!] DMI: ( 0.0000  0.0000  0.0000)
[Testing!]J_ani:
[[-0.001  0.     0.   ]
 [ 0.    -0.001 -0.   ]
 [ 0.    -0.    -0.001]]
----------------------------------------------------------------------------------------
   Cr2   Cr1   ( -2,   2,   0)  0.0037   (-5.382,  6.922, -2.096)  9.016 
J_iso:  0.0037 
[Testing!] DMI: (-0.0000 -0.0000 -0.0000)
[Testing!]J_ani:
[[-0.001  0.     0.   ]
 [ 0.    -0.001 -0.   ]
 [ 0.    -0.    -0.001]]
----------------------------------------------------------------------------------------
   Cr2   Cr1   ( -2,  -1,   0)  0.0037   (-5.382, -6.922, -2.096)  9.016 
J_iso:  0.0037 
[Testing!] DMI: ( 0.0000 -0.0000  0.0000)
[Testing!]J_ani:
[[-0.001 -0.     0.   ]
 [-0.    -0.001  0.   ]
 [ 0.     0.    -0.001]]
----------------------------------------------------------------------------------------
   Cr1   Cr2   ( -1,   1,   0)  0.0037   (-5.382,  6.922,  2.096)  9.016 
J_iso:  0.0037 
[Testing!] DMI: (-0.0000 -0.0000  0.0000)
[Testing!]J_ani:
[[-0.001  0.    -0.   ]
 [ 0.    -0.001  0.   ]
 [-0.     0.    -0.001]]
----------------------------------------------------------------------------------------
   Cr2   Cr1   (  1,  -1,   0)  0.0037   ( 5.382, -6.922, -2.096)  9.016 
J_iso:  0.0037 
[Testing!] DMI: ( 0.0000  0.0000 -0.0000)
[Testing!]J_ani:
[[-0.001  0.    -0.   ]
 [ 0.    -0.001  0.   ]
 [-0.     0.    -0.001]]
----------------------------------------------------------------------------------------
   Cr1   Cr2   (  2,   1,   0)  0.0037   ( 5.382,  6.922,  2.096)  9.016 
J_iso:  0.0037 
[Testing!] DMI: (-0.0000  0.0000 -0.0000)
[Testing!]J_ani:
[[-0.001 -0.     0.   ]
 [-0.    -0.001  0.   ]
 [ 0.     0.    -0.001]]
----------------------------------------------------------------------------------------
   Cr2   Cr2   (  0,   2,   0)  0.1809   ( 0.000,  9.230,  0.000)  9.230 
J_iso:  0.1809 
[Testing!] DMI: ( 0.0262 -0.0000  0.0000)
[Testing!]J_ani:
[[-0.001 -0.    -0.   ]
 [-0.    -0.     0.   ]
 [-0.     0.    -0.001]]
----------------------------------------------------------------------------------------
   Cr1   Cr1   (  0,  -2,   0)  0.1811   ( 0.000, -9.230,  0.000)  9.230 
J_iso:  0.1811 
[Testing!] DMI: ( 0.0263 -0.0000 -0.0000)
[Testing!]J_ani:
[[-0.001  0.     0.   ]
 [ 0.    -0.     0.   ]
 [ 0.     0.    -0.001]]
----------------------------------------------------------------------------------------
   Cr2   Cr2   (  0,  -2,   0)  0.1809   ( 0.000, -9.230,  0.000)  9.230 
J_iso:  0.1809 
[Testing!] DMI: (-0.0262  0.0000 -0.0000)
[Testing!]J_ani:
[[-0.001 -0.    -0.   ]
 [-0.    -0.     0.   ]
 [-0.     0.    -0.001]]
----------------------------------------------------------------------------------------
   Cr1   Cr1   (  0,   2,   0)  0.1811   ( 0.000,  9.230,  0.000)  9.230 
J_iso:  0.1811 
[Testing!] DMI: (-0.0263  0.0000  0.0000)
[Testing!]J_ani:
[[-0.001  0.     0.   ]
 [ 0.    -0.     0.   ]
 [ 0.     0.    -0.001]]
----------------------------------------------------------------------------------------
   Cr1   Cr2   ( -2,  -1,   0) -0.0047   (-8.970, -2.307,  2.096)  9.496 
J_iso: -0.0047 
[Testing!] DMI: ( 0.0000 -0.0000  0.0000)
[Testing!]J_ani:
[[-0.    -0.    -0.   ]
 [-0.    -0.001 -0.   ]
 [-0.    -0.    -0.001]]
----------------------------------------------------------------------------------------
   Cr1   Cr2   ( -2,   0,   0) -0.0047   (-8.970,  2.307,  2.096)  9.496 
J_iso: -0.0047 
[Testing!] DMI: (-0.0000 -0.0000 -0.0000)
[Testing!]J_ani:
[[-0.     0.    -0.   ]
 [ 0.    -0.001  0.   ]
 [-0.     0.    -0.001]]
----------------------------------------------------------------------------------------
   Cr2   Cr1   (  2,   0,   0) -0.0047   ( 8.970, -2.307, -2.096)  9.496 
J_iso: -0.0047 
[Testing!] DMI: ( 0.0000  0.0000  0.0000)
[Testing!]J_ani:
[[-0.     0.    -0.   ]
 [ 0.    -0.001  0.   ]
 [-0.     0.    -0.001]]
----------------------------------------------------------------------------------------
   Cr2   Cr1   (  2,   1,   0) -0.0047   ( 8.970,  2.307, -2.096)  9.496 
J_iso: -0.0047 
[Testing!] DMI: (-0.0000  0.0000 -0.0000)
[Testing!]J_ani:
[[-0.    -0.    -0.   ]
 [-0.    -0.001 -0.   ]
 [-0.    -0.    -0.001]]
----------------------------------------------------------------------------------------
   Cr1   Cr2   (  3,  -1,   0) -0.0047   ( 8.970, -2.307,  2.096)  9.496 
J_iso: -0.0047 
[Testing!] DMI: ( 0.0000  0.0000 -0.0000)
[Testing!]J_ani:
[[-0.     0.     0.   ]
 [ 0.    -0.001 -0.   ]
 [ 0.    -0.    -0.001]]
----------------------------------------------------------------------------------------
   Cr1   Cr2   (  3,   0,   0) -0.0047   ( 8.970,  2.307,  2.096)  9.496 
J_iso: -0.0047 
[Testing!] DMI: (-0.0000  0.0000  0.0000)
[Testing!]J_ani:
[[-0.    -0.     0.   ]
 [-0.    -0.001  0.   ]
 [ 0.     0.    -0.001]]
----------------------------------------------------------------------------------------
   Cr2   Cr1   ( -3,   0,   0) -0.0047   (-8.970, -2.307, -2.096)  9.496 
J_iso: -0.0047 
[Testing!] DMI: ( 0.0000 -0.0000 -0.0000)
[Testing!]J_ani:
[[-0.    -0.     0.   ]
 [-0.    -0.001  0.   ]
 [ 0.     0.    -0.001]]
----------------------------------------------------------------------------------------
   Cr2   Cr1   ( -3,   1,   0) -0.0047   (-8.970,  2.307, -2.096)  9.496 
J_iso: -0.0047 
[Testing!] DMI: (-0.0000 -0.0000  0.0000)
[Testing!]J_ani:
[[-0.     0.     0.   ]
 [ 0.    -0.001 -0.   ]
 [ 0.    -0.    -0.001]]
----------------------------------------------------------------------------------------
   Cr2   Cr2   ( -1,   2,   0)  0.0182   (-3.588,  9.230,  0.000)  9.903 
J_iso:  0.0182 
[Testing!] DMI: (-0.0041 -0.0004 -0.0000)
[Testing!]J_ani:
[[-0.001 -0.    -0.   ]
 [-0.    -0.001 -0.   ]
 [-0.    -0.    -0.001]]
----------------------------------------------------------------------------------------
   Cr2   Cr2   (  1,   2,   0)  0.0182   ( 3.588,  9.230,  0.000)  9.903 
J_iso:  0.0182 
[Testing!] DMI: (-0.0041  0.0004 -0.0000)
[Testing!]J_ani:
[[-0.001  0.    -0.   ]
 [ 0.    -0.001  0.   ]
 [-0.     0.    -0.001]]
----------------------------------------------------------------------------------------
   Cr1   Cr1   ( -1,  -2,   0)  0.0183   (-3.588, -9.230,  0.000)  9.903 
J_iso:  0.0183 
[Testing!] DMI: (-0.0041  0.0004 -0.0000)
[Testing!]J_ani:
[[-0.001  0.    -0.   ]
 [ 0.    -0.001 -0.   ]
 [-0.    -0.    -0.001]]
----------------------------------------------------------------------------------------
   Cr2   Cr2   ( -1,  -2,   0)  0.0182   (-3.588, -9.230,  0.000)  9.903 
J_iso:  0.0182 
[Testing!] DMI: ( 0.0041 -0.0004  0.0000)
[Testing!]J_ani:
[[-0.001  0.    -0.   ]
 [ 0.    -0.001  0.   ]
 [-0.     0.    -0.001]]
----------------------------------------------------------------------------------------
   Cr1   Cr1   ( -1,   2,   0)  0.0183   (-3.588,  9.230,  0.000)  9.903 
J_iso:  0.0183 
[Testing!] DMI: ( 0.0041  0.0004  0.0000)
[Testing!]J_ani:
[[-0.001 -0.     0.   ]
 [-0.    -0.001 -0.   ]
 [ 0.    -0.    -0.001]]
----------------------------------------------------------------------------------------
   Cr1   Cr1   (  1,  -2,   0)  0.0183   ( 3.588, -9.230,  0.000)  9.903 
J_iso:  0.0183 
[Testing!] DMI: (-0.0041 -0.0004 -0.0000)
[Testing!]J_ani:
[[-0.001 -0.     0.   ]
 [-0.    -0.001 -0.   ]
 [ 0.    -0.    -0.001]]
----------------------------------------------------------------------------------------
   Cr2   Cr2   (  1,  -2,   0)  0.0182   ( 3.588, -9.230,  0.000)  9.903 
J_iso:  0.0182 
[Testing!] DMI: ( 0.0041  0.0004  0.0000)
[Testing!]J_ani:
[[-0.001 -0.    -0.   ]
 [-0.    -0.001 -0.   ]
 [-0.    -0.    -0.001]]
----------------------------------------------------------------------------------------
   Cr1   Cr1   (  1,   2,   0)  0.0183   ( 3.588,  9.230,  0.000)  9.903 
J_iso:  0.0183 
[Testing!] DMI: ( 0.0041 -0.0004  0.0000)
[Testing!]J_ani:
[[-0.001  0.    -0.   ]
 [ 0.    -0.001 -0.   ]
 [-0.    -0.    -0.001]]
