==========================================================================================
Information: 
Exchange parameters generated by TB2J 0.7.2.1
Generation time: 22/06/09 19:29:47
 Input from non-collinear Wannier90 data.
 Tight binding data from .//102.3/102.3.z. 
 Prefix of wannier function files:crsbr.102.z.3.
Warning: Please check if the noise level of Wannier function Hamiltonian to make sure it is much smaller than the exchange values.
 The DMI component parallel to the spin orientation, the Jani which has the component of that orientation should be disregarded
 e.g. if the spins are along z, the xz, yz, zz, zx, zy components and the z component of DMI.
 If you need these component, try to do three calculations with spin along x, y, z,  or use structure with z rotated to x, y and z. And then use TB2J_merge.py to get the full set of parameters.


Merged from TB2J results in paths: 
  .//102.3/102.3.x
  .//102.3/102.3.y
  .//102.3/102.3.z
, which are from DFT data with spin along x, y, z orientation

==========================================================================================
Cell (Angstrom):
 3.588   0.000   0.000
 0.000   4.903   0.000
 0.000   0.000  23.571

==========================================================================================
Atoms:  
(Note: charge and magmoms only count the wannier functions.)
Atom_number      x         y         z     w_charge    M(x)      M(y)      M(z)   
Br1             0.8970    1.2258   -0.0668    5.6152   -0.0000    0.0000   -0.0553
Cr1             2.6910    1.2258    1.7371    4.3404   -0.0000   -0.0000    3.3065
S1              2.6910    3.6775    2.2030    5.0425   -0.0000   -0.0000   -0.2510
Br2             2.6910    3.6775    5.6376    5.6158    0.0000    0.0000   -0.0550
Cr2             0.8970    3.6775    3.8336    4.3418   -0.0000   -0.0000    3.3072
S2              0.8970    1.2258    3.3678    5.0435    0.0000   -0.0000   -0.2507
Total                                        29.9992   -0.0000    0.0000    6.0018

==========================================================================================
Orbitals used in decomposition: 
The name of the orbitals for the decomposition: 
Cr1 : ['orb_1', 'orb_2', 'orb_3', 'orb_4', 'orb_5', 'orb_6', 'orb_7', 'orb_8', 'orb_9', 'orb_10']
Cr2 : ['orb_1', 'orb_2', 'orb_3', 'orb_4', 'orb_5', 'orb_6', 'orb_7', 'orb_8', 'orb_9', 'orb_10']

==========================================================================================
Exchange: 
    i      j          R        J_iso(meV)          vector          distance(A) 
----------------------------------------------------------------------------------------
   Cr1   Cr1   ( -1,   0,   0)  3.6159   (-3.588,  0.000,  0.000)  3.588 
J_iso:  3.6159 
[Testing!] DMI: ( 0.0000 -0.0174  0.0000)
[Testing!]J_ani:
[[-0.033  0.     0.   ]
 [ 0.    -0.053 -0.   ]
 [ 0.    -0.    -0.028]]
----------------------------------------------------------------------------------------
   Cr2   Cr2   ( -1,   0,   0)  3.6258   (-3.588,  0.000,  0.000)  3.588 
J_iso:  3.6258 
[Testing!] DMI: (-0.0000  0.0176 -0.0000)
[Testing!]J_ani:
[[-0.032  0.    -0.   ]
 [ 0.    -0.053 -0.   ]
 [-0.    -0.    -0.028]]
----------------------------------------------------------------------------------------
   Cr2   Cr2   (  1,   0,   0)  3.6258   ( 3.588,  0.000,  0.000)  3.588 
J_iso:  3.6258 
[Testing!] DMI: ( 0.0000 -0.0176  0.0000)
[Testing!]J_ani:
[[-0.032  0.    -0.   ]
 [ 0.    -0.053 -0.   ]
 [-0.    -0.    -0.028]]
----------------------------------------------------------------------------------------
   Cr1   Cr1   (  1,   0,   0)  3.6159   ( 3.588,  0.000,  0.000)  3.588 
J_iso:  3.6159 
[Testing!] DMI: (-0.0000  0.0174 -0.0000)
[Testing!]J_ani:
[[-0.033  0.     0.   ]
 [ 0.    -0.053 -0.   ]
 [ 0.    -0.    -0.028]]
----------------------------------------------------------------------------------------
   Cr2   Cr1   ( -1,   0,   0)  2.7157   (-1.794, -2.452, -2.096)  3.691 
J_iso:  2.7157 
[Testing!] DMI: (-0.0001  0.0000  0.0001)
[Testing!]J_ani:
[[-0.009  0.    -0.004]
 [ 0.    -0.012 -0.   ]
 [-0.004 -0.    -0.007]]
----------------------------------------------------------------------------------------
   Cr1   Cr2   (  0,   0,   0)  2.7157   (-1.794,  2.452,  2.096)  3.691 
J_iso:  2.7157 
[Testing!] DMI: ( 0.0001  0.0000  0.0001)
[Testing!]J_ani:
[[-0.009 -0.     0.004]
 [-0.    -0.012 -0.   ]
 [ 0.004 -0.    -0.007]]
----------------------------------------------------------------------------------------
   Cr2   Cr1   (  0,   0,   0)  2.7157   ( 1.794, -2.452, -2.096)  3.691 
J_iso:  2.7157 
[Testing!] DMI: (-0.0001 -0.0000 -0.0001)
[Testing!]J_ani:
[[-0.009 -0.     0.004]
 [-0.    -0.012 -0.   ]
 [ 0.004 -0.    -0.007]]
----------------------------------------------------------------------------------------
   Cr1   Cr2   (  1,   0,   0)  2.7157   ( 1.794,  2.452,  2.096)  3.691 
J_iso:  2.7157 
[Testing!] DMI: ( 0.0001 -0.0000 -0.0001)
[Testing!]J_ani:
[[-0.009  0.    -0.004]
 [ 0.    -0.012 -0.   ]
 [-0.004 -0.    -0.007]]
----------------------------------------------------------------------------------------
   Cr2   Cr1   ( -1,   1,   0)  2.7156   (-1.794,  2.452, -2.096)  3.691 
J_iso:  2.7156 
[Testing!] DMI: ( 0.0001  0.0000 -0.0001)
[Testing!]J_ani:
[[-0.009 -0.    -0.004]
 [-0.    -0.012  0.   ]
 [-0.004  0.    -0.007]]
----------------------------------------------------------------------------------------
   Cr1   Cr2   (  1,  -1,   0)  2.7156   ( 1.794, -2.452,  2.096)  3.691 
J_iso:  2.7156 
[Testing!] DMI: (-0.0001 -0.0000  0.0001)
[Testing!]J_ani:
[[-0.009 -0.    -0.004]
 [-0.    -0.012  0.   ]
 [-0.004  0.    -0.007]]
----------------------------------------------------------------------------------------
   Cr1   Cr2   (  0,  -1,   0)  2.7155   (-1.794, -2.452,  2.096)  3.691 
J_iso:  2.7155 
[Testing!] DMI: (-0.0001  0.0001 -0.0001)
[Testing!]J_ani:
[[-0.009  0.     0.004]
 [ 0.    -0.012  0.   ]
 [ 0.004  0.    -0.007]]
----------------------------------------------------------------------------------------
   Cr2   Cr1   (  0,   1,   0)  2.7155   ( 1.794,  2.452, -2.096)  3.691 
J_iso:  2.7155 
[Testing!] DMI: ( 0.0001 -0.0001  0.0001)
[Testing!]J_ani:
[[-0.009  0.     0.004]
 [ 0.    -0.012  0.   ]
 [ 0.004  0.    -0.007]]
----------------------------------------------------------------------------------------
   Cr1   Cr1   (  0,  -1,   0)  3.2050   ( 0.000, -4.903,  0.000)  4.903 
J_iso:  3.2050 
[Testing!] DMI: ( 0.0613 -0.0000  0.0000)
[Testing!]J_ani:
[[-0.015  0.    -0.   ]
 [ 0.    -0.003  0.   ]
 [-0.     0.    -0.007]]
----------------------------------------------------------------------------------------
   Cr2   Cr2   (  0,  -1,   0)  3.1893   ( 0.000, -4.903,  0.000)  4.903 
J_iso:  3.1893 
[Testing!] DMI: (-0.0610  0.0000 -0.0000)
[Testing!]J_ani:
[[-0.015  0.    -0.   ]
 [ 0.    -0.003  0.   ]
 [-0.     0.    -0.007]]
----------------------------------------------------------------------------------------
   Cr1   Cr1   (  0,   1,   0)  3.2050   ( 0.000,  4.903,  0.000)  4.903 
J_iso:  3.2050 
[Testing!] DMI: (-0.0613  0.0000 -0.0000)
[Testing!]J_ani:
[[-0.015  0.    -0.   ]
 [ 0.    -0.003  0.   ]
 [-0.     0.    -0.007]]
----------------------------------------------------------------------------------------
   Cr2   Cr2   (  0,   1,   0)  3.1893   ( 0.000,  4.903,  0.000)  4.903 
J_iso:  3.1893 
[Testing!] DMI: ( 0.0610 -0.0000  0.0000)
[Testing!]J_ani:
[[-0.015  0.    -0.   ]
 [ 0.    -0.003  0.   ]
 [-0.     0.    -0.007]]
----------------------------------------------------------------------------------------
   Cr1   Cr1   ( -1,  -1,   0)  0.0063   (-3.588, -4.903,  0.000)  6.076 
J_iso:  0.0063 
[Testing!] DMI: (-0.0236 -0.0187  0.0000)
[Testing!]J_ani:
[[-0.008 -0.     0.   ]
 [-0.    -0.006 -0.   ]
 [ 0.    -0.    -0.005]]
----------------------------------------------------------------------------------------
   Cr2   Cr2   ( -1,  -1,   0)  0.0059   (-3.588, -4.903,  0.000)  6.076 
J_iso:  0.0059 
[Testing!] DMI: ( 0.0234  0.0187 -0.0000)
[Testing!]J_ani:
[[-0.008 -0.     0.   ]
 [-0.    -0.006 -0.   ]
 [ 0.    -0.    -0.005]]
----------------------------------------------------------------------------------------
   Cr1   Cr1   ( -1,   1,   0)  0.0063   (-3.588,  4.903,  0.000)  6.076 
J_iso:  0.0063 
[Testing!] DMI: ( 0.0236 -0.0187  0.0000)
[Testing!]J_ani:
[[-0.008  0.    -0.   ]
 [ 0.    -0.006 -0.   ]
 [-0.    -0.    -0.005]]
----------------------------------------------------------------------------------------
   Cr2   Cr2   ( -1,   1,   0)  0.0059   (-3.588,  4.903,  0.000)  6.076 
J_iso:  0.0059 
[Testing!] DMI: (-0.0234  0.0187 -0.0000)
[Testing!]J_ani:
[[-0.008  0.     0.   ]
 [ 0.    -0.006 -0.   ]
 [ 0.    -0.    -0.005]]
----------------------------------------------------------------------------------------
   Cr1   Cr1   (  1,  -1,   0)  0.0063   ( 3.588, -4.903,  0.000)  6.076 
J_iso:  0.0063 
[Testing!] DMI: (-0.0236  0.0187 -0.0000)
[Testing!]J_ani:
[[-0.008  0.    -0.   ]
 [ 0.    -0.006 -0.   ]
 [-0.    -0.    -0.005]]
----------------------------------------------------------------------------------------
   Cr2   Cr2   (  1,  -1,   0)  0.0059   ( 3.588, -4.903,  0.000)  6.076 
J_iso:  0.0059 
[Testing!] DMI: ( 0.0234 -0.0187  0.0000)
[Testing!]J_ani:
[[-0.008  0.     0.   ]
 [ 0.    -0.006 -0.   ]
 [ 0.    -0.    -0.005]]
----------------------------------------------------------------------------------------
   Cr1   Cr1   (  1,   1,   0)  0.0063   ( 3.588,  4.903,  0.000)  6.076 
J_iso:  0.0063 
[Testing!] DMI: ( 0.0236  0.0187 -0.0000)
[Testing!]J_ani:
[[-0.008 -0.     0.   ]
 [-0.    -0.006 -0.   ]
 [ 0.    -0.    -0.005]]
----------------------------------------------------------------------------------------
   Cr2   Cr2   (  1,   1,   0)  0.0059   ( 3.588,  4.903,  0.000)  6.076 
J_iso:  0.0059 
[Testing!] DMI: (-0.0234 -0.0187  0.0000)
[Testing!]J_ani:
[[-0.008 -0.     0.   ]
 [-0.    -0.006 -0.   ]
 [ 0.    -0.    -0.005]]
----------------------------------------------------------------------------------------
   Cr2   Cr1   ( -2,   0,   0)  0.1263   (-5.382, -2.452, -2.096)  6.275 
J_iso:  0.1263 
[Testing!] DMI: (-0.0000 -0.0000  0.0000)
[Testing!]J_ani:
[[-0.005 -0.    -0.001]
 [-0.    -0.002  0.   ]
 [-0.001  0.    -0.006]]
----------------------------------------------------------------------------------------
   Cr1   Cr2   ( -1,   0,   0)  0.1264   (-5.382,  2.452,  2.096)  6.275 
J_iso:  0.1264 
[Testing!] DMI: ( 0.0000 -0.0000  0.0000)
[Testing!]J_ani:
[[-0.005  0.     0.001]
 [ 0.    -0.002  0.   ]
 [ 0.001  0.    -0.006]]
----------------------------------------------------------------------------------------
   Cr2   Cr1   (  1,   0,   0)  0.1264   ( 5.382, -2.452, -2.096)  6.275 
J_iso:  0.1264 
[Testing!] DMI: (-0.0000  0.0000 -0.0000)
[Testing!]J_ani:
[[-0.005  0.     0.001]
 [ 0.    -0.002  0.   ]
 [ 0.001  0.    -0.006]]
----------------------------------------------------------------------------------------
   Cr1   Cr2   (  2,  -1,   0)  0.1263   ( 5.382, -2.452,  2.096)  6.275 
J_iso:  0.1263 
[Testing!] DMI: (-0.0000  0.0000 -0.0000)
[Testing!]J_ani:
[[-0.005  0.    -0.001]
 [ 0.    -0.002 -0.   ]
 [-0.001 -0.    -0.006]]
----------------------------------------------------------------------------------------
   Cr1   Cr2   (  2,   0,   0)  0.1263   ( 5.382,  2.452,  2.096)  6.275 
J_iso:  0.1263 
[Testing!] DMI: ( 0.0000  0.0000 -0.0000)
[Testing!]J_ani:
[[-0.005 -0.    -0.001]
 [-0.    -0.002  0.   ]
 [-0.001  0.    -0.006]]
----------------------------------------------------------------------------------------
   Cr2   Cr1   ( -2,   1,   0)  0.1263   (-5.382,  2.452, -2.096)  6.275 
J_iso:  0.1263 
[Testing!] DMI: ( 0.0000 -0.0000  0.0000)
[Testing!]J_ani:
[[-0.005  0.    -0.001]
 [ 0.    -0.002 -0.   ]
 [-0.001 -0.    -0.006]]
----------------------------------------------------------------------------------------
   Cr1   Cr2   ( -1,  -1,   0)  0.1264   (-5.382, -2.452,  2.096)  6.275 
J_iso:  0.1264 
[Testing!] DMI: (-0.0000 -0.0000  0.0000)
[Testing!]J_ani:
[[-0.005 -0.     0.001]
 [-0.    -0.002 -0.   ]
 [ 0.001 -0.    -0.006]]
----------------------------------------------------------------------------------------
   Cr2   Cr1   (  1,   1,   0)  0.1264   ( 5.382,  2.452, -2.096)  6.275 
J_iso:  0.1264 
[Testing!] DMI: ( 0.0000  0.0000 -0.0000)
[Testing!]J_ani:
[[-0.005 -0.     0.001]
 [-0.    -0.002 -0.   ]
 [ 0.001 -0.    -0.006]]
----------------------------------------------------------------------------------------
   Cr2   Cr2   (  2,   0,   0) -0.7204   ( 7.176,  0.000,  0.000)  7.176 
J_iso: -0.7204 
[Testing!] DMI: (-0.0000  0.0061  0.0000)
[Testing!]J_ani:
[[-0.004 -0.    -0.   ]
 [-0.    -0.004  0.   ]
 [-0.     0.    -0.004]]
----------------------------------------------------------------------------------------
   Cr1   Cr1   ( -2,   0,   0) -0.7212   (-7.176,  0.000,  0.000)  7.176 
J_iso: -0.7212 
[Testing!] DMI: (-0.0000  0.0064  0.0000)
[Testing!]J_ani:
[[-0.004  0.    -0.   ]
 [ 0.    -0.004  0.   ]
 [-0.     0.    -0.004]]
----------------------------------------------------------------------------------------
   Cr2   Cr2   ( -2,   0,   0) -0.7204   (-7.176,  0.000,  0.000)  7.176 
J_iso: -0.7204 
[Testing!] DMI: ( 0.0000 -0.0061 -0.0000)
[Testing!]J_ani:
[[-0.004 -0.    -0.   ]
 [-0.    -0.004  0.   ]
 [-0.     0.    -0.004]]
----------------------------------------------------------------------------------------
   Cr1   Cr1   (  2,   0,   0) -0.7212   ( 7.176,  0.000,  0.000)  7.176 
J_iso: -0.7212 
[Testing!] DMI: ( 0.0000 -0.0064 -0.0000)
[Testing!]J_ani:
[[-0.004  0.    -0.   ]
 [ 0.    -0.004  0.   ]
 [-0.     0.    -0.004]]
----------------------------------------------------------------------------------------
   Cr2   Cr1   ( -1,  -1,   0)  0.5296   (-1.794, -7.355, -2.096)  7.856 
J_iso:  0.5296 
[Testing!] DMI: ( 0.0000  0.0000 -0.0000)
[Testing!]J_ani:
[[-0.002 -0.    -0.   ]
 [-0.    -0.002 -0.   ]
 [-0.    -0.    -0.001]]
----------------------------------------------------------------------------------------
   Cr2   Cr1   (  0,  -1,   0)  0.5296   ( 1.794, -7.355, -2.096)  7.856 
J_iso:  0.5296 
[Testing!] DMI: ( 0.0000 -0.0000  0.0000)
[Testing!]J_ani:
[[-0.002  0.     0.   ]
 [ 0.    -0.002 -0.   ]
 [ 0.    -0.    -0.001]]
----------------------------------------------------------------------------------------
   Cr1   Cr2   (  0,   1,   0)  0.5296   (-1.794,  7.355,  2.096)  7.856 
J_iso:  0.5296 
[Testing!] DMI: (-0.0000  0.0000 -0.0000)
[Testing!]J_ani:
[[-0.002  0.     0.   ]
 [ 0.    -0.002 -0.   ]
 [ 0.    -0.    -0.001]]
----------------------------------------------------------------------------------------
   Cr1   Cr2   (  1,   1,   0)  0.5296   ( 1.794,  7.355,  2.096)  7.856 
J_iso:  0.5296 
[Testing!] DMI: (-0.0000 -0.0000  0.0000)
[Testing!]J_ani:
[[-0.002 -0.    -0.   ]
 [-0.    -0.002 -0.   ]
 [-0.    -0.    -0.001]]
----------------------------------------------------------------------------------------
   Cr1   Cr2   (  0,  -2,   0)  0.5296   (-1.794, -7.355,  2.096)  7.856 
J_iso:  0.5296 
[Testing!] DMI: ( 0.0000  0.0000  0.0000)
[Testing!]J_ani:
[[-0.002 -0.     0.   ]
 [-0.    -0.002  0.   ]
 [ 0.     0.    -0.001]]
----------------------------------------------------------------------------------------
   Cr2   Cr1   (  0,   2,   0)  0.5296   ( 1.794,  7.355, -2.096)  7.856 
J_iso:  0.5296 
[Testing!] DMI: (-0.0000 -0.0000 -0.0000)
[Testing!]J_ani:
[[-0.002 -0.     0.   ]
 [-0.    -0.002  0.   ]
 [ 0.     0.    -0.001]]
----------------------------------------------------------------------------------------
   Cr1   Cr2   (  1,  -2,   0)  0.5297   ( 1.794, -7.355,  2.096)  7.856 
J_iso:  0.5297 
[Testing!] DMI: ( 0.0000 -0.0000 -0.0000)
[Testing!]J_ani:
[[-0.002  0.    -0.   ]
 [ 0.    -0.002  0.   ]
 [-0.     0.    -0.001]]
----------------------------------------------------------------------------------------
   Cr2   Cr1   ( -1,   2,   0)  0.5297   (-1.794,  7.355, -2.096)  7.856 
J_iso:  0.5297 
[Testing!] DMI: (-0.0000  0.0000  0.0000)
[Testing!]J_ani:
[[-0.002  0.    -0.   ]
 [ 0.    -0.002  0.   ]
 [-0.     0.    -0.001]]
----------------------------------------------------------------------------------------
   Cr1   Cr1   ( -2,  -1,   0)  0.0064   (-7.176, -4.903,  0.000)  8.691 
J_iso:  0.0064 
[Testing!] DMI: ( 0.0003 -0.0008  0.0000)
[Testing!]J_ani:
[[-0.001 -0.    -0.   ]
 [-0.    -0.001  0.   ]
 [-0.     0.    -0.001]]
----------------------------------------------------------------------------------------
   Cr2   Cr2   ( -2,  -1,   0)  0.0064   (-7.176, -4.903,  0.000)  8.691 
J_iso:  0.0064 
[Testing!] DMI: (-0.0004  0.0008 -0.0000)
[Testing!]J_ani:
[[-0.001 -0.     0.   ]
 [-0.    -0.001 -0.   ]
 [ 0.    -0.    -0.001]]
----------------------------------------------------------------------------------------
   Cr1   Cr1   ( -2,   1,   0)  0.0064   (-7.176,  4.903,  0.000)  8.691 
J_iso:  0.0064 
[Testing!] DMI: (-0.0003 -0.0008 -0.0000)
[Testing!]J_ani:
[[-0.001  0.     0.   ]
 [ 0.    -0.001  0.   ]
 [ 0.     0.    -0.001]]
----------------------------------------------------------------------------------------
   Cr2   Cr2   ( -2,   1,   0)  0.0064   (-7.176,  4.903,  0.000)  8.691 
J_iso:  0.0064 
[Testing!] DMI: ( 0.0004  0.0008  0.0000)
[Testing!]J_ani:
[[-0.001  0.    -0.   ]
 [ 0.    -0.001 -0.   ]
 [-0.    -0.    -0.001]]
----------------------------------------------------------------------------------------
   Cr1   Cr1   (  2,  -1,   0)  0.0064   ( 7.176, -4.903,  0.000)  8.691 
J_iso:  0.0064 
[Testing!] DMI: ( 0.0003  0.0008  0.0000)
[Testing!]J_ani:
[[-0.001  0.     0.   ]
 [ 0.    -0.001  0.   ]
 [ 0.     0.    -0.001]]
----------------------------------------------------------------------------------------
   Cr2   Cr2   (  2,  -1,   0)  0.0064   ( 7.176, -4.903,  0.000)  8.691 
J_iso:  0.0064 
[Testing!] DMI: (-0.0004 -0.0008 -0.0000)
[Testing!]J_ani:
[[-0.001  0.    -0.   ]
 [ 0.    -0.001 -0.   ]
 [-0.    -0.    -0.001]]
----------------------------------------------------------------------------------------
   Cr1   Cr1   (  2,   1,   0)  0.0064   ( 7.176,  4.903,  0.000)  8.691 
J_iso:  0.0064 
[Testing!] DMI: (-0.0003  0.0008 -0.0000)
[Testing!]J_ani:
[[-0.001 -0.    -0.   ]
 [-0.    -0.001  0.   ]
 [-0.     0.    -0.001]]
----------------------------------------------------------------------------------------
   Cr2   Cr2   (  2,   1,   0)  0.0064   ( 7.176,  4.903,  0.000)  8.691 
J_iso:  0.0064 
[Testing!] DMI: ( 0.0004 -0.0008  0.0000)
[Testing!]J_ani:
[[-0.001 -0.     0.   ]
 [-0.    -0.001 -0.   ]
 [ 0.    -0.    -0.001]]
----------------------------------------------------------------------------------------
   Cr1   Cr2   (  2,   1,   0)  0.0030   ( 5.382,  7.355,  2.096)  9.352 
J_iso:  0.0030 
[Testing!] DMI: ( 0.0000  0.0000 -0.0000)
[Testing!]J_ani:
[[-0.001 -0.     0.   ]
 [-0.    -0.001  0.   ]
 [ 0.     0.    -0.001]]
----------------------------------------------------------------------------------------
   Cr2   Cr1   ( -2,  -1,   0)  0.0030   (-5.382, -7.355, -2.096)  9.352 
J_iso:  0.0030 
[Testing!] DMI: (-0.0000 -0.0000  0.0000)
[Testing!]J_ani:
[[-0.001 -0.     0.   ]
 [-0.    -0.001  0.   ]
 [ 0.     0.    -0.001]]
----------------------------------------------------------------------------------------
   Cr1   Cr2   ( -1,   1,   0)  0.0030   (-5.382,  7.355,  2.096)  9.352 
J_iso:  0.0030 
[Testing!] DMI: ( 0.0000 -0.0000  0.0000)
[Testing!]J_ani:
[[-0.001  0.    -0.   ]
 [ 0.    -0.001  0.   ]
 [-0.     0.    -0.001]]
----------------------------------------------------------------------------------------
   Cr2   Cr1   (  1,  -1,   0)  0.0030   ( 5.382, -7.355, -2.096)  9.352 
J_iso:  0.0030 
[Testing!] DMI: (-0.0000  0.0000 -0.0000)
[Testing!]J_ani:
[[-0.001  0.    -0.   ]
 [ 0.    -0.001  0.   ]
 [-0.     0.    -0.001]]
----------------------------------------------------------------------------------------
   Cr1   Cr2   ( -1,  -2,   0)  0.0030   (-5.382, -7.355,  2.096)  9.352 
J_iso:  0.0030 
[Testing!] DMI: (-0.0000 -0.0000 -0.0000)
[Testing!]J_ani:
[[-0.001 -0.    -0.   ]
 [-0.    -0.001 -0.   ]
 [-0.    -0.    -0.001]]
----------------------------------------------------------------------------------------
   Cr1   Cr2   (  2,  -2,   0)  0.0030   ( 5.382, -7.355,  2.096)  9.352 
J_iso:  0.0030 
[Testing!] DMI: (-0.0000  0.0000  0.0000)
[Testing!]J_ani:
[[-0.001  0.     0.   ]
 [ 0.    -0.001 -0.   ]
 [ 0.    -0.    -0.001]]
----------------------------------------------------------------------------------------
   Cr2   Cr1   ( -2,   2,   0)  0.0030   (-5.382,  7.355, -2.096)  9.352 
J_iso:  0.0030 
[Testing!] DMI: ( 0.0000 -0.0000 -0.0000)
[Testing!]J_ani:
[[-0.001  0.     0.   ]
 [ 0.    -0.001 -0.   ]
 [ 0.    -0.    -0.001]]
----------------------------------------------------------------------------------------
   Cr2   Cr1   (  1,   2,   0)  0.0030   ( 5.382,  7.355, -2.096)  9.352 
J_iso:  0.0030 
[Testing!] DMI: ( 0.0000  0.0000  0.0000)
[Testing!]J_ani:
[[-0.001 -0.    -0.   ]
 [-0.    -0.001 -0.   ]
 [-0.    -0.    -0.001]]
----------------------------------------------------------------------------------------
   Cr1   Cr2   ( -2,  -1,   0) -0.0102   (-8.970, -2.452,  2.096)  9.532 
J_iso: -0.0102 
[Testing!] DMI: ( 0.0000  0.0000 -0.0000)
[Testing!]J_ani:
[[-0.    -0.    -0.   ]
 [-0.    -0.001 -0.   ]
 [-0.    -0.    -0.   ]]
----------------------------------------------------------------------------------------
   Cr1   Cr2   ( -2,   0,   0) -0.0102   (-8.970,  2.452,  2.096)  9.532 
J_iso: -0.0102 
[Testing!] DMI: (-0.0000  0.0000  0.0000)
[Testing!]J_ani:
[[-0.     0.    -0.   ]
 [ 0.    -0.001  0.   ]
 [-0.     0.    -0.   ]]
----------------------------------------------------------------------------------------
   Cr2   Cr1   (  2,   0,   0) -0.0102   ( 8.970, -2.452, -2.096)  9.532 
J_iso: -0.0102 
[Testing!] DMI: ( 0.0000 -0.0000 -0.0000)
[Testing!]J_ani:
[[-0.     0.    -0.   ]
 [ 0.    -0.001  0.   ]
 [-0.     0.    -0.   ]]
----------------------------------------------------------------------------------------
   Cr2   Cr1   (  2,   1,   0) -0.0102   ( 8.970,  2.452, -2.096)  9.532 
J_iso: -0.0102 
[Testing!] DMI: (-0.0000 -0.0000  0.0000)
[Testing!]J_ani:
[[-0.    -0.    -0.   ]
 [-0.    -0.001 -0.   ]
 [-0.    -0.    -0.   ]]
----------------------------------------------------------------------------------------
   Cr1   Cr2   (  3,  -1,   0) -0.0102   ( 8.970, -2.452,  2.096)  9.532 
J_iso: -0.0102 
[Testing!] DMI: ( 0.0000 -0.0000  0.0000)
[Testing!]J_ani:
[[-0.     0.     0.   ]
 [ 0.    -0.001 -0.   ]
 [ 0.    -0.    -0.   ]]
----------------------------------------------------------------------------------------
   Cr1   Cr2   (  3,   0,   0) -0.0102   ( 8.970,  2.452,  2.096)  9.532 
J_iso: -0.0102 
[Testing!] DMI: (-0.0000 -0.0000 -0.0000)
[Testing!]J_ani:
[[-0.    -0.     0.   ]
 [-0.    -0.001  0.   ]
 [ 0.     0.    -0.   ]]
----------------------------------------------------------------------------------------
   Cr2   Cr1   ( -3,   0,   0) -0.0102   (-8.970, -2.452, -2.096)  9.532 
J_iso: -0.0102 
[Testing!] DMI: ( 0.0000  0.0000  0.0000)
[Testing!]J_ani:
[[-0.    -0.     0.   ]
 [-0.    -0.001  0.   ]
 [ 0.     0.    -0.   ]]
----------------------------------------------------------------------------------------
   Cr2   Cr1   ( -3,   1,   0) -0.0102   (-8.970,  2.452, -2.096)  9.532 
J_iso: -0.0102 
[Testing!] DMI: (-0.0000  0.0000 -0.0000)
[Testing!]J_ani:
[[-0.     0.     0.   ]
 [ 0.    -0.001 -0.   ]
 [ 0.    -0.    -0.   ]]
----------------------------------------------------------------------------------------
   Cr1   Cr1   (  0,  -2,   0)  0.0696   ( 0.000, -9.807,  0.000)  9.807 
J_iso:  0.0696 
[Testing!] DMI: ( 0.0444  0.0000  0.0000)
[Testing!]J_ani:
[[-0.001  0.    -0.   ]
 [ 0.    -0.     0.   ]
 [-0.     0.    -0.   ]]
----------------------------------------------------------------------------------------
   Cr2   Cr2   (  0,  -2,   0)  0.0690   ( 0.000, -9.807,  0.000)  9.807 
J_iso:  0.0690 
[Testing!] DMI: (-0.0446  0.0000  0.0000)
[Testing!]J_ani:
[[-0.001  0.    -0.   ]
 [ 0.    -0.    -0.   ]
 [-0.    -0.    -0.   ]]
----------------------------------------------------------------------------------------
   Cr1   Cr1   (  0,   2,   0)  0.0696   ( 0.000,  9.807,  0.000)  9.807 
J_iso:  0.0696 
[Testing!] DMI: (-0.0444 -0.0000 -0.0000)
[Testing!]J_ani:
[[-0.001  0.    -0.   ]
 [ 0.    -0.     0.   ]
 [-0.     0.    -0.   ]]
----------------------------------------------------------------------------------------
   Cr2   Cr2   (  0,   2,   0)  0.0690   ( 0.000,  9.807,  0.000)  9.807 
J_iso:  0.0690 
[Testing!] DMI: ( 0.0446 -0.0000 -0.0000)
[Testing!]J_ani:
[[-0.001  0.    -0.   ]
 [ 0.    -0.    -0.   ]
 [-0.    -0.    -0.   ]]
